parameters: binkar10_1_10_1_5_0.050000 

SCIP version 6.0.1 [precision: 8 byte] [memory: block] [mode: optimized] [LP solver: SoPlex 4.0.1] [GitHash: a27ecc0]
Copyright (C) 2002-2019 Konrad-Zuse-Zentrum fuer Informationstechnik Berlin (ZIB)

read problem <instances/binkar10_1.mps> ...

original problem has 2298 variables (170 bin, 0 int, 0 impl, 2128 cont) and 1026 constraints
read solution <10solution/binkar10_1_1.sol> ...

check the feasibility of <10solution/binkar10_1_1.sol> for problem <instances/binkar10_1.mps> ...

  [linear] <R0114>:  -<C0004>[C] (+1) -<C1486>[C] (+0) +<C2132>[B] (+0) == 0;
;
violation: left hand side is violated by 1
  [linear] <R0148>:  -<C0121>[C] (+1) -<C1583>[C] (+0) +<C2166>[B] (+0) == 0;
;
violation: left hand side is violated by 1
  [linear] <R0246>:  -<C0569>[C] (+1) -<C1983>[C] (+0) +<C2264>[B] (+0) == 0;
;
violation: left hand side is violated by 1
The solution <10solution/binkar10_1_1.sol> is not feasible to <instances/binkar10_1.mps> 

Tring to reoptimize the problem <instances/binkar10_1.mps> ...  

obj = 6678.860023, k = 5, alpha = 6678.860023 

n = 2298 

Start to add variable y and new constraints 

y have been released ! 

Finish to create the y and constraint ! 

n = 2298,  j = 170 ! 

set all parameters to default! 

Reoptimization is enabled! 

Reoptimization parameter have been setted ! 

Stop parameter have been setted ! 

Memory for coefs have allocated ! 

Coefficients have been captured ! 

alpha = 6678.860023, n = 2468, j = 170, m = 5 
This is the 1-th iteration ! 

presolving:
(round 1, fast)       200 del vars, 370 del conss, 0 add conss, 2128 chg bounds, 0 chg sides, 0 chg coeffs, 0 upgd conss, 0 impls, 0 clqs
(round 2, exhaustive) 200 del vars, 370 del conss, 0 add conss, 2128 chg bounds, 0 chg sides, 0 chg coeffs, 170 upgd conss, 0 impls, 0 clqs
   (0.0s) probing cycle finished: starting next cycle
presolving (3 rounds: 3 fast, 2 medium, 2 exhaustive):
 200 deleted vars, 370 deleted constraints, 0 added constraints, 2128 tightened bounds, 0 added holes, 0 changed sides, 0 changed coefficients
 2127 implications, 10 cliques
presolved problem has 2268 variables (170 bin, 0 int, 0 impl, 2098 cont) and 996 constraints
    170 constraints of type <varbound>
    826 constraints of type <linear>
Presolving Time: 0.03

 time | node  | left  |LP iter|LP it/n| mem |mdpt |frac |vars |cons |cols |rows |cuts |confs|strbr|  dualbound   | primalbound  |  gap   
k 0.0s|     1 |     0 |   140 |     - |  14M|   0 |   - |2268 | 996 |2268 | 996 |   0 |   0 |   0 |-2.049482e+04 | 1.488990e+05 |    Inf 
* 0.1s|     1 |     0 |  1684 |     - |  14M|   0 |   - |2268 | 996 |2268 | 996 |   0 |   0 |   0 | 2.018412e+04 | 2.018412e+04 |   0.00%
  0.1s|     1 |     0 |  1684 |     - |  14M|   0 |   - |2268 | 996 |2268 | 996 |   0 |   0 |   0 | 2.018412e+04 | 2.018412e+04 |   0.00%

SCIP Status        : problem is solved [optimal solution found]
Solving Time (sec) : 0.07 (over 1 runs: 0.07)
Solving Nodes      : 1 (0 reactivated)
Primal Bound       : +2.01841200640000e+04 (2 solutions)
Dual Bound         : +2.01841200640000e+04
Gap                : 0.00 %
Coefs have been resetted!! 

Problem have been changed !! 

alpha = 5343.088018, n = 2468, j = 170, m = 4 
This is the 2-th iteration ! 

new objective has similarity of 0.999998 compared to previous.

 time | node  | left  |LP iter|LP it/n| mem |mdpt |frac |vars |cons |cols |rows |cuts |confs|strbr|  dualbound   | primalbound  |  gap   
J 0.0s|     1 |     0 |     0 |     - |  15M|   0 |   - |2268 | 996 |   0 |   0 |   0 |   0 |   0 |-2.049482e+04 | 1.751258e+04 |    Inf 
  0.0s|     1 |     0 |  1470 |     - |  15M|   0 |   - |2268 | 996 |2268 | 996 |   0 |   0 |   0 | 1.751258e+04 | 1.751258e+04 |   0.00%

SCIP Status        : problem is solved [optimal solution found]
Solving Time (sec) : 0.03 (over 2 runs: 0.10)
Solving Nodes      : 1 (0 reactivated)
Primal Bound       : +1.75125760548000e+04 (1 solutions)
Dual Bound         : +1.75125760548000e+04
Gap                : 0.00 %
Coefs have been resetted!! 

Problem have been changed !! 

alpha = 3205.852811, n = 2468, j = 170, m = 3 
This is the 3-th iteration ! 

new objective has similarity of 0.999996 compared to previous.

 time | node  | left  |LP iter|LP it/n| mem |mdpt |frac |vars |cons |cols |rows |cuts |confs|strbr|  dualbound   | primalbound  |  gap   
J 0.0s|     1 |     0 |     0 |     - |  15M|   0 |   - |2268 | 996 |   0 |   0 |   0 |   0 |   0 |-2.049482e+04 | 1.323811e+04 |    Inf 
  0.0s|     1 |     0 |  1470 |     - |  15M|   0 |   - |2268 | 996 |2268 | 996 |   0 |   0 |   0 | 1.323811e+04 | 1.323811e+04 |   0.00%

SCIP Status        : problem is solved [optimal solution found]
Solving Time (sec) : 0.03 (over 3 runs: 0.12)
Solving Nodes      : 1 (0 reactivated)
Primal Bound       : +1.32381056400800e+04 (1 solutions)
Dual Bound         : +1.32381056400800e+04
Gap                : 0.00 %
Coefs have been resetted!! 

Problem have been changed !! 

alpha = 1282.341124, n = 2468, j = 170, m = 2 
This is the 4-th iteration ! 

new objective has similarity of 0.999997 compared to previous.

 time | node  | left  |LP iter|LP it/n| mem |mdpt |frac |vars |cons |cols |rows |cuts |confs|strbr|  dualbound   | primalbound  |  gap   
J 0.0s|     1 |     0 |     0 |     - |  15M|   0 |   - |2268 | 996 |   0 |   0 |   0 |   0 |   0 |-2.049482e+04 | 9.391082e+03 |    Inf 
  0.0s|     1 |     0 |  1470 |     - |  15M|   0 |   - |2268 | 996 |2268 | 996 |   0 |   0 |   0 | 9.391082e+03 | 9.391082e+03 |   0.00%

SCIP Status        : problem is solved [optimal solution found]
Solving Time (sec) : 0.03 (over 4 runs: 0.15)
Solving Nodes      : 1 (0 reactivated)
Primal Bound       : +9.39108226683200e+03 (1 solutions)
Dual Bound         : +9.39108226683200e+03
Gap                : 0.00 %
Coefs have been resetted!! 

Problem have been changed !! 

alpha = 256.468225, n = 2468, j = 170, m = 1 
This is the 5-th iteration ! 

new objective has similarity of 0.999999 compared to previous.

 time | node  | left  |LP iter|LP it/n| mem |mdpt |frac |vars |cons |cols |rows |cuts |confs|strbr|  dualbound   | primalbound  |  gap   
J 0.0s|     1 |     0 |     0 |     - |  15M|   0 |   - |2268 | 996 |   0 |   0 |   0 |   0 |   0 |-2.049482e+04 | 7.339336e+03 |    Inf 
  0.0s|     1 |     0 |  1520 |     - |  15M|   0 |   - |2268 | 996 |2268 | 996 |   0 |   0 |   0 | 7.339336e+03 | 7.339336e+03 |   0.00%

SCIP Status        : problem is solved [optimal solution found]
Solving Time (sec) : 0.03 (over 5 runs: 0.17)
Solving Nodes      : 1 (0 reactivated)
Primal Bound       : +7.33933646776640e+03 (1 solutions)
Dual Bound         : +7.33933646776640e+03
Gap                : 0.00 %
Coefs have been resetted!! 

Problem have been changed !! 

This is the last iteration 


alpha = 0.000000  
new objective has similarity of 1 compared to previous.

 time | node  | left  |LP iter|LP it/n| mem |mdpt |frac |vars |cons |cols |rows |cuts |confs|strbr|  dualbound   | primalbound  |  gap   
J 0.0s|     1 |     0 |     0 |     - |  15M|   0 |   - |2268 | 996 |   0 |   0 |   0 |   0 |   0 |-2.049482e+04 | 6.826400e+03 |    Inf 
  0.0s|     1 |     0 |  2033 |     - |  15M|   0 |  38 |2268 | 996 |2268 | 996 |   0 |   0 |   0 | 6.637188e+03 | 6.826400e+03 |   2.85%
  0.1s|     1 |     0 |  2104 |     - |  15M|   0 |  54 |2268 | 996 |2268 |1006 |  10 |   0 |   0 | 6.649813e+03 | 6.826400e+03 |   2.66%
  0.1s|     1 |     0 |  2146 |     - |  16M|   0 |  50 |2268 | 996 |2268 |1015 |  19 |   0 |   0 | 6.651696e+03 | 6.826400e+03 |   2.63%
  0.1s|     1 |     0 |  2225 |     - |  16M|   0 |  73 |2268 | 996 |2268 |1024 |  28 |   0 |   0 | 6.656222e+03 | 6.826400e+03 |   2.56%
  0.1s|     1 |     0 |  2265 |     - |  16M|   0 |  82 |2268 | 996 |2268 |1027 |  31 |   0 |   0 | 6.657769e+03 | 6.826400e+03 |   2.53%
  0.2s|     1 |     0 |  2431 |     - |  17M|   0 |  69 |2268 | 996 |2268 |1033 |  37 |   0 |   0 | 6.673536e+03 | 6.826400e+03 |   2.29%
  0.2s|     1 |     0 |  2477 |     - |  18M|   0 |  72 |2268 | 996 |2268 |1036 |  40 |   0 |   0 | 6.677256e+03 | 6.826400e+03 |   2.23%
  0.3s|     1 |     0 |  2526 |     - |  20M|   0 |  69 |2268 | 996 |2268 |1042 |  46 |   0 |   0 | 6.681670e+03 | 6.826400e+03 |   2.17%
  0.3s|     1 |     0 |  2643 |     - |  21M|   0 |  81 |2268 | 996 |2268 |1046 |  50 |   0 |   0 | 6.690718e+03 | 6.826400e+03 |   2.03%
  0.4s|     1 |     0 |  2766 |     - |  24M|   0 |  74 |2268 | 996 |2268 |1050 |  54 |   0 |   0 | 6.700279e+03 | 6.826400e+03 |   1.88%
  0.4s|     1 |     0 |  2810 |     - |  26M|   0 |  79 |2268 | 996 |2268 |1056 |  60 |   0 |   0 | 6.702422e+03 | 6.826400e+03 |   1.85%
  0.5s|     1 |     0 |  2866 |     - |  26M|   0 |  66 |2268 | 996 |2268 |1060 |  64 |   0 |   0 | 6.704805e+03 | 6.826400e+03 |   1.81%
  0.5s|     1 |     0 |  2892 |     - |  26M|   0 |  69 |2268 | 996 |2268 |1062 |  66 |   0 |   0 | 6.705724e+03 | 6.826400e+03 |   1.80%
  0.5s|     1 |     0 |  2922 |     - |  26M|   0 |  74 |2268 | 996 |2268 |1066 |  70 |   0 |   0 | 6.706187e+03 | 6.826400e+03 |   1.79%
 time | node  | left  |LP iter|LP it/n| mem |mdpt |frac |vars |cons |cols |rows |cuts |confs|strbr|  dualbound   | primalbound  |  gap   
  0.5s|     1 |     0 |  2929 |     - |  26M|   0 |  81 |2268 | 996 |2268 |1067 |  71 |   0 |   0 | 6.706239e+03 | 6.826400e+03 |   1.79%
  0.6s|     1 |     0 |  2937 |     - |  27M|   0 |  72 |2268 | 996 |2268 |1068 |  72 |   0 |   0 | 6.706270e+03 | 6.826400e+03 |   1.79%
  0.6s|     1 |     0 |  2943 |     - |  27M|   0 |  73 |2268 | 996 |2268 |1056 |  73 |   0 |   0 | 6.706288e+03 | 6.826400e+03 |   1.79%
E 1.8s|     1 |     0 |  4231 |     - |  27M|   0 |  73 |2268 | 997 |2268 |1056 |  73 |   0 |   0 | 6.706288e+03 | 6.755380e+03 |   0.73%
  1.8s|     1 |     0 |  4231 |     - |  28M|   0 |  73 |2268 | 997 |2268 |1056 |  73 |   0 |   0 | 6.706288e+03 | 6.755380e+03 |   0.73%
  1.8s|     1 |     0 |  4235 |     - |  28M|   0 |  73 |2268 | 997 |2268 |1057 |  74 |   0 |   0 | 6.706314e+03 | 6.755380e+03 |   0.73%
  2.0s|     1 |     2 |  4235 |     - |  28M|   0 |  73 |2268 | 997 |2268 |1057 |  74 |   0 |  26 | 6.708598e+03 | 6.755380e+03 |   0.70%
  6.7s|   100 |    65 |  9596 |  69.2 |  57M|  20 |  43 |2268 | 997 |2268 |1045 | 199 |   0 | 543 | 6.711512e+03 | 6.755380e+03 |   0.65%
  7.9s|   200 |   119 | 13696 |  55.0 |  69M|  20 |  37 |2268 | 997 |2268 |1046 | 281 |   0 | 595 | 6.711512e+03 | 6.755380e+03 |   0.65%
  9.2s|   300 |   159 | 17741 |  50.2 |  75M|  20 |  35 |2268 | 997 |2268 |1038 | 398 |   0 | 611 | 6.711512e+03 | 6.755380e+03 |   0.65%
 11.5s|   400 |   239 | 29655 |  67.4 |  79M|  20 |  32 |2268 | 997 |2268 |1044 | 578 |   0 | 622 | 6.711512e+03 | 6.755380e+03 |   0.65%
 14.4s|   500 |   321 | 39674 |  74.0 |  85M|  20 |   - |2268 | 997 |2268 |1056 | 829 |   0 | 638 | 6.712082e+03 | 6.755380e+03 |   0.65%
 17.5s|   600 |   405 | 50149 |  79.1 |  87M|  20 |   - |2268 | 997 |2268 |1054 |1071 |   0 | 657 | 6.712884e+03 | 6.755380e+03 |   0.63%
 19.6s|   700 |   487 | 57871 |  78.9 |  89M|  20 |  43 |2268 | 997 |2268 |1049 |1243 |   0 | 669 | 6.715805e+03 | 6.755380e+03 |   0.59%
 21.7s|   800 |   575 | 66157 |  79.4 |  90M|  22 |  33 |2268 | 997 |2268 |1058 |1386 |   0 | 675 | 6.717078e+03 | 6.755380e+03 |   0.57%
 time | node  | left  |LP iter|LP it/n| mem |mdpt |frac |vars |cons |cols |rows |cuts |confs|strbr|  dualbound   | primalbound  |  gap   
p22.0s|   811 |   494 | 67237 |  79.6 |  90M|  22 |   - |2268 | 997 |2268 |1054 |   0 |   0 | 676 | 6.717078e+03 | 6.750880e+03 |   0.50%
 23.4s|   900 |   545 | 72498 |  77.6 |  90M|  22 |   - |2268 | 997 |2268 |1049 |1526 |   0 | 679 | 6.718889e+03 | 6.750880e+03 |   0.48%
 24.1s|  1000 |   595 | 76402 |  73.7 |  90M|  35 |   - |2268 | 997 |2268 |1046 |1561 |   0 | 696 | 6.718889e+03 | 6.750880e+03 |   0.48%
N24.4s|  1011 |   497 | 76691 |  73.2 |  90M|  35 |  42 |2268 | 997 |2268 |1049 |1564 |   0 | 700 | 6.719121e+03 | 6.747310e+03 |   0.42%
 25.3s|  1100 |   530 | 82067 |  72.2 |  90M|  35 |  12 |2268 | 997 |2268 |1055 |1634 |   0 | 705 | 6.719172e+03 | 6.747310e+03 |   0.42%
 26.5s|  1200 |   566 | 86254 |  69.6 |  90M|  35 |  51 |2268 | 997 |2268 |1061 |1733 |   0 | 708 | 6.719560e+03 | 6.747310e+03 |   0.41%
 28.2s|  1300 |   598 | 91399 |  68.2 |  92M|  35 |  36 |2268 | 997 |2268 |1051 |1879 |   0 | 718 | 6.720227e+03 | 6.747310e+03 |   0.40%
 29.4s|  1400 |   618 | 95829 |  66.5 |  94M|  35 |  43 |2268 | 997 |2268 |1051 |1986 |   0 | 719 | 6.720284e+03 | 6.747310e+03 |   0.40%
 30.2s|  1500 |   640 | 99180 |  64.3 |  94M|  35 |   - |2268 | 997 |2268 |1050 |2041 |   0 | 724 | 6.720501e+03 | 6.747310e+03 |   0.40%
 31.5s|  1600 |   688 |103554 |  63.0 |  95M|  35 |  14 |2268 | 997 |2268 |1051 |2147 |   0 | 727 | 6.720777e+03 | 6.747310e+03 |   0.39%
 32.1s|  1700 |   700 |105882 |  60.7 |  95M|  35 |   - |2268 | 997 |2268 |1052 |2196 |   0 | 728 | 6.721320e+03 | 6.747310e+03 |   0.39%
 33.2s|  1800 |   716 |110128 |  59.7 |  95M|  35 |  50 |2268 | 997 |2268 |1076 |2297 |   0 | 731 | 6.721484e+03 | 6.747310e+03 |   0.38%
 34.1s|  1900 |   734 |113440 |  58.3 |  96M|  35 |  32 |2268 | 997 |2268 |1054 |2363 |   0 | 742 | 6.721595e+03 | 6.747310e+03 |   0.38%
 34.7s|  2000 |   752 |116548 |  56.9 |  96M|  35 |  24 |2268 | 997 |2268 |1047 |2415 |   0 | 748 | 6.721888e+03 | 6.747310e+03 |   0.38%
*35.1s|  2072 |   728 |119088 |  56.2 |  96M|  35 |   - |2268 | 997 |2268 |1058 |2446 |   0 | 751 | 6.721945e+03 | 6.746640e+03 |   0.37%
 time | node  | left  |LP iter|LP it/n| mem |mdpt |frac |vars |cons |cols |rows |cuts |confs|strbr|  dualbound   | primalbound  |  gap   
 35.5s|  2100 |   734 |120649 |  56.2 |  96M|  35 |  66 |2268 | 997 |2268 |1056 |2479 |   0 | 753 | 6.721966e+03 | 6.746640e+03 |   0.37%
 36.1s|  2200 |   748 |123270 |  54.8 |  97M|  35 |  49 |2268 | 997 |2268 |1066 |2536 |   0 | 755 | 6.722025e+03 | 6.746640e+03 |   0.37%
 36.9s|  2300 |   772 |126197 |  53.7 |  97M|  35 |  45 |2268 | 997 |2268 |1051 |2597 |   0 | 755 | 6.722049e+03 | 6.746640e+03 |   0.37%
 37.7s|  2400 |   792 |129531 |  52.8 |  97M|  35 |   - |2268 | 997 |2268 |1056 |2661 |   0 | 758 | 6.722161e+03 | 6.746640e+03 |   0.36%
 38.8s|  2500 |   832 |134610 |  52.8 |  97M|  35 |   - |2268 | 997 |2268 |1055 |2739 |   0 | 760 | 6.722401e+03 | 6.746640e+03 |   0.36%
 39.7s|  2600 |   846 |139675 |  52.7 |  98M|  35 |  35 |2268 | 997 |2268 |1056 |2794 |   0 | 762 | 6.722947e+03 | 6.746640e+03 |   0.35%
 40.7s|  2700 |   866 |144627 |  52.6 |  98M|  35 |   - |2268 | 997 |2268 |1054 |2875 |   0 | 763 | 6.723446e+03 | 6.746640e+03 |   0.34%
 41.8s|  2800 |   902 |149331 |  52.4 | 101M|  35 |  46 |2268 | 997 |2268 |1057 |2968 |   0 | 763 | 6.723446e+03 | 6.746640e+03 |   0.34%
 43.1s|  2900 |   924 |153022 |  51.8 | 101M|  35 |   1 |2268 | 997 |2268 |1059 |3083 |   0 | 765 | 6.723640e+03 | 6.746640e+03 |   0.34%
 44.1s|  3000 |   932 |157628 |  51.6 | 101M|  35 |  56 |2268 | 997 |2268 |1053 |3159 |   0 | 766 | 6.723876e+03 | 6.746640e+03 |   0.34%
 45.0s|  3100 |   960 |161297 |  51.2 | 102M|  35 |   - |2268 | 997 |2268 |1053 |3223 |   0 | 767 | 6.724033e+03 | 6.746640e+03 |   0.34%
 45.7s|  3200 |   974 |164221 |  50.5 | 102M|  35 |   - |2268 | 997 |2268 |1059 |3284 |   0 | 769 | 6.724896e+03 | 6.746640e+03 |   0.32%
 46.5s|  3300 |   992 |168417 |  50.2 | 103M|  35 |   - |2268 | 997 |2268 |1062 |3359 |   0 | 769 | 6.724933e+03 | 6.746640e+03 |   0.32%
 47.3s|  3400 |   990 |171660 |  49.7 | 103M|  35 |   - |2268 | 997 |2268 |1053 |3429 |   0 | 770 | 6.724958e+03 | 6.746640e+03 |   0.32%
 48.1s|  3500 |  1004 |175060 |  49.2 | 103M|  35 |  47 |2268 | 997 |2268 |1049 |3496 |   0 | 772 | 6.725339e+03 | 6.746640e+03 |   0.32%
 time | node  | left  |LP iter|LP it/n| mem |mdpt |frac |vars |cons |cols |rows |cuts |confs|strbr|  dualbound   | primalbound  |  gap   
 48.5s|  3600 |  1020 |177210 |  48.5 | 103M|  35 |  32 |2268 | 997 |2268 |1050 |3523 |   0 | 776 | 6.725385e+03 | 6.746640e+03 |   0.32%
 49.1s|  3700 |  1028 |180217 |  48.0 | 104M|  35 |   - |2268 | 997 |2268 |1052 |3567 |   0 | 778 | 6.725871e+03 | 6.746640e+03 |   0.31%
 50.0s|  3800 |  1050 |183423 |  47.6 | 105M|  35 |   - |2268 | 997 |2268 |1062 |3648 |   0 | 781 | 6.726061e+03 | 6.746640e+03 |   0.31%
 50.8s|  3900 |  1064 |186465 |  47.1 | 105M|  35 |  38 |2268 | 997 |2268 |1047 |3703 |   0 | 802 | 6.726642e+03 | 6.746640e+03 |   0.30%
 51.5s|  4000 |  1058 |189317 |  46.7 | 105M|  35 |   - |2268 | 997 |2268 |1052 |3748 |   0 | 824 | 6.726818e+03 | 6.746640e+03 |   0.29%
 52.6s|  4100 |  1070 |193094 |  46.4 | 106M|  35 |  36 |2268 | 997 |2268 |1054 |3845 |   0 | 841 | 6.727080e+03 | 6.746640e+03 |   0.29%
 53.4s|  4200 |  1078 |196380 |  46.1 | 106M|  35 |  39 |2268 | 997 |2268 |1056 |3887 |   0 | 857 | 6.727241e+03 | 6.746640e+03 |   0.29%
 53.8s|  4300 |  1082 |198523 |  45.5 | 106M|  35 |  39 |2268 | 997 |2268 |1049 |3908 |   0 | 859 | 6.727256e+03 | 6.746640e+03 |   0.29%
 54.6s|  4400 |  1076 |201845 |  45.3 | 106M|  35 |  25 |2268 | 997 |2268 |1050 |3972 |   0 | 869 | 6.727526e+03 | 6.746640e+03 |   0.28%
 54.8s|  4500 |  1078 |203377 |  44.6 | 106M|  35 |  42 |2268 | 997 |2268 |1052 |3976 |   0 | 870 | 6.727551e+03 | 6.746640e+03 |   0.28%
 55.3s|  4600 |  1080 |205378 |  44.1 | 106M|  35 |   - |2268 | 997 |2268 |1067 |4009 |   0 | 887 | 6.727581e+03 | 6.746640e+03 |   0.28%
 56.0s|  4700 |  1090 |209332 |  44.0 | 107M|  35 |   - |2268 | 997 |2268 |1063 |4082 |   0 | 891 | 6.727780e+03 | 6.746640e+03 |   0.28%
 56.6s|  4800 |  1106 |212495 |  43.7 | 107M|  35 |   - |2268 | 997 |2268 |1057 |4119 |   0 | 897 | 6.727788e+03 | 6.746640e+03 |   0.28%
 57.4s|  4900 |  1122 |215842 |  43.5 | 107M|  35 |   - |2268 | 997 |2268 |1055 |4179 |   0 | 899 | 6.727953e+03 | 6.746640e+03 |   0.28%
 58.0s|  5000 |  1138 |219248 |  43.3 | 107M|  35 |   - |2268 | 997 |2268 |1058 |4223 |   0 | 907 | 6.728290e+03 | 6.746640e+03 |   0.27%
 time | node  | left  |LP iter|LP it/n| mem |mdpt |frac |vars |cons |cols |rows |cuts |confs|strbr|  dualbound   | primalbound  |  gap   
 58.9s|  5100 |  1146 |223265 |  43.2 | 107M|  35 |  50 |2268 | 997 |2268 |1062 |4285 |   0 | 917 | 6.728395e+03 | 6.746640e+03 |   0.27%
 59.4s|  5200 |  1158 |226067 |  43.0 | 107M|  35 |   9 |2268 | 997 |2268 |1049 |4290 |   0 | 935 | 6.728460e+03 | 6.746640e+03 |   0.27%
 59.8s|  5300 |  1162 |228537 |  42.6 | 107M|  35 |   - |2268 | 997 |2268 |1050 |4320 |   0 | 941 | 6.728519e+03 | 6.746640e+03 |   0.27%
 60.3s|  5400 |  1182 |231743 |  42.4 | 107M|  35 |  38 |2268 | 997 |2268 |1052 |4352 |   0 | 945 | 6.728883e+03 | 6.746640e+03 |   0.26%
 60.7s|  5500 |  1176 |233901 |  42.0 | 108M|  35 |  29 |2268 | 997 |2268 |1055 |4363 |   0 | 954 | 6.729029e+03 | 6.746640e+03 |   0.26%
 61.4s|  5600 |  1206 |238398 |  42.1 | 108M|  35 |  39 |2268 | 997 |2268 |1052 |4379 |   0 | 961 | 6.729340e+03 | 6.746640e+03 |   0.26%
 61.8s|  5700 |  1216 |241645 |  41.9 | 108M|  35 |   - |2268 | 997 |2268 |1053 |4388 |   0 | 963 | 6.729356e+03 | 6.746640e+03 |   0.26%
 62.2s|  5800 |  1216 |243564 |  41.5 | 108M|  35 |   - |2268 | 997 |2268 |1052 |4398 |   0 | 968 | 6.729405e+03 | 6.746640e+03 |   0.26%
 62.8s|  5900 |  1238 |246637 |  41.3 | 108M|  35 |   - |2268 | 997 |2268 |1052 |4432 |   0 | 974 | 6.729441e+03 | 6.746640e+03 |   0.26%
 63.2s|  6000 |  1242 |249886 |  41.2 | 109M|  35 |  47 |2268 | 997 |2268 |1057 |4450 |   0 | 979 | 6.729662e+03 | 6.746640e+03 |   0.25%
 63.8s|  6100 |  1246 |252933 |  41.0 | 109M|  35 |   - |2268 | 997 |2268 |1047 |4480 |   0 | 981 | 6.729786e+03 | 6.746640e+03 |   0.25%
 64.4s|  6200 |  1250 |256122 |  40.9 | 109M|  35 |  45 |2268 | 997 |2268 |1054 |4521 |   0 | 989 | 6.729915e+03 | 6.746640e+03 |   0.25%
 64.7s|  6300 |  1258 |258738 |  40.6 | 109M|  35 |   - |2268 | 997 |2268 |1056 |4525 |   0 | 999 | 6.729940e+03 | 6.746640e+03 |   0.25%
 65.4s|  6400 |  1254 |261603 |  40.5 | 109M|  35 |   - |2268 | 997 |2268 |1060 |4570 |   0 |1024 | 6.730008e+03 | 6.746640e+03 |   0.25%
 65.9s|  6500 |  1260 |264788 |  40.3 | 109M|  35 |  37 |2268 | 997 |2268 |1058 |4594 |   0 |1043 | 6.730218e+03 | 6.746640e+03 |   0.24%
 time | node  | left  |LP iter|LP it/n| mem |mdpt |frac |vars |cons |cols |rows |cuts |confs|strbr|  dualbound   | primalbound  |  gap   
 66.6s|  6600 |  1260 |268290 |  40.2 | 108M|  35 |   - |2268 | 997 |2268 |1053 |4621 |   0 |1052 | 6.730420e+03 | 6.746640e+03 |   0.24%
 67.1s|  6700 |  1264 |271420 |  40.1 | 108M|  35 |   - |2268 | 997 |2268 |1053 |4640 |   0 |1070 | 6.730556e+03 | 6.746640e+03 |   0.24%
 67.4s|  6800 |  1256 |273365 |  39.8 | 108M|  35 |   - |2268 | 997 |2268 |1058 |4647 |   0 |1081 | 6.730576e+03 | 6.746640e+03 |   0.24%
 68.2s|  6900 |  1244 |278281 |  39.9 | 108M|  35 |   - |2268 | 997 |2268 |1059 |4676 |   0 |1085 | 6.730809e+03 | 6.746640e+03 |   0.24%
 68.7s|  7000 |  1248 |281158 |  39.8 | 108M|  35 |   - |2268 | 997 |2268 |1058 |4705 |   0 |1087 | 6.730897e+03 | 6.746640e+03 |   0.23%
 69.1s|  7100 |  1262 |283700 |  39.6 | 108M|  35 |   - |2268 | 997 |2268 |1053 |4717 |   0 |1092 | 6.730947e+03 | 6.746640e+03 |   0.23%
 69.5s|  7200 |  1262 |285875 |  39.3 | 108M|  35 |   - |2268 | 997 |2268 |1050 |4732 |   0 |1098 | 6.731138e+03 | 6.746640e+03 |   0.23%
 69.9s|  7300 |  1272 |288907 |  39.2 | 108M|  35 |  28 |2268 | 997 |2268 |1054 |4747 |   0 |1101 | 6.731220e+03 | 6.746640e+03 |   0.23%
 70.2s|  7400 |  1260 |290797 |  38.9 | 108M|  35 |   - |2268 | 997 |2268 |1056 |4756 |   0 |1106 | 6.731227e+03 | 6.746640e+03 |   0.23%
 70.5s|  7500 |  1264 |293093 |  38.7 | 109M|  35 |   - |2268 | 997 |2268 |1047 |4756 |   0 |1111 | 6.731233e+03 | 6.746640e+03 |   0.23%
 71.0s|  7600 |  1300 |296088 |  38.6 | 109M|  35 |  41 |2268 | 997 |2268 |1054 |4781 |   0 |1114 | 6.731363e+03 | 6.746640e+03 |   0.23%
 71.4s|  7700 |  1298 |298576 |  38.4 | 109M|  35 |   - |2268 | 997 |2268 |1052 |4794 |   0 |1116 | 6.731594e+03 | 6.746640e+03 |   0.22%
 71.8s|  7800 |  1312 |300664 |  38.2 | 109M|  35 |  10 |2268 | 997 |2268 |1053 |4801 |   0 |1118 | 6.731716e+03 | 6.746640e+03 |   0.22%
 72.3s|  7900 |  1318 |305467 |  38.3 | 110M|  35 |  19 |2268 | 997 |2268 |1057 |4820 |   0 |1119 | 6.731939e+03 | 6.746640e+03 |   0.22%
*72.5s|  7980 |   756 |306803 |  38.1 | 110M|  35 |   - |2268 | 997 |2268 |1063 |4820 |   0 |1129 | 6.731945e+03 | 6.742200e+03 |   0.15%
 time | node  | left  |LP iter|LP it/n| mem |mdpt |frac |vars |cons |cols |rows |cuts |confs|strbr|  dualbound   | primalbound  |  gap   
 72.6s|  8000 |   758 |307224 |  38.1 | 110M|  35 |   - |2268 | 997 |2268 |1055 |4820 |   0 |1129 | 6.731955e+03 | 6.742200e+03 |   0.15%
 73.0s|  8100 |   732 |310103 |  37.9 | 110M|  35 |   - |2268 | 997 |2268 |1060 |4837 |   0 |1144 | 6.732106e+03 | 6.742200e+03 |   0.15%
 73.5s|  8200 |   710 |312888 |  37.8 | 110M|  35 |   - |2268 | 997 |2268 |1088 |4844 |   0 |1164 | 6.732155e+03 | 6.742200e+03 |   0.15%
 74.0s|  8300 |   694 |315982 |  37.7 | 110M|  35 |   - |2268 | 997 |2268 |1045 |4847 |   0 |1190 | 6.732267e+03 | 6.742200e+03 |   0.15%
 74.4s|  8400 |   690 |318182 |  37.6 | 110M|  35 |  61 |2268 | 997 |2268 |1092 |4847 |   0 |1212 | 6.732379e+03 | 6.742200e+03 |   0.15%
 74.7s|  8500 |   678 |320701 |  37.4 | 110M|  35 |   - |2268 | 997 |2268 |1074 |4850 |   0 |1219 | 6.732419e+03 | 6.742200e+03 |   0.15%
 75.2s|  8600 |   648 |323612 |  37.3 | 110M|  35 |   - |2268 | 997 |2268 |1052 |4864 |   0 |1235 | 6.732603e+03 | 6.742200e+03 |   0.14%
 75.7s|  8700 |   630 |325998 |  37.2 | 110M|  35 |  50 |2268 | 998 |2268 |1056 |4884 |   1 |1245 | 6.732874e+03 | 6.742200e+03 |   0.14%
 76.0s|  8800 |   606 |328249 |  37.0 | 110M|  35 |   - |2268 | 998 |2268 |1082 |4887 |   1 |1251 | 6.732922e+03 | 6.742200e+03 |   0.14%
 76.3s|  8900 |   606 |330309 |  36.8 | 110M|  35 |   - |2268 | 998 |2268 |1057 |4897 |   1 |1260 | 6.732988e+03 | 6.742200e+03 |   0.14%
 76.7s|  9000 |   588 |332810 |  36.7 | 111M|  35 |  67 |2268 | 998 |2268 |1059 |4914 |   1 |1268 | 6.733123e+03 | 6.742200e+03 |   0.13%
 77.0s|  9100 |   574 |334931 |  36.5 | 111M|  35 |   - |2268 | 998 |2268 |1055 |4916 |   1 |1270 | 6.733182e+03 | 6.742200e+03 |   0.13%
 77.3s|  9200 |   530 |337045 |  36.3 | 111M|  35 |   - |2268 | 998 |2268 |1099 |4929 |   1 |1273 | 6.733300e+03 | 6.742200e+03 |   0.13%
 77.7s|  9300 |   496 |339302 |  36.2 | 111M|  35 |   - |2268 | 998 |2268 |1089 |4929 |   1 |1279 | 6.733426e+03 | 6.742200e+03 |   0.13%
 78.1s|  9400 |   466 |342137 |  36.1 | 111M|  35 |   - |2268 | 998 |2268 |1058 |4943 |   1 |1290 | 6.733693e+03 | 6.742200e+03 |   0.13%
 time | node  | left  |LP iter|LP it/n| mem |mdpt |frac |vars |cons |cols |rows |cuts |confs|strbr|  dualbound   | primalbound  |  gap   
 78.4s|  9500 |   446 |344236 |  36.0 | 111M|  35 |   - |2268 | 998 |2268 |1058 |4953 |   1 |1290 | 6.733864e+03 | 6.742200e+03 |   0.12%
 78.8s|  9600 |   426 |346228 |  35.8 | 112M|  35 |   - |2268 | 998 |2268 |1069 |4962 |   1 |1300 | 6.734172e+03 | 6.742200e+03 |   0.12%
 79.1s|  9700 |   380 |348653 |  35.7 | 112M|  35 |   - |2268 | 998 |2268 |1140 |4972 |   1 |1303 | 6.734340e+03 | 6.742200e+03 |   0.12%
 79.6s|  9800 |   366 |351136 |  35.6 | 112M|  35 |  52 |2268 | 998 |2268 |1057 |4983 |   1 |1313 | 6.734388e+03 | 6.742200e+03 |   0.12%
 80.0s|  9900 |   336 |353494 |  35.4 | 112M|  35 |   - |2268 | 998 |2268 |1065 |4988 |   1 |1325 | 6.734551e+03 | 6.742200e+03 |   0.11%
 80.3s| 10000 |   308 |355745 |  35.3 | 112M|  35 |   - |2268 | 998 |2268 |1059 |4988 |   1 |1335 | 6.734628e+03 | 6.742200e+03 |   0.11%
 80.6s| 10100 |   284 |357704 |  35.1 | 112M|  35 |   - |2268 | 998 |2268 |1055 |4988 |   1 |1343 | 6.734787e+03 | 6.742200e+03 |   0.11%
 81.0s| 10200 |   264 |360179 |  35.0 | 112M|  35 |   - |2268 | 998 |2268 |1063 |4988 |   1 |1353 | 6.734958e+03 | 6.742200e+03 |   0.11%
 81.5s| 10300 |   228 |364150 |  35.1 | 112M|  35 |   - |2268 | 998 |2268 |1078 |4988 |   1 |1370 | 6.735195e+03 | 6.742200e+03 |   0.10%
 81.9s| 10400 |   200 |366558 |  35.0 | 112M|  35 |  48 |2268 | 998 |2268 |1057 |4993 |   1 |1387 | 6.735484e+03 | 6.742200e+03 |   0.10%
 82.3s| 10500 |   148 |369354 |  34.9 | 112M|  35 |  40 |2268 | 998 |2268 |1058 |4996 |   1 |1409 | 6.735883e+03 | 6.742200e+03 |   0.09%
 82.7s| 10600 |    84 |371537 |  34.8 | 112M|  35 |   - |2268 | 998 |2268 |1060 |5000 |   1 |1431 | 6.736534e+03 | 6.742200e+03 |   0.08%
 83.1s| 10700 |    38 |373747 |  34.7 | 112M|  35 |   - |2268 | 998 |2268 |1095 |5003 |   1 |1449 | 6.737723e+03 | 6.742200e+03 |   0.07%

SCIP Status        : problem is solved [optimal solution found]
Solving Time (sec) : 83.21 (over 6 runs: 83.38)
Solving Nodes      : 10742 (0 reactivated)
Primal Bound       : +6.74220002400000e+03 (26 solutions)
Dual Bound         : +6.74220002400000e+03
Gap                : 0.00 %
SCIP Status        : problem is solved [optimal solution found]
Total Time         :      83.21
  solving          :      83.21
  presolving       :       0.00 (included in solving)
  reading          :       0.01
  copying          :       0.20 (24 #copies) (minimal 0.01, maximal 0.01, average 0.01)
Original Problem   :
  Problem name     : binkar10_1
  Variables        : 2468 (170 binary, 0 integer, 0 implicit integer, 2298 continuous)
  Constraints      : 1366 initial, 1366 maximal
  Objective        : minimize, 1742 non-zeros (abs.min = 0.83, abs.max = 1e+06)
Presolved Problem  :
  Problem name     : t_binkar10_1
  Variables        : 2268 (170 binary, 0 integer, 0 implicit integer, 2098 continuous)
  Constraints      : 996 initial, 998 maximal
  Objective        : minimize, 1542 non-zeros (abs.min = 1.67, abs.max = 1e+06)
Presolvers         :   ExecTime  SetupTime  Calls  FixedVars   AggrVars   ChgTypes  ChgBounds   AddHoles    DelCons    AddCons   ChgSides   ChgCoefs
  boundshift       :       0.00       0.00      0          0          0          0          0          0          0          0          0          0
  convertinttobin  :       0.00       0.00      0          0          0          0          0          0          0          0          0          0
  domcol           :       0.00       0.00      0          0          0          0          0          0          0          0          0          0
  dualagg          :       0.00       0.00      0          0          0          0          0          0          0          0          0          0
  dualcomp         :       0.00       0.00      0          0          0          0          0          0          0          0          0          0
  dualinfer        :       0.00       0.00      0          0          0          0          0          0          0          0          0          0
  gateextraction   :       0.00       0.00      0          0          0          0          0          0          0          0          0          0
  implics          :       0.00       0.00      0          0          0          0          0          0          0          0          0          0
  inttobinary      :       0.00       0.00      0          0          0          0          0          0          0          0          0          0
  qpkktref         :       0.00       0.00      0          0          0          0          0          0          0          0          0          0
  redvub           :       0.00       0.00      0          0          0          0          0          0          0          0          0          0
  sparsify         :       0.00       0.00      0          0          0          0          0          0          0          0          0          0
  stuffing         :       0.00       0.00      0          0          0          0          0          0          0          0          0          0
  symbreak         :       0.00       0.00      0          0          0          0          0          0          0          0          0          0
  symmetry         :       0.00       0.00      0          0          0          0          0          0          0          0          0          0
  trivial          :       0.00       0.00      0          0          0          0          0          0          0          0          0          0
  tworowbnd        :       0.00       0.00      0          0          0          0          0          0          0          0          0          0
  dualfix          :       0.00       0.00      0          0          0          0          0          0          0          0          0          0
  genvbounds       :       0.00       0.00      0          0          0          0          0          0          0          0          0          0
  orbitalfixing    :       0.00       0.00      0          0          0          0          0          0          0          0          0          0
  probing          :       0.00       0.00      0          0          0          0          0          0          0          0          0          0
  pseudoobj        :       0.00       0.00      0          0          0          0          0          0          0          0          0          0
  vbounds          :       0.00       0.00      0          0          0          0          0          0          0          0          0          0
  varbound         :       0.00       0.00      0          0          0          0          0          0          0          0          0          0
  linear           :       0.00       0.00      0          0          0          0          0          0          0          0          0          0
  logicor          :       0.00       0.00      0          0          0          0          0          0          0          0          0          0
  benders          :       0.00       0.00      0          0          0          0          0          0          0          0          0          0
  components       :       0.00       0.00      0          0          0          0          0          0          0          0          0          0
  root node        :          -          -      -          0          -          -          0          -          -          -          -          -
Constraints        :     Number  MaxNumber  #Separate #Propagate    #EnfoLP    #EnfoRelax  #EnfoPS    #Check   #ResProp    Cutoffs    DomReds       Cuts    Applied      Conss   Children
  benderslp        :          0          0          0          0       6294          0          0        331          0          0          0          0          0          0          0
  integral         :          0          0          0          0       6294          0          0        331          0          0       1033          0          0          0      11540
  varbound         :          0+       170         18     101482          2          0          0        329          0          0       6463          0          0          0          0
  linear           :          0+       826         18     101483          2          0          0         33         16        143     125917         76         17          0          0
  logicor          :          0+         2          0        309          0          0          0          0          0          0          5          0          0          0          0
  benders          :          0          0          0          0          2          0          0         25          0          0          0          0          0          0          0
  countsols        :          0          0          0          0          2          0          0         25          0          0          0          0          0          0          0
  components       :          0          0          0          0          0          0          0          0          0          0          0          0          0          0          0
Constraint Timings :  TotalTime  SetupTime   Separate  Propagate     EnfoLP     EnfoPS     EnfoRelax   Check    ResProp    SB-Prop
  benderslp        :       0.00       0.00       0.00       0.00       0.00       0.00       0.00       0.00       0.00       0.00
  integral         :       7.14       0.00       0.00       0.00       7.14       0.00       0.00       0.00       0.00       0.00
  varbound         :       0.05       0.00       0.00       0.04       0.00       0.00       0.00       0.00       0.00       0.00
  linear           :       0.47       0.00       0.03       0.42       0.00       0.00       0.00       0.01       0.00       0.02
  logicor          :       0.00       0.00       0.00       0.00       0.00       0.00       0.00       0.00       0.00       0.00
  benders          :       0.00       0.00       0.00       0.00       0.00       0.00       0.00       0.00       0.00       0.00
  countsols        :       0.00       0.00       0.00       0.00       0.00       0.00       0.00       0.00       0.00       0.00
  components       :       0.00       0.00       0.00       0.00       0.00       0.00       0.00       0.00       0.00       0.00
Propagators        : #Propagate   #ResProp    Cutoffs    DomReds
  dualfix          :          0          0          0          0
  genvbounds       :          0          0          0          0
  nlobbt           :          0          0          0          0
  obbt             :          0          0          0          0
  orbitalfixing    :          0          0          0          0
  probing          :          0          0          0          0
  pseudoobj        :          0          0          0          0
  redcost          :          0          0          0          0
  rootredcost      :          0          0          0          0
  vbounds          :     107778          0          0          0
Propagator Timings :  TotalTime  SetupTime   Presolve  Propagate    ResProp    SB-Prop
  dualfix          :       0.00       0.00       0.00       0.00       0.00       0.00
  genvbounds       :       0.01       0.00       0.00       0.01       0.00       0.00
  nlobbt           :       0.00       0.00       0.00       0.00       0.00       0.00
  obbt             :       0.00       0.00       0.00       0.00       0.00       0.00
  orbitalfixing    :       0.01       0.00       0.00       0.00       0.00       0.00
  probing          :       0.00       0.00       0.00       0.00       0.00       0.00
  pseudoobj        :       0.01       0.00       0.00       0.01       0.00       0.00
  redcost          :       0.01       0.00       0.00       0.01       0.00       0.00
  rootredcost      :       0.01       0.00       0.00       0.01       0.00       0.00
  vbounds          :       0.02       0.00       0.00       0.02       0.00       0.00
Conflict Analysis  :       Time      Calls    Success    DomReds  Conflicts   Literals    Reconvs ReconvLits   Dualrays   Nonzeros   LP Iters   (pool size: [10000,10000])
  propagation      :       0.00          1          1          -          1        4.0          0        0.0          -          -          -
  infeasible LP    :       0.00         26          1          -          0        0.0          0        0.0          1        6.0          0
  bound exceed. LP :       0.00          0          0          -          0        0.0          0        0.0          0        0.0          0
  strong branching :       0.00          0          0          -          0        0.0          0        0.0          -          -          0
  pseudo solution  :       0.00          0          0          -          0        0.0          0        0.0          -          -          -
  applied globally :       0.00          -          -          0          1        4.0          -          -          1          -          -
  applied locally  :          -          -          -          0          0        0.0          -          -          0          -          -
Separators         :   ExecTime  SetupTime      Calls    Cutoffs    DomReds       Cuts    Applied      Conss
  cut pool         :       9.59                  3435          -          -      26693          -          -    (maximal pool size: 3841)
  aggregation      :       1.49       0.00       1676          0          0          0          0          0
  cgmip            :       0.00       0.00          0          0          0          0          0          0
  clique           :       0.00       0.00         18          0          0          0          0          0
  closecuts        :       0.00       0.00          0          0          0          0          0          0
  cmir             :       0.00       0.00          0          0          0          0       1906          0
  convexproj       :       0.00       0.00          0          0          0          0          0          0
  disjunctive      :       0.00       0.00          0          0          0          0          0          0
  eccuts           :       0.00       0.00          0          0          0          0          0          0
  flowcover        :       0.00       0.00          0          0          0          0         53          0
  gauge            :       0.00       0.00          0          0          0          0          0          0
  gomory           :      16.44       0.00       1613          0          0          0       2219          0
  impliedbounds    :       0.09       0.00       1676          0          0          0          0          0
  intobj           :       0.00       0.00          0          0          0          0          0          0
  mcf              :       0.00       0.00          1          0          0          0          0          0
  oddcycle         :       0.00       0.00          0          0          0          0          0          0
  rapidlearning    :       0.00       0.00          0          0          0          0          0          0
  strongcg         :       0.21       0.00         18          0          0          0          0          0
  zerohalf         :       0.74       0.00       1621          0          0          0        808          0
Pricers            :   ExecTime  SetupTime      Calls       Vars
  problem variables:       0.00          -          0          0
Branching Rules    :   ExecTime  SetupTime   BranchLP  BranchExt   BranchPS    Cutoffs    DomReds       Cuts      Conss   Children
  allfullstrong    :       0.00       0.00          0          0          0          0          0          0          0          0
  cloud            :       0.00       0.00          0          0          0          0          0          0          0          0
  distribution     :       0.00       0.00          0          0          0          0          0          0          0          0
  fullstrong       :       0.00       0.00          0          0          0          0          0          0          0          0
  inference        :       0.00       0.00          0          0          0          0          0          0          0          0
  leastinf         :       0.00       0.00          0          0          0          0          0          0          0          0
  lookahead        :       0.00       0.00          0          0          0          0          0          0          0          0
  mostinf          :       0.00       0.00          0          0          0          0          0          0          0          0
  multaggr         :       0.00       0.00          0          0          0          0          0          0          0          0
  nodereopt        :       0.00       0.00          0          0          0          0          0          0          0          0
  pscost           :       0.00       0.00          0          0          0          0          0          0          0          0
  random           :       0.00       0.00          0          0          0          0          0          0          0          0
  relpscost        :       7.14       0.00       6292          0          0          0       1033          0          0      11540
Primal Heuristics  :   ExecTime  SetupTime      Calls      Found       Best
  LP solutions     :       0.01          -          -          2          2
  relax solutions  :       0.00          -          -          0          0
  pseudo solutions :       0.00          -          -          0          0
  strong branching :       0.00          -          -          0          0
  actconsdiving    :       0.00       0.00          0          0          0
  alns             :       0.13       0.00          6          0          0
  bound            :       0.00       0.00          0          0          0
  clique           :       0.00       0.00          1          0          0
  coefdiving       :       0.39       0.00         65          0          0
  completesol      :       0.00       0.00          0          0          0
  conflictdiving   :       0.00       0.00          0          0          0
  crossover        :       0.03       0.00          1          1          0
  dins             :       0.00       0.00          0          0          0
  distributiondivin:       0.90       0.00         66          0          0
  dualval          :       0.00       0.00          0          0          0
  farkasdiving     :       0.11       0.00          1          0          0
  feaspump         :       0.05       0.00          4          4          0
  fixandinfer      :       0.00       0.00          0          0          0
  fracdiving       :       0.36       0.00         66          0          0
  gins             :       0.25       0.00          6          2          0
  guideddiving     :       0.43       0.00         65          0          0
  indicator        :       0.00       0.00          0          0          0
  intdiving        :       0.00       0.00          0          0          0
  intshifting      :       0.10       0.00         27          0          0
  linesearchdiving :       0.38       0.00         66          0          0
  localbranching   :       0.00       0.00          0          0          0
  locks            :       0.01       0.00          1          0          0
  lpface           :       0.00       0.00          0          0          0
  mpec             :       0.00       0.00          0          0          0
  multistart       :       0.00       0.00          0          0          0
  mutation         :       0.00       0.00          0          0          0
  nlpdiving        :       0.00       0.00          0          0          0
  objpscostdiving  :       1.20       0.00          9          2          0
  octane           :       0.00       0.00          0          0          0
  ofins            :       0.00       0.00          0          0          0
  oneopt           :       0.00       0.00          6          0          0
  proximity        :       0.00       0.00          0          0          0
  pscostdiving     :       0.69       0.00         66          1          1
  randrounding     :       0.03       0.00        310          0          0
  rens             :       1.04       0.00          1          1          1
  reoptsols        :       0.00       0.00          1          1          1
  repair           :       0.00       0.00          0          0          0
  rins             :       0.56       0.00          8          7          1
  rootsoldiving    :       1.35       0.00         15          5          0
  rounding         :       0.02       0.00       1216          0          0
  shiftandpropagate:       0.00       0.00          0          0          0
  shifting         :       0.32       0.00        628          0          0
  simplerounding   :       0.00       0.00          0          0          0
  subnlp           :       0.00       0.00          0          0          0
  trivial          :       0.00       0.00          1          0          0
  trivialnegation  :       0.00       0.00          0          0          0
  trysol           :       0.00       0.00          0          0          0
  twoopt           :       0.00       0.00          0          0          0
  undercover       :       0.00       0.00          0          0          0
  vbounds          :       0.00       0.00          0          0          0
  veclendiving     :       0.53       0.00         66          0          0
  zeroobj          :       0.00       0.00          0          0          0
  zirounding       :       0.01       0.00       1000          0          0
  other solutions  :          -          -          -          0          -
Diving Statistics  :      Calls      Nodes   LP Iters Backtracks  Conflicts   MinDepth   MaxDepth   AvgDepth  RoundSols  NLeafSols  MinSolDpt  MaxSolDpt  AvgSolDpt
  actconsdiving    :          0          -          -          -          -          -          -          -          -          -          -          -          -
  coefdiving       :         65       2138       1466        192          0         31         55       43.2          0          -          -          -          -
  conflictdiving   :          0          -          -          -          -          -          -          -          -          -          -          -          -
  distributiondivin:         66        483       1917         73          0         13         34       20.8          0          -          -          -          -
  farkasdiving     :          1         47        754          4          0         44         44       44.0          0          -          -          -          -
  fracdiving       :         66       1885        747        194          0         26         57       40.7          0          -          -          -          -
  guideddiving     :         65       1836       1614        200          0         27         57       39.1          0          -          -          -          -
  linesearchdiving :         66       1915       1197        171          0         28         59       40.4          0          -          -          -          -
  pscostdiving     :         66       1241       4822         61          0         18         59       32.2          0          1         30         30       30.0
  veclendiving     :         66       1897       2408        230          0         27         53       40.2          0          -          -          -          -
Neighborhoods      :      Calls  SetupTime  SolveTime SolveNodes       Sols       Best       Exp3  EpsGreedy        UCB TgtFixRate  Opt  Inf Node Stal  Sol  Usr Othr Actv
  rens             :          1       0.00       0.00          0          0          0    0.00000   -1.00000    1.00000      0.900    0    0    0    0    0    0    1    1
  rins             :          1       0.01       0.01          1          0          0    0.00000   -1.00000    1.00000      0.700    0    1    0    0    0    0    0    1
  mutation         :          1       0.01       0.01          1          0          0    0.00000   -1.00000    1.00000      0.700    0    1    0    0    0    0    0    1
  localbranching   :          1       0.01       0.01          1          0          0    0.00000   -1.00000    1.00000      0.700    0    1    0    0    0    0    0    1
  crossover        :          0       0.00       0.00          0          0          0    0.00000   -1.00000    1.00000      0.900    0    0    0    0    0    0    0    1
  proximity        :          1       0.01       0.02          1          0          0    0.00000   -1.00000    1.00000      0.700    0    1    0    0    0    0    0    1
  zeroobjective    :          0       0.00       0.00          0          0          0    0.00000   -1.00000    1.00000      0.900    0    0    0    0    0    0    0    1
  dins             :          1       0.01       0.01          1          0          0    0.00000   -1.00000    1.00000      0.700    0    1    0    0    0    0    0    1
Tree Compressions  :   ExecTime  SetupTime      Calls      Found
  largestrepr      :       0.00       0.00          0          0
  weakcompr        :       0.00       0.00          0          0
LP                 :       Time      Calls Iterations  Iter/call   Iter/sec  Time-0-It Calls-0-It    ItLimit
  primal LP        :       1.21       1576          0       0.00       0.00       1.21       1576
  dual LP          :      32.70      13039     326639      25.11    9989.20       0.01         30
  lex dual LP      :       0.00          0          0       0.00          -
  barrier LP       :       0.00          0          0       0.00          -       0.00          0
  resolve instable :       0.00          0          0       0.00          -
  diving/probing LP:       5.57       2566      47747      18.61    8565.44
  strong branching :       5.56       1452      54376      37.45    9782.72          -          -        129
    (at root node) :          -         26       2016      77.54          -
  conflict analysis:       0.00          0          0       0.00          -
B&B Tree           :
  number of runs   :          0
  nodes            :      10742 (5770 internal, 4972 leaves)
  feasible leaves  :          2
  infeas. leaves   :          4
  objective leaves :       4966
  nodes (total)    :      10742 (5770 internal, 4972 leaves)
  nodes left       :          0
  max depth        :         35
  max depth (total):         35
  backtracks       :       3349 (31.2%)
  early backtracks :          0 (0.0%)
  nodes exc. ref.  :          0 (0.0%)
  delayed cutoffs  :          0
  repropagations   :          0 (0 domain reductions, 0 cutoffs)
  avg switch length:       6.70
  switching time   :       2.00
Root Node          :
  First LP value   : +6.63718802694375e+03
  First LP Iters   :       1832 (53811.13 Iter/sec)
  First LP Time    :       0.03
  Final Dual Bound : +6.70859817744759e+03
  Final Root Iters :       2746
  Root LP Estimate : +6.78726282561912e+03
Solution           :
  Solutions found  :         26 (6 improvements)
  First Solution   : +6.82640001800000e+03   (in run 0, after 1 nodes, 0.00 seconds, depth 0, found by <reoptsols>)
  Gap First Sol.   :   infinite
  Gap Last Sol.    :       0.15 %
  Primal Bound     : +6.74220002400000e+03   (in run 0, after 7980 nodes, 72.53 seconds, depth 20, found by <initial>)
  Dual Bound       : +6.74220002400000e+03
  Gap              :       0.00 %
  Avg. Gap         :       0.46 % (38.28 primal-dual integral)
NoError here ! 
./script6: line 19: 19263 Segmentation fault      (core dumped) ./repair/build/repair $file $i $u $k $gap

real	1m24.007s
user	1m21.508s
sys	0m1.932s
