parameters: binkar10_1_10_1_5_0.300000 

SCIP version 6.0.1 [precision: 8 byte] [memory: block] [mode: optimized] [LP solver: SoPlex 4.0.1] [GitHash: a27ecc0]
Copyright (C) 2002-2019 Konrad-Zuse-Zentrum fuer Informationstechnik Berlin (ZIB)

read problem <instances/binkar10_1.mps> ...

original problem has 2298 variables (170 bin, 0 int, 0 impl, 2128 cont) and 1026 constraints
read solution <10solution/binkar10_1_1.sol> ...

check the feasibility of <10solution/binkar10_1_1.sol> for problem <instances/binkar10_1.mps> ...

  [linear] <R0114>:  -<C0004>[C] (+1) -<C1486>[C] (+0) +<C2132>[B] (+0) == 0;
;
violation: left hand side is violated by 1
  [linear] <R0148>:  -<C0121>[C] (+1) -<C1583>[C] (+0) +<C2166>[B] (+0) == 0;
;
violation: left hand side is violated by 1
  [linear] <R0246>:  -<C0569>[C] (+1) -<C1983>[C] (+0) +<C2264>[B] (+0) == 0;
;
violation: left hand side is violated by 1
The solution <10solution/binkar10_1_1.sol> is not feasible to <instances/binkar10_1.mps> 

Tring to reoptimize the problem <instances/binkar10_1.mps> ...  

obj = 6678.860023, k = 5, alpha = 6678.860023 

n = 2298 

Start to add variable y and new constraints 

y have been released ! 

Finish to create the y and constraint ! 

n = 2298,  j = 170 ! 

set all parameters to default! 

Reoptimization is enabled! 

Reoptimization parameter have been setted ! 

Stop parameter have been setted ! 

Memory for coefs have allocated ! 

Coefficients have been captured ! 

alpha = 6678.860023, n = 2468, j = 170, m = 5 
This is the 1-th iteration ! 

presolving:
(round 1, fast)       200 del vars, 370 del conss, 0 add conss, 2128 chg bounds, 0 chg sides, 0 chg coeffs, 0 upgd conss, 0 impls, 0 clqs
(round 2, exhaustive) 200 del vars, 370 del conss, 0 add conss, 2128 chg bounds, 0 chg sides, 0 chg coeffs, 170 upgd conss, 0 impls, 0 clqs
   (0.1s) probing cycle finished: starting next cycle
presolving (3 rounds: 3 fast, 2 medium, 2 exhaustive):
 200 deleted vars, 370 deleted constraints, 0 added constraints, 2128 tightened bounds, 0 added holes, 0 changed sides, 0 changed coefficients
 2127 implications, 10 cliques
presolved problem has 2268 variables (170 bin, 0 int, 0 impl, 2098 cont) and 996 constraints
    170 constraints of type <varbound>
    826 constraints of type <linear>
Presolving Time: 0.05

 time | node  | left  |LP iter|LP it/n| mem |mdpt |frac |vars |cons |cols |rows |cuts |confs|strbr|  dualbound   | primalbound  |  gap   
k 0.1s|     1 |     0 |   140 |     - |  14M|   0 |   - |2268 | 996 |2268 | 996 |   0 |   0 |   0 |-2.049482e+04 | 1.488990e+05 |    Inf 
* 0.1s|     1 |     0 |  1684 |     - |  14M|   0 |   - |2268 | 996 |2268 | 996 |   0 |   0 |   0 | 2.018412e+04 | 2.018412e+04 |   0.00%
  0.1s|     1 |     0 |  1684 |     - |  14M|   0 |   - |2268 | 996 |2268 | 996 |   0 |   0 |   0 | 2.018412e+04 | 2.018412e+04 |   0.00%

SCIP Status        : problem is solved [optimal solution found]
Solving Time (sec) : 0.10 (over 1 runs: 0.10)
Solving Nodes      : 1 (0 reactivated)
Primal Bound       : +2.01841200640000e+04 (2 solutions)
Dual Bound         : +2.01841200640000e+04
Gap                : 0.00 %
Coefs have been resetted!! 

Problem have been changed !! 

alpha = 5343.088018, n = 2468, j = 170, m = 4 
This is the 2-th iteration ! 

new objective has similarity of 0.999998 compared to previous.

 time | node  | left  |LP iter|LP it/n| mem |mdpt |frac |vars |cons |cols |rows |cuts |confs|strbr|  dualbound   | primalbound  |  gap   
J 0.0s|     1 |     0 |     0 |     - |  15M|   0 |   - |2268 | 996 |   0 |   0 |   0 |   0 |   0 |-2.049482e+04 | 1.751258e+04 |    Inf 
  0.0s|     1 |     0 |  1424 |     - |  15M|   0 |   - |2268 | 996 |2268 | 996 |   0 |   0 |   0 | 1.751258e+04 | 1.751258e+04 |   0.00%

SCIP Status        : problem is solved [optimal solution found]
Solving Time (sec) : 0.04 (over 2 runs: 0.14)
Solving Nodes      : 1 (0 reactivated)
Primal Bound       : +1.75125760548000e+04 (1 solutions)
Dual Bound         : +1.75125760548000e+04
Gap                : 0.00 %
Coefs have been resetted!! 

Problem have been changed !! 

alpha = 3205.852811, n = 2468, j = 170, m = 3 
This is the 3-th iteration ! 

new objective has similarity of 0.999996 compared to previous.

 time | node  | left  |LP iter|LP it/n| mem |mdpt |frac |vars |cons |cols |rows |cuts |confs|strbr|  dualbound   | primalbound  |  gap   
J 0.0s|     1 |     0 |     0 |     - |  15M|   0 |   - |2268 | 996 |   0 |   0 |   0 |   0 |   0 |-2.049482e+04 | 1.323811e+04 |    Inf 
  0.0s|     1 |     0 |  1424 |     - |  15M|   0 |   - |2268 | 996 |2268 | 996 |   0 |   0 |   0 | 1.323811e+04 | 1.323811e+04 |   0.00%

SCIP Status        : problem is solved [optimal solution found]
Solving Time (sec) : 0.04 (over 3 runs: 0.18)
Solving Nodes      : 1 (0 reactivated)
Primal Bound       : +1.32381056400800e+04 (1 solutions)
Dual Bound         : +1.32381056400800e+04
Gap                : 0.00 %
Coefs have been resetted!! 

Problem have been changed !! 

alpha = 1282.341124, n = 2468, j = 170, m = 2 
This is the 4-th iteration ! 

new objective has similarity of 0.999997 compared to previous.

 time | node  | left  |LP iter|LP it/n| mem |mdpt |frac |vars |cons |cols |rows |cuts |confs|strbr|  dualbound   | primalbound  |  gap   
J 0.0s|     1 |     0 |     0 |     - |  15M|   0 |   - |2268 | 996 |   0 |   0 |   0 |   0 |   0 |-2.049482e+04 | 9.391082e+03 |    Inf 
  0.0s|     1 |     0 |  1424 |     - |  15M|   0 |   - |2268 | 996 |2268 | 996 |   0 |   0 |   0 | 9.391082e+03 | 9.391082e+03 |   0.00%

SCIP Status        : problem is solved [optimal solution found]
Solving Time (sec) : 0.04 (over 4 runs: 0.21)
Solving Nodes      : 1 (0 reactivated)
Primal Bound       : +9.39108226683200e+03 (1 solutions)
Dual Bound         : +9.39108226683200e+03
Gap                : 0.00 %
Coefs have been resetted!! 

Problem have been changed !! 

alpha = 256.468225, n = 2468, j = 170, m = 1 
This is the 5-th iteration ! 

new objective has similarity of 0.999999 compared to previous.

 time | node  | left  |LP iter|LP it/n| mem |mdpt |frac |vars |cons |cols |rows |cuts |confs|strbr|  dualbound   | primalbound  |  gap   
J 0.0s|     1 |     0 |     0 |     - |  15M|   0 |   - |2268 | 996 |   0 |   0 |   0 |   0 |   0 |-2.049482e+04 | 7.339336e+03 |    Inf 
  0.0s|     1 |     0 |  1480 |     - |  15M|   0 |   - |2268 | 996 |2268 | 996 |   0 |   0 |   0 | 7.339336e+03 | 7.339336e+03 |   0.00%

SCIP Status        : problem is solved [optimal solution found]
Solving Time (sec) : 0.04 (over 5 runs: 0.25)
Solving Nodes      : 1 (0 reactivated)
Primal Bound       : +7.33933646776640e+03 (1 solutions)
Dual Bound         : +7.33933646776640e+03
Gap                : 0.00 %
Coefs have been resetted!! 

Problem have been changed !! 

This is the last iteration 


alpha = 0.000000  
new objective has similarity of 1 compared to previous.

 time | node  | left  |LP iter|LP it/n| mem |mdpt |frac |vars |cons |cols |rows |cuts |confs|strbr|  dualbound   | primalbound  |  gap   
J 0.0s|     1 |     0 |     0 |     - |  15M|   0 |   - |2268 | 996 |   0 |   0 |   0 |   0 |   0 |-2.049482e+04 | 6.826400e+03 |    Inf 
  0.1s|     1 |     0 |  1985 |     - |  15M|   0 |  38 |2268 | 996 |2268 | 996 |   0 |   0 |   0 | 6.637188e+03 | 6.826400e+03 |   2.85%
  0.1s|     1 |     0 |  2053 |     - |  15M|   0 |  37 |2268 | 996 |2268 |1006 |  10 |   0 |   0 | 6.644706e+03 | 6.826400e+03 |   2.73%
  0.1s|     1 |     0 |  2136 |     - |  16M|   0 |  61 |2268 | 996 |2268 |1016 |  20 |   0 |   0 | 6.648093e+03 | 6.826400e+03 |   2.68%
  0.2s|     1 |     0 |  2186 |     - |  17M|   0 |  71 |2268 | 996 |2268 |1021 |  25 |   0 |   0 | 6.650577e+03 | 6.826400e+03 |   2.64%
  0.2s|     1 |     0 |  2259 |     - |  18M|   0 |  77 |2268 | 996 |2268 |1025 |  29 |   0 |   0 | 6.657381e+03 | 6.826400e+03 |   2.54%
  0.3s|     1 |     0 |  2401 |     - |  18M|   0 |  73 |2268 | 996 |2268 |1031 |  35 |   0 |   0 | 6.666677e+03 | 6.826400e+03 |   2.40%
  0.3s|     1 |     0 |  2483 |     - |  18M|   0 |  93 |2268 | 996 |2268 |1037 |  41 |   0 |   0 | 6.670588e+03 | 6.826400e+03 |   2.34%
  0.4s|     1 |     0 |  2584 |     - |  21M|   0 |  72 |2268 | 996 |2268 |1041 |  45 |   0 |   0 | 6.684622e+03 | 6.826400e+03 |   2.12%
  0.4s|     1 |     0 |  2705 |     - |  23M|   0 |  59 |2268 | 996 |2268 |1048 |  52 |   0 |   0 | 6.691134e+03 | 6.826400e+03 |   2.02%
  0.5s|     1 |     0 |  2772 |     - |  23M|   0 |  87 |2268 | 996 |2268 |1056 |  60 |   0 |   0 | 6.696183e+03 | 6.826400e+03 |   1.94%
  0.6s|     1 |     0 |  2831 |     - |  26M|   0 |  85 |2268 | 996 |2268 |1059 |  63 |   0 |   0 | 6.699707e+03 | 6.826400e+03 |   1.89%
  0.6s|     1 |     0 |  2875 |     - |  26M|   0 |  78 |2268 | 996 |2268 |1063 |  67 |   0 |   0 | 6.702769e+03 | 6.826400e+03 |   1.84%
  0.7s|     1 |     0 |  2906 |     - |  26M|   0 |  86 |2268 | 996 |2268 |1069 |  73 |   0 |   0 | 6.703976e+03 | 6.826400e+03 |   1.83%
  0.7s|     1 |     0 |  2944 |     - |  26M|   0 |  80 |2268 | 996 |2268 |1070 |  74 |   0 |   0 | 6.705374e+03 | 6.826400e+03 |   1.80%
 time | node  | left  |LP iter|LP it/n| mem |mdpt |frac |vars |cons |cols |rows |cuts |confs|strbr|  dualbound   | primalbound  |  gap   
  0.7s|     1 |     0 |  2957 |     - |  26M|   0 |  77 |2268 | 996 |2268 |1072 |  76 |   0 |   0 | 6.705576e+03 | 6.826400e+03 |   1.80%
  0.8s|     1 |     0 |  2959 |     - |  26M|   0 |  77 |2268 | 996 |2268 |1073 |  77 |   0 |   0 | 6.705584e+03 | 6.826400e+03 |   1.80%
u 0.9s|     1 |     0 |  3805 |     - |  27M|   0 |   - |2268 | 997 |2268 |1073 |   0 |   0 |   0 | 6.705584e+03 | 6.816780e+03 |   1.66%
E 3.8s|     1 |     0 |  4302 |     - |  27M|   0 |  77 |2268 | 997 |2268 |1073 |  77 |   0 |   0 | 6.705584e+03 | 6.747890e+03 |   0.63%
  3.9s|     1 |     0 |  4302 |     - |  27M|   0 |  77 |2268 | 997 |2268 |1073 |  77 |   0 |   0 | 6.705584e+03 | 6.747890e+03 |   0.63%
  3.9s|     1 |     0 |  4356 |     - |  27M|   0 |  83 |2268 | 997 |2268 |1075 |  79 |   0 |   0 | 6.707303e+03 | 6.747890e+03 |   0.61%
  3.9s|     1 |     0 |  4372 |     - |  27M|   0 |  75 |2268 | 997 |2268 |1077 |  81 |   0 |   0 | 6.707579e+03 | 6.747890e+03 |   0.60%
  4.3s|     1 |     2 |  4372 |     - |  27M|   0 |  75 |2268 | 997 |2268 |1077 |  81 |   0 |  34 | 6.709553e+03 | 6.747890e+03 |   0.57%
  9.4s|   100 |    63 |  8721 |  59.6 |  52M|  20 |  37 |2268 | 997 |2268 |1048 | 195 |   0 | 560 | 6.710079e+03 | 6.747890e+03 |   0.56%
 11.0s|   200 |   103 | 12819 |  50.2 |  70M|  20 |  48 |2268 | 997 |2268 |1049 | 320 |   0 | 590 | 6.710079e+03 | 6.747890e+03 |   0.56%
C11.2s|   201 |    79 | 12862 |  50.2 |  71M|  20 |   - |2268 | 997 |2268 |1049 | 320 |   0 | 590 | 6.710079e+03 | 6.742200e+03 |   0.48%
 12.3s|   300 |   118 | 16091 |  44.4 |  75M|  26 |  36 |2268 | 997 |2268 |1059 | 446 |   0 | 596 | 6.710079e+03 | 6.742200e+03 |   0.48%
 13.1s|   400 |   170 | 18522 |  39.3 |  75M|  27 |   - |2268 | 997 |2268 |1044 | 483 |   0 | 622 | 6.710987e+03 | 6.742200e+03 |   0.47%
 15.3s|   500 |   228 | 29391 |  53.2 |  78M|  27 |  17 |2268 | 997 |2268 |1054 | 573 |   0 | 643 | 6.712551e+03 | 6.742200e+03 |   0.44%
 17.7s|   600 |   300 | 38527 |  59.6 |  83M|  27 |   - |2268 | 997 |2268 |1051 | 737 |   0 | 651 | 6.713599e+03 | 6.742200e+03 |   0.43%
 time | node  | left  |LP iter|LP it/n| mem |mdpt |frac |vars |cons |cols |rows |cuts |confs|strbr|  dualbound   | primalbound  |  gap   
 19.5s|   700 |   358 | 44557 |  59.7 |  86M|  27 |   - |2268 | 997 |2268 |1042 | 882 |   0 | 655 | 6.714462e+03 | 6.742200e+03 |   0.41%
 21.1s|   800 |   414 | 50922 |  60.2 |  87M|  27 |  54 |2268 | 997 |2268 |1048 | 960 |   0 | 657 | 6.716092e+03 | 6.742200e+03 |   0.39%
 22.6s|   900 |   466 | 55616 |  58.7 |  87M|  27 |  42 |2268 | 997 |2268 |1037 |1084 |   0 | 662 | 6.716530e+03 | 6.742200e+03 |   0.38%
 24.2s|  1000 |   518 | 61575 |  58.8 |  88M|  27 |  53 |2268 | 997 |2268 |1047 |1203 |   0 | 664 | 6.717312e+03 | 6.742200e+03 |   0.37%
 25.5s|  1100 |   558 | 66528 |  58.0 |  89M|  30 |  23 |2268 | 997 |2268 |1054 |1270 |   0 | 670 | 6.717327e+03 | 6.742200e+03 |   0.37%
 27.0s|  1200 |   610 | 70903 |  56.8 |  90M|  30 |   - |2268 | 997 |2268 |1049 |1383 |   0 | 671 | 6.717916e+03 | 6.742200e+03 |   0.36%
 28.6s|  1300 |   648 | 76641 |  56.8 |  90M|  30 |  47 |2268 | 997 |2268 |1054 |1494 |   0 | 678 | 6.718214e+03 | 6.742200e+03 |   0.36%
 30.7s|  1400 |   686 | 82107 |  56.7 |  95M|  30 |  48 |2268 | 997 |2268 |1059 |1670 |   0 | 682 | 6.718684e+03 | 6.742200e+03 |   0.35%
 32.3s|  1500 |   726 | 87106 |  56.2 |  97M|  30 |   - |2268 | 997 |2268 |1050 |1800 |   0 | 686 | 6.718751e+03 | 6.742200e+03 |   0.35%
 33.8s|  1600 |   742 | 92457 |  56.1 |  98M|  30 |  35 |2268 | 997 |2268 |1052 |1902 |   0 | 687 | 6.718885e+03 | 6.742200e+03 |   0.35%
 35.1s|  1700 |   750 | 96010 |  54.8 |  99M|  30 |  67 |2268 | 997 |2268 |1057 |2003 |   0 | 692 | 6.718997e+03 | 6.742200e+03 |   0.35%
 36.4s|  1800 |   784 |100220 |  54.1 | 101M|  30 |  35 |2268 | 997 |2268 |1052 |2110 |   0 | 694 | 6.719578e+03 | 6.742200e+03 |   0.34%
 37.8s|  1900 |   822 |104078 |  53.3 | 101M|  30 |  57 |2268 | 997 |2268 |1057 |2214 |   0 | 695 | 6.719838e+03 | 6.742200e+03 |   0.33%
 39.1s|  2000 |   854 |109518 |  53.4 | 102M|  30 |  60 |2268 | 997 |2268 |1051 |2292 |   0 | 699 | 6.720090e+03 | 6.742200e+03 |   0.33%
 40.5s|  2100 |   896 |113699 |  52.8 | 103M|  30 |  24 |2268 | 997 |2268 |1050 |2399 |   0 | 701 | 6.720485e+03 | 6.742200e+03 |   0.32%
 time | node  | left  |LP iter|LP it/n| mem |mdpt |frac |vars |cons |cols |rows |cuts |confs|strbr|  dualbound   | primalbound  |  gap   
 41.4s|  2200 |   916 |118594 |  52.6 | 103M|  30 |   - |2268 | 997 |2268 |1057 |2456 |   0 | 704 | 6.721154e+03 | 6.742200e+03 |   0.31%
 42.5s|  2300 |   950 |123024 |  52.3 | 103M|  30 |  26 |2268 | 997 |2268 |1056 |2538 |   0 | 704 | 6.721606e+03 | 6.742200e+03 |   0.31%
 43.2s|  2400 |   952 |125715 |  51.2 | 104M|  30 |   - |2268 | 997 |2268 |1061 |2577 |   0 | 706 | 6.721659e+03 | 6.742200e+03 |   0.31%
 43.8s|  2500 |   988 |128361 |  50.2 | 104M|  30 |  37 |2268 | 997 |2268 |1055 |2613 |   0 | 706 | 6.721759e+03 | 6.742200e+03 |   0.30%
 44.9s|  2600 |  1000 |133438 |  50.3 | 104M|  30 |  44 |2268 | 997 |2268 |1058 |2686 |   0 | 709 | 6.722185e+03 | 6.742200e+03 |   0.30%
 45.8s|  2700 |  1010 |137056 |  49.7 | 104M|  30 |   - |2268 | 997 |2268 |1062 |2767 |   0 | 709 | 6.722693e+03 | 6.742200e+03 |   0.29%
 46.7s|  2800 |  1020 |141758 |  49.6 | 104M|  30 |  41 |2268 | 997 |2268 |1049 |2829 |   0 | 712 | 6.722836e+03 | 6.742200e+03 |   0.29%
 47.6s|  2900 |  1058 |145347 |  49.2 | 105M|  30 |   - |2268 | 997 |2268 |1050 |2900 |   0 | 715 | 6.722970e+03 | 6.742200e+03 |   0.29%
 48.1s|  3000 |  1094 |147815 |  48.3 | 105M|  30 |   8 |2268 | 997 |2268 |1050 |2924 |   0 | 715 | 6.723189e+03 | 6.742200e+03 |   0.28%
 48.5s|  3100 |  1096 |149887 |  47.5 | 105M|  31 |  17 |2268 | 997 |2268 |1053 |2939 |   0 | 715 | 6.723260e+03 | 6.742200e+03 |   0.28%
 49.0s|  3200 |  1090 |152292 |  46.7 | 105M|  31 |  72 |2268 | 997 |2268 |1054 |2979 |   0 | 716 | 6.723514e+03 | 6.742200e+03 |   0.28%
 50.1s|  3300 |  1110 |156348 |  46.5 | 105M|  31 |   - |2268 | 997 |2268 |1049 |3074 |   0 | 716 | 6.723553e+03 | 6.742200e+03 |   0.28%
 51.1s|  3400 |  1132 |160065 |  46.3 | 105M|  31 |  64 |2268 | 997 |2268 |1056 |3143 |   0 | 724 | 6.723602e+03 | 6.742200e+03 |   0.28%
 52.5s|  3500 |  1146 |164393 |  46.2 | 106M|  31 |  54 |2268 | 997 |2268 |1084 |3236 |   0 | 725 | 6.723927e+03 | 6.742200e+03 |   0.27%
 53.3s|  3600 |  1168 |167877 |  45.9 | 106M|  31 |  23 |2268 | 997 |2268 |1053 |3304 |   0 | 727 | 6.724023e+03 | 6.742200e+03 |   0.27%
 time | node  | left  |LP iter|LP it/n| mem |mdpt |frac |vars |cons |cols |rows |cuts |confs|strbr|  dualbound   | primalbound  |  gap   
 54.2s|  3700 |  1182 |171445 |  45.6 | 107M|  31 |   - |2268 | 997 |2268 |1058 |3368 |   0 | 727 | 6.724120e+03 | 6.742200e+03 |   0.27%
 55.6s|  3800 |  1194 |179575 |  46.5 | 108M|  31 |  31 |2268 | 997 |2268 |1054 |3430 |   0 | 727 | 6.724350e+03 | 6.742200e+03 |   0.27%
 56.5s|  3900 |  1196 |182462 |  46.1 | 109M|  31 |  43 |2268 | 997 |2268 |1064 |3500 |   0 | 727 | 6.724607e+03 | 6.742200e+03 |   0.26%
 57.1s|  4000 |  1218 |184929 |  45.5 | 109M|  31 |  30 |2268 | 997 |2268 |1066 |3527 |   0 | 727 | 6.724668e+03 | 6.742200e+03 |   0.26%
 57.7s|  4100 |  1220 |187550 |  45.1 | 109M|  31 |  28 |2268 | 997 |2268 |1062 |3559 |   0 | 727 | 6.725260e+03 | 6.742200e+03 |   0.25%
 58.2s|  4200 |  1222 |189863 |  44.5 | 109M|  31 |  30 |2268 | 997 |2268 |1058 |3587 |   0 | 727 | 6.725398e+03 | 6.742200e+03 |   0.25%
 59.0s|  4300 |  1214 |194768 |  44.6 | 109M|  31 |  55 |2268 | 997 |2268 |1053 |3623 |   0 | 729 | 6.725530e+03 | 6.742200e+03 |   0.25%
 59.6s|  4400 |  1232 |197995 |  44.4 | 109M|  31 |   - |2268 | 997 |2268 |1059 |3632 |   0 | 737 | 6.725739e+03 | 6.742200e+03 |   0.24%
 60.1s|  4500 |  1240 |200391 |  43.9 | 109M|  31 |  28 |2268 | 997 |2268 |1053 |3649 |   0 | 755 | 6.725803e+03 | 6.742200e+03 |   0.24%
 61.2s|  4600 |  1234 |203667 |  43.7 | 109M|  31 |   - |2268 | 997 |2268 |1061 |3716 |   0 | 768 | 6.725986e+03 | 6.742200e+03 |   0.24%
 62.1s|  4700 |  1246 |207844 |  43.6 | 110M|  31 |  21 |2268 | 997 |2268 |1052 |3779 |   0 | 769 | 6.726158e+03 | 6.742200e+03 |   0.24%
 63.1s|  4800 |  1256 |211142 |  43.4 | 111M|  31 |  33 |2268 | 997 |2268 |1057 |3854 |   0 | 773 | 6.726394e+03 | 6.742200e+03 |   0.23%
 63.7s|  4900 |  1242 |213602 |  43.0 | 111M|  31 |   - |2268 | 997 |2268 |1057 |3883 |   0 | 775 | 6.726539e+03 | 6.742200e+03 |   0.23%
 64.3s|  5000 |  1240 |217430 |  42.9 | 111M|  31 |  28 |2268 | 997 |2268 |1062 |3901 |   0 | 777 | 6.726616e+03 | 6.742200e+03 |   0.23%
 64.8s|  5100 |  1234 |219600 |  42.5 | 111M|  31 |  22 |2268 | 997 |2268 |1055 |3925 |   0 | 777 | 6.726664e+03 | 6.742200e+03 |   0.23%
 time | node  | left  |LP iter|LP it/n| mem |mdpt |frac |vars |cons |cols |rows |cuts |confs|strbr|  dualbound   | primalbound  |  gap   
 65.2s|  5200 |  1240 |221606 |  42.1 | 111M|  31 |  31 |2268 | 997 |2268 |1049 |3950 |   0 | 777 | 6.726803e+03 | 6.742200e+03 |   0.23%
 65.9s|  5300 |  1258 |224791 |  41.9 | 111M|  31 |   - |2268 | 997 |2268 |1048 |3982 |   0 | 782 | 6.726944e+03 | 6.742200e+03 |   0.23%
 66.8s|  5400 |  1252 |227342 |  41.6 | 111M|  31 |   - |2268 | 997 |2268 |1064 |4046 |   0 | 794 | 6.727084e+03 | 6.742200e+03 |   0.22%
 67.6s|  5500 |  1268 |230387 |  41.4 | 111M|  31 |  11 |2268 | 997 |2268 |1058 |4083 |   0 | 809 | 6.727242e+03 | 6.742200e+03 |   0.22%
 68.4s|  5600 |  1254 |233351 |  41.2 | 111M|  31 |   - |2268 | 997 |2268 |1057 |4129 |   0 | 828 | 6.727294e+03 | 6.742200e+03 |   0.22%
 69.6s|  5700 |  1246 |237077 |  41.1 | 111M|  31 |   - |2268 | 997 |2268 |1064 |4205 |   0 | 840 | 6.727490e+03 | 6.742200e+03 |   0.22%
 70.5s|  5800 |  1246 |240342 |  41.0 | 111M|  31 |   - |2268 | 997 |2268 |1052 |4268 |   0 | 846 | 6.727647e+03 | 6.742200e+03 |   0.22%
 71.2s|  5900 |  1256 |244719 |  41.0 | 112M|  31 |  42 |2268 | 997 |2268 |1056 |4309 |   0 | 847 | 6.727770e+03 | 6.742200e+03 |   0.21%
 71.9s|  6000 |  1258 |247471 |  40.8 | 112M|  31 |   - |2268 | 997 |2268 |1055 |4349 |   0 | 853 | 6.727789e+03 | 6.742200e+03 |   0.21%
 72.1s|  6100 |  1246 |249403 |  40.4 | 112M|  31 |   - |2268 | 997 |2268 |1062 |4349 |   0 | 854 | 6.727932e+03 | 6.742200e+03 |   0.21%
 72.9s|  6200 |  1258 |252513 |  40.3 | 113M|  31 |  50 |2268 | 997 |2268 |1089 |4402 |   0 | 855 | 6.728144e+03 | 6.742200e+03 |   0.21%
 73.4s|  6300 |  1266 |255274 |  40.1 | 113M|  31 |   - |2268 | 997 |2268 |1062 |4410 |   0 | 855 | 6.728275e+03 | 6.742200e+03 |   0.21%
 74.0s|  6400 |  1264 |258176 |  39.9 | 113M|  31 |   - |2268 | 997 |2268 |1054 |4443 |   0 | 856 | 6.728310e+03 | 6.742200e+03 |   0.21%
 74.9s|  6500 |  1268 |261508 |  39.8 | 113M|  31 |  42 |2268 | 997 |2268 |1056 |4502 |   0 | 872 | 6.728432e+03 | 6.742200e+03 |   0.20%
 75.8s|  6600 |  1252 |264670 |  39.7 | 114M|  31 |   - |2268 | 997 |2268 |1066 |4582 |   0 | 877 | 6.728628e+03 | 6.742200e+03 |   0.20%
 time | node  | left  |LP iter|LP it/n| mem |mdpt |frac |vars |cons |cols |rows |cuts |confs|strbr|  dualbound   | primalbound  |  gap   
 76.4s|  6700 |  1248 |267618 |  39.5 | 114M|  31 |  49 |2268 | 997 |2268 |1058 |4620 |   0 | 892 | 6.728675e+03 | 6.742200e+03 |   0.20%
 77.3s|  6800 |  1242 |272145 |  39.6 | 114M|  31 |  41 |2268 | 997 |2268 |1059 |4666 |   0 | 909 | 6.728840e+03 | 6.742200e+03 |   0.20%
 77.8s|  6900 |  1242 |274443 |  39.4 | 114M|  31 |   - |2268 | 997 |2268 |1057 |4688 |   0 | 913 | 6.728858e+03 | 6.742200e+03 |   0.20%
 78.5s|  7000 |  1230 |277382 |  39.2 | 114M|  31 |   - |2268 | 997 |2268 |1056 |4732 |   0 | 922 | 6.728896e+03 | 6.742200e+03 |   0.20%
 79.3s|  7100 |  1230 |280665 |  39.1 | 114M|  31 |   - |2268 | 997 |2268 |1052 |4807 |   0 | 931 | 6.729172e+03 | 6.742200e+03 |   0.19%
 80.4s|  7200 |  1204 |284198 |  39.1 | 114M|  31 |  40 |2268 | 997 |2268 |1056 |4890 |   0 | 934 | 6.729405e+03 | 6.742200e+03 |   0.19%
 80.8s|  7300 |  1206 |286736 |  38.9 | 114M|  31 |   - |2268 | 997 |2268 |1054 |4903 |   0 | 934 | 6.729504e+03 | 6.742200e+03 |   0.19%
 81.7s|  7400 |  1204 |292781 |  39.2 | 114M|  31 |   - |2268 | 997 |2268 |1069 |4946 |   0 | 937 | 6.729732e+03 | 6.742200e+03 |   0.19%
 82.5s|  7500 |  1194 |295764 |  39.1 | 114M|  31 |   - |2268 | 997 |2268 |1053 |5010 |   0 | 941 | 6.729888e+03 | 6.742200e+03 |   0.18%
 83.1s|  7600 |  1194 |300618 |  39.2 | 114M|  31 |   - |2268 | 997 |2268 |1056 |5022 |   0 | 945 | 6.729945e+03 | 6.742200e+03 |   0.18%
 83.7s|  7700 |  1178 |303439 |  39.0 | 114M|  31 |  43 |2268 | 997 |2268 |1062 |5049 |   0 | 958 | 6.730132e+03 | 6.742200e+03 |   0.18%
 84.3s|  7800 |  1158 |306271 |  38.9 | 114M|  31 |   - |2268 | 997 |2268 |1053 |5065 |   0 | 962 | 6.730146e+03 | 6.742200e+03 |   0.18%
 84.8s|  7900 |  1124 |309005 |  38.8 | 115M|  31 |  43 |2268 | 997 |2268 |1064 |5074 |   0 | 975 | 6.730396e+03 | 6.742200e+03 |   0.18%
 85.3s|  8000 |  1102 |311704 |  38.6 | 115M|  31 |   - |2268 | 997 |2268 |1065 |5098 |   0 | 988 | 6.730457e+03 | 6.742200e+03 |   0.17%
 85.9s|  8100 |  1096 |315719 |  38.6 | 115M|  31 |  42 |2268 | 997 |2268 |1058 |5103 |   0 |1015 | 6.730569e+03 | 6.742200e+03 |   0.17%
 time | node  | left  |LP iter|LP it/n| mem |mdpt |frac |vars |cons |cols |rows |cuts |confs|strbr|  dualbound   | primalbound  |  gap   
 86.6s|  8200 |  1086 |318669 |  38.5 | 115M|  31 |  43 |2268 | 997 |2268 |1052 |5139 |   0 |1031 | 6.730757e+03 | 6.742200e+03 |   0.17%
 87.0s|  8300 |  1078 |320910 |  38.3 | 115M|  31 |   - |2268 | 997 |2268 |1056 |5158 |   0 |1035 | 6.730863e+03 | 6.742200e+03 |   0.17%
 87.4s|  8400 |  1050 |323376 |  38.2 | 115M|  31 |   - |2268 | 997 |2268 |1057 |5164 |   0 |1038 | 6.730981e+03 | 6.742200e+03 |   0.17%
 88.1s|  8500 |  1024 |326403 |  38.1 | 115M|  31 |   - |2268 | 997 |2268 |1060 |5210 |   0 |1040 | 6.731225e+03 | 6.742200e+03 |   0.16%
 88.7s|  8600 |  1004 |329149 |  37.9 | 115M|  31 |  49 |2268 | 997 |2268 |1064 |5242 |   0 |1041 | 6.731522e+03 | 6.742200e+03 |   0.16%
 89.2s|  8700 |   988 |332049 |  37.8 | 115M|  31 |   - |2268 | 997 |2268 |1088 |5261 |   0 |1042 | 6.731603e+03 | 6.742200e+03 |   0.16%
 89.9s|  8800 |   986 |335285 |  37.8 | 115M|  31 |   - |2268 | 997 |2268 |1064 |5313 |   0 |1043 | 6.731755e+03 | 6.742200e+03 |   0.16%
 90.3s|  8900 |   966 |338058 |  37.7 | 115M|  31 |   - |2268 | 997 |2268 |1057 |5315 |   0 |1044 | 6.731886e+03 | 6.742200e+03 |   0.15%
 90.7s|  9000 |   956 |340176 |  37.5 | 115M|  31 |   - |2268 | 997 |2268 |1066 |5327 |   0 |1046 | 6.731899e+03 | 6.742200e+03 |   0.15%
 91.2s|  9100 |   922 |342884 |  37.4 | 115M|  31 |   - |2268 | 997 |2268 |1057 |5344 |   0 |1047 | 6.732034e+03 | 6.742200e+03 |   0.15%
 91.6s|  9200 |   918 |345388 |  37.2 | 115M|  31 |   - |2268 | 997 |2268 |1064 |5347 |   0 |1050 | 6.732317e+03 | 6.742200e+03 |   0.15%
 91.9s|  9300 |   898 |347737 |  37.1 | 115M|  31 |   - |2268 | 997 |2268 |1093 |5347 |   0 |1062 | 6.732371e+03 | 6.742200e+03 |   0.15%
 92.7s|  9400 |   894 |350847 |  37.0 | 115M|  31 |   - |2268 | 997 |2268 |1053 |5378 |   0 |1090 | 6.732529e+03 | 6.742200e+03 |   0.14%
 93.2s|  9500 |   882 |353456 |  36.9 | 116M|  31 |  45 |2268 | 997 |2268 |1056 |5396 |   0 |1098 | 6.732629e+03 | 6.742200e+03 |   0.14%
 93.6s|  9600 |   862 |355512 |  36.7 | 116M|  31 |  47 |2268 | 997 |2268 |1061 |5403 |   0 |1106 | 6.732727e+03 | 6.742200e+03 |   0.14%
 time | node  | left  |LP iter|LP it/n| mem |mdpt |frac |vars |cons |cols |rows |cuts |confs|strbr|  dualbound   | primalbound  |  gap   
 94.1s|  9700 |   848 |357458 |  36.6 | 116M|  31 |   - |2268 | 997 |2268 |1059 |5425 |   0 |1114 | 6.732844e+03 | 6.742200e+03 |   0.14%
 94.6s|  9800 |   816 |360473 |  36.5 | 116M|  31 |   - |2268 | 997 |2268 |1067 |5447 |   0 |1116 | 6.733035e+03 | 6.742200e+03 |   0.14%
 95.1s|  9900 |   804 |363287 |  36.4 | 117M|  31 |   - |2268 | 997 |2268 |1063 |5479 |   0 |1121 | 6.733051e+03 | 6.742200e+03 |   0.14%
 95.5s| 10000 |   784 |365917 |  36.3 | 117M|  31 |   - |2268 | 997 |2268 |1125 |5485 |   0 |1124 | 6.733171e+03 | 6.742200e+03 |   0.13%
 96.0s| 10100 |   742 |368515 |  36.2 | 117M|  31 |   - |2268 | 997 |2268 |1056 |5498 |   0 |1129 | 6.733449e+03 | 6.742200e+03 |   0.13%
 96.4s| 10200 |   730 |370884 |  36.1 | 117M|  31 |   - |2268 | 997 |2268 |1057 |5505 |   0 |1136 | 6.733558e+03 | 6.742200e+03 |   0.13%
 97.0s| 10300 |   708 |373431 |  36.0 | 117M|  31 |  46 |2268 | 997 |2268 |1061 |5531 |   0 |1140 | 6.733754e+03 | 6.742200e+03 |   0.13%
 97.4s| 10400 |   704 |376001 |  35.9 | 117M|  31 |  55 |2268 | 997 |2268 |1069 |5539 |   0 |1142 | 6.733808e+03 | 6.742200e+03 |   0.12%
 97.8s| 10500 |   674 |378507 |  35.8 | 117M|  31 |  48 |2268 | 997 |2268 |1105 |5539 |   0 |1145 | 6.733923e+03 | 6.742200e+03 |   0.12%
 98.2s| 10600 |   636 |380747 |  35.7 | 117M|  31 |   - |2268 | 997 |2268 |1052 |5553 |   0 |1148 | 6.734086e+03 | 6.742200e+03 |   0.12%
 98.5s| 10700 |   606 |382959 |  35.5 | 117M|  31 |   - |2268 | 997 |2268 |1074 |5563 |   0 |1150 | 6.734140e+03 | 6.742200e+03 |   0.12%
 98.9s| 10800 |   580 |385470 |  35.4 | 117M|  31 |   - |2268 | 997 |2268 |1059 |5563 |   0 |1152 | 6.734311e+03 | 6.742200e+03 |   0.12%
 99.3s| 10900 |   552 |387945 |  35.3 | 118M|  31 |   - |2268 | 997 |2268 |1057 |5575 |   0 |1160 | 6.734472e+03 | 6.742200e+03 |   0.11%
 99.8s| 11000 |   508 |390626 |  35.3 | 118M|  31 |  52 |2268 | 997 |2268 |1070 |5577 |   0 |1171 | 6.734637e+03 | 6.742200e+03 |   0.11%

SCIP Status        : solving was interrupted [time limit reached]
Solving Time (sec) : 100.01 (over 6 runs: 100.26)
Solving Nodes      : 11028 (0 reactivated)
Primal Bound       : +6.74220002400000e+03 (33 solutions)
Dual Bound         : +6.73463982684522e+03
Gap                : 0.11 %
SCIP Status        : solving was interrupted [time limit reached]
Total Time         :     100.02
  solving          :     100.01
  presolving       :       0.00 (included in solving)
  reading          :       0.01
  copying          :       0.22 (22 #copies) (minimal 0.01, maximal 0.01, average 0.01)
Original Problem   :
  Problem name     : binkar10_1
  Variables        : 2468 (170 binary, 0 integer, 0 implicit integer, 2298 continuous)
  Constraints      : 1366 initial, 1366 maximal
  Objective        : minimize, 1742 non-zeros (abs.min = 0.83, abs.max = 1e+06)
Presolved Problem  :
  Problem name     : t_binkar10_1
  Variables        : 2268 (170 binary, 0 integer, 0 implicit integer, 2098 continuous)
  Constraints      : 996 initial, 997 maximal
  Objective        : minimize, 1542 non-zeros (abs.min = 1.67, abs.max = 1e+06)
Presolvers         :   ExecTime  SetupTime  Calls  FixedVars   AggrVars   ChgTypes  ChgBounds   AddHoles    DelCons    AddCons   ChgSides   ChgCoefs
  boundshift       :       0.00       0.00      0          0          0          0          0          0          0          0          0          0
  convertinttobin  :       0.00       0.00      0          0          0          0          0          0          0          0          0          0
  domcol           :       0.00       0.00      0          0          0          0          0          0          0          0          0          0
  dualagg          :       0.00       0.00      0          0          0          0          0          0          0          0          0          0
  dualcomp         :       0.00       0.00      0          0          0          0          0          0          0          0          0          0
  dualinfer        :       0.00       0.00      0          0          0          0          0          0          0          0          0          0
  gateextraction   :       0.00       0.00      0          0          0          0          0          0          0          0          0          0
  implics          :       0.00       0.00      0          0          0          0          0          0          0          0          0          0
  inttobinary      :       0.00       0.00      0          0          0          0          0          0          0          0          0          0
  qpkktref         :       0.00       0.00      0          0          0          0          0          0          0          0          0          0
  redvub           :       0.00       0.00      0          0          0          0          0          0          0          0          0          0
  sparsify         :       0.00       0.00      0          0          0          0          0          0          0          0          0          0
  stuffing         :       0.00       0.00      0          0          0          0          0          0          0          0          0          0
  symbreak         :       0.00       0.00      0          0          0          0          0          0          0          0          0          0
  symmetry         :       0.00       0.00      0          0          0          0          0          0          0          0          0          0
  trivial          :       0.00       0.00      0          0          0          0          0          0          0          0          0          0
  tworowbnd        :       0.00       0.00      0          0          0          0          0          0          0          0          0          0
  dualfix          :       0.00       0.00      0          0          0          0          0          0          0          0          0          0
  genvbounds       :       0.00       0.00      0          0          0          0          0          0          0          0          0          0
  orbitalfixing    :       0.00       0.00      0          0          0          0          0          0          0          0          0          0
  probing          :       0.00       0.00      0          0          0          0          0          0          0          0          0          0
  pseudoobj        :       0.00       0.00      0          0          0          0          0          0          0          0          0          0
  vbounds          :       0.00       0.00      0          0          0          0          0          0          0          0          0          0
  varbound         :       0.00       0.00      0          0          0          0          0          0          0          0          0          0
  setppc           :       0.00       0.00      0          0          0          0          0          0          0          0          0          0
  linear           :       0.00       0.00      0          0          0          0          0          0          0          0          0          0
  benders          :       0.00       0.00      0          0          0          0          0          0          0          0          0          0
  components       :       0.00       0.00      0          0          0          0          0          0          0          0          0          0
  root node        :          -          -      -          0          -          -          0          -          -          -          -          -
Constraints        :     Number  MaxNumber  #Separate #Propagate    #EnfoLP    #EnfoRelax  #EnfoPS    #Check   #ResProp    Cutoffs    DomReds       Cuts    Applied      Conss   Children
  benderslp        :          0          0          0          0       6112          0          0        363          0          0          0          0          0          0          0
  integral         :          0          0          0          0       6112          0          0        363          0          0        852          0          0          0      11548
  varbound         :          0+       170         17      97785          0          0          0        361          0          0       6232          0          0          0          0
  setppc           :          0+         1          0      76372          0          0          0          0          0          0         42          0          0          0          0
  linear           :          0+       826         17      97786          0          0          0         35          0        140     122654         70         15          0          0
  benders          :          0          0          0          0          0          0          0         34          0          0          0          0          0          0          0
  countsols        :          0          0          0          0          0          0          0         34          0          0          0          0          0          0          0
  components       :          0          0          0          0          0          0          0          0          0          0          0          0          0          0          0
Constraint Timings :  TotalTime  SetupTime   Separate  Propagate     EnfoLP     EnfoPS     EnfoRelax   Check    ResProp    SB-Prop
  benderslp        :       0.00       0.00       0.00       0.00       0.00       0.00       0.00       0.00       0.00       0.00
  integral         :       7.36       0.00       0.00       0.00       7.36       0.00       0.00       0.00       0.00       0.00
  varbound         :       0.07       0.00       0.00       0.06       0.00       0.00       0.00       0.00       0.00       0.01
  setppc           :       0.01       0.00       0.00       0.01       0.00       0.00       0.00       0.00       0.00       0.00
  linear           :       0.54       0.00       0.03       0.48       0.00       0.00       0.00       0.01       0.00       0.02
  benders          :       0.00       0.00       0.00       0.00       0.00       0.00       0.00       0.00       0.00       0.00
  countsols        :       0.00       0.00       0.00       0.00       0.00       0.00       0.00       0.00       0.00       0.00
  components       :       0.00       0.00       0.00       0.00       0.00       0.00       0.00       0.00       0.00       0.00
Propagators        : #Propagate   #ResProp    Cutoffs    DomReds
  dualfix          :          0          0          0          0
  genvbounds       :          0          0          0          0
  nlobbt           :          0          0          0          0
  obbt             :          0          0          0          0
  orbitalfixing    :          0          0          0          0
  probing          :          0          0          0          0
  pseudoobj        :          0          0          0          0
  redcost          :          0          0          0          0
  rootredcost      :          0          0          0          0
  vbounds          :     103899          0          0          0
Propagator Timings :  TotalTime  SetupTime   Presolve  Propagate    ResProp    SB-Prop
  dualfix          :       0.00       0.00       0.00       0.00       0.00       0.00
  genvbounds       :       0.01       0.00       0.00       0.01       0.00       0.00
  nlobbt           :       0.00       0.00       0.00       0.00       0.00       0.00
  obbt             :       0.00       0.00       0.00       0.00       0.00       0.00
  orbitalfixing    :       0.01       0.00       0.00       0.01       0.00       0.00
  probing          :       0.00       0.00       0.00       0.00       0.00       0.00
  pseudoobj        :       0.01       0.00       0.00       0.01       0.00       0.00
  redcost          :       0.01       0.00       0.00       0.01       0.00       0.00
  rootredcost      :       0.02       0.00       0.00       0.01       0.00       0.00
  vbounds          :       0.02       0.00       0.00       0.02       0.00       0.00
Conflict Analysis  :       Time      Calls    Success    DomReds  Conflicts   Literals    Reconvs ReconvLits   Dualrays   Nonzeros   LP Iters   (pool size: [--,--])
  propagation      :       0.00          0          0          -          0        0.0          0        0.0          -          -          -
  infeasible LP    :       0.00         19          1          -          0        0.0          0        0.0          1        2.0          0
  bound exceed. LP :       0.00          0          0          -          0        0.0          0        0.0          0        0.0          0
  strong branching :       0.00          0          0          -          0        0.0          0        0.0          -          -          0
  pseudo solution  :       0.00          0          0          -          0        0.0          0        0.0          -          -          -
  applied globally :       0.00          -          -          0          0        0.0          -          -          1          -          -
  applied locally  :          -          -          -          0          0        0.0          -          -          0          -          -
Separators         :   ExecTime  SetupTime      Calls    Cutoffs    DomReds       Cuts    Applied      Conss
  cut pool         :      12.08                  3573          -          -      40305          -          -    (maximal pool size: 4268)
  aggregation      :       2.16       0.00       1679          0          0          0          0          0
  cgmip            :       0.00       0.00          0          0          0          0          0          0
  clique           :       0.00       0.00         17          0          0          0          0          0
  closecuts        :       0.00       0.00          0          0          0          0          0          0
  cmir             :       0.00       0.00          0          0          0          0       2717          0
  convexproj       :       0.00       0.00          0          0          0          0          0          0
  disjunctive      :       0.00       0.00          0          0          0          0          0          0
  eccuts           :       0.00       0.00          0          0          0          0          0          0
  flowcover        :       0.00       0.00          0          0          0          0         40          0
  gauge            :       0.00       0.00          0          0          0          0          0          0
  gomory           :      20.48       0.00       1631          0          0          0       2265          0
  impliedbounds    :       0.14       0.00       1679          0          0          0          0          0
  intobj           :       0.00       0.00          0          0          0          0          0          0
  mcf              :       0.00       0.00          1          0          0          0          0          0
  oddcycle         :       0.00       0.00          0          0          0          0          0          0
  rapidlearning    :       0.00       0.00          0          0          0          0          0          0
  strongcg         :       0.28       0.00         17          0          0          0          0          0
  zerohalf         :       0.96       0.00       1638          0          0          0        544          0
Pricers            :   ExecTime  SetupTime      Calls       Vars
  problem variables:       0.00          -          0          0
Branching Rules    :   ExecTime  SetupTime   BranchLP  BranchExt   BranchPS    Cutoffs    DomReds       Cuts      Conss   Children
  allfullstrong    :       0.00       0.00          0          0          0          0          0          0          0          0
  cloud            :       0.00       0.00          0          0          0          0          0          0          0          0
  distribution     :       0.00       0.00          0          0          0          0          0          0          0          0
  fullstrong       :       0.00       0.00          0          0          0          0          0          0          0          0
  inference        :       0.00       0.00          0          0          0          0          0          0          0          0
  leastinf         :       0.00       0.00          0          0          0          0          0          0          0          0
  lookahead        :       0.00       0.00          0          0          0          0          0          0          0          0
  mostinf          :       0.00       0.00          0          0          0          0          0          0          0          0
  multaggr         :       0.00       0.00          0          0          0          0          0          0          0          0
  nodereopt        :       0.00       0.00          0          0          0          0          0          0          0          0
  pscost           :       0.00       0.00          0          0          0          0          0          0          0          0
  random           :       0.00       0.00          0          0          0          0          0          0          0          0
  relpscost        :       7.35       0.00       6112          0          0          0        852          0          0      11548
Primal Heuristics  :   ExecTime  SetupTime      Calls      Found       Best
  LP solutions     :       0.00          -          -          0          0
  relax solutions  :       0.00          -          -          0          0
  pseudo solutions :       0.00          -          -          0          0
  strong branching :       0.01          -          -          0          0
  actconsdiving    :       0.00       0.00          0          0          0
  alns             :       0.17       0.00          6          0          0
  bound            :       0.00       0.00          0          0          0
  clique           :       0.00       0.00          1          0          0
  coefdiving       :       0.44       0.00         57          0          0
  completesol      :       0.00       0.00          0          0          0
  conflictdiving   :       0.00       0.00          0          0          0
  crossover        :       0.19       0.00          4          4          1
  dins             :       0.00       0.00          0          0          0
  distributiondivin:       0.96       0.00         57          0          0
  dualval          :       0.00       0.00          0          0          0
  farkasdiving     :       1.28       0.00         58          1          1
  feaspump         :       0.02       0.00          1          1          0
  fixandinfer      :       0.00       0.00          0          0          0
  fracdiving       :       0.34       0.00         57          0          0
  gins             :       0.16       0.00          5          0          0
  guideddiving     :       0.36       0.00         57          0          0
  indicator        :       0.00       0.00          0          0          0
  intdiving        :       0.00       0.00          0          0          0
  intshifting      :       0.09       0.00         19          0          0
  linesearchdiving :       0.38       0.00         57          0          0
  localbranching   :       0.00       0.00          0          0          0
  locks            :       0.01       0.00          1          0          0
  lpface           :       0.00       0.00          0          0          0
  mpec             :       0.00       0.00          0          0          0
  multistart       :       0.00       0.00          0          0          0
  mutation         :       0.00       0.00          0          0          0
  nlpdiving        :       0.00       0.00          0          0          0
  objpscostdiving  :       2.23       0.00         16         13          0
  octane           :       0.00       0.00          0          0          0
  ofins            :       0.00       0.00          0          0          0
  oneopt           :       0.00       0.00          3          0          0
  proximity        :       0.00       0.00          0          0          0
  pscostdiving     :       0.68       0.00         57          0          0
  randrounding     :       0.04       0.00        334          0          0
  rens             :       2.85       0.00          1          1          1
  reoptsols        :       0.00       0.00          1          1          1
  repair           :       0.00       0.00          0          0          0
  rins             :       0.64       0.00          7          7          0
  rootsoldiving    :       1.29       0.00         13          5          0
  rounding         :       0.03       0.00       1201          0          0
  shiftandpropagate:       0.00       0.00          0          0          0
  shifting         :       0.38       0.00        609          0          0
  simplerounding   :       0.01       0.00          0          0          0
  subnlp           :       0.00       0.00          0          0          0
  trivial          :       0.00       0.00          1          0          0
  trivialnegation  :       0.00       0.00          0          0          0
  trysol           :       0.00       0.00          0          0          0
  twoopt           :       0.00       0.00          0          0          0
  undercover       :       0.00       0.00          0          0          0
  vbounds          :       0.00       0.00          0          0          0
  veclendiving     :       0.44       0.00         57          0          0
  zeroobj          :       0.00       0.00          0          0          0
  zirounding       :       0.02       0.00       1000          0          0
  other solutions  :          -          -          -          0          -
Diving Statistics  :      Calls      Nodes   LP Iters Backtracks  Conflicts   MinDepth   MaxDepth   AvgDepth  RoundSols  NLeafSols  MinSolDpt  MaxSolDpt  AvgSolDpt
  actconsdiving    :          0          -          -          -          -          -          -          -          -          -          -          -          -
  coefdiving       :         57       1840       1551        181          0         31         56       43.1          0          -          -          -          -
  conflictdiving   :          0          -          -          -          -          -          -          -          -          -          -          -          -
  distributiondivin:         57        470        585         63          0         16         31       21.2          0          -          -          -          -
  farkasdiving     :         58        511       6818        126          0         11         48       20.7          0          1         48         48       48.0
  fracdiving       :         57       1725        371        177          0         22         54       41.5          0          -          -          -          -
  guideddiving     :         57       1818        558        164          0         28         58       43.0          0          -          -          -          -
  linesearchdiving :         57       1676        784        173          0         25         58       40.6          0          -          -          -          -
  pscostdiving     :         57       1131       4294         57          0         20         51       32.4          0          -          -          -          -
  veclendiving     :         57       1671       1330        176          0         28         52       40.0          0          -          -          -          -
Neighborhoods      :      Calls  SetupTime  SolveTime SolveNodes       Sols       Best       Exp3  EpsGreedy        UCB TgtFixRate  Opt  Inf Node Stal  Sol  Usr Othr Actv
  rens             :          1       0.00       0.00          0          0          0    0.00000   -1.00000    1.00000      0.900    0    0    0    0    0    0    1    1
  rins             :          1       0.02       0.02         11          0          0    0.00000   -1.00000    1.00000      0.700    0    1    0    0    0    0    0    1
  mutation         :          1       0.01       0.01          5          0          0    0.00000   -1.00000    1.00000      0.700    0    1    0    0    0    0    0    1
  localbranching   :          1       0.01       0.01          1          0          0    0.00000   -1.00000    1.00000      0.700    0    1    0    0    0    0    0    1
  crossover        :          0       0.00       0.00          0          0          0    0.00000   -1.00000    1.00000      0.900    0    0    0    0    0    0    0    1
  proximity        :          1       0.01       0.02          1          0          0    0.00000   -1.00000    1.00000      0.700    0    1    0    0    0    0    0    1
  zeroobjective    :          0       0.00       0.00          0          0          0    0.00000   -1.00000    1.00000      0.900    0    0    0    0    0    0    0    1
  dins             :          1       0.01       0.01          1          0          0    0.00000   -1.00000    1.00000      0.700    0    1    0    0    0    0    0    1
Tree Compressions  :   ExecTime  SetupTime      Calls      Found
  largestrepr      :       0.00       0.00          0          0
  weakcompr        :       0.00       0.00          0          0
LP                 :       Time      Calls Iterations  Iter/call   Iter/sec  Time-0-It Calls-0-It    ItLimit
  primal LP        :       1.25       1733          0       0.00       0.00       1.25       1733
  dual LP          :      36.08      13221     332297      25.20    9210.19       0.01         33
  lex dual LP      :       0.00          0          0       0.00          -
  barrier LP       :       0.00          0          0       0.00          -       0.00          0
  resolve instable :       0.00          0          0       0.00          -
  diving/probing LP:       6.81       3028      59224      19.56    8699.58
  strong branching :       5.82       1177      51152      43.46    8790.37          -          -        123
    (at root node) :          -         34       2970      87.35          -
  conflict analysis:       0.00          0          0       0.00          -
B&B Tree           :
  number of runs   :          0
  nodes            :      11028 (5774 internal, 5254 leaves)
  feasible leaves  :          0
  infeas. leaves   :          1
  objective leaves :       5253
  nodes (total)    :      11028 (5774 internal, 5254 leaves)
  nodes left       :        496
  max depth        :         31
  max depth (total):         31
  backtracks       :       3649 (33.1%)
  early backtracks :          0 (0.0%)
  nodes exc. ref.  :          0 (0.0%)
  delayed cutoffs  :          0
  repropagations   :          0 (0 domain reductions, 0 cutoffs)
  avg switch length:       7.69
  switching time   :       2.30
Root Node          :
  First LP value   : +6.63718802694375e+03
  First LP Iters   :       1779 (35933.59 Iter/sec)
  First LP Time    :       0.05
  Final Dual Bound : +6.70955252021922e+03
  Final Root Iters :       2823
  Root LP Estimate : +6.77486576894077e+03
Solution           :
  Solutions found  :         33 (4 improvements)
  First Solution   : +6.82640001800000e+03   (in run 0, after 1 nodes, 0.00 seconds, depth 0, found by <reoptsols>)
  Gap First Sol.   :   infinite
  Gap Last Sol.    :       0.48 %
  Primal Bound     : +6.74220002400000e+03   (in run 0, after 201 nodes, 11.19 seconds, depth 15, found by <crossover>)
  Dual Bound       : +6.73463982684522e+03
  Gap              :       0.11 %
  Avg. Gap         :       0.41 % (40.85 primal-dual integral)
NoError here ! 
./script6: line 19: 18581 Segmentation fault      (core dumped) ./repair/build/repair $file $i $u $k $gap

real	1m40.984s
user	1m38.062s
sys	0m2.199s
