parameters: binkar10_1_10_1_3_0.100000 

SCIP version 6.0.1 [precision: 8 byte] [memory: block] [mode: optimized] [LP solver: SoPlex 4.0.1] [GitHash: a27ecc0]
Copyright (C) 2002-2019 Konrad-Zuse-Zentrum fuer Informationstechnik Berlin (ZIB)

read problem <instances/binkar10_1.mps> ...

original problem has 2298 variables (170 bin, 0 int, 0 impl, 2128 cont) and 1026 constraints
read solution <10solution/binkar10_1_1.sol> ...

check the feasibility of <10solution/binkar10_1_1.sol> for problem <instances/binkar10_1.mps> ...

  [linear] <R0114>:  -<C0004>[C] (+1) -<C1486>[C] (+0) +<C2132>[B] (+0) == 0;
;
violation: left hand side is violated by 1
  [linear] <R0148>:  -<C0121>[C] (+1) -<C1583>[C] (+0) +<C2166>[B] (+0) == 0;
;
violation: left hand side is violated by 1
  [linear] <R0246>:  -<C0569>[C] (+1) -<C1983>[C] (+0) +<C2264>[B] (+0) == 0;
;
violation: left hand side is violated by 1
The solution <10solution/binkar10_1_1.sol> is not feasible to <instances/binkar10_1.mps> 

Tring to reoptimize the problem <instances/binkar10_1.mps> ...  

obj = 6678.860023, k = 3, alpha = 6678.860023 

n = 2298 

Start to add variable y and new constraints 

y have been released ! 

Finish to create the y and constraint ! 

n = 2298,  j = 170 ! 

set all parameters to default! 

Reoptimization is enabled! 

Reoptimization parameter have been setted ! 

Stop parameter have been setted ! 

Memory for coefs have allocated ! 

Coefficients have been captured ! 

alpha = 6678.860023, n = 2468, j = 170, m = 3 
This is the 1-th iteration ! 

presolving:
(round 1, fast)       200 del vars, 370 del conss, 0 add conss, 2128 chg bounds, 0 chg sides, 0 chg coeffs, 0 upgd conss, 0 impls, 0 clqs
(round 2, exhaustive) 200 del vars, 370 del conss, 0 add conss, 2128 chg bounds, 0 chg sides, 0 chg coeffs, 170 upgd conss, 0 impls, 0 clqs
   (0.0s) probing cycle finished: starting next cycle
presolving (3 rounds: 3 fast, 2 medium, 2 exhaustive):
 200 deleted vars, 370 deleted constraints, 0 added constraints, 2128 tightened bounds, 0 added holes, 0 changed sides, 0 changed coefficients
 2127 implications, 10 cliques
presolved problem has 2268 variables (170 bin, 0 int, 0 impl, 2098 cont) and 996 constraints
    170 constraints of type <varbound>
    826 constraints of type <linear>
Presolving Time: 0.03

 time | node  | left  |LP iter|LP it/n| mem |mdpt |frac |vars |cons |cols |rows |cuts |confs|strbr|  dualbound   | primalbound  |  gap   
k 0.0s|     1 |     0 |   140 |     - |  14M|   0 |   - |2268 | 996 |2268 | 996 |   0 |   0 |   0 |-2.049482e+04 | 1.488990e+05 |    Inf 
* 0.1s|     1 |     0 |  1684 |     - |  14M|   0 |   - |2268 | 996 |2268 | 996 |   0 |   0 |   0 | 2.018412e+04 | 2.018412e+04 |   0.00%
  0.1s|     1 |     0 |  1684 |     - |  14M|   0 |   - |2268 | 996 |2268 | 996 |   0 |   0 |   0 | 2.018412e+04 | 2.018412e+04 |   0.00%

SCIP Status        : problem is solved [optimal solution found]
Solving Time (sec) : 0.07 (over 1 runs: 0.07)
Solving Nodes      : 1 (0 reactivated)
Primal Bound       : +2.01841200640000e+04 (2 solutions)
Dual Bound         : +2.01841200640000e+04
Gap                : 0.00 %
Coefs have been resetted!! 

Problem have been changed !! 

alpha = 4452.573349, n = 2468, j = 170, m = 2 
This is the 2-th iteration ! 

new objective has similarity of 0.999995 compared to previous.

 time | node  | left  |LP iter|LP it/n| mem |mdpt |frac |vars |cons |cols |rows |cuts |confs|strbr|  dualbound   | primalbound  |  gap   
J 0.0s|     1 |     0 |     0 |     - |  15M|   0 |   - |2268 | 996 |   0 |   0 |   0 |   0 |   0 |-2.049482e+04 | 1.573155e+04 |    Inf 
  0.0s|     1 |     0 |  1529 |     - |  15M|   0 |   - |2268 | 996 |2268 | 996 |   0 |   0 |   0 | 1.573155e+04 | 1.573155e+04 |   0.00%

SCIP Status        : problem is solved [optimal solution found]
Solving Time (sec) : 0.03 (over 2 runs: 0.11)
Solving Nodes      : 1 (0 reactivated)
Primal Bound       : +1.57315467153333e+04 (1 solutions)
Dual Bound         : +1.57315467153333e+04
Gap                : 0.00 %
Coefs have been resetted!! 

Problem have been changed !! 

alpha = 1484.191116, n = 2468, j = 170, m = 1 
This is the 3-th iteration ! 

new objective has similarity of 0.999992 compared to previous.

 time | node  | left  |LP iter|LP it/n| mem |mdpt |frac |vars |cons |cols |rows |cuts |confs|strbr|  dualbound   | primalbound  |  gap   
J 0.0s|     1 |     0 |     0 |     - |  15M|   0 |   - |2268 | 996 |   0 |   0 |   0 |   0 |   0 |-2.049482e+04 | 9.794782e+03 |    Inf 
  0.0s|     1 |     0 |  1529 |     - |  15M|   0 |   - |2268 | 996 |2268 | 996 |   0 |   0 |   0 | 9.794782e+03 | 9.794782e+03 |   0.00%

SCIP Status        : problem is solved [optimal solution found]
Solving Time (sec) : 0.03 (over 3 runs: 0.14)
Solving Nodes      : 1 (0 reactivated)
Primal Bound       : +9.79478225044444e+03 (1 solutions)
Dual Bound         : +9.79478225044444e+03
Gap                : 0.00 %
Coefs have been resetted!! 

Problem have been changed !! 

This is the last iteration 


alpha = 0.000000  
new objective has similarity of 0.999998 compared to previous.

 time | node  | left  |LP iter|LP it/n| mem |mdpt |frac |vars |cons |cols |rows |cuts |confs|strbr|  dualbound   | primalbound  |  gap   
J 0.0s|     1 |     0 |     0 |     - |  15M|   0 |   - |2268 | 996 |   0 |   0 |   0 |   0 |   0 |-2.049482e+04 | 6.826400e+03 |    Inf 
  0.1s|     1 |     0 |  2021 |     - |  15M|   0 |  38 |2268 | 996 |2268 | 996 |   0 |   0 |   0 | 6.637188e+03 | 6.826400e+03 |   2.85%
  0.1s|     1 |     0 |  2109 |     - |  15M|   0 |  37 |2268 | 996 |2268 |1006 |  10 |   0 |   0 | 6.644706e+03 | 6.826400e+03 |   2.73%
  0.1s|     1 |     0 |  2178 |     - |  16M|   0 |  61 |2268 | 996 |2268 |1016 |  20 |   0 |   0 | 6.648093e+03 | 6.826400e+03 |   2.68%
  0.1s|     1 |     0 |  2225 |     - |  17M|   0 |  71 |2268 | 996 |2268 |1021 |  25 |   0 |   0 | 6.650577e+03 | 6.826400e+03 |   2.64%
  0.2s|     1 |     0 |  2310 |     - |  18M|   0 |  77 |2268 | 996 |2268 |1025 |  29 |   0 |   0 | 6.657381e+03 | 6.826400e+03 |   2.54%
  0.2s|     1 |     0 |  2446 |     - |  19M|   0 |  73 |2268 | 996 |2268 |1031 |  35 |   0 |   0 | 6.666677e+03 | 6.826400e+03 |   2.40%
  0.3s|     1 |     0 |  2517 |     - |  20M|   0 |  94 |2268 | 996 |2268 |1037 |  41 |   0 |   0 | 6.670611e+03 | 6.826400e+03 |   2.34%
  0.3s|     1 |     0 |  2630 |     - |  23M|   0 |  77 |2268 | 996 |2268 |1042 |  46 |   0 |   0 | 6.685390e+03 | 6.826400e+03 |   2.11%
  0.3s|     1 |     0 |  2659 |     - |  23M|   0 |  81 |2268 | 996 |2268 |1048 |  52 |   0 |   0 | 6.687511e+03 | 6.826400e+03 |   2.08%
  0.4s|     1 |     0 |  2715 |     - |  23M|   0 |  75 |2268 | 996 |2268 |1052 |  56 |   0 |   0 | 6.694953e+03 | 6.826400e+03 |   1.96%
  0.5s|     1 |     0 |  2760 |     - |  26M|   0 |  68 |2268 | 997 |2268 |1057 |  61 |   1 |   0 | 6.703714e+03 | 6.826400e+03 |   1.83%
  0.5s|     1 |     0 |  2786 |     - |  26M|   0 |  66 |2268 | 997 |2268 |1060 |  64 |   1 |   0 | 6.704371e+03 | 6.826400e+03 |   1.82%
  0.5s|     1 |     0 |  2826 |     - |  26M|   0 |  69 |2268 | 997 |2268 |1065 |  69 |   1 |   0 | 6.705619e+03 | 6.826400e+03 |   1.80%
  0.5s|     1 |     0 |  2849 |     - |  26M|   0 |  72 |2268 | 997 |2268 |1067 |  71 |   1 |   0 | 6.706057e+03 | 6.826400e+03 |   1.79%
 time | node  | left  |LP iter|LP it/n| mem |mdpt |frac |vars |cons |cols |rows |cuts |confs|strbr|  dualbound   | primalbound  |  gap   
  0.6s|     1 |     0 |  2869 |     - |  26M|   0 |  73 |2268 | 997 |2268 |1072 |  76 |   1 |   0 | 6.706494e+03 | 6.826400e+03 |   1.79%
  0.6s|     1 |     0 |  2876 |     - |  26M|   0 |  82 |2268 | 997 |2268 |1073 |  77 |   1 |   0 | 6.706609e+03 | 6.826400e+03 |   1.79%
  0.6s|     1 |     0 |  2882 |     - |  27M|   0 |  81 |2268 | 997 |2268 |1059 |  78 |   1 |   0 | 6.706695e+03 | 6.826400e+03 |   1.78%
  0.6s|     1 |     0 |  2883 |     - |  27M|   0 |  83 |2268 | 997 |2268 |1060 |  79 |   1 |   0 | 6.706697e+03 | 6.826400e+03 |   1.78%
F 0.8s|     1 |     0 |  4253 |     - |  27M|   0 |   0 |2268 | 998 |2268 |1060 |  79 |   1 |   0 | 6.706697e+03 | 6.817980e+03 |   1.66%
E 2.0s|     1 |     0 |  4253 |     - |  27M|   0 |  83 |2268 | 998 |2268 |1060 |  79 |   1 |   0 | 6.706697e+03 | 6.755850e+03 |   0.73%
  2.0s|     1 |     0 |  4253 |     - |  28M|   0 |  83 |2268 | 998 |2268 |1060 |  79 |   1 |   0 | 6.706697e+03 | 6.755850e+03 |   0.73%
  2.1s|     1 |     0 |  4267 |     - |  28M|   0 |  79 |2268 | 998 |2268 |1058 |  84 |   1 |   0 | 6.707111e+03 | 6.755850e+03 |   0.73%
  2.1s|     1 |     0 |  4281 |     - |  28M|   0 |  80 |2268 | 998 |2268 |1060 |  86 |   1 |   0 | 6.707246e+03 | 6.755850e+03 |   0.72%
  2.4s|     1 |     2 |  4281 |     - |  28M|   0 |  80 |2268 | 998 |2268 |1060 |  86 |   1 |  31 | 6.709495e+03 | 6.755850e+03 |   0.69%
  7.0s|   100 |    73 | 10074 |  74.5 |  63M|  19 |  42 |2268 | 998 |2268 |1048 | 231 |   1 | 526 | 6.709752e+03 | 6.755850e+03 |   0.69%
  9.0s|   200 |   127 | 16312 |  68.4 |  72M|  20 |  45 |2268 | 998 |2268 |1049 | 368 |   1 | 609 | 6.711508e+03 | 6.755850e+03 |   0.66%
C 9.3s|   201 |    74 | 16339 |  68.2 |  72M|  20 |  55 |2268 | 998 |2268 |1042 | 368 |   1 | 609 | 6.711508e+03 | 6.742200e+03 |   0.46%
 10.2s|   300 |   123 | 19756 |  57.1 |  75M|  20 |   - |2268 | 998 |2268 |1044 | 438 |   1 | 631 | 6.711548e+03 | 6.742200e+03 |   0.46%
 12.5s|   400 |   193 | 29492 |  67.2 |  83M|  20 |  17 |2268 | 998 |2268 |1057 | 620 |   1 | 642 | 6.712956e+03 | 6.742200e+03 |   0.44%
 time | node  | left  |LP iter|LP it/n| mem |mdpt |frac |vars |cons |cols |rows |cuts |confs|strbr|  dualbound   | primalbound  |  gap   
 13.4s|   500 |   215 | 33690 |  62.1 |  85M|  25 |   - |2268 | 998 |2268 |1061 | 675 |   1 | 649 | 6.715531e+03 | 6.742200e+03 |   0.40%
 14.2s|   600 |   265 | 38402 |  59.6 |  88M|  25 |  15 |2268 | 998 |2268 |1050 | 706 |   1 | 656 | 6.715887e+03 | 6.742200e+03 |   0.39%
 14.8s|   700 |   273 | 41433 |  55.4 |  88M|  25 |   - |2268 | 998 |2268 |1051 | 730 |   1 | 659 | 6.716117e+03 | 6.742200e+03 |   0.39%
 15.6s|   800 |   305 | 46119 |  54.3 |  88M|  25 |  32 |2268 | 998 |2268 |1053 | 788 |   1 | 663 | 6.716393e+03 | 6.742200e+03 |   0.38%
 16.4s|   900 |   335 | 51106 |  53.8 |  88M|  25 |  45 |2268 | 998 |2268 |1063 | 856 |   1 | 668 | 6.716771e+03 | 6.742200e+03 |   0.38%
 17.2s|  1000 |   369 | 54787 |  52.1 |  88M|  25 |  64 |2268 | 998 |2268 |1053 | 912 |   1 | 672 | 6.717141e+03 | 6.742200e+03 |   0.37%
 18.4s|  1100 |   407 | 59543 |  51.7 |  88M|  25 |  26 |2268 | 998 |2268 |1052 |1015 |   1 | 674 | 6.717417e+03 | 6.742200e+03 |   0.37%
 19.3s|  1200 |   429 | 63791 |  51.0 |  90M|  25 |  52 |2268 | 998 |2268 |1068 |1079 |   1 | 676 | 6.718042e+03 | 6.742200e+03 |   0.36%
 20.6s|  1300 |   461 | 68312 |  50.5 |  90M|  25 |  38 |2268 | 998 |2268 |1055 |1211 |   1 | 680 | 6.718401e+03 | 6.742200e+03 |   0.35%
 21.8s|  1400 |   495 | 73033 |  50.3 |  91M|  25 |  54 |2268 | 998 |2268 |1056 |1327 |   1 | 685 | 6.719431e+03 | 6.742200e+03 |   0.34%
 22.6s|  1500 |   523 | 76508 |  49.2 |  91M|  25 |  21 |2268 | 998 |2268 |1050 |1380 |   1 | 690 | 6.719686e+03 | 6.742200e+03 |   0.34%
 23.1s|  1600 |   525 | 79894 |  48.3 |  91M|  25 |   - |2268 | 998 |2268 |1058 |1403 |   1 | 695 | 6.720200e+03 | 6.742200e+03 |   0.33%
 24.0s|  1700 |   553 | 84052 |  47.9 |  91M|  25 |   - |2268 | 998 |2268 |1049 |1478 |   1 | 697 | 6.720680e+03 | 6.742200e+03 |   0.32%
 25.3s|  1800 |   573 | 89240 |  48.1 |  91M|  25 |  51 |2268 | 998 |2268 |1054 |1584 |   1 | 702 | 6.721203e+03 | 6.742200e+03 |   0.31%
 25.6s|  1900 |   601 | 91951 |  47.0 |  92M|  25 |   - |2268 | 998 |2268 |1050 |1590 |   1 | 703 | 6.721838e+03 | 6.742200e+03 |   0.30%
 time | node  | left  |LP iter|LP it/n| mem |mdpt |frac |vars |cons |cols |rows |cuts |confs|strbr|  dualbound   | primalbound  |  gap   
 27.0s|  2000 |   625 | 97274 |  47.3 |  92M|  25 |  26 |2268 | 998 |2268 |1052 |1708 |   1 | 704 | 6.721933e+03 | 6.742200e+03 |   0.30%
 27.6s|  2100 |   635 |100109 |  46.4 |  92M|  25 |  14 |2268 | 998 |2268 |1056 |1752 |   1 | 707 | 6.722339e+03 | 6.742200e+03 |   0.30%
 28.4s|  2200 |   663 |103970 |  46.1 |  93M|  25 |   - |2268 | 998 |2268 |1047 |1809 |   1 | 711 | 6.722945e+03 | 6.742200e+03 |   0.29%
 29.0s|  2300 |   675 |108408 |  46.0 |  93M|  26 |  21 |2268 | 998 |2268 |1046 |1844 |   1 | 711 | 6.723096e+03 | 6.742200e+03 |   0.28%
 29.3s|  2400 |   687 |110378 |  44.9 |  93M|  26 |   - |2268 | 998 |2268 |1050 |1862 |   1 | 711 | 6.723215e+03 | 6.742200e+03 |   0.28%
 30.0s|  2500 |   689 |117158 |  45.8 |  94M|  27 |   - |2268 | 998 |2268 |1046 |1894 |   1 | 713 | 6.723768e+03 | 6.742200e+03 |   0.27%
 31.0s|  2600 |   683 |120921 |  45.5 |  94M|  27 |   - |2268 | 998 |2268 |1051 |2014 |   1 | 714 | 6.724260e+03 | 6.742200e+03 |   0.27%
 31.7s|  2700 |   699 |124555 |  45.1 |  94M|  27 |  27 |2268 | 998 |2268 |1056 |2063 |   1 | 717 | 6.724389e+03 | 6.742200e+03 |   0.26%
 32.2s|  2800 |   689 |126995 |  44.4 |  94M|  27 |  46 |2268 | 998 |2268 |1053 |2096 |   1 | 720 | 6.724465e+03 | 6.742200e+03 |   0.26%
 33.1s|  2900 |   707 |130695 |  44.2 |  94M|  27 |  25 |2268 | 998 |2268 |1059 |2173 |   1 | 722 | 6.724710e+03 | 6.742200e+03 |   0.26%
 33.5s|  3000 |   705 |133370 |  43.6 |  94M|  27 |   - |2268 | 998 |2268 |1051 |2214 |   1 | 722 | 6.724799e+03 | 6.742200e+03 |   0.26%
 34.0s|  3100 |   709 |135678 |  42.9 |  94M|  27 |   - |2268 | 998 |2268 |1069 |2243 |   1 | 723 | 6.724828e+03 | 6.742200e+03 |   0.26%
 34.7s|  3200 |   701 |139085 |  42.6 |  94M|  27 |   - |2268 | 998 |2268 |1053 |2321 |   1 | 723 | 6.725362e+03 | 6.742200e+03 |   0.25%
 35.5s|  3300 |   697 |142323 |  42.3 |  94M|  27 |  57 |2268 | 998 |2268 |1058 |2377 |   1 | 727 | 6.725534e+03 | 6.742200e+03 |   0.25%
 36.4s|  3400 |   695 |146318 |  42.3 |  96M|  27 |   - |2268 | 998 |2268 |1051 |2457 |   1 | 730 | 6.725898e+03 | 6.742200e+03 |   0.24%
 time | node  | left  |LP iter|LP it/n| mem |mdpt |frac |vars |cons |cols |rows |cuts |confs|strbr|  dualbound   | primalbound  |  gap   
 36.9s|  3500 |   687 |148630 |  41.7 |  97M|  27 |  59 |2268 | 998 |2268 |1058 |2503 |   1 | 730 | 6.725969e+03 | 6.742200e+03 |   0.24%
 37.7s|  3600 |   691 |151894 |  41.5 |  97M|  27 |   - |2268 | 998 |2268 |1053 |2581 |   1 | 730 | 6.726612e+03 | 6.742200e+03 |   0.23%
 38.2s|  3700 |   695 |154453 |  41.0 |  97M|  27 |  29 |2268 | 998 |2268 |1049 |2617 |   1 | 734 | 6.726632e+03 | 6.742200e+03 |   0.23%
 39.1s|  3800 |   695 |159089 |  41.2 |  98M|  27 |   - |2268 | 998 |2268 |1064 |2691 |   1 | 736 | 6.726880e+03 | 6.742200e+03 |   0.23%
 39.6s|  3900 |   691 |162307 |  40.9 |  98M|  27 |   - |2268 | 998 |2268 |1053 |2721 |   1 | 736 | 6.726953e+03 | 6.742200e+03 |   0.23%
 40.4s|  4000 |   683 |166091 |  40.9 |  98M|  27 |   - |2268 | 998 |2268 |1054 |2791 |   1 | 737 | 6.727363e+03 | 6.742200e+03 |   0.22%
 40.8s|  4100 |   675 |168713 |  40.5 |  98M|  27 |   - |2268 | 998 |2268 |1066 |2819 |   1 | 738 | 6.727744e+03 | 6.742200e+03 |   0.21%
 41.5s|  4200 |   659 |172124 |  40.3 |  98M|  27 |   - |2268 | 998 |2268 |1061 |2869 |   1 | 740 | 6.728142e+03 | 6.742200e+03 |   0.21%
 42.1s|  4300 |   653 |175320 |  40.2 |  99M|  27 |   - |2268 | 998 |2268 |1059 |2908 |   1 | 744 | 6.728652e+03 | 6.742200e+03 |   0.20%
 42.6s|  4400 |   653 |177955 |  39.8 |  99M|  27 |   - |2268 | 998 |2268 |1052 |2962 |   1 | 746 | 6.728799e+03 | 6.742200e+03 |   0.20%
 43.3s|  4500 |   631 |180555 |  39.5 |  99M|  27 |  39 |2268 | 998 |2268 |1056 |3027 |   1 | 746 | 6.729132e+03 | 6.742200e+03 |   0.19%
 43.7s|  4600 |   629 |183914 |  39.4 |  99M|  27 |   - |2268 | 998 |2268 |1057 |3053 |   1 | 746 | 6.729518e+03 | 6.742200e+03 |   0.19%
 44.4s|  4700 |   627 |188956 |  39.6 | 100M|  27 |  42 |2268 | 998 |2268 |1071 |3088 |   1 | 747 | 6.729937e+03 | 6.742200e+03 |   0.18%
 45.0s|  4800 |   619 |191687 |  39.4 | 100M|  27 |   - |2268 | 998 |2268 |1055 |3114 |   1 | 776 | 6.729975e+03 | 6.742200e+03 |   0.18%
 45.6s|  4900 |   593 |194931 |  39.2 | 100M|  27 |  22 |2268 | 998 |2268 |1051 |3146 |   1 | 809 | 6.730195e+03 | 6.742200e+03 |   0.18%
 time | node  | left  |LP iter|LP it/n| mem |mdpt |frac |vars |cons |cols |rows |cuts |confs|strbr|  dualbound   | primalbound  |  gap   
 46.4s|  5000 |   577 |198024 |  39.1 | 104M|  27 |   - |2268 | 998 |2268 |1052 |3196 |   1 | 821 | 6.730237e+03 | 6.742200e+03 |   0.18%
 47.0s|  5100 |   565 |200526 |  38.8 | 104M|  27 |   - |2268 | 998 |2268 |1056 |3241 |   1 | 823 | 6.730427e+03 | 6.742200e+03 |   0.17%
 47.6s|  5200 |   549 |203314 |  38.6 | 105M|  27 |  49 |2268 | 998 |2268 |1054 |3286 |   1 | 835 | 6.730543e+03 | 6.742200e+03 |   0.17%
 48.1s|  5300 |   525 |205772 |  38.3 | 105M|  27 |  37 |2268 | 998 |2268 |1052 |3322 |   1 | 837 | 6.730781e+03 | 6.742200e+03 |   0.17%
 48.6s|  5400 |   521 |209167 |  38.2 | 105M|  27 |  48 |2268 | 998 |2268 |1058 |3340 |   1 | 843 | 6.730839e+03 | 6.742200e+03 |   0.17%
 49.0s|  5500 |   513 |211548 |  38.0 | 105M|  27 |  42 |2268 | 998 |2268 |1054 |3369 |   1 | 844 | 6.730905e+03 | 6.742200e+03 |   0.17%
 49.4s|  5600 |   487 |216081 |  38.1 | 105M|  27 |   - |2268 | 998 |2268 |1052 |3374 |   1 | 848 | 6.731028e+03 | 6.742200e+03 |   0.17%
 50.1s|  5700 |   459 |219203 |  38.0 | 105M|  27 |   - |2268 | 998 |2268 |1060 |3433 |   1 | 852 | 6.731270e+03 | 6.742200e+03 |   0.16%
 50.5s|  5800 |   455 |221605 |  37.7 | 105M|  27 |   - |2268 | 998 |2268 |1055 |3473 |   1 | 853 | 6.731276e+03 | 6.742200e+03 |   0.16%
 51.1s|  5900 |   435 |225610 |  37.8 | 105M|  27 |   - |2268 | 998 |2268 |1055 |3493 |   1 | 874 | 6.731844e+03 | 6.742200e+03 |   0.15%
 51.6s|  6000 |   437 |228080 |  37.6 | 105M|  27 |  40 |2268 | 998 |2268 |1058 |3522 |   1 | 885 | 6.732582e+03 | 6.742200e+03 |   0.14%
 52.0s|  6100 |   421 |230856 |  37.4 | 105M|  27 |   - |2268 | 998 |2268 |1052 |3529 |   1 | 909 | 6.732820e+03 | 6.742200e+03 |   0.14%
 52.4s|  6200 |   389 |233218 |  37.2 | 105M|  27 |   - |2268 | 998 |2268 |1070 |3529 |   1 | 918 | 6.733045e+03 | 6.742200e+03 |   0.14%
 52.7s|  6300 |   371 |235253 |  36.9 | 104M|  27 |  52 |2268 | 998 |2268 |1093 |3552 |   1 | 922 | 6.733268e+03 | 6.742200e+03 |   0.13%
 53.1s|  6400 |   341 |237599 |  36.7 | 104M|  27 |   - |2268 | 998 |2268 |1058 |3581 |   1 | 925 | 6.733525e+03 | 6.742200e+03 |   0.13%
 time | node  | left  |LP iter|LP it/n| mem |mdpt |frac |vars |cons |cols |rows |cuts |confs|strbr|  dualbound   | primalbound  |  gap   
 53.4s|  6500 |   343 |239888 |  36.5 | 104M|  27 |  31 |2268 | 998 |2268 |1053 |3588 |   1 | 927 | 6.734083e+03 | 6.742200e+03 |   0.12%
 53.7s|  6600 |   313 |242042 |  36.3 | 104M|  27 |   - |2268 | 998 |2268 |1055 |3590 |   1 | 934 | 6.734288e+03 | 6.742200e+03 |   0.12%
 54.1s|  6700 |   279 |244408 |  36.1 | 104M|  27 |  54 |2268 | 998 |2268 |1049 |3622 |   1 | 940 | 6.734524e+03 | 6.742200e+03 |   0.11%
 54.4s|  6800 |   265 |246545 |  35.9 | 104M|  27 |   - |2268 | 998 |2268 |1062 |3630 |   1 | 942 | 6.734557e+03 | 6.742200e+03 |   0.11%
 54.8s|  6900 |   221 |248922 |  35.7 | 105M|  27 |   - |2268 | 998 |2268 |1108 |3635 |   1 | 945 | 6.735027e+03 | 6.742200e+03 |   0.11%
 55.1s|  7000 |   175 |251087 |  35.5 | 106M|  27 |   - |2268 | 998 |2268 |1107 |3644 |   1 | 945 | 6.735439e+03 | 6.742200e+03 |   0.10%
 55.4s|  7100 |   141 |253141 |  35.3 | 106M|  27 |   - |2268 | 998 |2268 |1089 |3649 |   1 | 945 | 6.736309e+03 | 6.742200e+03 |   0.09%
 55.7s|  7200 |    93 |255115 |  35.1 | 106M|  27 |  44 |2268 | 998 |2268 |1054 |3649 |   1 | 949 | 6.736786e+03 | 6.742200e+03 |   0.08%
 56.0s|  7300 |    65 |256949 |  34.8 | 106M|  27 |  52 |2268 | 998 |2268 |1057 |3649 |   1 | 956 | 6.737345e+03 | 6.742200e+03 |   0.07%
 56.3s|  7400 |    11 |258946 |  34.6 | 106M|  27 |   - |2268 | 998 |2268 |1099 |3649 |   1 | 985 | 6.738836e+03 | 6.742200e+03 |   0.05%

SCIP Status        : problem is solved [optimal solution found]
Solving Time (sec) : 56.34 (over 4 runs: 56.48)
Solving Nodes      : 7415 (0 reactivated)
Primal Bound       : +6.74220002400000e+03 (26 solutions)
Dual Bound         : +6.74220002400000e+03
Gap                : 0.00 %
SCIP Status        : problem is solved [optimal solution found]
Total Time         :      56.35
  solving          :      56.34
  presolving       :       0.00 (included in solving)
  reading          :       0.01
  copying          :       0.19 (23 #copies) (minimal 0.01, maximal 0.01, average 0.01)
Original Problem   :
  Problem name     : binkar10_1
  Variables        : 2468 (170 binary, 0 integer, 0 implicit integer, 2298 continuous)
  Constraints      : 1366 initial, 1366 maximal
  Objective        : minimize, 1742 non-zeros (abs.min = 0.83, abs.max = 1e+06)
Presolved Problem  :
  Problem name     : t_binkar10_1
  Variables        : 2268 (170 binary, 0 integer, 0 implicit integer, 2098 continuous)
  Constraints      : 996 initial, 998 maximal
  Objective        : minimize, 1542 non-zeros (abs.min = 1.67, abs.max = 1e+06)
Presolvers         :   ExecTime  SetupTime  Calls  FixedVars   AggrVars   ChgTypes  ChgBounds   AddHoles    DelCons    AddCons   ChgSides   ChgCoefs
  boundshift       :       0.00       0.00      0          0          0          0          0          0          0          0          0          0
  convertinttobin  :       0.00       0.00      0          0          0          0          0          0          0          0          0          0
  domcol           :       0.00       0.00      0          0          0          0          0          0          0          0          0          0
  dualagg          :       0.00       0.00      0          0          0          0          0          0          0          0          0          0
  dualcomp         :       0.00       0.00      0          0          0          0          0          0          0          0          0          0
  dualinfer        :       0.00       0.00      0          0          0          0          0          0          0          0          0          0
  gateextraction   :       0.00       0.00      0          0          0          0          0          0          0          0          0          0
  implics          :       0.00       0.00      0          0          0          0          0          0          0          0          0          0
  inttobinary      :       0.00       0.00      0          0          0          0          0          0          0          0          0          0
  qpkktref         :       0.00       0.00      0          0          0          0          0          0          0          0          0          0
  redvub           :       0.00       0.00      0          0          0          0          0          0          0          0          0          0
  sparsify         :       0.00       0.00      0          0          0          0          0          0          0          0          0          0
  stuffing         :       0.00       0.00      0          0          0          0          0          0          0          0          0          0
  symbreak         :       0.00       0.00      0          0          0          0          0          0          0          0          0          0
  symmetry         :       0.00       0.00      0          0          0          0          0          0          0          0          0          0
  trivial          :       0.00       0.00      0          0          0          0          0          0          0          0          0          0
  tworowbnd        :       0.00       0.00      0          0          0          0          0          0          0          0          0          0
  dualfix          :       0.00       0.00      0          0          0          0          0          0          0          0          0          0
  genvbounds       :       0.00       0.00      0          0          0          0          0          0          0          0          0          0
  orbitalfixing    :       0.00       0.00      0          0          0          0          0          0          0          0          0          0
  probing          :       0.00       0.00      0          0          0          0          0          0          0          0          0          0
  pseudoobj        :       0.00       0.00      0          0          0          0          0          0          0          0          0          0
  vbounds          :       0.00       0.00      0          0          0          0          0          0          0          0          0          0
  varbound         :       0.00       0.00      0          0          0          0          0          0          0          0          0          0
  setppc           :       0.00       0.00      0          0          0          0          0          0          0          0          0          0
  linear           :       0.00       0.00      0          0          0          0          0          0          0          0          0          0
  logicor          :       0.00       0.00      0          0          0          0          0          0          0          0          0          0
  benders          :       0.00       0.00      0          0          0          0          0          0          0          0          0          0
  components       :       0.00       0.00      0          0          0          0          0          0          0          0          0          0
  root node        :          -          -      -          0          -          -          0          -          -          -          -          -
Constraints        :     Number  MaxNumber  #Separate #Propagate    #EnfoLP    #EnfoRelax  #EnfoPS    #Check   #ResProp    Cutoffs    DomReds       Cuts    Applied      Conss   Children
  benderslp        :          0          0          0          0       3996          0          0        155          0          0          0          0          0          0          0
  integral         :          0          0          0          0       3996          0          0        155          0          0        445          0          0          0       7468
  varbound         :          0+       170         19      70100          0          0          0        153          0          0       4272          0          0          0          0
  setppc           :          0+         1          0       8840          0          0          0          0          0          0         71          0          0          0          0
  linear           :          0+       826         19      70101          0          0          0         28         17        133      94205         77         16          0          0
  logicor          :          0+         1         10        467          0          0          0          0          0          0          0          0          0          0          0
  benders          :          0          0          0          0          0          0          0         27          0          0          0          0          0          0          0
  countsols        :          0          0          0          0          0          0          0         27          0          0          0          0          0          0          0
  components       :          0          0          0          0          0          0          0          0          0          0          0          0          0          0          0
Constraint Timings :  TotalTime  SetupTime   Separate  Propagate     EnfoLP     EnfoPS     EnfoRelax   Check    ResProp    SB-Prop
  benderslp        :       0.00       0.00       0.00       0.00       0.00       0.00       0.00       0.00       0.00       0.00
  integral         :       5.34       0.00       0.00       0.00       5.34       0.00       0.00       0.00       0.00       0.00
  varbound         :       0.04       0.00       0.00       0.03       0.00       0.00       0.00       0.00       0.00       0.00
  setppc           :       0.00       0.00       0.00       0.00       0.00       0.00       0.00       0.00       0.00       0.00
  linear           :       0.31       0.00       0.03       0.26       0.00       0.00       0.00       0.00       0.00       0.01
  logicor          :       0.00       0.00       0.00       0.00       0.00       0.00       0.00       0.00       0.00       0.00
  benders          :       0.00       0.00       0.00       0.00       0.00       0.00       0.00       0.00       0.00       0.00
  countsols        :       0.00       0.00       0.00       0.00       0.00       0.00       0.00       0.00       0.00       0.00
  components       :       0.00       0.00       0.00       0.00       0.00       0.00       0.00       0.00       0.00       0.00
Propagators        : #Propagate   #ResProp    Cutoffs    DomReds
  dualfix          :          0          0          0          0
  genvbounds       :          0          0          0          0
  nlobbt           :          0          0          0          0
  obbt             :          0          0          0          0
  orbitalfixing    :          0          0          0          0
  probing          :          0          0          0          0
  pseudoobj        :          0          0          0          0
  redcost          :          0          0          0          0
  rootredcost      :          0          0          0          0
  vbounds          :      74098          0          0          0
Propagator Timings :  TotalTime  SetupTime   Presolve  Propagate    ResProp    SB-Prop
  dualfix          :       0.00       0.00       0.00       0.00       0.00       0.00
  genvbounds       :       0.01       0.00       0.00       0.00       0.00       0.00
  nlobbt           :       0.00       0.00       0.00       0.00       0.00       0.00
  obbt             :       0.00       0.00       0.00       0.00       0.00       0.00
  orbitalfixing    :       0.00       0.00       0.00       0.00       0.00       0.00
  probing          :       0.00       0.00       0.00       0.00       0.00       0.00
  pseudoobj        :       0.01       0.00       0.00       0.01       0.00       0.00
  redcost          :       0.00       0.00       0.00       0.00       0.00       0.00
  rootredcost      :       0.01       0.00       0.00       0.01       0.00       0.00
  vbounds          :       0.01       0.00       0.00       0.01       0.00       0.00
Conflict Analysis  :       Time      Calls    Success    DomReds  Conflicts   Literals    Reconvs ReconvLits   Dualrays   Nonzeros   LP Iters   (pool size: [10000,10000])
  propagation      :       0.00          1          1          -          1        4.0          0        0.0          -          -          -
  infeasible LP    :       0.00         14          1          -          0        0.0          0        0.0          1        2.0          0
  bound exceed. LP :       0.00          0          0          -          0        0.0          0        0.0          0        0.0          0
  strong branching :       0.00          0          0          -          0        0.0          0        0.0          -          -          0
  pseudo solution  :       0.00          0          0          -          0        0.0          0        0.0          -          -          -
  applied globally :       0.00          -          -          0          1        4.0          -          -          1          -          -
  applied locally  :          -          -          -          0          0        0.0          -          -          0          -          -
Separators         :   ExecTime  SetupTime      Calls    Cutoffs    DomReds       Cuts    Applied      Conss
  cut pool         :       6.21                  2311          -          -      20274          -          -    (maximal pool size: 4132)
  aggregation      :       1.04       0.00       1187          0          0          0          0          0
  cgmip            :       0.00       0.00          0          0          0          0          0          0
  clique           :       0.00       0.00         19          0          0          0          0          0
  closecuts        :       0.00       0.00          0          0          0          0          0          0
  cmir             :       0.00       0.00          0          0          0          0       1456          0
  convexproj       :       0.00       0.00          0          0          0          0          0          0
  disjunctive      :       0.00       0.00          0          0          0          0          0          0
  eccuts           :       0.00       0.00          0          0          0          0          0          0
  flowcover        :       0.00       0.00          0          0          0          0         55          0
  gauge            :       0.00       0.00          0          0          0          0          0          0
  gomory           :      11.35       0.00       1158          0          0          0       1530          0
  impliedbounds    :       0.05       0.00       1187          0          0          0          0          0
  intobj           :       0.00       0.00          0          0          0          0          0          0
  mcf              :       0.00       0.00          1          0          0          0          0          0
  oddcycle         :       0.00       0.00          0          0          0          0          0          0
  rapidlearning    :       0.00       0.00          0          0          0          0          0          0
  strongcg         :       0.25       0.00         19          0          0          0          0          0
  zerohalf         :       0.51       0.00       1167          0          0          0        592          0
Pricers            :   ExecTime  SetupTime      Calls       Vars
  problem variables:       0.00          -          0          0
Branching Rules    :   ExecTime  SetupTime   BranchLP  BranchExt   BranchPS    Cutoffs    DomReds       Cuts      Conss   Children
  allfullstrong    :       0.00       0.00          0          0          0          0          0          0          0          0
  cloud            :       0.00       0.00          0          0          0          0          0          0          0          0
  distribution     :       0.00       0.00          0          0          0          0          0          0          0          0
  fullstrong       :       0.00       0.00          0          0          0          0          0          0          0          0
  inference        :       0.00       0.00          0          0          0          0          0          0          0          0
  leastinf         :       0.00       0.00          0          0          0          0          0          0          0          0
  lookahead        :       0.00       0.00          0          0          0          0          0          0          0          0
  mostinf          :       0.00       0.00          0          0          0          0          0          0          0          0
  multaggr         :       0.00       0.00          0          0          0          0          0          0          0          0
  nodereopt        :       0.00       0.00          0          0          0          0          0          0          0          0
  pscost           :       0.00       0.00          0          0          0          0          0          0          0          0
  random           :       0.00       0.00          0          0          0          0          0          0          0          0
  relpscost        :       5.34       0.00       3996          0          0          0        445          0          0       7468
Primal Heuristics  :   ExecTime  SetupTime      Calls      Found       Best
  LP solutions     :       0.00          -          -          0          0
  relax solutions  :       0.00          -          -          0          0
  pseudo solutions :       0.00          -          -          0          0
  strong branching :       0.00          -          -          0          0
  actconsdiving    :       0.00       0.00          0          0          0
  alns             :       0.14       0.00          5          0          0
  bound            :       0.00       0.00          0          0          0
  clique           :       0.00       0.00          1          0          0
  coefdiving       :       0.23       0.00         47          0          0
  completesol      :       0.00       0.00          0          0          0
  conflictdiving   :       0.00       0.00          0          0          0
  crossover        :       0.10       0.00          1          1          1
  dins             :       0.00       0.00          0          0          0
  distributiondivin:       0.45       0.00         46          0          0
  dualval          :       0.00       0.00          0          0          0
  farkasdiving     :       0.11       0.00          1          0          0
  feaspump         :       0.04       0.00          2          2          1
  fixandinfer      :       0.00       0.00          0          0          0
  fracdiving       :       0.20       0.00         47          0          0
  gins             :       0.26       0.00          7          2          0
  guideddiving     :       0.27       0.00         46          0          0
  indicator        :       0.00       0.00          0          0          0
  intdiving        :       0.00       0.00          0          0          0
  intshifting      :       0.06       0.00         14          0          0
  linesearchdiving :       0.20       0.00         46          0          0
  localbranching   :       0.00       0.00          0          0          0
  locks            :       0.01       0.00          1          0          0
  lpface           :       0.00       0.00          0          0          0
  mpec             :       0.00       0.00          0          0          0
  multistart       :       0.00       0.00          0          0          0
  mutation         :       0.00       0.00          0          0          0
  nlpdiving        :       0.00       0.00          0          0          0
  objpscostdiving  :       1.09       0.00         13          9          0
  octane           :       0.00       0.00          0          0          0
  ofins            :       0.00       0.00          0          0          0
  oneopt           :       0.00       0.00          3          0          0
  proximity        :       0.00       0.00          0          0          0
  pscostdiving     :       0.45       0.00         47          0          0
  randrounding     :       0.03       0.00        135          0          0
  rens             :       1.19       0.00          1          1          1
  reoptsols        :       0.00       0.00          1          1          1
  repair           :       0.00       0.00          0          0          0
  rins             :       0.40       0.00          6          6          0
  rootsoldiving    :       0.91       0.00         11          4          0
  rounding         :       0.02       0.00        980          0          0
  shiftandpropagate:       0.00       0.00          0          0          0
  shifting         :       0.22       0.00        461          0          0
  simplerounding   :       0.00       0.00          0          0          0
  subnlp           :       0.00       0.00          0          0          0
  trivial          :       0.00       0.00          1          0          0
  trivialnegation  :       0.00       0.00          0          0          0
  trysol           :       0.00       0.00          0          0          0
  twoopt           :       0.00       0.00          0          0          0
  undercover       :       0.00       0.00          0          0          0
  vbounds          :       0.00       0.00          0          0          0
  veclendiving     :       0.28       0.00         46          0          0
  zeroobj          :       0.00       0.00          0          0          0
  zirounding       :       0.01       0.00       1000          0          0
  other solutions  :          -          -          -          0          -
Diving Statistics  :      Calls      Nodes   LP Iters Backtracks  Conflicts   MinDepth   MaxDepth   AvgDepth  RoundSols  NLeafSols  MinSolDpt  MaxSolDpt  AvgSolDpt
  actconsdiving    :          0          -          -          -          -          -          -          -          -          -          -          -          -
  coefdiving       :         47       1567        619        122          0         33         55       43.6          0          -          -          -          -
  conflictdiving   :          0          -          -          -          -          -          -          -          -          -          -          -          -
  distributiondivin:         46        357        609         55          0         14         28       20.6          0          -          -          -          -
  farkasdiving     :          1         43        780          6          0         38         38       38.0          0          -          -          -          -
  fracdiving       :         47       1378        254        110          0         27         58       40.9          0          -          -          -          -
  guideddiving     :         46       1495       1241        113          0         32         54       43.5          0          -          -          -          -
  linesearchdiving :         46       1331        393         95          0         24         55       39.8          0          -          -          -          -
  pscostdiving     :         47        818       3486         45          0         17         51       30.0          0          -          -          -          -
  veclendiving     :         46       1366        902        145          0         28         51       39.4          0          -          -          -          -
Neighborhoods      :      Calls  SetupTime  SolveTime SolveNodes       Sols       Best       Exp3  EpsGreedy        UCB TgtFixRate  Opt  Inf Node Stal  Sol  Usr Othr Actv
  rens             :          0       0.00       0.00          0          0          0    0.00000   -1.00000    1.00000      0.900    0    0    0    0    0    0    0    1
  rins             :          1       0.01       0.01          5          0          0    0.00000   -1.00000    1.00000      0.700    0    1    0    0    0    0    0    1
  mutation         :          1       0.01       0.01          9          0          0    0.00000   -1.00000    1.00000      0.700    0    1    0    0    0    0    0    1
  localbranching   :          1       0.01       0.01          5          0          0    0.00000   -1.00000    1.00000      0.700    0    1    0    0    0    0    0    1
  crossover        :          0       0.00       0.00          0          0          0    0.00000   -1.00000    1.00000      0.900    0    0    0    0    0    0    0    1
  proximity        :          1       0.01       0.03         19          0          0    0.00000   -1.00000    1.00000      0.700    0    1    0    0    0    0    0    1
  zeroobjective    :          0       0.00       0.00          0          0          0    0.00000   -1.00000    1.00000      0.900    0    0    0    0    0    0    0    1
  dins             :          1       0.01       0.01          5          0          0    0.00000   -1.00000    1.00000      0.700    0    1    0    0    0    0    0    1
Tree Compressions  :   ExecTime  SetupTime      Calls      Found
  largestrepr      :       0.00       0.00          0          0
  weakcompr        :       0.00       0.00          0          0
LP                 :       Time      Calls Iterations  Iter/call   Iter/sec  Time-0-It Calls-0-It    ItLimit
  primal LP        :       0.69       1164          0       0.00       0.00       0.69       1164
  dual LP          :      21.20       8878     221273      24.95   10435.29       0.00          9
  lex dual LP      :       0.00          0          0       0.00          -
  barrier LP       :       0.00          0          0       0.00          -       0.00          0
  resolve instable :       0.00          0          0       0.00          -
  diving/probing LP:       3.67       1837      37910      20.64   10318.70
  strong branching :       4.38        986      44218      44.85   10102.46          -          -         60
    (at root node) :          -         31       3169     102.23          -
  conflict analysis:       0.00          0          0       0.00          -
B&B Tree           :
  number of runs   :          0
  nodes            :       7415 (3734 internal, 3681 leaves)
  feasible leaves  :          0
  infeas. leaves   :          4
  objective leaves :       3677
  nodes (total)    :       7415 (3734 internal, 3681 leaves)
  nodes left       :          0
  max depth        :         27
  max depth (total):         27
  backtracks       :       2617 (35.3%)
  early backtracks :          0 (0.0%)
  nodes exc. ref.  :          0 (0.0%)
  delayed cutoffs  :          0
  repropagations   :          0 (0 domain reductions, 0 cutoffs)
  avg switch length:       6.88
  switching time   :       1.22
Root Node          :
  First LP value   : +6.63718802694375e+03
  First LP Iters   :       1807 (43430.19 Iter/sec)
  First LP Time    :       0.04
  Final Dual Bound : +6.70949472182575e+03
  Final Root Iters :       2697
  Root LP Estimate : +6.78437391407136e+03
Solution           :
  Solutions found  :         26 (4 improvements)
  First Solution   : +6.82640001800000e+03   (in run 0, after 1 nodes, 0.00 seconds, depth 0, found by <reoptsols>)
  Gap First Sol.   :   infinite
  Gap Last Sol.    :       0.46 %
  Primal Bound     : +6.74220002400000e+03   (in run 0, after 201 nodes, 9.25 seconds, depth 8, found by <crossover>)
  Dual Bound       : +6.74220002400000e+03
  Gap              :       0.00 %
  Avg. Gap         :       0.47 % (26.21 primal-dual integral)
NoError here ! 
./script6: line 19: 16227 Segmentation fault      (core dumped) ./repair/build/repair $file $i $u $k $gap

real	0m57.085s
user	0m55.170s
sys	0m1.388s
