parameters: binkar10_1_10_1_5_0.100000 

SCIP version 6.0.1 [precision: 8 byte] [memory: block] [mode: optimized] [LP solver: SoPlex 4.0.1] [GitHash: a27ecc0]
Copyright (C) 2002-2019 Konrad-Zuse-Zentrum fuer Informationstechnik Berlin (ZIB)

read problem <instances/binkar10_1.mps> ...

original problem has 2298 variables (170 bin, 0 int, 0 impl, 2128 cont) and 1026 constraints
read solution <10solution/binkar10_1_1.sol> ...

check the feasibility of <10solution/binkar10_1_1.sol> for problem <instances/binkar10_1.mps> ...

  [linear] <R0114>:  -<C0004>[C] (+1) -<C1486>[C] (+0) +<C2132>[B] (+0) == 0;
;
violation: left hand side is violated by 1
  [linear] <R0148>:  -<C0121>[C] (+1) -<C1583>[C] (+0) +<C2166>[B] (+0) == 0;
;
violation: left hand side is violated by 1
  [linear] <R0246>:  -<C0569>[C] (+1) -<C1983>[C] (+0) +<C2264>[B] (+0) == 0;
;
violation: left hand side is violated by 1
The solution <10solution/binkar10_1_1.sol> is not feasible to <instances/binkar10_1.mps> 

Tring to reoptimize the problem <instances/binkar10_1.mps> ...  

obj = 6678.860023, k = 5, alpha = 6678.860023 

n = 2298 

Start to add variable y and new constraints 

y have been released ! 

Finish to create the y and constraint ! 

n = 2298,  j = 170 ! 

set all parameters to default! 

Reoptimization is enabled! 

Reoptimization parameter have been setted ! 

Stop parameter have been setted ! 

Memory for coefs have allocated ! 

Coefficients have been captured ! 

alpha = 6678.860023, n = 2468, j = 170, m = 5 
This is the 1-th iteration ! 

presolving:
(round 1, fast)       200 del vars, 370 del conss, 0 add conss, 2128 chg bounds, 0 chg sides, 0 chg coeffs, 0 upgd conss, 0 impls, 0 clqs
(round 2, exhaustive) 200 del vars, 370 del conss, 0 add conss, 2128 chg bounds, 0 chg sides, 0 chg coeffs, 170 upgd conss, 0 impls, 0 clqs
   (0.0s) probing cycle finished: starting next cycle
presolving (3 rounds: 3 fast, 2 medium, 2 exhaustive):
 200 deleted vars, 370 deleted constraints, 0 added constraints, 2128 tightened bounds, 0 added holes, 0 changed sides, 0 changed coefficients
 2127 implications, 10 cliques
presolved problem has 2268 variables (170 bin, 0 int, 0 impl, 2098 cont) and 996 constraints
    170 constraints of type <varbound>
    826 constraints of type <linear>
Presolving Time: 0.04

 time | node  | left  |LP iter|LP it/n| mem |mdpt |frac |vars |cons |cols |rows |cuts |confs|strbr|  dualbound   | primalbound  |  gap   
k 0.1s|     1 |     0 |   140 |     - |  14M|   0 |   - |2268 | 996 |2268 | 996 |   0 |   0 |   0 |-2.049482e+04 | 1.488990e+05 |    Inf 
* 0.1s|     1 |     0 |  1684 |     - |  14M|   0 |   - |2268 | 996 |2268 | 996 |   0 |   0 |   0 | 2.018412e+04 | 2.018412e+04 |   0.00%
  0.1s|     1 |     0 |  1684 |     - |  14M|   0 |   - |2268 | 996 |2268 | 996 |   0 |   0 |   0 | 2.018412e+04 | 2.018412e+04 |   0.00%

SCIP Status        : problem is solved [optimal solution found]
Solving Time (sec) : 0.09 (over 1 runs: 0.09)
Solving Nodes      : 1 (0 reactivated)
Primal Bound       : +2.01841200640000e+04 (2 solutions)
Dual Bound         : +2.01841200640000e+04
Gap                : 0.00 %
Coefs have been resetted!! 

Problem have been changed !! 

alpha = 5343.088018, n = 2468, j = 170, m = 4 
This is the 2-th iteration ! 

new objective has similarity of 0.999998 compared to previous.

 time | node  | left  |LP iter|LP it/n| mem |mdpt |frac |vars |cons |cols |rows |cuts |confs|strbr|  dualbound   | primalbound  |  gap   
J 0.0s|     1 |     0 |     0 |     - |  15M|   0 |   - |2268 | 996 |   0 |   0 |   0 |   0 |   0 |-2.049482e+04 | 1.751258e+04 |    Inf 
  0.0s|     1 |     0 |  1463 |     - |  15M|   0 |   - |2268 | 996 |2268 | 996 |   0 |   0 |   0 | 1.751258e+04 | 1.751258e+04 |   0.00%

SCIP Status        : problem is solved [optimal solution found]
Solving Time (sec) : 0.03 (over 2 runs: 0.12)
Solving Nodes      : 1 (0 reactivated)
Primal Bound       : +1.75125760548000e+04 (1 solutions)
Dual Bound         : +1.75125760548000e+04
Gap                : 0.00 %
Coefs have been resetted!! 

Problem have been changed !! 

alpha = 3205.852811, n = 2468, j = 170, m = 3 
This is the 3-th iteration ! 

new objective has similarity of 0.999996 compared to previous.

 time | node  | left  |LP iter|LP it/n| mem |mdpt |frac |vars |cons |cols |rows |cuts |confs|strbr|  dualbound   | primalbound  |  gap   
J 0.0s|     1 |     0 |     0 |     - |  15M|   0 |   - |2268 | 996 |   0 |   0 |   0 |   0 |   0 |-2.049482e+04 | 1.323811e+04 |    Inf 
  0.0s|     1 |     0 |  1463 |     - |  15M|   0 |   - |2268 | 996 |2268 | 996 |   0 |   0 |   0 | 1.323811e+04 | 1.323811e+04 |   0.00%

SCIP Status        : problem is solved [optimal solution found]
Solving Time (sec) : 0.03 (over 3 runs: 0.15)
Solving Nodes      : 1 (0 reactivated)
Primal Bound       : +1.32381056400800e+04 (1 solutions)
Dual Bound         : +1.32381056400800e+04
Gap                : 0.00 %
Coefs have been resetted!! 

Problem have been changed !! 

alpha = 1282.341124, n = 2468, j = 170, m = 2 
This is the 4-th iteration ! 

new objective has similarity of 0.999997 compared to previous.

 time | node  | left  |LP iter|LP it/n| mem |mdpt |frac |vars |cons |cols |rows |cuts |confs|strbr|  dualbound   | primalbound  |  gap   
J 0.0s|     1 |     0 |     0 |     - |  15M|   0 |   - |2268 | 996 |   0 |   0 |   0 |   0 |   0 |-2.049482e+04 | 9.391082e+03 |    Inf 
  0.0s|     1 |     0 |  1463 |     - |  15M|   0 |   - |2268 | 996 |2268 | 996 |   0 |   0 |   0 | 9.391082e+03 | 9.391082e+03 |   0.00%

SCIP Status        : problem is solved [optimal solution found]
Solving Time (sec) : 0.03 (over 4 runs: 0.19)
Solving Nodes      : 1 (0 reactivated)
Primal Bound       : +9.39108226683200e+03 (1 solutions)
Dual Bound         : +9.39108226683200e+03
Gap                : 0.00 %
Coefs have been resetted!! 

Problem have been changed !! 

alpha = 256.468225, n = 2468, j = 170, m = 1 
This is the 5-th iteration ! 

new objective has similarity of 0.999999 compared to previous.

 time | node  | left  |LP iter|LP it/n| mem |mdpt |frac |vars |cons |cols |rows |cuts |confs|strbr|  dualbound   | primalbound  |  gap   
J 0.0s|     1 |     0 |     0 |     - |  15M|   0 |   - |2268 | 996 |   0 |   0 |   0 |   0 |   0 |-2.049482e+04 | 7.339336e+03 |    Inf 
  0.0s|     1 |     0 |  1512 |     - |  15M|   0 |   - |2268 | 996 |2268 | 996 |   0 |   0 |   0 | 7.339336e+03 | 7.339336e+03 |   0.00%

SCIP Status        : problem is solved [optimal solution found]
Solving Time (sec) : 0.03 (over 5 runs: 0.22)
Solving Nodes      : 1 (0 reactivated)
Primal Bound       : +7.33933646776640e+03 (1 solutions)
Dual Bound         : +7.33933646776640e+03
Gap                : 0.00 %
Coefs have been resetted!! 

Problem have been changed !! 

This is the last iteration 


alpha = 0.000000  
new objective has similarity of 1 compared to previous.

 time | node  | left  |LP iter|LP it/n| mem |mdpt |frac |vars |cons |cols |rows |cuts |confs|strbr|  dualbound   | primalbound  |  gap   
J 0.0s|     1 |     0 |     0 |     - |  15M|   0 |   - |2268 | 996 |   0 |   0 |   0 |   0 |   0 |-2.049482e+04 | 6.826400e+03 |    Inf 
  0.1s|     1 |     0 |  1996 |     - |  15M|   0 |  38 |2268 | 996 |2268 | 996 |   0 |   0 |   0 | 6.637188e+03 | 6.826400e+03 |   2.85%
  0.1s|     1 |     0 |  2068 |     - |  15M|   0 |  37 |2268 | 996 |2268 |1006 |  10 |   0 |   0 | 6.644706e+03 | 6.826400e+03 |   2.73%
  0.1s|     1 |     0 |  2136 |     - |  16M|   0 |  61 |2268 | 996 |2268 |1016 |  20 |   0 |   0 | 6.648093e+03 | 6.826400e+03 |   2.68%
  0.1s|     1 |     0 |  2167 |     - |  17M|   0 |  71 |2268 | 996 |2268 |1021 |  25 |   0 |   0 | 6.650577e+03 | 6.826400e+03 |   2.64%
  0.2s|     1 |     0 |  2244 |     - |  18M|   0 |  77 |2268 | 996 |2268 |1027 |  31 |   0 |   0 | 6.657586e+03 | 6.826400e+03 |   2.54%
  0.3s|     1 |     0 |  2323 |     - |  19M|   0 |  74 |2268 | 996 |2268 |1031 |  35 |   0 |   0 | 6.663789e+03 | 6.826400e+03 |   2.44%
  0.3s|     1 |     0 |  2456 |     - |  19M|   0 |  91 |2268 | 996 |2268 |1039 |  43 |   0 |   0 | 6.671460e+03 | 6.826400e+03 |   2.32%
  0.3s|     1 |     0 |  2510 |     - |  19M|   0 |  88 |2268 | 996 |2268 |1046 |  50 |   0 |   0 | 6.678614e+03 | 6.826400e+03 |   2.21%
  0.3s|     1 |     0 |  2633 |     - |  20M|   0 |  60 |2268 | 996 |2268 |1054 |  58 |   0 |   0 | 6.702611e+03 | 6.826400e+03 |   1.85%
  0.4s|     1 |     0 |  2670 |     - |  23M|   0 |  77 |2268 | 996 |2268 |1061 |  65 |   0 |   0 | 6.704949e+03 | 6.826400e+03 |   1.81%
  0.4s|     1 |     0 |  2692 |     - |  24M|   0 |  81 |2268 | 996 |2268 |1066 |  70 |   0 |   0 | 6.705794e+03 | 6.826400e+03 |   1.80%
  0.5s|     1 |     0 |  2713 |     - |  25M|   0 |  86 |2268 | 996 |2268 |1069 |  73 |   0 |   0 | 6.706156e+03 | 6.826400e+03 |   1.79%
  0.5s|     1 |     0 |  2732 |     - |  25M|   0 |  86 |2268 | 996 |2268 |1073 |  77 |   0 |   0 | 6.706477e+03 | 6.826400e+03 |   1.79%
  0.6s|     1 |     0 |  2749 |     - |  25M|   0 |  84 |2268 | 996 |2268 |1075 |  79 |   0 |   0 | 6.706774e+03 | 6.826400e+03 |   1.78%
 time | node  | left  |LP iter|LP it/n| mem |mdpt |frac |vars |cons |cols |rows |cuts |confs|strbr|  dualbound   | primalbound  |  gap   
  0.6s|     1 |     0 |  2786 |     - |  25M|   0 |  69 |2268 | 996 |2268 |1077 |  81 |   0 |   0 | 6.707238e+03 | 6.826400e+03 |   1.78%
  0.6s|     1 |     0 |  2794 |     - |  25M|   0 |  81 |2268 | 996 |2268 |1080 |  84 |   0 |   0 | 6.707279e+03 | 6.826400e+03 |   1.78%
  0.7s|     1 |     0 |  2812 |     - |  25M|   0 |  80 |2268 | 996 |2268 |1069 |  85 |   0 |   0 | 6.707466e+03 | 6.826400e+03 |   1.77%
  0.7s|     1 |     0 |  2838 |     - |  25M|   0 |  83 |2268 | 996 |2268 |1071 |  87 |   0 |   0 | 6.707797e+03 | 6.826400e+03 |   1.77%
  0.7s|     1 |     0 |  2865 |     - |  25M|   0 |  75 |2268 | 996 |2268 |1075 |  91 |   0 |   0 | 6.708169e+03 | 6.826400e+03 |   1.76%
  0.8s|     1 |     0 |  2888 |     - |  25M|   0 |  86 |2268 | 996 |2268 |1077 |  93 |   0 |   0 | 6.708663e+03 | 6.826400e+03 |   1.76%
  0.8s|     1 |     0 |  2901 |     - |  25M|   0 |  86 |2268 | 996 |2268 |1081 |  97 |   0 |   0 | 6.708824e+03 | 6.826400e+03 |   1.75%
L 1.0s|     1 |     0 |  4264 |     - |  26M|   0 |  86 |2268 | 997 |2268 |1081 |  97 |   0 |   0 | 6.708824e+03 | 6.809430e+03 |   1.50%
  1.0s|     1 |     0 |  4264 |     - |  26M|   0 |  86 |2268 | 997 |2268 |1081 |  97 |   0 |   0 | 6.708824e+03 | 6.809430e+03 |   1.50%
  1.3s|     1 |     2 |  4264 |     - |  26M|   0 |  86 |2268 | 997 |2268 |1081 |  97 |   0 |  26 | 6.711400e+03 | 6.809430e+03 |   1.46%
p 4.2s|    35 |    33 |  5826 |  92.3 |  33M|  22 |   - |2268 | 997 |2268 |1055 |   0 |   0 | 328 | 6.711400e+03 | 6.767610e+03 |   0.84%
L 5.9s|    79 |    39 |  8103 |  69.4 |  43M|  22 |  68 |2268 | 997 |2268 |1064 | 217 |   0 | 489 | 6.711400e+03 | 6.754460e+03 |   0.64%
  6.3s|   100 |    52 |  8964 |  63.4 |  48M|  22 |  50 |2268 | 997 |2268 |1054 | 247 |   0 | 509 | 6.711400e+03 | 6.754460e+03 |   0.64%
L 7.4s|   172 |    96 | 11751 |  53.0 |  57M|  22 |   - |2268 | 997 |2268 |1053 | 319 |   0 | 550 | 6.711419e+03 | 6.754030e+03 |   0.63%
  7.8s|   200 |   112 | 12669 |  50.2 |  61M|  22 |  62 |2268 | 997 |2268 |1045 | 337 |   0 | 558 | 6.711419e+03 | 6.754030e+03 |   0.63%
 time | node  | left  |LP iter|LP it/n| mem |mdpt |frac |vars |cons |cols |rows |cuts |confs|strbr|  dualbound   | primalbound  |  gap   
* 9.5s|   294 |   135 | 16719 |  47.9 |  70M|  22 |   - |2268 | 997 |2268 |1054 | 485 |   0 | 582 | 6.711451e+03 | 6.751690e+03 |   0.60%
  9.6s|   300 |   135 | 17014 |  47.9 |  71M|  22 |   - |2268 | 997 |2268 |1061 | 501 |   0 | 582 | 6.711451e+03 | 6.751690e+03 |   0.60%
 11.9s|   400 |   209 | 28268 |  64.1 |  75M|  22 |  53 |2268 | 997 |2268 |1049 | 621 |   0 | 596 | 6.711451e+03 | 6.751690e+03 |   0.60%
N15.2s|   494 |   297 | 37784 |  71.2 |  87M|  22 |  50 |2268 | 997 |2268 |1057 | 850 |   0 | 601 | 6.712672e+03 | 6.751630e+03 |   0.58%
 15.3s|   500 |   301 | 38178 |  71.1 |  87M|  22 |  44 |2268 | 997 |2268 |1055 | 859 |   0 | 601 | 6.712672e+03 | 6.751630e+03 |   0.58%
 17.5s|   600 |   385 | 44381 |  69.6 |  90M|  22 |  31 |2268 | 997 |2268 |1051 |1006 |   0 | 609 | 6.715086e+03 | 6.751630e+03 |   0.54%
C18.4s|   694 |   255 | 47585 |  64.8 |  90M|  24 |   - |2268 | 997 |2268 |1053 |1043 |   0 | 620 | 6.715123e+03 | 6.742200e+03 |   0.40%
 18.6s|   700 |   261 | 47914 |  64.7 |  90M|  24 |  48 |2268 | 997 |2268 |1049 |1062 |   0 | 622 | 6.715123e+03 | 6.742200e+03 |   0.40%
 19.9s|   800 |   297 | 53490 |  63.6 |  90M|  24 |  60 |2268 | 997 |2268 |1050 |1148 |   0 | 626 | 6.715511e+03 | 6.742200e+03 |   0.40%
 21.0s|   900 |   329 | 56848 |  60.2 |  90M|  25 |  34 |2268 | 997 |2268 |1050 |1206 |   0 | 627 | 6.715945e+03 | 6.742200e+03 |   0.39%
 22.4s|  1000 |   359 | 62016 |  59.4 |  90M|  28 |   - |2268 | 997 |2268 |1066 |1277 |   0 | 629 | 6.716673e+03 | 6.742200e+03 |   0.38%
 24.1s|  1100 |   393 | 66619 |  58.2 |  92M|  28 |  10 |2268 | 997 |2268 |1053 |1410 |   0 | 631 | 6.717463e+03 | 6.742200e+03 |   0.37%
 25.9s|  1200 |   423 | 72381 |  58.1 |  94M|  28 |  35 |2268 | 997 |2268 |1050 |1567 |   0 | 631 | 6.718745e+03 | 6.742200e+03 |   0.35%
 28.0s|  1300 |   475 | 78247 |  58.2 |  95M|  28 |   - |2268 | 997 |2268 |1054 |1754 |   0 | 632 | 6.718810e+03 | 6.742200e+03 |   0.35%
 30.0s|  1400 |   517 | 83994 |  58.1 |  96M|  28 |  39 |2268 | 997 |2268 |1053 |1922 |   0 | 634 | 6.719466e+03 | 6.742200e+03 |   0.34%
 time | node  | left  |LP iter|LP it/n| mem |mdpt |frac |vars |cons |cols |rows |cuts |confs|strbr|  dualbound   | primalbound  |  gap   
 30.6s|  1500 |   539 | 86980 |  56.2 |  96M|  28 |  60 |2268 | 997 |2268 |1046 |1956 |   0 | 637 | 6.719944e+03 | 6.742200e+03 |   0.33%
 32.4s|  1600 |   569 | 92444 |  56.1 | 100M|  28 |  57 |2268 | 997 |2268 |1065 |2094 |   0 | 638 | 6.720259e+03 | 6.742200e+03 |   0.33%
 33.7s|  1700 |   597 | 96021 |  54.9 | 100M|  28 |  47 |2268 | 997 |2268 |1053 |2202 |   0 | 640 | 6.721000e+03 | 6.742200e+03 |   0.32%
 34.6s|  1800 |   621 | 99071 |  53.6 | 100M|  28 |  28 |2268 | 997 |2268 |1057 |2276 |   0 | 644 | 6.721235e+03 | 6.742200e+03 |   0.31%
 35.5s|  1900 |   621 |102302 |  52.5 | 101M|  28 |  50 |2268 | 997 |2268 |1053 |2353 |   0 | 649 | 6.721266e+03 | 6.742200e+03 |   0.31%
 37.0s|  2000 |   621 |107518 |  52.4 | 104M|  28 |   - |2268 | 997 |2268 |1048 |2495 |   0 | 653 | 6.721838e+03 | 6.742200e+03 |   0.30%
 38.0s|  2100 |   635 |111120 |  51.7 | 104M|  28 |  46 |2268 | 997 |2268 |1060 |2558 |   0 | 657 | 6.722457e+03 | 6.742200e+03 |   0.29%
 38.7s|  2200 |   635 |114043 |  50.6 | 104M|  28 |   - |2268 | 997 |2268 |1053 |2611 |   0 | 662 | 6.722488e+03 | 6.742200e+03 |   0.29%
 39.4s|  2300 |   635 |117143 |  49.8 | 105M|  28 |   - |2268 | 997 |2268 |1056 |2658 |   0 | 665 | 6.722714e+03 | 6.742200e+03 |   0.29%
 41.1s|  2400 |   663 |121904 |  49.7 | 105M|  28 |  75 |2268 | 997 |2268 |1071 |2801 |   0 | 666 | 6.723147e+03 | 6.742200e+03 |   0.28%
 42.5s|  2500 |   671 |126369 |  49.5 | 105M|  28 |   - |2268 | 997 |2268 |1057 |2942 |   0 | 672 | 6.723275e+03 | 6.742200e+03 |   0.28%
 43.3s|  2600 |   677 |129710 |  48.9 | 105M|  28 |  39 |2268 | 997 |2268 |1057 |3004 |   0 | 676 | 6.723820e+03 | 6.742200e+03 |   0.27%
 43.9s|  2700 |   669 |131979 |  47.9 | 105M|  28 |  53 |2268 | 997 |2268 |1057 |3044 |   0 | 677 | 6.723898e+03 | 6.742200e+03 |   0.27%
 44.6s|  2800 |   675 |134834 |  47.2 | 105M|  28 |   - |2268 | 997 |2268 |1057 |3088 |   0 | 680 | 6.724189e+03 | 6.742200e+03 |   0.27%
 45.6s|  2900 |   675 |138034 |  46.7 | 105M|  28 |   - |2268 | 997 |2268 |1070 |3163 |   0 | 682 | 6.724689e+03 | 6.742200e+03 |   0.26%
 time | node  | left  |LP iter|LP it/n| mem |mdpt |frac |vars |cons |cols |rows |cuts |confs|strbr|  dualbound   | primalbound  |  gap   
 46.2s|  3000 |   687 |140957 |  46.1 | 105M|  28 |   - |2268 | 997 |2268 |1057 |3197 |   0 | 683 | 6.724979e+03 | 6.742200e+03 |   0.26%
 47.2s|  3100 |   697 |144429 |  45.7 | 105M|  28 |  59 |2268 | 997 |2268 |1059 |3270 |   0 | 683 | 6.725739e+03 | 6.742200e+03 |   0.24%
 47.9s|  3200 |   709 |147663 |  45.3 | 105M|  28 |   - |2268 | 997 |2268 |1053 |3319 |   0 | 690 | 6.726028e+03 | 6.742200e+03 |   0.24%
 49.0s|  3300 |   713 |151473 |  45.1 | 106M|  28 |   - |2268 | 997 |2268 |1057 |3422 |   0 | 692 | 6.726329e+03 | 6.742200e+03 |   0.24%
 49.8s|  3400 |   723 |155002 |  44.8 | 106M|  28 |  38 |2268 | 997 |2268 |1052 |3497 |   0 | 696 | 6.726646e+03 | 6.742200e+03 |   0.23%
 50.6s|  3500 |   737 |157868 |  44.4 | 107M|  28 |   - |2268 | 997 |2268 |1059 |3536 |   0 | 697 | 6.726804e+03 | 6.742200e+03 |   0.23%
 51.1s|  3600 |   743 |160221 |  43.8 | 107M|  28 |   - |2268 | 997 |2268 |1064 |3560 |   0 | 697 | 6.727209e+03 | 6.742200e+03 |   0.22%
 51.7s|  3700 |   767 |163039 |  43.4 | 107M|  28 |   - |2268 | 997 |2268 |1060 |3610 |   0 | 700 | 6.727603e+03 | 6.742200e+03 |   0.22%
 52.7s|  3800 |   771 |166316 |  43.1 | 107M|  28 |   - |2268 | 997 |2268 |1067 |3657 |   0 | 707 | 6.728043e+03 | 6.742200e+03 |   0.21%
 53.9s|  3900 |   783 |171651 |  43.3 | 107M|  28 |  64 |2268 | 997 |2268 |1098 |3681 |   0 | 725 | 6.728386e+03 | 6.742200e+03 |   0.21%
 55.1s|  4000 |   771 |177941 |  43.8 | 108M|  28 |   - |2268 | 997 |2268 |1062 |3746 |   0 | 736 | 6.728496e+03 | 6.742200e+03 |   0.20%
 55.7s|  4100 |   769 |180978 |  43.5 | 108M|  28 |  59 |2268 | 997 |2268 |1049 |3788 |   0 | 744 | 6.728556e+03 | 6.742200e+03 |   0.20%
 56.2s|  4200 |   763 |183311 |  43.0 | 108M|  28 |   - |2268 | 997 |2268 |1073 |3810 |   0 | 750 | 6.728667e+03 | 6.742200e+03 |   0.20%
 56.9s|  4300 |   775 |186293 |  42.7 | 108M|  28 |  43 |2268 | 997 |2268 |1073 |3844 |   0 | 776 | 6.729011e+03 | 6.742200e+03 |   0.20%
 57.7s|  4400 |   765 |189276 |  42.4 | 108M|  28 |  53 |2268 | 997 |2268 |1072 |3896 |   0 | 782 | 6.729489e+03 | 6.742200e+03 |   0.19%
 time | node  | left  |LP iter|LP it/n| mem |mdpt |frac |vars |cons |cols |rows |cuts |confs|strbr|  dualbound   | primalbound  |  gap   
 58.3s|  4500 |   747 |192579 |  42.2 | 109M|  28 |   - |2268 | 997 |2268 |1075 |3920 |   0 | 792 | 6.729808e+03 | 6.742200e+03 |   0.18%
 59.0s|  4600 |   747 |195554 |  41.9 | 109M|  28 |  46 |2268 | 997 |2268 |1052 |3958 |   0 | 802 | 6.730101e+03 | 6.742200e+03 |   0.18%
 59.6s|  4700 |   743 |198340 |  41.6 | 109M|  28 |   - |2268 | 997 |2268 |1053 |3988 |   0 | 814 | 6.730342e+03 | 6.742200e+03 |   0.18%
 60.2s|  4800 |   749 |200892 |  41.3 | 109M|  28 |  47 |2268 | 997 |2268 |1056 |4030 |   0 | 823 | 6.730496e+03 | 6.742200e+03 |   0.17%
 60.8s|  4900 |   749 |204302 |  41.2 | 109M|  28 |   - |2268 | 997 |2268 |1054 |4054 |   0 | 829 | 6.730684e+03 | 6.742200e+03 |   0.17%
 61.5s|  5000 |   743 |207248 |  40.9 | 109M|  28 |   - |2268 | 997 |2268 |1058 |4082 |   0 | 847 | 6.730739e+03 | 6.742200e+03 |   0.17%
 62.2s|  5100 |   741 |210185 |  40.7 | 110M|  28 |  40 |2268 | 997 |2268 |1054 |4116 |   0 | 875 | 6.730896e+03 | 6.742200e+03 |   0.17%
 62.7s|  5200 |   729 |212618 |  40.4 | 110M|  28 |   - |2268 | 997 |2268 |1055 |4139 |   0 | 889 | 6.731026e+03 | 6.742200e+03 |   0.17%
 63.4s|  5300 |   727 |215497 |  40.2 | 110M|  28 |   - |2268 | 997 |2268 |1056 |4172 |   0 | 909 | 6.731132e+03 | 6.742200e+03 |   0.16%
 63.9s|  5400 |   717 |217789 |  39.8 | 110M|  28 |  38 |2268 | 997 |2268 |1060 |4191 |   0 | 926 | 6.731167e+03 | 6.742200e+03 |   0.16%
 64.7s|  5500 |   695 |220728 |  39.7 | 111M|  28 |  46 |2268 | 997 |2268 |1062 |4237 |   0 | 941 | 6.731299e+03 | 6.742200e+03 |   0.16%
 65.2s|  5600 |   681 |223082 |  39.4 | 111M|  28 |   - |2268 | 997 |2268 |1052 |4265 |   0 | 949 | 6.731487e+03 | 6.742200e+03 |   0.16%
 65.9s|  5700 |   655 |226249 |  39.2 | 111M|  28 |  39 |2268 | 997 |2268 |1062 |4313 |   0 | 958 | 6.731805e+03 | 6.742200e+03 |   0.15%
 66.6s|  5800 |   635 |228984 |  39.0 | 111M|  28 |   - |2268 | 997 |2268 |1057 |4362 |   0 | 966 | 6.732031e+03 | 6.742200e+03 |   0.15%
 67.3s|  5900 |   631 |231831 |  38.8 | 111M|  28 |  43 |2268 | 997 |2268 |1061 |4400 |   0 | 972 | 6.732200e+03 | 6.742200e+03 |   0.15%
 time | node  | left  |LP iter|LP it/n| mem |mdpt |frac |vars |cons |cols |rows |cuts |confs|strbr|  dualbound   | primalbound  |  gap   
 68.0s|  6000 |   595 |235876 |  38.9 | 111M|  28 |  52 |2268 | 997 |2268 |1058 |4420 |   0 | 979 | 6.732402e+03 | 6.742200e+03 |   0.15%
 68.7s|  6100 |   589 |238248 |  38.6 | 111M|  28 |   - |2268 | 997 |2268 |1068 |4453 |   0 | 989 | 6.732472e+03 | 6.742200e+03 |   0.14%
 69.2s|  6200 |   561 |240729 |  38.4 | 111M|  28 |  50 |2268 | 997 |2268 |1061 |4487 |   0 | 998 | 6.732556e+03 | 6.742200e+03 |   0.14%
 69.9s|  6300 |   545 |244365 |  38.4 | 111M|  28 |  46 |2268 | 997 |2268 |1058 |4509 |   0 |1003 | 6.732626e+03 | 6.742200e+03 |   0.14%
 70.3s|  6400 |   517 |246538 |  38.1 | 111M|  28 |   - |2268 | 997 |2268 |1070 |4522 |   0 |1010 | 6.732941e+03 | 6.742200e+03 |   0.14%
 70.9s|  6500 |   501 |250075 |  38.1 | 111M|  28 |   - |2268 | 997 |2268 |1055 |4527 |   0 |1013 | 6.733214e+03 | 6.742200e+03 |   0.13%
 71.4s|  6600 |   481 |253406 |  38.0 | 111M|  28 |   - |2268 | 997 |2268 |1060 |4535 |   0 |1022 | 6.733484e+03 | 6.742200e+03 |   0.13%
 71.9s|  6700 |   427 |255988 |  37.8 | 111M|  28 |   - |2268 | 997 |2268 |1055 |4544 |   0 |1046 | 6.733915e+03 | 6.742200e+03 |   0.12%
 72.5s|  6800 |   391 |258336 |  37.6 | 111M|  28 |   - |2268 | 997 |2268 |1073 |4556 |   0 |1065 | 6.734204e+03 | 6.742200e+03 |   0.12%
 73.2s|  6900 |   379 |260924 |  37.4 | 112M|  28 |  41 |2268 | 997 |2268 |1054 |4570 |   0 |1084 | 6.734571e+03 | 6.742200e+03 |   0.11%
 73.9s|  7000 |   343 |263539 |  37.3 | 112M|  28 |   - |2268 | 997 |2268 |1098 |4611 |   0 |1104 | 6.734789e+03 | 6.742200e+03 |   0.11%
 74.4s|  7100 |   297 |265951 |  37.1 | 112M|  28 |   - |2268 | 997 |2268 |1065 |4628 |   0 |1116 | 6.735117e+03 | 6.742200e+03 |   0.11%
 74.7s|  7200 |   277 |268121 |  36.9 | 112M|  28 |  44 |2268 | 997 |2268 |1067 |4636 |   0 |1121 | 6.735533e+03 | 6.742200e+03 |   0.10%
 75.4s|  7300 |   265 |270447 |  36.7 | 112M|  28 |   - |2268 | 997 |2268 |1061 |4661 |   0 |1136 | 6.735554e+03 | 6.742200e+03 |   0.10%
 75.9s|  7400 |   251 |272676 |  36.5 | 112M|  28 |  65 |2268 | 997 |2268 |1067 |4673 |   0 |1147 | 6.736037e+03 | 6.742200e+03 |   0.09%
 time | node  | left  |LP iter|LP it/n| mem |mdpt |frac |vars |cons |cols |rows |cuts |confs|strbr|  dualbound   | primalbound  |  gap   
 76.3s|  7500 |   215 |274719 |  36.3 | 112M|  28 |   - |2268 | 997 |2268 |1061 |4692 |   0 |1152 | 6.736235e+03 | 6.742200e+03 |   0.09%
 76.8s|  7600 |   167 |276672 |  36.1 | 114M|  28 |   - |2268 | 997 |2268 |1067 |4703 |   0 |1157 | 6.736475e+03 | 6.742200e+03 |   0.08%
 77.1s|  7700 |   131 |278626 |  35.8 | 114M|  28 |  58 |2268 | 997 |2268 |1059 |4703 |   0 |1160 | 6.736875e+03 | 6.742200e+03 |   0.08%
 77.4s|  7800 |    61 |280345 |  35.6 | 114M|  28 |   - |2268 | 997 |2268 |1114 |4706 |   0 |1164 | 6.737648e+03 | 6.742200e+03 |   0.07%

SCIP Status        : problem is solved [optimal solution found]
Solving Time (sec) : 77.73 (over 6 runs: 77.95)
Solving Nodes      : 7875 (0 reactivated)
Primal Bound       : +6.74220002400000e+03 (26 solutions)
Dual Bound         : +6.74220002400000e+03
Gap                : 0.00 %
SCIP Status        : problem is solved [optimal solution found]
Total Time         :      77.74
  solving          :      77.73
  presolving       :       0.00 (included in solving)
  reading          :       0.01
  copying          :       0.20 (21 #copies) (minimal 0.01, maximal 0.01, average 0.01)
Original Problem   :
  Problem name     : binkar10_1
  Variables        : 2468 (170 binary, 0 integer, 0 implicit integer, 2298 continuous)
  Constraints      : 1366 initial, 1366 maximal
  Objective        : minimize, 1742 non-zeros (abs.min = 0.83, abs.max = 1e+06)
Presolved Problem  :
  Problem name     : t_binkar10_1
  Variables        : 2268 (170 binary, 0 integer, 0 implicit integer, 2098 continuous)
  Constraints      : 996 initial, 997 maximal
  Objective        : minimize, 1542 non-zeros (abs.min = 1.67, abs.max = 1e+06)
Presolvers         :   ExecTime  SetupTime  Calls  FixedVars   AggrVars   ChgTypes  ChgBounds   AddHoles    DelCons    AddCons   ChgSides   ChgCoefs
  boundshift       :       0.00       0.00      0          0          0          0          0          0          0          0          0          0
  convertinttobin  :       0.00       0.00      0          0          0          0          0          0          0          0          0          0
  domcol           :       0.00       0.00      0          0          0          0          0          0          0          0          0          0
  dualagg          :       0.00       0.00      0          0          0          0          0          0          0          0          0          0
  dualcomp         :       0.00       0.00      0          0          0          0          0          0          0          0          0          0
  dualinfer        :       0.00       0.00      0          0          0          0          0          0          0          0          0          0
  gateextraction   :       0.00       0.00      0          0          0          0          0          0          0          0          0          0
  implics          :       0.00       0.00      0          0          0          0          0          0          0          0          0          0
  inttobinary      :       0.00       0.00      0          0          0          0          0          0          0          0          0          0
  qpkktref         :       0.00       0.00      0          0          0          0          0          0          0          0          0          0
  redvub           :       0.00       0.00      0          0          0          0          0          0          0          0          0          0
  sparsify         :       0.00       0.00      0          0          0          0          0          0          0          0          0          0
  stuffing         :       0.00       0.00      0          0          0          0          0          0          0          0          0          0
  symbreak         :       0.00       0.00      0          0          0          0          0          0          0          0          0          0
  symmetry         :       0.00       0.00      0          0          0          0          0          0          0          0          0          0
  trivial          :       0.00       0.00      0          0          0          0          0          0          0          0          0          0
  tworowbnd        :       0.00       0.00      0          0          0          0          0          0          0          0          0          0
  dualfix          :       0.00       0.00      0          0          0          0          0          0          0          0          0          0
  genvbounds       :       0.00       0.00      0          0          0          0          0          0          0          0          0          0
  orbitalfixing    :       0.00       0.00      0          0          0          0          0          0          0          0          0          0
  probing          :       0.00       0.00      0          0          0          0          0          0          0          0          0          0
  pseudoobj        :       0.00       0.00      0          0          0          0          0          0          0          0          0          0
  vbounds          :       0.00       0.00      0          0          0          0          0          0          0          0          0          0
  varbound         :       0.00       0.00      0          0          0          0          0          0          0          0          0          0
  setppc           :       0.00       0.00      0          0          0          0          0          0          0          0          0          0
  linear           :       0.00       0.00      0          0          0          0          0          0          0          0          0          0
  benders          :       0.00       0.00      0          0          0          0          0          0          0          0          0          0
  components       :       0.00       0.00      0          0          0          0          0          0          0          0          0          0
  root node        :          -          -      -          0          -          -          0          -          -          -          -          -
Constraints        :     Number  MaxNumber  #Separate #Propagate    #EnfoLP    #EnfoRelax  #EnfoPS    #Check   #ResProp    Cutoffs    DomReds       Cuts    Applied      Conss   Children
  benderslp        :          0          0          0          0       4388          0          0        200          0          0          0          0          0          0          0
  integral         :          0          0          0          0       4388          0          0        200          0          0        543          0          0          0       8104
  varbound         :          0+       170         21      80234          1          0          0        198          0          0       4241          0          0          0          0
  setppc           :          0+         1          0      66393          0          0          0          0          0          0         48          0          0          0          0
  linear           :          0+       826         21      80235          1          0          0         28          0        111      72584         69         14          0          0
  benders          :          0          0          0          0          1          0          0         26          0          0          0          0          0          0          0
  countsols        :          0          0          0          0          1          0          0         26          0          0          0          0          0          0          0
  components       :          0          0          0          0          0          0          0          0          0          0          0          0          0          0          0
Constraint Timings :  TotalTime  SetupTime   Separate  Propagate     EnfoLP     EnfoPS     EnfoRelax   Check    ResProp    SB-Prop
  benderslp        :       0.00       0.00       0.00       0.00       0.00       0.00       0.00       0.00       0.00       0.00
  integral         :       6.94       0.00       0.00       0.00       6.94       0.00       0.00       0.00       0.00       0.00
  varbound         :       0.05       0.00       0.00       0.05       0.00       0.00       0.00       0.00       0.00       0.01
  setppc           :       0.00       0.00       0.00       0.00       0.00       0.00       0.00       0.00       0.00       0.00
  linear           :       0.46       0.00       0.04       0.40       0.00       0.00       0.00       0.01       0.00       0.02
  benders          :       0.00       0.00       0.00       0.00       0.00       0.00       0.00       0.00       0.00       0.00
  countsols        :       0.00       0.00       0.00       0.00       0.00       0.00       0.00       0.00       0.00       0.00
  components       :       0.00       0.00       0.00       0.00       0.00       0.00       0.00       0.00       0.00       0.00
Propagators        : #Propagate   #ResProp    Cutoffs    DomReds
  dualfix          :          0          0          0          0
  genvbounds       :          0          0          0          0
  nlobbt           :          0          0          0          0
  obbt             :          0          0          0          0
  orbitalfixing    :          0          0          0          0
  probing          :          0          0          0          0
  pseudoobj        :          0          0          0          0
  redcost          :          0          0          0          0
  rootredcost      :          0          0          0          0
  vbounds          :      84624          0          0          0
Propagator Timings :  TotalTime  SetupTime   Presolve  Propagate    ResProp    SB-Prop
  dualfix          :       0.00       0.00       0.00       0.00       0.00       0.00
  genvbounds       :       0.01       0.00       0.00       0.01       0.00       0.00
  nlobbt           :       0.00       0.00       0.00       0.00       0.00       0.00
  obbt             :       0.00       0.00       0.00       0.00       0.00       0.00
  orbitalfixing    :       0.01       0.00       0.00       0.00       0.00       0.00
  probing          :       0.00       0.00       0.00       0.00       0.00       0.00
  pseudoobj        :       0.01       0.00       0.00       0.01       0.00       0.00
  redcost          :       0.01       0.00       0.00       0.01       0.00       0.00
  rootredcost      :       0.01       0.00       0.00       0.01       0.00       0.00
  vbounds          :       0.02       0.00       0.00       0.02       0.00       0.00
Conflict Analysis  :       Time      Calls    Success    DomReds  Conflicts   Literals    Reconvs ReconvLits   Dualrays   Nonzeros   LP Iters   (pool size: [--,--])
  propagation      :       0.00          0          0          -          0        0.0          0        0.0          -          -          -
  infeasible LP    :       0.00         13          1          -          0        0.0          0        0.0          1        2.0          0
  bound exceed. LP :       0.00          0          0          -          0        0.0          0        0.0          0        0.0          0
  strong branching :       0.00          0          0          -          0        0.0          0        0.0          -          -          0
  pseudo solution  :       0.00          0          0          -          0        0.0          0        0.0          -          -          -
  applied globally :       0.00          -          -          0          0        0.0          -          -          1          -          -
  applied locally  :          -          -          -          0          0        0.0          -          -          0          -          -
Separators         :   ExecTime  SetupTime      Calls    Cutoffs    DomReds       Cuts    Applied      Conss
  cut pool         :       9.94                  2871          -          -      28779          -          -    (maximal pool size: 4297)
  aggregation      :       1.73       0.00       1386          0          0          0          0          0
  cgmip            :       0.00       0.00          0          0          0          0          0          0
  clique           :       0.00       0.00         21          0          0          0          0          0
  closecuts        :       0.00       0.00          0          0          0          0          0          0
  cmir             :       0.00       0.00          0          0          0          0       1507          0
  convexproj       :       0.00       0.00          0          0          0          0          0          0
  disjunctive      :       0.00       0.00          0          0          0          0          0          0
  eccuts           :       0.00       0.00          0          0          0          0          0          0
  flowcover        :       0.00       0.00          0          0          0          0         82          0
  gauge            :       0.00       0.00          0          0          0          0          0          0
  gomory           :      16.99       0.00       1341          0          0          0       2028          0
  impliedbounds    :       0.11       0.00       1386          0          0          0          0          0
  intobj           :       0.00       0.00          0          0          0          0          0          0
  mcf              :       0.00       0.00          1          0          0          0          0          0
  oddcycle         :       0.00       0.00          0          0          0          0          0          0
  rapidlearning    :       0.00       0.00          0          0          0          0          0          0
  strongcg         :       0.29       0.00         20          0          0          0          0          0
  zerohalf         :       0.76       0.00       1351          0          0          0       1075          0
Pricers            :   ExecTime  SetupTime      Calls       Vars
  problem variables:       0.00          -          0          0
Branching Rules    :   ExecTime  SetupTime   BranchLP  BranchExt   BranchPS    Cutoffs    DomReds       Cuts      Conss   Children
  allfullstrong    :       0.00       0.00          0          0          0          0          0          0          0          0
  cloud            :       0.00       0.00          0          0          0          0          0          0          0          0
  distribution     :       0.00       0.00          0          0          0          0          0          0          0          0
  fullstrong       :       0.00       0.00          0          0          0          0          0          0          0          0
  inference        :       0.00       0.00          0          0          0          0          0          0          0          0
  leastinf         :       0.00       0.00          0          0          0          0          0          0          0          0
  lookahead        :       0.00       0.00          0          0          0          0          0          0          0          0
  mostinf          :       0.00       0.00          0          0          0          0          0          0          0          0
  multaggr         :       0.00       0.00          0          0          0          0          0          0          0          0
  nodereopt        :       0.00       0.00          0          0          0          0          0          0          0          0
  pscost           :       0.00       0.00          0          0          0          0          0          0          0          0
  random           :       0.00       0.00          0          0          0          0          0          0          0          0
  relpscost        :       6.93       0.00       4387          0          0          0        543          0          0       8104
Primal Heuristics  :   ExecTime  SetupTime      Calls      Found       Best
  LP solutions     :       0.00          -          -          1          1
  relax solutions  :       0.00          -          -          0          0
  pseudo solutions :       0.00          -          -          0          0
  strong branching :       0.01          -          -          0          0
  actconsdiving    :       0.00       0.00          0          0          0
  alns             :       0.26       0.00          8          3          3
  bound            :       0.00       0.00          0          0          0
  clique           :       0.00       0.00          1          0          0
  coefdiving       :       0.39       0.00         60          0          0
  completesol      :       0.00       0.00          0          0          0
  conflictdiving   :       0.00       0.00          0          0          0
  crossover        :       0.08       0.00          1          1          1
  dins             :       0.00       0.00          0          0          0
  distributiondivin:       0.87       0.00         60          0          0
  dualval          :       0.00       0.00          0          0          0
  farkasdiving     :       0.12       0.00          1          0          0
  feaspump         :       0.03       0.00          1          1          0
  fixandinfer      :       0.00       0.00          0          0          0
  fracdiving       :       0.35       0.00         60          0          0
  gins             :       0.15       0.00          5          0          0
  guideddiving     :       0.37       0.00         60          0          0
  indicator        :       0.00       0.00          0          0          0
  intdiving        :       0.00       0.00          0          0          0
  intshifting      :       0.10       0.00         14          0          0
  linesearchdiving :       0.44       0.00         61          0          0
  localbranching   :       0.00       0.00          0          0          0
  locks            :       0.01       0.00          1          0          0
  lpface           :       0.00       0.00          0          0          0
  mpec             :       0.00       0.00          0          0          0
  multistart       :       0.00       0.00          0          0          0
  mutation         :       0.00       0.00          0          0          0
  nlpdiving        :       0.00       0.00          0          0          0
  objpscostdiving  :       1.29       0.00          9          7          0
  octane           :       0.00       0.00          0          0          0
  ofins            :       0.00       0.00          0          0          0
  oneopt           :       0.01       0.00          8          0          0
  proximity        :       0.00       0.00          0          0          0
  pscostdiving     :       0.67       0.00         60          1          1
  randrounding     :       0.04       0.00        181          0          0
  rens             :       0.00       0.00          0          0          0
  reoptsols        :       0.00       0.00          1          1          1
  repair           :       0.00       0.00          0          0          0
  rins             :       0.81       0.00          8          8          1
  rootsoldiving    :       1.09       0.00         11          3          0
  rounding         :       0.03       0.00       1026          0          0
  shiftandpropagate:       0.00       0.00          0          0          0
  shifting         :       0.35       0.00        554          0          0
  simplerounding   :       0.00       0.00          0          0          0
  subnlp           :       0.00       0.00          0          0          0
  trivial          :       0.00       0.00          1          0          0
  trivialnegation  :       0.00       0.00          0          0          0
  trysol           :       0.00       0.00          0          0          0
  twoopt           :       0.00       0.00          0          0          0
  undercover       :       0.00       0.00          0          0          0
  vbounds          :       0.00       0.00          0          0          0
  veclendiving     :       0.43       0.00         60          0          0
  zeroobj          :       0.00       0.00          0          0          0
  zirounding       :       0.02       0.00       1000          0          0
  other solutions  :          -          -          -          0          -
Diving Statistics  :      Calls      Nodes   LP Iters Backtracks  Conflicts   MinDepth   MaxDepth   AvgDepth  RoundSols  NLeafSols  MinSolDpt  MaxSolDpt  AvgSolDpt
  actconsdiving    :          0          -          -          -          -          -          -          -          -          -          -          -          -
  coefdiving       :         60       2004        976        183          0         31         57       43.8          0          -          -          -          -
  conflictdiving   :          0          -          -          -          -          -          -          -          -          -          -          -          -
  distributiondivin:         60        477       1024         60          0         12         29       20.3          0          -          -          -          -
  farkasdiving     :          1         32        834          5          0         28         28       28.0          0          -          -          -          -
  fracdiving       :         60       1652        630        143          0         22         55       39.1          0          -          -          -          -
  guideddiving     :         60       1778        582        163          0         27         55       39.8          0          -          -          -          -
  linesearchdiving :         61       1611       1244        175          0         21         56       36.3          0          -          -          -          -
  pscostdiving     :         60       1074       4009         59          0         18         53       30.8          0          1         44         44       44.0
  veclendiving     :         60       1650       1016        175          0         25         50       38.4          0          -          -          -          -
Neighborhoods      :      Calls  SetupTime  SolveTime SolveNodes       Sols       Best       Exp3  EpsGreedy        UCB TgtFixRate  Opt  Inf Node Stal  Sol  Usr Othr Actv
  rens             :          1       0.00       0.00          0          0          0    0.00000   -1.00000    0.05929      0.900    0    0    0    0    0    0    1    1
  rins             :          1       0.01       0.01          5          0          0    0.00000   -1.00000    0.55429      0.700    0    1    0    0    0    0    0    1
  mutation         :          1       0.02       0.01          7          1          1    0.00000   -1.00000    0.97084      0.700    1    0    0    0    0    0    0    1
  localbranching   :          1       0.01       0.01          9          0          0    0.00000   -1.00000    0.55029      0.700    0    1    0    0    0    0    0    1
  crossover        :          1       0.01       0.03         35          0          0    0.00000   -1.00000    0.52429      0.700    0    1    0    0    0    0    0    1
  proximity        :          1       0.01       0.03          1          1          1    0.00000   -1.00000    0.95989      0.700    1    0    0    0    0    0    0    1
  zeroobjective    :          1       0.01       0.03          3          0          0    0.00000   -1.00000    0.55629      0.700    0    1    0    0    0    0    0    1
  dins             :          1       0.01       0.02          9          1          1    0.00000   -1.00000    0.97891      0.700    1    0    0    0    0    0    0    1
Tree Compressions  :   ExecTime  SetupTime      Calls      Found
  largestrepr      :       0.00       0.00          0          0
  weakcompr        :       0.00       0.00          0          0
LP                 :       Time      Calls Iterations  Iter/call   Iter/sec  Time-0-It Calls-0-It    ItLimit
  primal LP        :       1.14       1324          0       0.00       0.00       1.14       1324
  dual LP          :      27.23       9664     244697      25.34    8986.40       0.00          9
  lex dual LP      :       0.00          0          0       0.00          -
  barrier LP       :       0.00          0          0       0.00          -       0.00          0
  resolve instable :       0.00          0          0       0.00          -
  diving/probing LP:       4.91       2158      36649      16.98    7462.98
  strong branching :       5.47       1165      46518      39.93    8509.02          -          -         88
    (at root node) :          -         26       2607     100.27          -
  conflict analysis:       0.00          0          0       0.00          -
B&B Tree           :
  number of runs   :          0
  nodes            :       7875 (4052 internal, 3823 leaves)
  feasible leaves  :          1
  infeas. leaves   :          0
  objective leaves :       3822
  nodes (total)    :       7875 (4052 internal, 3823 leaves)
  nodes left       :          0
  max depth        :         28
  max depth (total):         28
  backtracks       :       2901 (36.8%)
  early backtracks :          0 (0.0%)
  nodes exc. ref.  :          0 (0.0%)
  delayed cutoffs  :          0
  repropagations   :          0 (0 domain reductions, 0 cutoffs)
  avg switch length:       7.77
  switching time   :       1.89
Root Node          :
  First LP value   : +6.63718802694375e+03
  First LP Iters   :       1782 (42317.74 Iter/sec)
  First LP Time    :       0.04
  Final Dual Bound : +6.71140035320213e+03
  Final Root Iters :       2687
  Root LP Estimate : +6.78745445571488e+03
Solution           :
  Solutions found  :         26 (8 improvements)
  First Solution   : +6.82640001800000e+03   (in run 0, after 1 nodes, 0.00 seconds, depth 0, found by <reoptsols>)
  Gap First Sol.   :   infinite
  Gap Last Sol.    :       0.40 %
  Primal Bound     : +6.74220002400000e+03   (in run 0, after 694 nodes, 18.38 seconds, depth 24, found by <crossover>)
  Dual Bound       : +6.74220002400000e+03
  Gap              :       0.00 %
  Avg. Gap         :       0.45 % (35.10 primal-dual integral)
NoError here ! 
./script6: line 19: 19020 Segmentation fault      (core dumped) ./repair/build/repair $file $i $u $k $gap

real	1m18.656s
user	1m16.360s
sys	0m1.617s
