parameters: binkar10_1_10_1_3_0.030000 

SCIP version 6.0.1 [precision: 8 byte] [memory: block] [mode: optimized] [LP solver: SoPlex 4.0.1] [GitHash: a27ecc0]
Copyright (C) 2002-2019 Konrad-Zuse-Zentrum fuer Informationstechnik Berlin (ZIB)

read problem <instances/binkar10_1.mps> ...

original problem has 2298 variables (170 bin, 0 int, 0 impl, 2128 cont) and 1026 constraints
read solution <10solution/binkar10_1_1.sol> ...

check the feasibility of <10solution/binkar10_1_1.sol> for problem <instances/binkar10_1.mps> ...

  [linear] <R0114>:  -<C0004>[C] (+1) -<C1486>[C] (+0) +<C2132>[B] (+0) == 0;
;
violation: left hand side is violated by 1
  [linear] <R0148>:  -<C0121>[C] (+1) -<C1583>[C] (+0) +<C2166>[B] (+0) == 0;
;
violation: left hand side is violated by 1
  [linear] <R0246>:  -<C0569>[C] (+1) -<C1983>[C] (+0) +<C2264>[B] (+0) == 0;
;
violation: left hand side is violated by 1
The solution <10solution/binkar10_1_1.sol> is not feasible to <instances/binkar10_1.mps> 

Tring to reoptimize the problem <instances/binkar10_1.mps> ...  

obj = 6678.860023, k = 3, alpha = 6678.860023 

n = 2298 

Start to add variable y and new constraints 

y have been released ! 

Finish to create the y and constraint ! 

n = 2298,  j = 170 ! 

set all parameters to default! 

Reoptimization is enabled! 

Reoptimization parameter have been setted ! 

Stop parameter have been setted ! 

Memory for coefs have allocated ! 

Coefficients have been captured ! 

alpha = 6678.860023, n = 2468, j = 170, m = 3 
This is the 1-th iteration ! 

presolving:
(round 1, fast)       200 del vars, 370 del conss, 0 add conss, 2128 chg bounds, 0 chg sides, 0 chg coeffs, 0 upgd conss, 0 impls, 0 clqs
(round 2, exhaustive) 200 del vars, 370 del conss, 0 add conss, 2128 chg bounds, 0 chg sides, 0 chg coeffs, 170 upgd conss, 0 impls, 0 clqs
   (0.0s) probing cycle finished: starting next cycle
presolving (3 rounds: 3 fast, 2 medium, 2 exhaustive):
 200 deleted vars, 370 deleted constraints, 0 added constraints, 2128 tightened bounds, 0 added holes, 0 changed sides, 0 changed coefficients
 2127 implications, 10 cliques
presolved problem has 2268 variables (170 bin, 0 int, 0 impl, 2098 cont) and 996 constraints
    170 constraints of type <varbound>
    826 constraints of type <linear>
Presolving Time: 0.03

 time | node  | left  |LP iter|LP it/n| mem |mdpt |frac |vars |cons |cols |rows |cuts |confs|strbr|  dualbound   | primalbound  |  gap   
k 0.0s|     1 |     0 |   140 |     - |  14M|   0 |   - |2268 | 996 |2268 | 996 |   0 |   0 |   0 |-2.049482e+04 | 1.488990e+05 |    Inf 
* 0.1s|     1 |     0 |  1684 |     - |  14M|   0 |   - |2268 | 996 |2268 | 996 |   0 |   0 |   0 | 2.018412e+04 | 2.018412e+04 |   0.00%
  0.1s|     1 |     0 |  1684 |     - |  14M|   0 |   - |2268 | 996 |2268 | 996 |   0 |   0 |   0 | 2.018412e+04 | 2.018412e+04 |   0.00%

SCIP Status        : problem is solved [optimal solution found]
Solving Time (sec) : 0.07 (over 1 runs: 0.07)
Solving Nodes      : 1 (0 reactivated)
Primal Bound       : +2.01841200640000e+04 (2 solutions)
Dual Bound         : +2.01841200640000e+04
Gap                : 0.00 %
Coefs have been resetted!! 

Problem have been changed !! 

alpha = 4452.573349, n = 2468, j = 170, m = 2 
This is the 2-th iteration ! 

new objective has similarity of 0.999995 compared to previous.

 time | node  | left  |LP iter|LP it/n| mem |mdpt |frac |vars |cons |cols |rows |cuts |confs|strbr|  dualbound   | primalbound  |  gap   
J 0.0s|     1 |     0 |     0 |     - |  15M|   0 |   - |2268 | 996 |   0 |   0 |   0 |   0 |   0 |-2.049482e+04 | 1.573155e+04 |    Inf 
  0.0s|     1 |     0 |  1478 |     - |  15M|   0 |   - |2268 | 996 |2268 | 996 |   0 |   0 |   0 | 1.573155e+04 | 1.573155e+04 |   0.00%

SCIP Status        : problem is solved [optimal solution found]
Solving Time (sec) : 0.03 (over 2 runs: 0.10)
Solving Nodes      : 1 (0 reactivated)
Primal Bound       : +1.57315467153333e+04 (1 solutions)
Dual Bound         : +1.57315467153333e+04
Gap                : 0.00 %
Coefs have been resetted!! 

Problem have been changed !! 

alpha = 1484.191116, n = 2468, j = 170, m = 1 
This is the 3-th iteration ! 

new objective has similarity of 0.999992 compared to previous.

 time | node  | left  |LP iter|LP it/n| mem |mdpt |frac |vars |cons |cols |rows |cuts |confs|strbr|  dualbound   | primalbound  |  gap   
J 0.0s|     1 |     0 |     0 |     - |  15M|   0 |   - |2268 | 996 |   0 |   0 |   0 |   0 |   0 |-2.049482e+04 | 9.794782e+03 |    Inf 
  0.0s|     1 |     0 |  1478 |     - |  15M|   0 |   - |2268 | 996 |2268 | 996 |   0 |   0 |   0 | 9.794782e+03 | 9.794782e+03 |   0.00%

SCIP Status        : problem is solved [optimal solution found]
Solving Time (sec) : 0.03 (over 3 runs: 0.13)
Solving Nodes      : 1 (0 reactivated)
Primal Bound       : +9.79478225044444e+03 (1 solutions)
Dual Bound         : +9.79478225044444e+03
Gap                : 0.00 %
Coefs have been resetted!! 

Problem have been changed !! 

This is the last iteration 


alpha = 0.000000  
new objective has similarity of 0.999998 compared to previous.

 time | node  | left  |LP iter|LP it/n| mem |mdpt |frac |vars |cons |cols |rows |cuts |confs|strbr|  dualbound   | primalbound  |  gap   
J 0.0s|     1 |     0 |     0 |     - |  15M|   0 |   - |2268 | 996 |   0 |   0 |   0 |   0 |   0 |-2.049482e+04 | 6.826400e+03 |    Inf 
  0.1s|     1 |     0 |  2060 |     - |  15M|   0 |  38 |2268 | 996 |2268 | 996 |   0 |   0 |   0 | 6.637188e+03 | 6.826400e+03 |   2.85%
  0.1s|     1 |     0 |  2135 |     - |  15M|   0 |  37 |2268 | 996 |2268 |1006 |  10 |   0 |   0 | 6.644706e+03 | 6.826400e+03 |   2.73%
  0.1s|     1 |     0 |  2193 |     - |  16M|   0 |  61 |2268 | 996 |2268 |1016 |  20 |   0 |   0 | 6.648093e+03 | 6.826400e+03 |   2.68%
  0.1s|     1 |     0 |  2227 |     - |  17M|   0 |  71 |2268 | 996 |2268 |1021 |  25 |   0 |   0 | 6.650577e+03 | 6.826400e+03 |   2.64%
  0.2s|     1 |     0 |  2278 |     - |  18M|   0 |  78 |2268 | 996 |2268 |1027 |  31 |   0 |   0 | 6.655426e+03 | 6.826400e+03 |   2.57%
  0.2s|     1 |     0 |  2480 |     - |  19M|   0 |  73 |2268 | 996 |2268 |1033 |  37 |   0 |   0 | 6.666746e+03 | 6.826400e+03 |   2.39%
  0.3s|     1 |     0 |  2547 |     - |  19M|   0 |  90 |2268 | 996 |2268 |1040 |  44 |   0 |   0 | 6.670979e+03 | 6.826400e+03 |   2.33%
  0.3s|     1 |     0 |  2664 |     - |  23M|   0 |  86 |2268 | 996 |2268 |1049 |  53 |   0 |   0 | 6.691657e+03 | 6.826400e+03 |   2.01%
  0.4s|     1 |     0 |  2731 |     - |  23M|   0 |  86 |2268 | 996 |2268 |1056 |  60 |   0 |   0 | 6.694720e+03 | 6.826400e+03 |   1.97%
  0.4s|     1 |     0 |  2778 |     - |  23M|   0 |  88 |2268 | 996 |2268 |1061 |  65 |   0 |   0 | 6.698320e+03 | 6.826400e+03 |   1.91%
  0.5s|     1 |     0 |  2814 |     - |  25M|   0 |  71 |2268 | 996 |2268 |1065 |  69 |   0 |   0 | 6.704445e+03 | 6.826400e+03 |   1.82%
  0.5s|     1 |     0 |  2849 |     - |  26M|   0 |  75 |2268 | 996 |2268 |1068 |  72 |   0 |   0 | 6.705954e+03 | 6.826400e+03 |   1.80%
  0.5s|     1 |     0 |  2860 |     - |  26M|   0 |  73 |2268 | 996 |2268 |1069 |  73 |   0 |   0 | 6.706282e+03 | 6.826400e+03 |   1.79%
  0.6s|     1 |     0 |  2886 |     - |  26M|   0 |  84 |2268 | 996 |2268 |1071 |  75 |   0 |   0 | 6.706844e+03 | 6.826400e+03 |   1.78%
 time | node  | left  |LP iter|LP it/n| mem |mdpt |frac |vars |cons |cols |rows |cuts |confs|strbr|  dualbound   | primalbound  |  gap   
  0.6s|     1 |     0 |  2911 |     - |  26M|   0 |  72 |2268 | 996 |2268 |1072 |  76 |   0 |   0 | 6.707142e+03 | 6.826400e+03 |   1.78%
  0.6s|     1 |     0 |  2923 |     - |  26M|   0 |  73 |2268 | 996 |2268 |1076 |  80 |   0 |   0 | 6.707452e+03 | 6.826400e+03 |   1.77%
  0.6s|     1 |     0 |  2931 |     - |  26M|   0 |  83 |2268 | 996 |2268 |1062 |  82 |   0 |   0 | 6.707583e+03 | 6.826400e+03 |   1.77%
  0.6s|     1 |     0 |  2938 |     - |  26M|   0 |  83 |2268 | 996 |2268 |1063 |  83 |   0 |   0 | 6.707604e+03 | 6.826400e+03 |   1.77%
E 2.6s|     1 |     0 |  4489 |     - |  27M|   0 |  83 |2268 | 996 |2268 |1063 |  83 |   0 |   0 | 6.707604e+03 | 6.754230e+03 |   0.70%
  2.6s|     1 |     0 |  4489 |     - |  27M|   0 |  83 |2268 | 996 |2268 |1063 |  83 |   0 |   0 | 6.707604e+03 | 6.754230e+03 |   0.70%
  2.7s|     1 |     0 |  4492 |     - |  27M|   0 |  84 |2268 | 996 |2268 |1065 |  85 |   0 |   0 | 6.707645e+03 | 6.754230e+03 |   0.69%
  3.0s|     1 |     2 |  4492 |     - |  27M|   0 |  84 |2268 | 996 |2268 |1065 |  85 |   0 |  35 | 6.709853e+03 | 6.754230e+03 |   0.66%
  7.6s|   100 |    83 | 10535 |  78.9 |  51M|  19 |  27 |2268 | 996 |2268 |1046 | 195 |   0 | 542 | 6.711769e+03 | 6.754230e+03 |   0.63%
L 8.7s|   180 |   139 | 14065 |  63.3 |  63M|  22 |   8 |2268 | 996 |2268 |1047 | 250 |   0 | 569 | 6.711769e+03 | 6.753805e+03 |   0.63%
  9.1s|   200 |   147 | 15080 |  62.1 |  67M|  22 |   - |2268 | 996 |2268 |1051 | 277 |   0 | 572 | 6.711769e+03 | 6.753805e+03 |   0.63%
 10.1s|   300 |   209 | 18772 |  53.7 |  71M|  22 |  37 |2268 | 996 |2268 |1046 | 358 |   0 | 585 | 6.712464e+03 | 6.753805e+03 |   0.62%
N11.0s|   380 |   154 | 21324 |  49.1 |  74M|  22 |  54 |2268 | 996 |2268 |1049 | 422 |   0 | 593 | 6.712464e+03 | 6.742200e+03 |   0.44%
 11.2s|   400 |   166 | 21979 |  48.3 |  74M|  22 |  11 |2268 | 996 |2268 |1051 | 431 |   0 | 594 | 6.712464e+03 | 6.742200e+03 |   0.44%
 12.0s|   500 |   196 | 26473 |  47.6 |  75M|  22 |  42 |2268 | 996 |2268 |1051 | 494 |   0 | 601 | 6.712896e+03 | 6.742200e+03 |   0.44%
 time | node  | left  |LP iter|LP it/n| mem |mdpt |frac |vars |cons |cols |rows |cuts |confs|strbr|  dualbound   | primalbound  |  gap   
 13.9s|   600 |   254 | 36530 |  56.4 |  78M|  22 |   - |2268 | 996 |2268 |1051 | 665 |   0 | 605 | 6.713764e+03 | 6.742200e+03 |   0.42%
 15.6s|   700 |   294 | 41989 |  56.2 |  81M|  22 |  38 |2268 | 996 |2268 |1056 | 805 |   0 | 614 | 6.714236e+03 | 6.742200e+03 |   0.42%
 16.6s|   800 |   328 | 48933 |  57.8 |  81M|  22 |  45 |2268 | 996 |2268 |1044 | 855 |   0 | 621 | 6.716493e+03 | 6.742200e+03 |   0.38%
 18.5s|   900 |   368 | 54813 |  57.9 |  87M|  22 |  31 |2268 | 996 |2268 |1052 |1038 |   0 | 623 | 6.717524e+03 | 6.742200e+03 |   0.37%
 19.3s|  1000 |   396 | 58997 |  56.3 |  87M|  22 |  39 |2268 | 996 |2268 |1057 |1119 |   0 | 628 | 6.717577e+03 | 6.742200e+03 |   0.37%
 20.6s|  1100 |   416 | 63468 |  55.3 |  88M|  24 |  51 |2268 | 996 |2268 |1050 |1242 |   0 | 632 | 6.718195e+03 | 6.742200e+03 |   0.36%
 21.8s|  1200 |   446 | 67388 |  53.9 |  88M|  24 |  52 |2268 | 996 |2268 |1057 |1338 |   0 | 636 | 6.718925e+03 | 6.742200e+03 |   0.35%
 23.6s|  1300 |   500 | 72766 |  53.9 |  92M|  24 |  61 |2268 | 996 |2268 |1049 |1480 |   0 | 639 | 6.719291e+03 | 6.742200e+03 |   0.34%
 25.3s|  1400 |   528 | 77956 |  53.8 |  95M|  24 |  52 |2268 | 996 |2268 |1047 |1637 |   0 | 648 | 6.719577e+03 | 6.742200e+03 |   0.34%
 26.9s|  1500 |   538 | 83794 |  54.1 |  96M|  24 |  29 |2268 | 996 |2268 |1047 |1770 |   0 | 654 | 6.720572e+03 | 6.742200e+03 |   0.32%
 29.3s|  1600 |   556 | 90990 |  55.2 | 101M|  24 |  39 |2268 | 996 |2268 |1052 |1999 |   0 | 654 | 6.720994e+03 | 6.742200e+03 |   0.32%
 30.4s|  1700 |   592 | 96115 |  55.0 | 103M|  24 |  21 |2268 | 996 |2268 |1052 |2073 |   0 | 666 | 6.721665e+03 | 6.742200e+03 |   0.31%
 31.4s|  1800 |   596 |100517 |  54.4 | 103M|  24 |   - |2268 | 996 |2268 |1057 |2167 |   0 | 666 | 6.721805e+03 | 6.742200e+03 |   0.30%
 32.0s|  1900 |   616 |104160 |  53.4 | 104M|  24 |   - |2268 | 996 |2268 |1056 |2216 |   0 | 669 | 6.721942e+03 | 6.742200e+03 |   0.30%
 32.8s|  2000 |   646 |107157 |  52.2 | 104M|  24 |  41 |2268 | 996 |2268 |1054 |2274 |   0 | 672 | 6.722552e+03 | 6.742200e+03 |   0.29%
 time | node  | left  |LP iter|LP it/n| mem |mdpt |frac |vars |cons |cols |rows |cuts |confs|strbr|  dualbound   | primalbound  |  gap   
 33.8s|  2100 |   652 |110840 |  51.5 | 104M|  24 |   - |2268 | 996 |2268 |1051 |2387 |   0 | 675 | 6.722863e+03 | 6.742200e+03 |   0.29%
 35.7s|  2200 |   666 |116273 |  51.6 | 104M|  24 |   - |2268 | 996 |2268 |1061 |2605 |   0 | 679 | 6.723286e+03 | 6.742200e+03 |   0.28%
 37.2s|  2300 |   686 |121077 |  51.5 | 104M|  24 |  41 |2268 | 996 |2268 |1057 |2752 |   0 | 685 | 6.723524e+03 | 6.742200e+03 |   0.28%
 38.3s|  2400 |   698 |125195 |  51.0 | 105M|  24 |  53 |2268 | 996 |2268 |1053 |2849 |   0 | 688 | 6.724081e+03 | 6.742200e+03 |   0.27%
 39.5s|  2500 |   714 |130096 |  51.0 | 106M|  24 |   - |2268 | 996 |2268 |1059 |2960 |   0 | 693 | 6.724379e+03 | 6.742200e+03 |   0.27%
 40.4s|  2600 |   726 |133507 |  50.3 | 106M|  24 |   - |2268 | 996 |2268 |1090 |3043 |   0 | 698 | 6.725067e+03 | 6.742200e+03 |   0.25%
 41.8s|  2700 |   732 |138347 |  50.2 | 106M|  24 |   - |2268 | 996 |2268 |1057 |3177 |   0 | 701 | 6.725368e+03 | 6.742200e+03 |   0.25%
 42.8s|  2800 |   718 |141870 |  49.7 | 106M|  24 |  51 |2268 | 996 |2268 |1051 |3279 |   0 | 705 | 6.725663e+03 | 6.742200e+03 |   0.25%
 44.3s|  2900 |   726 |148005 |  50.1 | 108M|  24 |  32 |2268 | 996 |2268 |1052 |3422 |   0 | 706 | 6.725917e+03 | 6.742200e+03 |   0.24%
 45.0s|  3000 |   710 |151308 |  49.5 | 108M|  24 |   - |2268 | 996 |2268 |1103 |3494 |   0 | 706 | 6.725955e+03 | 6.742200e+03 |   0.24%
 45.8s|  3100 |   698 |154452 |  49.0 | 108M|  24 |  31 |2268 | 996 |2268 |1055 |3560 |   0 | 707 | 6.726119e+03 | 6.742200e+03 |   0.24%
 46.5s|  3200 |   692 |156853 |  48.2 | 108M|  24 |   - |2268 | 996 |2268 |1061 |3610 |   0 | 707 | 6.726248e+03 | 6.742200e+03 |   0.24%
 47.2s|  3300 |   690 |161336 |  48.1 | 108M|  24 |   - |2268 | 996 |2268 |1059 |3666 |   0 | 710 | 6.726389e+03 | 6.742200e+03 |   0.24%
 48.3s|  3400 |   706 |164611 |  47.6 | 108M|  24 |   - |2268 | 996 |2268 |1055 |3765 |   0 | 712 | 6.726896e+03 | 6.742200e+03 |   0.23%
 48.9s|  3500 |   698 |167316 |  47.0 | 109M|  24 |  50 |2268 | 996 |2268 |1058 |3812 |   0 | 716 | 6.727119e+03 | 6.742200e+03 |   0.22%
 time | node  | left  |LP iter|LP it/n| mem |mdpt |frac |vars |cons |cols |rows |cuts |confs|strbr|  dualbound   | primalbound  |  gap   
 49.8s|  3600 |   678 |170280 |  46.6 | 109M|  24 |   - |2268 | 996 |2268 |1061 |3899 |   0 | 720 | 6.727304e+03 | 6.742200e+03 |   0.22%
 50.6s|  3700 |   662 |173686 |  46.2 | 109M|  24 |   - |2268 | 996 |2268 |1057 |3977 |   0 | 722 | 6.727629e+03 | 6.742200e+03 |   0.22%
 51.4s|  3800 |   648 |176773 |  45.8 | 109M|  24 |   - |2268 | 996 |2268 |1085 |4038 |   0 | 722 | 6.727878e+03 | 6.742200e+03 |   0.21%
 52.3s|  3900 |   646 |180012 |  45.5 | 110M|  24 |  39 |2268 | 996 |2268 |1073 |4112 |   0 | 723 | 6.728486e+03 | 6.742200e+03 |   0.20%
 52.9s|  4000 |   628 |182580 |  45.0 | 110M|  24 |  46 |2268 | 996 |2268 |1063 |4158 |   0 | 727 | 6.728552e+03 | 6.742200e+03 |   0.20%
 53.7s|  4100 |   620 |185621 |  44.6 | 110M|  24 |   - |2268 | 996 |2268 |1061 |4229 |   0 | 729 | 6.728786e+03 | 6.742200e+03 |   0.20%
 54.3s|  4200 |   610 |188322 |  44.2 | 110M|  24 |   - |2268 | 996 |2268 |1057 |4272 |   0 | 732 | 6.729022e+03 | 6.742200e+03 |   0.20%
 54.8s|  4300 |   602 |191036 |  43.8 | 110M|  24 |   - |2268 | 996 |2268 |1057 |4301 |   0 | 734 | 6.729441e+03 | 6.742200e+03 |   0.19%
 55.5s|  4400 |   600 |193951 |  43.5 | 110M|  24 |   - |2268 | 996 |2268 |1051 |4364 |   0 | 734 | 6.729506e+03 | 6.742200e+03 |   0.19%
 56.5s|  4500 |   568 |197131 |  43.2 | 111M|  24 |   - |2268 | 996 |2268 |1073 |4450 |   0 | 756 | 6.729888e+03 | 6.742200e+03 |   0.18%
 57.0s|  4600 |   568 |199623 |  42.8 | 111M|  24 |   - |2268 | 996 |2268 |1057 |4489 |   0 | 766 | 6.730212e+03 | 6.742200e+03 |   0.18%
 58.3s|  4700 |   528 |203480 |  42.7 | 111M|  24 |   - |2268 | 996 |2268 |1078 |4614 |   0 | 789 | 6.730585e+03 | 6.742200e+03 |   0.17%
 58.8s|  4800 |   514 |206140 |  42.4 | 111M|  24 |  45 |2268 | 996 |2268 |1055 |4646 |   0 | 809 | 6.731513e+03 | 6.742200e+03 |   0.16%
 59.1s|  4900 |   500 |208242 |  42.0 | 111M|  24 |   - |2268 | 996 |2268 |1053 |4661 |   0 | 811 | 6.731709e+03 | 6.742200e+03 |   0.16%
 59.6s|  5000 |   480 |210379 |  41.5 | 111M|  24 |  58 |2268 | 996 |2268 |1059 |4675 |   0 | 825 | 6.731742e+03 | 6.742200e+03 |   0.16%
 time | node  | left  |LP iter|LP it/n| mem |mdpt |frac |vars |cons |cols |rows |cuts |confs|strbr|  dualbound   | primalbound  |  gap   
 60.0s|  5100 |   468 |212937 |  41.2 | 111M|  24 |   - |2268 | 996 |2268 |1063 |4689 |   0 | 835 | 6.732237e+03 | 6.742200e+03 |   0.15%
 60.5s|  5200 |   444 |215322 |  40.9 | 112M|  24 |  35 |2268 | 996 |2268 |1119 |4716 |   0 | 837 | 6.732447e+03 | 6.742200e+03 |   0.14%
 60.9s|  5300 |   424 |217809 |  40.6 | 112M|  24 |   - |2268 | 996 |2268 |1061 |4761 |   0 | 839 | 6.732589e+03 | 6.742200e+03 |   0.14%
 61.5s|  5400 |   408 |220499 |  40.3 | 112M|  24 |  32 |2268 | 996 |2268 |1060 |4786 |   0 | 843 | 6.732673e+03 | 6.742200e+03 |   0.14%
 61.9s|  5500 |   380 |222687 |  40.0 | 112M|  24 |  53 |2268 | 996 |2268 |1064 |4822 |   0 | 844 | 6.732745e+03 | 6.742200e+03 |   0.14%
 62.8s|  5600 |   352 |225004 |  39.7 | 112M|  25 |   - |2268 | 996 |2268 |1054 |4874 |   0 | 850 | 6.733673e+03 | 6.742200e+03 |   0.13%
 63.2s|  5700 |   330 |228169 |  39.6 | 112M|  25 |  37 |2268 | 996 |2268 |1060 |4881 |   0 | 857 | 6.733863e+03 | 6.742200e+03 |   0.12%
 63.5s|  5800 |   294 |230004 |  39.2 | 112M|  25 |   - |2268 | 996 |2268 |1057 |4883 |   0 | 859 | 6.734154e+03 | 6.742200e+03 |   0.12%
 63.9s|  5900 |   282 |232578 |  39.0 | 112M|  25 |  34 |2268 | 996 |2268 |1057 |4894 |   0 | 873 | 6.734445e+03 | 6.742200e+03 |   0.12%
 64.3s|  6000 |   258 |234701 |  38.7 | 112M|  25 |   - |2268 | 996 |2268 |1063 |4907 |   0 | 904 | 6.734675e+03 | 6.742200e+03 |   0.11%
 64.7s|  6100 |   220 |237067 |  38.4 | 112M|  25 |   - |2268 | 996 |2268 |1072 |4907 |   0 | 913 | 6.735249e+03 | 6.742200e+03 |   0.10%
 65.2s|  6200 |   182 |239327 |  38.2 | 113M|  25 |   - |2268 | 996 |2268 |1057 |4942 |   0 | 933 | 6.735479e+03 | 6.742200e+03 |   0.10%
 65.7s|  6300 |   156 |241641 |  37.9 | 113M|  25 |  53 |2268 | 996 |2268 |1058 |4959 |   0 | 953 | 6.736065e+03 | 6.742200e+03 |   0.09%
 66.3s|  6400 |   124 |245547 |  37.9 | 113M|  25 |  43 |2268 | 996 |2268 |1054 |4967 |   0 | 974 | 6.736369e+03 | 6.742200e+03 |   0.09%
 66.8s|  6500 |    72 |247847 |  37.7 | 113M|  25 |   - |2268 | 996 |2268 |1067 |4975 |   0 | 992 | 6.736806e+03 | 6.742200e+03 |   0.08%

SCIP Status        : problem is solved [optimal solution found]
Solving Time (sec) : 67.06 (over 4 runs: 67.20)
Solving Nodes      : 6586 (0 reactivated)
Primal Bound       : +6.74220002400000e+03 (17 solutions)
Dual Bound         : +6.74220002400000e+03
Gap                : 0.00 %
SCIP Status        : problem is solved [optimal solution found]
Total Time         :      67.07
  solving          :      67.06
  presolving       :       0.00 (included in solving)
  reading          :       0.01
  copying          :       0.12 (14 #copies) (minimal 0.01, maximal 0.01, average 0.01)
Original Problem   :
  Problem name     : binkar10_1
  Variables        : 2468 (170 binary, 0 integer, 0 implicit integer, 2298 continuous)
  Constraints      : 1366 initial, 1366 maximal
  Objective        : minimize, 1742 non-zeros (abs.min = 0.83, abs.max = 1e+06)
Presolved Problem  :
  Problem name     : t_binkar10_1
  Variables        : 2268 (170 binary, 0 integer, 0 implicit integer, 2098 continuous)
  Constraints      : 996 initial, 996 maximal
  Objective        : minimize, 1542 non-zeros (abs.min = 1.67, abs.max = 1e+06)
Presolvers         :   ExecTime  SetupTime  Calls  FixedVars   AggrVars   ChgTypes  ChgBounds   AddHoles    DelCons    AddCons   ChgSides   ChgCoefs
  boundshift       :       0.00       0.00      0          0          0          0          0          0          0          0          0          0
  convertinttobin  :       0.00       0.00      0          0          0          0          0          0          0          0          0          0
  domcol           :       0.00       0.00      0          0          0          0          0          0          0          0          0          0
  dualagg          :       0.00       0.00      0          0          0          0          0          0          0          0          0          0
  dualcomp         :       0.00       0.00      0          0          0          0          0          0          0          0          0          0
  dualinfer        :       0.00       0.00      0          0          0          0          0          0          0          0          0          0
  gateextraction   :       0.00       0.00      0          0          0          0          0          0          0          0          0          0
  implics          :       0.00       0.00      0          0          0          0          0          0          0          0          0          0
  inttobinary      :       0.00       0.00      0          0          0          0          0          0          0          0          0          0
  qpkktref         :       0.00       0.00      0          0          0          0          0          0          0          0          0          0
  redvub           :       0.00       0.00      0          0          0          0          0          0          0          0          0          0
  sparsify         :       0.00       0.00      0          0          0          0          0          0          0          0          0          0
  stuffing         :       0.00       0.00      0          0          0          0          0          0          0          0          0          0
  symbreak         :       0.00       0.00      0          0          0          0          0          0          0          0          0          0
  symmetry         :       0.00       0.00      0          0          0          0          0          0          0          0          0          0
  trivial          :       0.00       0.00      0          0          0          0          0          0          0          0          0          0
  tworowbnd        :       0.00       0.00      0          0          0          0          0          0          0          0          0          0
  dualfix          :       0.00       0.00      0          0          0          0          0          0          0          0          0          0
  genvbounds       :       0.00       0.00      0          0          0          0          0          0          0          0          0          0
  orbitalfixing    :       0.00       0.00      0          0          0          0          0          0          0          0          0          0
  probing          :       0.00       0.00      0          0          0          0          0          0          0          0          0          0
  pseudoobj        :       0.00       0.00      0          0          0          0          0          0          0          0          0          0
  vbounds          :       0.00       0.00      0          0          0          0          0          0          0          0          0          0
  varbound         :       0.00       0.00      0          0          0          0          0          0          0          0          0          0
  linear           :       0.00       0.00      0          0          0          0          0          0          0          0          0          0
  benders          :       0.00       0.00      0          0          0          0          0          0          0          0          0          0
  components       :       0.00       0.00      0          0          0          0          0          0          0          0          0          0
  root node        :          -          -      -          0          -          -          0          -          -          -          -          -
Constraints        :     Number  MaxNumber  #Separate #Propagate    #EnfoLP    #EnfoRelax  #EnfoPS    #Check   #ResProp    Cutoffs    DomReds       Cuts    Applied      Conss   Children
  benderslp        :          0          0          0          0       3615          0          0        135          0          0          0          0          0          0          0
  integral         :          0          0          0          0       3615          0          0        135          0          0        837          0          0          0       6698
  varbound         :          0+       170         19      68086          0          0          0        133          0          0       3565          0          0          0          0
  linear           :          0+       826         19      68087          0          0          0         19          0        125      66755         81         13          0          0
  benders          :          0          0          0          0          0          0          0         18          0          0          0          0          0          0          0
  countsols        :          0          0          0          0          0          0          0         18          0          0          0          0          0          0          0
  components       :          0          0          0          0          0          0          0          0          0          0          0          0          0          0          0
Constraint Timings :  TotalTime  SetupTime   Separate  Propagate     EnfoLP     EnfoPS     EnfoRelax   Check    ResProp    SB-Prop
  benderslp        :       0.00       0.00       0.00       0.00       0.00       0.00       0.00       0.00       0.00       0.00
  integral         :       5.73       0.00       0.00       0.00       5.73       0.00       0.00       0.00       0.00       0.00
  varbound         :       0.03       0.00       0.00       0.03       0.00       0.00       0.00       0.00       0.00       0.00
  linear           :       0.30       0.00       0.03       0.26       0.00       0.00       0.00       0.00       0.00       0.01
  benders          :       0.00       0.00       0.00       0.00       0.00       0.00       0.00       0.00       0.00       0.00
  countsols        :       0.00       0.00       0.00       0.00       0.00       0.00       0.00       0.00       0.00       0.00
  components       :       0.00       0.00       0.00       0.00       0.00       0.00       0.00       0.00       0.00       0.00
Propagators        : #Propagate   #ResProp    Cutoffs    DomReds
  dualfix          :          0          0          0          0
  genvbounds       :          0          0          0          0
  nlobbt           :          0          0          0          0
  obbt             :          0          0          0          0
  orbitalfixing    :          0          0          0          0
  probing          :          0          0          0          0
  pseudoobj        :          0          0          0          0
  redcost          :          0          0          0          0
  rootredcost      :          0          0          0          0
  vbounds          :      71703          0          0          0
Propagator Timings :  TotalTime  SetupTime   Presolve  Propagate    ResProp    SB-Prop
  dualfix          :       0.00       0.00       0.00       0.00       0.00       0.00
  genvbounds       :       0.01       0.00       0.00       0.00       0.00       0.00
  nlobbt           :       0.00       0.00       0.00       0.00       0.00       0.00
  obbt             :       0.00       0.00       0.00       0.00       0.00       0.00
  orbitalfixing    :       0.00       0.00       0.00       0.00       0.00       0.00
  probing          :       0.00       0.00       0.00       0.00       0.00       0.00
  pseudoobj        :       0.01       0.00       0.00       0.01       0.00       0.00
  redcost          :       0.01       0.00       0.00       0.00       0.00       0.00
  rootredcost      :       0.01       0.00       0.00       0.01       0.00       0.00
  vbounds          :       0.01       0.00       0.00       0.01       0.00       0.00
Conflict Analysis  :       Time      Calls    Success    DomReds  Conflicts   Literals    Reconvs ReconvLits   Dualrays   Nonzeros   LP Iters   (pool size: [--,--])
  propagation      :       0.00          0          0          -          0        0.0          0        0.0          -          -          -
  infeasible LP    :       0.00         15          0          -          0        0.0          0        0.0          0        0.0          0
  bound exceed. LP :       0.00          0          0          -          0        0.0          0        0.0          0        0.0          0
  strong branching :       0.00          0          0          -          0        0.0          0        0.0          -          -          0
  pseudo solution  :       0.00          0          0          -          0        0.0          0        0.0          -          -          -
  applied globally :       0.00          -          -          0          0        0.0          -          -          0          -          -
  applied locally  :          -          -          -          0          0        0.0          -          -          0          -          -
Separators         :   ExecTime  SetupTime      Calls    Cutoffs    DomReds       Cuts    Applied      Conss
  cut pool         :       8.94                  2972          -          -      29656          -          -    (maximal pool size: 4240)
  aggregation      :       3.46       0.00       1477          0          0          0          0          0
  cgmip            :       0.00       0.00          0          0          0          0          0          0
  clique           :       0.00       0.00         19          0          0          0          0          0
  closecuts        :       0.00       0.00          0          0          0          0          0          0
  cmir             :       0.00       0.00          0          0          0          0       1849          0
  convexproj       :       0.00       0.00          0          0          0          0          0          0
  disjunctive      :       0.00       0.00          0          0          0          0          0          0
  eccuts           :       0.00       0.00          0          0          0          0          0          0
  flowcover        :       0.00       0.00          0          0          0          0         84          0
  gauge            :       0.00       0.00          0          0          0          0          0          0
  gomory           :      15.33       0.00       1440          0          0          0       2168          0
  impliedbounds    :       0.07       0.00       1477          0          0          0          0          0
  intobj           :       0.00       0.00          0          0          0          0          0          0
  mcf              :       0.00       0.00          1          0          0          0          0          0
  oddcycle         :       0.00       0.00          0          0          0          0          0          0
  rapidlearning    :       0.00       0.00          0          0          0          0          0          0
  strongcg         :       0.21       0.00         19          0          0          0          0          0
  zerohalf         :       0.65       0.00       1449          0          0          0        861          0
Pricers            :   ExecTime  SetupTime      Calls       Vars
  problem variables:       0.00          -          0          0
Branching Rules    :   ExecTime  SetupTime   BranchLP  BranchExt   BranchPS    Cutoffs    DomReds       Cuts      Conss   Children
  allfullstrong    :       0.00       0.00          0          0          0          0          0          0          0          0
  cloud            :       0.00       0.00          0          0          0          0          0          0          0          0
  distribution     :       0.00       0.00          0          0          0          0          0          0          0          0
  fullstrong       :       0.00       0.00          0          0          0          0          0          0          0          0
  inference        :       0.00       0.00          0          0          0          0          0          0          0          0
  leastinf         :       0.00       0.00          0          0          0          0          0          0          0          0
  lookahead        :       0.00       0.00          0          0          0          0          0          0          0          0
  mostinf          :       0.00       0.00          0          0          0          0          0          0          0          0
  multaggr         :       0.00       0.00          0          0          0          0          0          0          0          0
  nodereopt        :       0.00       0.00          0          0          0          0          0          0          0          0
  pscost           :       0.00       0.00          0          0          0          0          0          0          0          0
  random           :       0.00       0.00          0          0          0          0          0          0          0          0
  relpscost        :       5.72       0.00       3615          0          0          0        837          0          0       6698
Primal Heuristics  :   ExecTime  SetupTime      Calls      Found       Best
  LP solutions     :       0.00          -          -          0          0
  relax solutions  :       0.00          -          -          0          0
  pseudo solutions :       0.00          -          -          0          0
  strong branching :       0.00          -          -          0          0
  actconsdiving    :       0.00       0.00          0          0          0
  alns             :       0.14       0.00          6          1          1
  bound            :       0.00       0.00          0          0          0
  clique           :       0.00       0.00          1          0          0
  coefdiving       :       0.27       0.00         46          0          0
  completesol      :       0.00       0.00          0          0          0
  conflictdiving   :       0.00       0.00          0          0          0
  crossover        :       0.02       0.00          1          0          0
  dins             :       0.00       0.00          0          0          0
  distributiondivin:       0.49       0.00         46          0          0
  dualval          :       0.00       0.00          0          0          0
  farkasdiving     :       0.12       0.00          1          0          0
  feaspump         :       0.05       0.00          3          3          0
  fixandinfer      :       0.00       0.00          0          0          0
  fracdiving       :       0.22       0.00         47          0          0
  gins             :       0.13       0.00          5          0          0
  guideddiving     :       0.24       0.00         47          0          0
  indicator        :       0.00       0.00          0          0          0
  intdiving        :       0.00       0.00          0          0          0
  intshifting      :       0.07       0.00         16          0          0
  linesearchdiving :       0.24       0.00         47          0          0
  localbranching   :       0.00       0.00          0          0          0
  locks            :       0.01       0.00          1          0          0
  lpface           :       0.00       0.00          0          0          0
  mpec             :       0.00       0.00          0          0          0
  multistart       :       0.00       0.00          0          0          0
  mutation         :       0.00       0.00          0          0          0
  nlpdiving        :       0.00       0.00          0          0          0
  objpscostdiving  :       1.11       0.00          9          7          0
  octane           :       0.00       0.00          0          0          0
  ofins            :       0.00       0.00          0          0          0
  oneopt           :       0.00       0.00          4          0          0
  proximity        :       0.00       0.00          0          0          0
  pscostdiving     :       0.51       0.00         47          0          0
  randrounding     :       0.03       0.00        125          0          0
  rens             :       1.80       0.00          1          1          1
  reoptsols        :       0.00       0.00          1          1          1
  repair           :       0.00       0.00          0          0          0
  rins             :       0.44       0.00          2          2          1
  rootsoldiving    :       0.71       0.00          8          2          0
  rounding         :       0.02       0.00        961          0          0
  shiftandpropagate:       0.00       0.00          0          0          0
  shifting         :       0.25       0.00        486          0          0
  simplerounding   :       0.00       0.00          0          0          0
  subnlp           :       0.00       0.00          0          0          0
  trivial          :       0.00       0.00          1          0          0
  trivialnegation  :       0.00       0.00          0          0          0
  trysol           :       0.00       0.00          0          0          0
  twoopt           :       0.00       0.00          0          0          0
  undercover       :       0.00       0.00          0          0          0
  vbounds          :       0.00       0.00          0          0          0
  veclendiving     :       0.31       0.00         47          0          0
  zeroobj          :       0.00       0.00          0          0          0
  zirounding       :       0.01       0.00       1000          0          0
  other solutions  :          -          -          -          0          -
Diving Statistics  :      Calls      Nodes   LP Iters Backtracks  Conflicts   MinDepth   MaxDepth   AvgDepth  RoundSols  NLeafSols  MinSolDpt  MaxSolDpt  AvgSolDpt
  actconsdiving    :          0          -          -          -          -          -          -          -          -          -          -          -          -
  coefdiving       :         46       1522        755        160          0         31         54       42.1          0          -          -          -          -
  conflictdiving   :          0          -          -          -          -          -          -          -          -          -          -          -          -
  distributiondivin:         46        373        524         50          0         14         26       20.2          0          -          -          -          -
  farkasdiving     :          1         37       1001          2          0         36         36       36.0          0          -          -          -          -
  fracdiving       :         47       1348        267        117          0         25         54       39.6          0          -          -          -          -
  guideddiving     :         47       1518        296        129          0         28         61       42.6          0          -          -          -          -
  linesearchdiving :         47       1341        314        137          0         27         48       38.7          0          -          -          -          -
  pscostdiving     :         47       1017       3581         45          0         18         52       33.7          0          -          -          -          -
  veclendiving     :         47       1438       1093        133          0         27         55       39.8          0          -          -          -          -
Neighborhoods      :      Calls  SetupTime  SolveTime SolveNodes       Sols       Best       Exp3  EpsGreedy        UCB TgtFixRate  Opt  Inf Node Stal  Sol  Usr Othr Actv
  rens             :          1       0.00       0.00          0          0          0    0.00000   -1.00000    1.00000      0.900    0    0    0    0    0    0    1    1
  rins             :          1       0.01       0.01         15          0          0    0.00000   -1.00000    1.00000      0.700    0    1    0    0    0    0    0    1
  mutation         :          1       0.01       0.01         11          0          0    0.00000   -1.00000    1.00000      0.700    0    1    0    0    0    0    0    1
  localbranching   :          1       0.01       0.01          9          0          0    0.00000   -1.00000    1.00000      0.700    0    1    0    0    0    0    0    1
  crossover        :          0       0.00       0.00          0          0          0    0.00000   -1.00000    1.00000      0.900    0    0    0    0    0    0    0    1
  proximity        :          1       0.01       0.02          1          1          1    0.00000   -1.00000    1.00000      0.700    1    0    0    0    0    0    0    1
  zeroobjective    :          0       0.00       0.00          0          0          0    0.00000   -1.00000    1.00000      0.900    0    0    0    0    0    0    0    1
  dins             :          1       0.01       0.01          5          0          0    0.00000   -1.00000    1.00000      0.700    0    1    0    0    0    0    0    1
Tree Compressions  :   ExecTime  SetupTime      Calls      Found
  largestrepr      :       0.00       0.00          0          0
  weakcompr        :       0.00       0.00          0          0
LP                 :       Time      Calls Iterations  Iter/call   Iter/sec  Time-0-It Calls-0-It    ItLimit
  primal LP        :       0.88       1147          0       0.00       0.00       0.88       1147
  dual LP          :      21.48       8346     215421      25.84   10027.15       0.00          9
  lex dual LP      :       0.00          0          0       0.00          -
  barrier LP       :       0.00          0          0       0.00          -       0.00          0
  resolve instable :       0.00          0          0       0.00          -
  diving/probing LP:       3.69       1670      33797      20.24    9164.96
  strong branching :       4.74        999      47606      47.65   10041.65          -          -         65
    (at root node) :          -         35       3195      91.29          -
  conflict analysis:       0.00          0          0       0.00          -
B&B Tree           :
  number of runs   :          0
  nodes            :       6586 (3349 internal, 3237 leaves)
  feasible leaves  :          0
  infeas. leaves   :          1
  objective leaves :       3236
  nodes (total)    :       6586 (3349 internal, 3237 leaves)
  nodes left       :          0
  max depth        :         25
  max depth (total):         25
  backtracks       :       2363 (35.9%)
  early backtracks :          0 (0.0%)
  nodes exc. ref.  :          0 (0.0%)
  delayed cutoffs  :          0
  repropagations   :          0 (0 domain reductions, 0 cutoffs)
  avg switch length:       7.37
  switching time   :       1.38
Root Node          :
  First LP value   : +6.63718802694375e+03
  First LP Iters   :       1846 (41115.42 Iter/sec)
  First LP Time    :       0.04
  Final Dual Bound : +6.70985345926368e+03
  Final Root Iters :       2727
  Root LP Estimate : +6.78235641756903e+03
Solution           :
  Solutions found  :         17 (4 improvements)
  First Solution   : +6.82640001800000e+03   (in run 0, after 1 nodes, 0.00 seconds, depth 0, found by <reoptsols>)
  Gap First Sol.   :   infinite
  Gap Last Sol.    :       0.44 %
  Primal Bound     : +6.74220002400000e+03   (in run 0, after 380 nodes, 11.01 seconds, depth 10, found by <rins>)
  Dual Bound       : +6.74220002400000e+03
  Gap              :       0.00 %
  Avg. Gap         :       0.45 % (30.39 primal-dual integral)
NoError here ! 
./script6: line 19: 16490 Segmentation fault      (core dumped) ./repair/build/repair $file $i $u $k $gap

real	1m7.853s
user	1m5.921s
sys	0m1.364s
