parameters: binkar10_1_10_1_3_0.300000 

SCIP version 6.0.1 [precision: 8 byte] [memory: block] [mode: optimized] [LP solver: SoPlex 4.0.1] [GitHash: a27ecc0]
Copyright (C) 2002-2019 Konrad-Zuse-Zentrum fuer Informationstechnik Berlin (ZIB)

read problem <instances/binkar10_1.mps> ...

original problem has 2298 variables (170 bin, 0 int, 0 impl, 2128 cont) and 1026 constraints
read solution <10solution/binkar10_1_1.sol> ...

check the feasibility of <10solution/binkar10_1_1.sol> for problem <instances/binkar10_1.mps> ...

  [linear] <R0114>:  -<C0004>[C] (+1) -<C1486>[C] (+0) +<C2132>[B] (+0) == 0;
;
violation: left hand side is violated by 1
  [linear] <R0148>:  -<C0121>[C] (+1) -<C1583>[C] (+0) +<C2166>[B] (+0) == 0;
;
violation: left hand side is violated by 1
  [linear] <R0246>:  -<C0569>[C] (+1) -<C1983>[C] (+0) +<C2264>[B] (+0) == 0;
;
violation: left hand side is violated by 1
The solution <10solution/binkar10_1_1.sol> is not feasible to <instances/binkar10_1.mps> 

Tring to reoptimize the problem <instances/binkar10_1.mps> ...  

obj = 6678.860023, k = 3, alpha = 6678.860023 

n = 2298 

Start to add variable y and new constraints 

y have been released ! 

Finish to create the y and constraint ! 

n = 2298,  j = 170 ! 

set all parameters to default! 

Reoptimization is enabled! 

Reoptimization parameter have been setted ! 

Stop parameter have been setted ! 

Memory for coefs have allocated ! 

Coefficients have been captured ! 

alpha = 6678.860023, n = 2468, j = 170, m = 3 
This is the 1-th iteration ! 

presolving:
(round 1, fast)       200 del vars, 370 del conss, 0 add conss, 2128 chg bounds, 0 chg sides, 0 chg coeffs, 0 upgd conss, 0 impls, 0 clqs
(round 2, exhaustive) 200 del vars, 370 del conss, 0 add conss, 2128 chg bounds, 0 chg sides, 0 chg coeffs, 170 upgd conss, 0 impls, 0 clqs
   (0.0s) probing cycle finished: starting next cycle
presolving (3 rounds: 3 fast, 2 medium, 2 exhaustive):
 200 deleted vars, 370 deleted constraints, 0 added constraints, 2128 tightened bounds, 0 added holes, 0 changed sides, 0 changed coefficients
 2127 implications, 10 cliques
presolved problem has 2268 variables (170 bin, 0 int, 0 impl, 2098 cont) and 996 constraints
    170 constraints of type <varbound>
    826 constraints of type <linear>
Presolving Time: 0.03

 time | node  | left  |LP iter|LP it/n| mem |mdpt |frac |vars |cons |cols |rows |cuts |confs|strbr|  dualbound   | primalbound  |  gap   
k 0.0s|     1 |     0 |   140 |     - |  14M|   0 |   - |2268 | 996 |2268 | 996 |   0 |   0 |   0 |-2.049482e+04 | 1.488990e+05 |    Inf 
* 0.1s|     1 |     0 |  1684 |     - |  14M|   0 |   - |2268 | 996 |2268 | 996 |   0 |   0 |   0 | 2.018412e+04 | 2.018412e+04 |   0.00%
  0.1s|     1 |     0 |  1684 |     - |  14M|   0 |   - |2268 | 996 |2268 | 996 |   0 |   0 |   0 | 2.018412e+04 | 2.018412e+04 |   0.00%

SCIP Status        : problem is solved [optimal solution found]
Solving Time (sec) : 0.07 (over 1 runs: 0.07)
Solving Nodes      : 1 (0 reactivated)
Primal Bound       : +2.01841200640000e+04 (2 solutions)
Dual Bound         : +2.01841200640000e+04
Gap                : 0.00 %
Coefs have been resetted!! 

Problem have been changed !! 

alpha = 4452.573349, n = 2468, j = 170, m = 2 
This is the 2-th iteration ! 

new objective has similarity of 0.999995 compared to previous.

 time | node  | left  |LP iter|LP it/n| mem |mdpt |frac |vars |cons |cols |rows |cuts |confs|strbr|  dualbound   | primalbound  |  gap   
J 0.0s|     1 |     0 |     0 |     - |  15M|   0 |   - |2268 | 996 |   0 |   0 |   0 |   0 |   0 |-2.049482e+04 | 1.573155e+04 |    Inf 
  0.0s|     1 |     0 |  1492 |     - |  15M|   0 |   - |2268 | 996 |2268 | 996 |   0 |   0 |   0 | 1.573155e+04 | 1.573155e+04 |   0.00%

SCIP Status        : problem is solved [optimal solution found]
Solving Time (sec) : 0.03 (over 2 runs: 0.10)
Solving Nodes      : 1 (0 reactivated)
Primal Bound       : +1.57315467153333e+04 (1 solutions)
Dual Bound         : +1.57315467153333e+04
Gap                : 0.00 %
Coefs have been resetted!! 

Problem have been changed !! 

alpha = 1484.191116, n = 2468, j = 170, m = 1 
This is the 3-th iteration ! 

new objective has similarity of 0.999992 compared to previous.

 time | node  | left  |LP iter|LP it/n| mem |mdpt |frac |vars |cons |cols |rows |cuts |confs|strbr|  dualbound   | primalbound  |  gap   
J 0.0s|     1 |     0 |     0 |     - |  15M|   0 |   - |2268 | 996 |   0 |   0 |   0 |   0 |   0 |-2.049482e+04 | 9.794782e+03 |    Inf 
  0.0s|     1 |     0 |  1492 |     - |  15M|   0 |   - |2268 | 996 |2268 | 996 |   0 |   0 |   0 | 9.794782e+03 | 9.794782e+03 |   0.00%

SCIP Status        : problem is solved [optimal solution found]
Solving Time (sec) : 0.03 (over 3 runs: 0.13)
Solving Nodes      : 1 (0 reactivated)
Primal Bound       : +9.79478225044444e+03 (1 solutions)
Dual Bound         : +9.79478225044444e+03
Gap                : 0.00 %
Coefs have been resetted!! 

Problem have been changed !! 

This is the last iteration 


alpha = 0.000000  
new objective has similarity of 0.999998 compared to previous.

 time | node  | left  |LP iter|LP it/n| mem |mdpt |frac |vars |cons |cols |rows |cuts |confs|strbr|  dualbound   | primalbound  |  gap   
J 0.0s|     1 |     0 |     0 |     - |  15M|   0 |   - |2268 | 996 |   0 |   0 |   0 |   0 |   0 |-2.049482e+04 | 6.826400e+03 |    Inf 
  0.0s|     1 |     0 |  1980 |     - |  15M|   0 |  38 |2268 | 996 |2268 | 996 |   0 |   0 |   0 | 6.637188e+03 | 6.826400e+03 |   2.85%
  0.1s|     1 |     0 |  2033 |     - |  15M|   0 |  37 |2268 | 996 |2268 |1006 |  10 |   0 |   0 | 6.644706e+03 | 6.826400e+03 |   2.73%
  0.1s|     1 |     0 |  2097 |     - |  16M|   0 |  61 |2268 | 996 |2268 |1016 |  20 |   0 |   0 | 6.648093e+03 | 6.826400e+03 |   2.68%
  0.1s|     1 |     0 |  2132 |     - |  17M|   0 |  71 |2268 | 996 |2268 |1021 |  25 |   0 |   0 | 6.650577e+03 | 6.826400e+03 |   2.64%
  0.2s|     1 |     0 |  2201 |     - |  19M|   0 |  85 |2268 | 996 |2268 |1027 |  31 |   0 |   0 | 6.655528e+03 | 6.826400e+03 |   2.57%
  0.2s|     1 |     0 |  2305 |     - |  19M|   0 |  77 |2268 | 996 |2268 |1033 |  37 |   0 |   0 | 6.663787e+03 | 6.826400e+03 |   2.44%
  0.2s|     1 |     0 |  2458 |     - |  19M|   0 |  72 |2268 | 998 |2268 |1037 |  41 |   2 |   0 | 6.676669e+03 | 6.826400e+03 |   2.24%
  0.3s|     1 |     0 |  2650 |     - |  21M|   0 |  69 |2268 | 998 |2268 |1046 |  50 |   2 |   0 | 6.691189e+03 | 6.826400e+03 |   2.02%
  0.3s|     1 |     0 |  2731 |     - |  21M|   0 |  75 |2268 | 998 |2268 |1053 |  57 |   2 |   0 | 6.694988e+03 | 6.826400e+03 |   1.96%
  0.4s|     1 |     0 |  2795 |     - |  22M|   0 |  76 |2268 | 998 |2268 |1059 |  63 |   2 |   0 | 6.697748e+03 | 6.826400e+03 |   1.92%
  0.4s|     1 |     0 |  2895 |     - |  24M|   0 |  74 |2268 | 998 |2268 |1063 |  67 |   2 |   0 | 6.700965e+03 | 6.826400e+03 |   1.87%
  0.4s|     1 |     0 |  2915 |     - |  24M|   0 |  73 |2268 | 998 |2268 |1067 |  71 |   2 |   0 | 6.701323e+03 | 6.826400e+03 |   1.87%
  0.5s|     1 |     0 |  2971 |     - |  24M|   0 |  70 |2268 | 998 |2268 |1071 |  75 |   2 |   0 | 6.703921e+03 | 6.826400e+03 |   1.83%
  0.5s|     1 |     0 |  3014 |     - |  24M|   0 |  73 |2268 | 998 |2268 |1073 |  77 |   2 |   0 | 6.706311e+03 | 6.826400e+03 |   1.79%
 time | node  | left  |LP iter|LP it/n| mem |mdpt |frac |vars |cons |cols |rows |cuts |confs|strbr|  dualbound   | primalbound  |  gap   
  0.5s|     1 |     0 |  3026 |     - |  24M|   0 |  73 |2268 | 998 |2268 |1076 |  80 |   2 |   0 | 6.706391e+03 | 6.826400e+03 |   1.79%
  0.6s|     1 |     0 |  3050 |     - |  24M|   0 |  71 |2268 | 998 |2268 |1080 |  84 |   2 |   0 | 6.707101e+03 | 6.826400e+03 |   1.78%
  0.6s|     1 |     0 |  3061 |     - |  24M|   0 |  83 |2268 | 998 |2268 |1068 |  85 |   2 |   0 | 6.707283e+03 | 6.826400e+03 |   1.78%
  0.6s|     1 |     0 |  3091 |     - |  24M|   0 |  82 |2268 | 998 |2268 |1071 |  88 |   2 |   0 | 6.707779e+03 | 6.826400e+03 |   1.77%
  0.7s|     1 |     0 |  3105 |     - |  24M|   0 |  63 |2268 | 998 |2268 |1073 |  90 |   2 |   0 | 6.708185e+03 | 6.826400e+03 |   1.76%
  0.7s|     1 |     0 |  3114 |     - |  24M|   0 |  82 |2268 | 998 |2268 |1074 |  91 |   2 |   0 | 6.708392e+03 | 6.826400e+03 |   1.76%
  0.7s|     1 |     0 |  3134 |     - |  25M|   0 |  82 |2268 | 998 |2268 |1078 |  95 |   2 |   0 | 6.709168e+03 | 6.826400e+03 |   1.75%
  0.7s|     1 |     0 |  3147 |     - |  25M|   0 |  82 |2268 | 998 |2268 |1081 |  98 |   2 |   0 | 6.709450e+03 | 6.826400e+03 |   1.74%
  0.7s|     1 |     0 |  3164 |     - |  25M|   0 |  85 |2268 | 998 |2268 |1064 | 100 |   2 |   0 | 6.709735e+03 | 6.826400e+03 |   1.74%
E 2.4s|     1 |     0 |  4609 |     - |  25M|   0 |  85 |2268 | 999 |2268 |1064 | 100 |   2 |   0 | 6.709735e+03 | 6.751630e+03 |   0.62%
  2.5s|     1 |     0 |  4609 |     - |  26M|   0 |  85 |2268 | 999 |2268 |1064 | 100 |   2 |   0 | 6.709735e+03 | 6.751630e+03 |   0.62%
  2.5s|     1 |     0 |  4622 |     - |  26M|   0 |  78 |2268 | 999 |2268 |1063 | 101 |   2 |   0 | 6.709907e+03 | 6.751630e+03 |   0.62%
  2.7s|     1 |     2 |  4622 |     - |  26M|   0 |  78 |2268 | 999 |2268 |1063 | 101 |   2 |  29 | 6.712330e+03 | 6.751630e+03 |   0.59%
  6.3s|   100 |    49 |  8256 |  53.5 |  54M|  21 |   - |2268 | 999 |2268 |1052 | 202 |   2 | 451 | 6.712330e+03 | 6.751630e+03 |   0.59%
  8.1s|   200 |   107 | 12056 |  45.7 |  68M|  22 |  42 |2268 | 999 |2268 |1054 | 283 |   2 | 573 | 6.713404e+03 | 6.751630e+03 |   0.57%
 time | node  | left  |LP iter|LP it/n| mem |mdpt |frac |vars |cons |cols |rows |cuts |confs|strbr|  dualbound   | primalbound  |  gap   
N 8.2s|   201 |    48 | 12083 |  45.6 |  68M|  22 |   - |2268 | 999 |2268 |1054 | 283 |   2 | 573 | 6.713404e+03 | 6.742200e+03 |   0.43%
  9.3s|   300 |    93 | 15624 |  42.4 |  77M|  22 |   - |2268 | 999 |2268 |1051 | 353 |   2 | 605 | 6.713625e+03 | 6.742200e+03 |   0.43%
 10.6s|   400 |   137 | 22060 |  47.9 |  81M|  22 |  60 |2268 | 999 |2268 |1047 | 444 |   2 | 624 | 6.715634e+03 | 6.742200e+03 |   0.40%
 12.4s|   500 |   189 | 31759 |  57.7 |  85M|  24 |   - |2268 | 999 |2268 |1054 | 552 |   2 | 636 | 6.715922e+03 | 6.742200e+03 |   0.39%
 13.0s|   600 |   213 | 34731 |  53.0 |  85M|  27 |  48 |2268 | 999 |2268 |1061 | 581 |   2 | 638 | 6.717358e+03 | 6.742200e+03 |   0.37%
 14.4s|   700 |   259 | 40399 |  53.6 |  87M|  27 |  37 |2268 | 999 |2268 |1054 | 688 |   2 | 646 | 6.718647e+03 | 6.742200e+03 |   0.35%
 15.4s|   800 |   297 | 44378 |  51.8 |  88M|  27 |  46 |2268 | 999 |2268 |1057 | 758 |   2 | 657 | 6.719463e+03 | 6.742200e+03 |   0.34%
 17.1s|   900 |   329 | 51453 |  53.9 |  89M|  27 |  29 |2268 | 999 |2268 |1065 | 892 |   2 | 660 | 6.719820e+03 | 6.742200e+03 |   0.33%
 18.6s|  1000 |   355 | 56718 |  53.8 |  89M|  27 |   - |2268 | 999 |2268 |1055 |1022 |   2 | 667 | 6.720100e+03 | 6.742200e+03 |   0.33%
 20.4s|  1100 |   403 | 65018 |  56.5 |  93M|  27 |  62 |2268 | 999 |2268 |1058 |1152 |   2 | 669 | 6.720428e+03 | 6.742200e+03 |   0.32%
 21.6s|  1200 |   425 | 69322 |  55.3 |  96M|  27 |   - |2268 | 999 |2268 |1057 |1252 |   2 | 671 | 6.721412e+03 | 6.742200e+03 |   0.31%
 22.6s|  1300 |   449 | 73582 |  54.4 |  96M|  27 |  48 |2268 | 999 |2268 |1056 |1330 |   2 | 676 | 6.721935e+03 | 6.742200e+03 |   0.30%
 23.8s|  1400 |   457 | 77838 |  53.5 |  98M|  27 |   - |2268 | 999 |2268 |1086 |1437 |   2 | 678 | 6.722296e+03 | 6.742200e+03 |   0.30%
 25.0s|  1500 |   471 | 83306 |  53.6 | 100M|  27 |   - |2268 | 999 |2268 |1058 |1530 |   2 | 680 | 6.722440e+03 | 6.742200e+03 |   0.29%
 25.8s|  1600 |   469 | 86522 |  52.3 | 100M|  27 |  40 |2268 | 999 |2268 |1058 |1595 |   2 | 684 | 6.722886e+03 | 6.742200e+03 |   0.29%
 time | node  | left  |LP iter|LP it/n| mem |mdpt |frac |vars |cons |cols |rows |cuts |confs|strbr|  dualbound   | primalbound  |  gap   
 26.3s|  1700 |   505 | 89269 |  50.8 | 101M|  27 |  32 |2268 | 999 |2268 |1056 |1623 |   2 | 686 | 6.723309e+03 | 6.742200e+03 |   0.28%
 26.8s|  1800 |   501 | 93717 |  50.4 | 101M|  27 |  48 |2268 | 999 |2268 |1052 |1650 |   2 | 688 | 6.723502e+03 | 6.742200e+03 |   0.28%
 28.1s|  1900 |   525 | 97943 |  50.0 | 100M|  27 |  19 |2268 | 999 |2268 |1057 |1763 |   2 | 689 | 6.723625e+03 | 6.742200e+03 |   0.28%
 29.0s|  2000 |   521 |102810 |  49.9 | 100M|  27 |  52 |2268 | 999 |2268 |1048 |1816 |   2 | 690 | 6.723776e+03 | 6.742200e+03 |   0.27%
 29.7s|  2100 |   533 |105844 |  49.0 | 100M|  27 |  55 |2268 | 999 |2268 |1062 |1863 |   2 | 693 | 6.723923e+03 | 6.742200e+03 |   0.27%
 30.5s|  2200 |   555 |109237 |  48.3 | 100M|  27 |   - |2268 | 999 |2268 |1053 |1912 |   2 | 699 | 6.724145e+03 | 6.742200e+03 |   0.27%
 31.4s|  2300 |   557 |112869 |  47.8 | 102M|  27 |   - |2268 | 999 |2268 |1055 |1976 |   2 | 702 | 6.724360e+03 | 6.742200e+03 |   0.27%
 32.3s|  2400 |   577 |116042 |  47.1 | 103M|  27 |   - |2268 | 999 |2268 |1065 |2034 |   2 | 704 | 6.724701e+03 | 6.742200e+03 |   0.26%
 33.7s|  2500 |   581 |121152 |  47.3 | 105M|  27 |  40 |2268 | 999 |2268 |1053 |2144 |   2 | 705 | 6.725146e+03 | 6.742200e+03 |   0.25%
 34.5s|  2600 |   593 |124483 |  46.8 | 105M|  27 |   - |2268 | 999 |2268 |1058 |2225 |   2 | 711 | 6.725436e+03 | 6.742200e+03 |   0.25%
 34.9s|  2700 |   591 |126642 |  45.8 | 105M|  27 |   - |2268 | 999 |2268 |1062 |2256 |   2 | 718 | 6.725960e+03 | 6.742200e+03 |   0.24%
 35.7s|  2800 |   583 |130160 |  45.4 | 106M|  27 |   - |2268 | 999 |2268 |1058 |2314 |   2 | 718 | 6.726451e+03 | 6.742200e+03 |   0.23%
 36.4s|  2900 |   589 |133065 |  44.9 | 106M|  27 |   - |2268 | 999 |2268 |1060 |2380 |   2 | 718 | 6.726928e+03 | 6.742200e+03 |   0.23%
 37.2s|  3000 |   597 |136262 |  44.4 | 106M|  27 |  42 |2268 | 999 |2268 |1059 |2451 |   2 | 719 | 6.727308e+03 | 6.742200e+03 |   0.22%
 37.7s|  3100 |   607 |140444 |  44.4 | 107M|  27 |   - |2268 | 999 |2268 |1063 |2474 |   2 | 720 | 6.727750e+03 | 6.742200e+03 |   0.21%
 time | node  | left  |LP iter|LP it/n| mem |mdpt |frac |vars |cons |cols |rows |cuts |confs|strbr|  dualbound   | primalbound  |  gap   
 38.2s|  3200 |   607 |143103 |  43.8 | 107M|  27 |   - |2268 | 999 |2268 |1056 |2517 |   2 | 720 | 6.727812e+03 | 6.742200e+03 |   0.21%
 39.0s|  3300 |   597 |149481 |  44.4 | 107M|  27 |   - |2268 | 999 |2268 |1063 |2580 |   2 | 722 | 6.728062e+03 | 6.742200e+03 |   0.21%
 39.6s|  3400 |   597 |151874 |  43.8 | 107M|  27 |  52 |2268 | 999 |2268 |1063 |2625 |   2 | 722 | 6.728191e+03 | 6.742200e+03 |   0.21%
 40.1s|  3500 |   599 |154611 |  43.3 | 107M|  27 |   - |2268 | 999 |2268 |1066 |2646 |   2 | 723 | 6.728510e+03 | 6.742200e+03 |   0.20%
 40.8s|  3600 |   597 |157363 |  42.9 | 107M|  27 |  36 |2268 | 999 |2268 |1057 |2711 |   2 | 724 | 6.728663e+03 | 6.742200e+03 |   0.20%
 41.4s|  3700 |   585 |160120 |  42.5 | 107M|  27 |  36 |2268 | 999 |2268 |1060 |2758 |   2 | 725 | 6.729053e+03 | 6.742200e+03 |   0.20%
 41.9s|  3800 |   607 |163598 |  42.3 | 108M|  27 |  33 |2268 | 999 |2268 |1057 |2786 |   2 | 726 | 6.729330e+03 | 6.742200e+03 |   0.19%
 42.5s|  3900 |   581 |166709 |  42.0 | 109M|  27 |   - |2268 | 999 |2268 |1062 |2836 |   2 | 726 | 6.729603e+03 | 6.742200e+03 |   0.19%
 43.2s|  4000 |   571 |169742 |  41.7 | 109M|  27 |  61 |2268 | 999 |2268 |1099 |2887 |   2 | 727 | 6.729777e+03 | 6.742200e+03 |   0.18%
 43.6s|  4100 |   563 |172312 |  41.3 | 109M|  27 |   - |2268 | 999 |2268 |1055 |2903 |   2 | 732 | 6.729959e+03 | 6.742200e+03 |   0.18%
 43.9s|  4200 |   567 |174462 |  40.8 | 108M|  27 |  55 |2268 | 999 |2268 |1057 |2929 |   2 | 732 | 6.730386e+03 | 6.742200e+03 |   0.18%
 44.4s|  4300 |   551 |176862 |  40.5 | 108M|  27 |  49 |2268 | 999 |2268 |1058 |2958 |   2 | 732 | 6.730656e+03 | 6.742200e+03 |   0.17%
 44.9s|  4400 |   529 |179329 |  40.1 | 108M|  27 |   - |2268 | 999 |2268 |1056 |3001 |   2 | 733 | 6.731349e+03 | 6.742200e+03 |   0.16%
 45.2s|  4500 |   531 |181649 |  39.7 | 108M|  27 |   - |2268 | 999 |2268 |1059 |3007 |   2 | 736 | 6.731410e+03 | 6.742200e+03 |   0.16%
 45.7s|  4600 |   519 |184027 |  39.4 | 108M|  27 |  48 |2268 | 999 |2268 |1056 |3037 |   2 | 736 | 6.731415e+03 | 6.742200e+03 |   0.16%
 time | node  | left  |LP iter|LP it/n| mem |mdpt |frac |vars |cons |cols |rows |cuts |confs|strbr|  dualbound   | primalbound  |  gap   
 46.2s|  4700 |   499 |186778 |  39.1 | 108M|  27 |   - |2268 | 999 |2268 |1059 |3047 |   2 | 758 | 6.731859e+03 | 6.742200e+03 |   0.15%
 46.5s|  4800 |   455 |189049 |  38.8 | 109M|  27 |   - |2268 | 999 |2268 |1061 |3050 |   2 | 762 | 6.732036e+03 | 6.742200e+03 |   0.15%
 47.1s|  4900 |   431 |192160 |  38.6 | 109M|  27 |   - |2268 | 999 |2268 |1055 |3087 |   2 | 792 | 6.732214e+03 | 6.742200e+03 |   0.15%
 47.5s|  5000 |   429 |194729 |  38.4 | 109M|  27 |   - |2268 | 999 |2268 |1063 |3093 |   2 | 812 | 6.732440e+03 | 6.742200e+03 |   0.14%
 47.8s|  5100 |   399 |197139 |  38.1 | 109M|  27 |   - |2268 | 999 |2268 |1092 |3104 |   2 | 816 | 6.732699e+03 | 6.742200e+03 |   0.14%
 48.2s|  5200 |   385 |199593 |  37.8 | 110M|  27 |  33 |2268 | 999 |2268 |1061 |3121 |   2 | 821 | 6.732718e+03 | 6.742200e+03 |   0.14%
 48.5s|  5300 |   373 |201808 |  37.5 | 110M|  27 |  49 |2268 | 999 |2268 |1060 |3125 |   2 | 821 | 6.732968e+03 | 6.742200e+03 |   0.14%
 48.8s|  5400 |   339 |203699 |  37.2 | 110M|  27 |   - |2268 | 999 |2268 |1065 |3125 |   2 | 826 | 6.733138e+03 | 6.742200e+03 |   0.13%
 49.1s|  5500 |   329 |205903 |  36.9 | 110M|  27 |   - |2268 | 999 |2268 |1063 |3130 |   2 | 827 | 6.733649e+03 | 6.742200e+03 |   0.13%
 49.5s|  5600 |   309 |208249 |  36.7 | 110M|  27 |   - |2268 | 999 |2268 |1064 |3159 |   2 | 831 | 6.733835e+03 | 6.742200e+03 |   0.12%
 49.8s|  5700 |   275 |210115 |  36.3 | 110M|  27 |   - |2268 | 999 |2268 |1057 |3165 |   2 | 834 | 6.734474e+03 | 6.742200e+03 |   0.11%
 50.0s|  5800 |   263 |212072 |  36.1 | 110M|  27 |   - |2268 | 999 |2268 |1053 |3172 |   2 | 838 | 6.734767e+03 | 6.742200e+03 |   0.11%
 50.3s|  5900 |   241 |214292 |  35.8 | 110M|  27 |   - |2268 | 999 |2268 |1077 |3172 |   2 | 842 | 6.735074e+03 | 6.742200e+03 |   0.11%
 50.6s|  6000 |   209 |216308 |  35.6 | 110M|  27 |   - |2268 | 999 |2268 |1060 |3180 |   2 | 842 | 6.735688e+03 | 6.742200e+03 |   0.10%
 50.8s|  6100 |   183 |218148 |  35.3 | 110M|  27 |   - |2268 | 999 |2268 |1055 |3180 |   2 | 850 | 6.736132e+03 | 6.742200e+03 |   0.09%
 time | node  | left  |LP iter|LP it/n| mem |mdpt |frac |vars |cons |cols |rows |cuts |confs|strbr|  dualbound   | primalbound  |  gap   
 51.2s|  6200 |   155 |220028 |  35.0 | 110M|  27 |  54 |2268 | 999 |2268 |1078 |3182 |   2 | 861 | 6.736352e+03 | 6.742200e+03 |   0.09%
 51.4s|  6300 |   111 |221743 |  34.7 | 110M|  27 |   - |2268 | 999 |2268 |1059 |3183 |   2 | 867 | 6.736567e+03 | 6.742200e+03 |   0.08%
 51.8s|  6400 |    25 |223872 |  34.5 | 110M|  27 |   - |2268 | 999 |2268 |1176 |3190 |   2 | 876 | 6.739119e+03 | 6.742200e+03 |   0.05%

SCIP Status        : problem is solved [optimal solution found]
Solving Time (sec) : 51.84 (over 4 runs: 51.98)
Solving Nodes      : 6425 (0 reactivated)
Primal Bound       : +6.74220002400000e+03 (22 solutions)
Dual Bound         : +6.74220002400000e+03
Gap                : 0.00 %
SCIP Status        : problem is solved [optimal solution found]
Total Time         :      51.85
  solving          :      51.84
  presolving       :       0.00 (included in solving)
  reading          :       0.01
  copying          :       0.18 (22 #copies) (minimal 0.01, maximal 0.01, average 0.01)
Original Problem   :
  Problem name     : binkar10_1
  Variables        : 2468 (170 binary, 0 integer, 0 implicit integer, 2298 continuous)
  Constraints      : 1366 initial, 1366 maximal
  Objective        : minimize, 1742 non-zeros (abs.min = 0.83, abs.max = 1e+06)
Presolved Problem  :
  Problem name     : t_binkar10_1
  Variables        : 2268 (170 binary, 0 integer, 0 implicit integer, 2098 continuous)
  Constraints      : 996 initial, 999 maximal
  Objective        : minimize, 1542 non-zeros (abs.min = 1.67, abs.max = 1e+06)
Presolvers         :   ExecTime  SetupTime  Calls  FixedVars   AggrVars   ChgTypes  ChgBounds   AddHoles    DelCons    AddCons   ChgSides   ChgCoefs
  boundshift       :       0.00       0.00      0          0          0          0          0          0          0          0          0          0
  convertinttobin  :       0.00       0.00      0          0          0          0          0          0          0          0          0          0
  domcol           :       0.00       0.00      0          0          0          0          0          0          0          0          0          0
  dualagg          :       0.00       0.00      0          0          0          0          0          0          0          0          0          0
  dualcomp         :       0.00       0.00      0          0          0          0          0          0          0          0          0          0
  dualinfer        :       0.00       0.00      0          0          0          0          0          0          0          0          0          0
  gateextraction   :       0.00       0.00      0          0          0          0          0          0          0          0          0          0
  implics          :       0.00       0.00      0          0          0          0          0          0          0          0          0          0
  inttobinary      :       0.00       0.00      0          0          0          0          0          0          0          0          0          0
  qpkktref         :       0.00       0.00      0          0          0          0          0          0          0          0          0          0
  redvub           :       0.00       0.00      0          0          0          0          0          0          0          0          0          0
  sparsify         :       0.00       0.00      0          0          0          0          0          0          0          0          0          0
  stuffing         :       0.00       0.00      0          0          0          0          0          0          0          0          0          0
  symbreak         :       0.00       0.00      0          0          0          0          0          0          0          0          0          0
  symmetry         :       0.00       0.00      0          0          0          0          0          0          0          0          0          0
  trivial          :       0.00       0.00      0          0          0          0          0          0          0          0          0          0
  tworowbnd        :       0.00       0.00      0          0          0          0          0          0          0          0          0          0
  dualfix          :       0.00       0.00      0          0          0          0          0          0          0          0          0          0
  genvbounds       :       0.00       0.00      0          0          0          0          0          0          0          0          0          0
  orbitalfixing    :       0.00       0.00      0          0          0          0          0          0          0          0          0          0
  probing          :       0.00       0.00      0          0          0          0          0          0          0          0          0          0
  pseudoobj        :       0.00       0.00      0          0          0          0          0          0          0          0          0          0
  vbounds          :       0.00       0.00      0          0          0          0          0          0          0          0          0          0
  varbound         :       0.00       0.00      0          0          0          0          0          0          0          0          0          0
  setppc           :       0.00       0.00      0          0          0          0          0          0          0          0          0          0
  linear           :       0.00       0.00      0          0          0          0          0          0          0          0          0          0
  logicor          :       0.00       0.00      0          0          0          0          0          0          0          0          0          0
  benders          :       0.00       0.00      0          0          0          0          0          0          0          0          0          0
  components       :       0.00       0.00      0          0          0          0          0          0          0          0          0          0
  root node        :          -          -      -          0          -          -          0          -          -          -          -          -
Constraints        :     Number  MaxNumber  #Separate #Propagate    #EnfoLP    #EnfoRelax  #EnfoPS    #Check   #ResProp    Cutoffs    DomReds       Cuts    Applied      Conss   Children
  benderslp        :          0          0          0          0       3437          0          0        165          0          0          0          0          0          0          0
  integral         :          0          0          0          0       3437          0          0        165          0          0        316          0          0          0       6484
  varbound         :          0+       170         24      64991          0          0          0        163          0          0       3486          0          0          0          0
  setppc           :          0+         1          0      57804          0          0          0          0          0          0          1          0          0          0          0
  linear           :          0+       826         24      64992          0          0          0         25         16        131      56061         64         14          0          0
  logicor          :          0+         2         19         17          0          0          0          0          0          0          0          0          0          0          0
  benders          :          0          0          0          0          0          0          0         23          0          0          0          0          0          0          0
  countsols        :          0          0          0          0          0          0          0         23          0          0          0          0          0          0          0
  components       :          0          0          0          0          0          0          0          0          0          0          0          0          0          0          0
Constraint Timings :  TotalTime  SetupTime   Separate  Propagate     EnfoLP     EnfoPS     EnfoRelax   Check    ResProp    SB-Prop
  benderslp        :       0.00       0.00       0.00       0.00       0.00       0.00       0.00       0.00       0.00       0.00
  integral         :       4.77       0.00       0.00       0.00       4.77       0.00       0.00       0.00       0.00       0.00
  varbound         :       0.03       0.00       0.00       0.03       0.00       0.00       0.00       0.00       0.00       0.00
  setppc           :       0.00       0.00       0.00       0.00       0.00       0.00       0.00       0.00       0.00       0.00
  linear           :       0.29       0.00       0.03       0.23       0.00       0.00       0.00       0.00       0.00       0.01
  logicor          :       0.00       0.00       0.00       0.00       0.00       0.00       0.00       0.00       0.00       0.00
  benders          :       0.00       0.00       0.00       0.00       0.00       0.00       0.00       0.00       0.00       0.00
  countsols        :       0.00       0.00       0.00       0.00       0.00       0.00       0.00       0.00       0.00       0.00
  components       :       0.00       0.00       0.00       0.00       0.00       0.00       0.00       0.00       0.00       0.00
Propagators        : #Propagate   #ResProp    Cutoffs    DomReds
  dualfix          :          0          0          0          0
  genvbounds       :          0          0          0          0
  nlobbt           :          0          0          0          0
  obbt             :          0          0          0          0
  orbitalfixing    :          0          0          0          0
  probing          :          0          0          0          0
  pseudoobj        :          0          0          0          0
  redcost          :          0          0          0          0
  rootredcost      :          0          0          0          0
  vbounds          :      68430          0          0          0
Propagator Timings :  TotalTime  SetupTime   Presolve  Propagate    ResProp    SB-Prop
  dualfix          :       0.00       0.00       0.00       0.00       0.00       0.00
  genvbounds       :       0.00       0.00       0.00       0.00       0.00       0.00
  nlobbt           :       0.00       0.00       0.00       0.00       0.00       0.00
  obbt             :       0.00       0.00       0.00       0.00       0.00       0.00
  orbitalfixing    :       0.00       0.00       0.00       0.00       0.00       0.00
  probing          :       0.00       0.00       0.00       0.00       0.00       0.00
  pseudoobj        :       0.01       0.00       0.00       0.01       0.00       0.00
  redcost          :       0.00       0.00       0.00       0.00       0.00       0.00
  rootredcost      :       0.01       0.00       0.00       0.01       0.00       0.00
  vbounds          :       0.01       0.00       0.00       0.01       0.00       0.00
Conflict Analysis  :       Time      Calls    Success    DomReds  Conflicts   Literals    Reconvs ReconvLits   Dualrays   Nonzeros   LP Iters   (pool size: [10000,10000])
  propagation      :       0.00          1          1          -          2        6.5          0        0.0          -          -          -
  infeasible LP    :       0.00         17          1          -          0        0.0          0        0.0          1        2.0          0
  bound exceed. LP :       0.00          0          0          -          0        0.0          0        0.0          0        0.0          0
  strong branching :       0.00          0          0          -          0        0.0          0        0.0          -          -          0
  pseudo solution  :       0.00          0          0          -          0        0.0          0        0.0          -          -          -
  applied globally :       0.00          -          -          0          2        6.5          -          -          1          -          -
  applied locally  :          -          -          -          0          0        0.0          -          -          0          -          -
Separators         :   ExecTime  SetupTime      Calls    Cutoffs    DomReds       Cuts    Applied      Conss
  cut pool         :       6.60                  2190          -          -      17985          -          -    (maximal pool size: 4282)
  aggregation      :       1.19       0.00       1049          0          0          0          0          0
  cgmip            :       0.00       0.00          0          0          0          0          0          0
  clique           :       0.00       0.00         24          0          0          0          0          0
  closecuts        :       0.00       0.00          0          0          0          0          0          0
  cmir             :       0.00       0.00          0          0          0          0       1181          0
  convexproj       :       0.00       0.00          0          0          0          0          0          0
  disjunctive      :       0.00       0.00          0          0          0          0          0          0
  eccuts           :       0.00       0.00          0          0          0          0          0          0
  flowcover        :       0.00       0.00          0          0          0          0         44          0
  gauge            :       0.00       0.00          0          0          0          0          0          0
  gomory           :      11.17       0.00       1014          0          0          0       1217          0
  impliedbounds    :       0.05       0.00       1049          0          0          0          0          0
  intobj           :       0.00       0.00          0          0          0          0          0          0
  mcf              :       0.00       0.00          1          0          0          0          0          0
  oddcycle         :       0.00       0.00          0          0          0          0          0          0
  rapidlearning    :       0.00       0.00          0          0          0          0          0          0
  strongcg         :       0.24       0.00         20          0          0          0          0          0
  zerohalf         :       0.46       0.00       1024          0          0          0        734          0
Pricers            :   ExecTime  SetupTime      Calls       Vars
  problem variables:       0.00          -          0          0
Branching Rules    :   ExecTime  SetupTime   BranchLP  BranchExt   BranchPS    Cutoffs    DomReds       Cuts      Conss   Children
  allfullstrong    :       0.00       0.00          0          0          0          0          0          0          0          0
  cloud            :       0.00       0.00          0          0          0          0          0          0          0          0
  distribution     :       0.00       0.00          0          0          0          0          0          0          0          0
  fullstrong       :       0.00       0.00          0          0          0          0          0          0          0          0
  inference        :       0.00       0.00          0          0          0          0          0          0          0          0
  leastinf         :       0.00       0.00          0          0          0          0          0          0          0          0
  lookahead        :       0.00       0.00          0          0          0          0          0          0          0          0
  mostinf          :       0.00       0.00          0          0          0          0          0          0          0          0
  multaggr         :       0.00       0.00          0          0          0          0          0          0          0          0
  nodereopt        :       0.00       0.00          0          0          0          0          0          0          0          0
  pscost           :       0.00       0.00          0          0          0          0          0          0          0          0
  random           :       0.00       0.00          0          0          0          0          0          0          0          0
  relpscost        :       4.77       0.00       3437          0          0          0        316          0          0       6484
Primal Heuristics  :   ExecTime  SetupTime      Calls      Found       Best
  LP solutions     :       0.00          -          -          0          0
  relax solutions  :       0.00          -          -          0          0
  pseudo solutions :       0.00          -          -          0          0
  strong branching :       0.00          -          -          0          0
  actconsdiving    :       0.00       0.00          0          0          0
  alns             :       0.14       0.00          6          0          0
  bound            :       0.00       0.00          0          0          0
  clique           :       0.00       0.00          1          0          0
  coefdiving       :       0.23       0.00         45          0          0
  completesol      :       0.00       0.00          0          0          0
  conflictdiving   :       0.00       0.00          0          0          0
  crossover        :       0.03       0.00          1          0          0
  dins             :       0.00       0.00          0          0          0
  distributiondivin:       0.50       0.00         45          0          0
  dualval          :       0.00       0.00          0          0          0
  farkasdiving     :       0.12       0.00          1          0          0
  feaspump         :       0.04       0.00          2          2          0
  fixandinfer      :       0.00       0.00          0          0          0
  fracdiving       :       0.22       0.00         45          0          0
  gins             :       0.24       0.00          6          3          0
  guideddiving     :       0.24       0.00         45          0          0
  indicator        :       0.00       0.00          0          0          0
  intdiving        :       0.00       0.00          0          0          0
  intshifting      :       0.09       0.00         17          0          0
  linesearchdiving :       0.22       0.00         45          0          0
  localbranching   :       0.00       0.00          0          0          0
  locks            :       0.01       0.00          1          0          0
  lpface           :       0.00       0.00          0          0          0
  mpec             :       0.00       0.00          0          0          0
  multistart       :       0.00       0.00          0          0          0
  mutation         :       0.00       0.00          0          0          0
  nlpdiving        :       0.00       0.00          0          0          0
  objpscostdiving  :       0.85       0.00          7          6          0
  octane           :       0.00       0.00          0          0          0
  ofins            :       0.00       0.00          0          0          0
  oneopt           :       0.00       0.00          3          0          0
  proximity        :       0.00       0.00          0          0          0
  pscostdiving     :       0.35       0.00         46          0          0
  randrounding     :       0.03       0.00        155          0          0
  rens             :       1.57       0.00          1          1          1
  reoptsols        :       0.00       0.00          1          1          1
  repair           :       0.00       0.00          0          0          0
  rins             :       0.47       0.00          6          6          1
  rootsoldiving    :       0.62       0.00          8          3          0
  rounding         :       0.02       0.00        909          0          0
  shiftandpropagate:       0.00       0.00          0          0          0
  shifting         :       0.24       0.00        464          0          0
  simplerounding   :       0.00       0.00          0          0          0
  subnlp           :       0.00       0.00          0          0          0
  trivial          :       0.00       0.00          1          0          0
  trivialnegation  :       0.00       0.00          0          0          0
  trysol           :       0.00       0.00          0          0          0
  twoopt           :       0.00       0.00          0          0          0
  undercover       :       0.00       0.00          0          0          0
  vbounds          :       0.00       0.00          0          0          0
  veclendiving     :       0.30       0.00         45          0          0
  zeroobj          :       0.00       0.00          0          0          0
  zirounding       :       0.01       0.00       1000          0          0
  other solutions  :          -          -          -          0          -
Diving Statistics  :      Calls      Nodes   LP Iters Backtracks  Conflicts   MinDepth   MaxDepth   AvgDepth  RoundSols  NLeafSols  MinSolDpt  MaxSolDpt  AvgSolDpt
  actconsdiving    :          0          -          -          -          -          -          -          -          -          -          -          -          -
  coefdiving       :         45       1449        716        136          0         29         57       42.8          0          -          -          -          -
  conflictdiving   :          0          -          -          -          -          -          -          -          -          -          -          -          -
  distributiondivin:         45        417        954         53          0         12         29       21.8          0          -          -          -          -
  farkasdiving     :          1         43        840          1          0         43         43       43.0          0          -          -          -          -
  fracdiving       :         45       1417        308        152          0         28         54       41.2          0          -          -          -          -
  guideddiving     :         45       1394        858        121          0         23         56       41.5          0          -          -          -          -
  linesearchdiving :         45       1300        413        134          0         27         54       39.8          0          -          -          -          -
  pscostdiving     :         46        794       2466         46          0         20         56       30.0          0          -          -          -          -
  veclendiving     :         45       1402       1393        151          0         25         55       40.7          0          -          -          -          -
Neighborhoods      :      Calls  SetupTime  SolveTime SolveNodes       Sols       Best       Exp3  EpsGreedy        UCB TgtFixRate  Opt  Inf Node Stal  Sol  Usr Othr Actv
  rens             :          1       0.00       0.00          0          0          0    0.00000   -1.00000    1.00000      0.900    0    0    0    0    0    0    1    1
  rins             :          1       0.01       0.01          1          0          0    0.00000   -1.00000    1.00000      0.700    0    1    0    0    0    0    0    1
  mutation         :          1       0.01       0.01          5          0          0    0.00000   -1.00000    1.00000      0.700    0    1    0    0    0    0    0    1
  localbranching   :          1       0.01       0.01          2          0          0    0.00000   -1.00000    1.00000      0.700    0    1    0    0    0    0    0    1
  crossover        :          0       0.00       0.00          0          0          0    0.00000   -1.00000    1.00000      0.900    0    0    0    0    0    0    0    1
  proximity        :          1       0.01       0.03          7          0          0    0.00000   -1.00000    1.00000      0.700    0    1    0    0    0    0    0    1
  zeroobjective    :          0       0.00       0.00          0          0          0    0.00000   -1.00000    1.00000      0.900    0    0    0    0    0    0    0    1
  dins             :          1       0.01       0.01          5          0          0    0.00000   -1.00000    1.00000      0.700    0    1    0    0    0    0    0    1
Tree Compressions  :   ExecTime  SetupTime      Calls      Found
  largestrepr      :       0.00       0.00          0          0
  weakcompr        :       0.00       0.00          0          0
LP                 :       Time      Calls Iterations  Iter/call   Iter/sec  Time-0-It Calls-0-It    ItLimit
  primal LP        :       0.54       1006          0       0.00       0.00       0.54       1006
  dual LP          :      17.65       7717     189791      24.60   10755.30       0.00          2
  lex dual LP      :       0.00          0          0       0.00          -
  barrier LP       :       0.00          0          0       0.00          -       0.00          0
  resolve instable :       0.00          0          0       0.00          -
  diving/probing LP:       3.07       1611      34301      21.29   11177.96
  strong branching :       3.99        876      41705      47.61   10458.53          -          -         98
    (at root node) :          -         29       2427      83.69          -
  conflict analysis:       0.00          0          0       0.00          -
B&B Tree           :
  number of runs   :          0
  nodes            :       6425 (3242 internal, 3183 leaves)
  feasible leaves  :          0
  infeas. leaves   :          0
  objective leaves :       3183
  nodes (total)    :       6425 (3242 internal, 3183 leaves)
  nodes left       :          0
  max depth        :         27
  max depth (total):         27
  backtracks       :       2417 (37.6%)
  early backtracks :          0 (0.0%)
  nodes exc. ref.  :          0 (0.0%)
  delayed cutoffs  :          0
  repropagations   :          0 (0 domain reductions, 0 cutoffs)
  avg switch length:       7.24
  switching time   :       0.98
Root Node          :
  First LP value   : +6.63718802694375e+03
  First LP Iters   :       1763 (46867.11 Iter/sec)
  First LP Time    :       0.04
  Final Dual Bound : +6.71233021751520e+03
  Final Root Iters :       2960
  Root LP Estimate : +6.78026789761327e+03
Solution           :
  Solutions found  :         22 (3 improvements)
  First Solution   : +6.82640001800000e+03   (in run 0, after 1 nodes, 0.00 seconds, depth 0, found by <reoptsols>)
  Gap First Sol.   :   infinite
  Gap Last Sol.    :       0.43 %
  Primal Bound     : +6.74220002400000e+03   (in run 0, after 201 nodes, 8.24 seconds, depth 18, found by <rins>)
  Dual Bound       : +6.74220002400000e+03
  Gap              :       0.00 %
  Avg. Gap         :       0.46 % (23.85 primal-dual integral)
NoError here ! 
./script6: line 19: 16086 Segmentation fault      (core dumped) ./repair/build/repair $file $i $u $k $gap

real	0m52.621s
user	0m50.793s
sys	0m1.268s
