parameters: binkar10_1_10_1_5_0.800000 

SCIP version 6.0.1 [precision: 8 byte] [memory: block] [mode: optimized] [LP solver: SoPlex 4.0.1] [GitHash: a27ecc0]
Copyright (C) 2002-2019 Konrad-Zuse-Zentrum fuer Informationstechnik Berlin (ZIB)

read problem <instances/binkar10_1.mps> ...

original problem has 2298 variables (170 bin, 0 int, 0 impl, 2128 cont) and 1026 constraints
read solution <10solution/binkar10_1_1.sol> ...

check the feasibility of <10solution/binkar10_1_1.sol> for problem <instances/binkar10_1.mps> ...

  [linear] <R0114>:  -<C0004>[C] (+1) -<C1486>[C] (+0) +<C2132>[B] (+0) == 0;
;
violation: left hand side is violated by 1
  [linear] <R0148>:  -<C0121>[C] (+1) -<C1583>[C] (+0) +<C2166>[B] (+0) == 0;
;
violation: left hand side is violated by 1
  [linear] <R0246>:  -<C0569>[C] (+1) -<C1983>[C] (+0) +<C2264>[B] (+0) == 0;
;
violation: left hand side is violated by 1
The solution <10solution/binkar10_1_1.sol> is not feasible to <instances/binkar10_1.mps> 

Tring to reoptimize the problem <instances/binkar10_1.mps> ...  

obj = 6678.860023, k = 5, alpha = 6678.860023 

n = 2298 

Start to add variable y and new constraints 

y have been released ! 

Finish to create the y and constraint ! 

n = 2298,  j = 170 ! 

set all parameters to default! 

Reoptimization is enabled! 

Reoptimization parameter have been setted ! 

Stop parameter have been setted ! 

Memory for coefs have allocated ! 

Coefficients have been captured ! 

alpha = 6678.860023, n = 2468, j = 170, m = 5 
This is the 1-th iteration ! 

presolving:
(round 1, fast)       200 del vars, 370 del conss, 0 add conss, 2128 chg bounds, 0 chg sides, 0 chg coeffs, 0 upgd conss, 0 impls, 0 clqs
(round 2, exhaustive) 200 del vars, 370 del conss, 0 add conss, 2128 chg bounds, 0 chg sides, 0 chg coeffs, 170 upgd conss, 0 impls, 0 clqs
   (0.0s) probing cycle finished: starting next cycle
presolving (3 rounds: 3 fast, 2 medium, 2 exhaustive):
 200 deleted vars, 370 deleted constraints, 0 added constraints, 2128 tightened bounds, 0 added holes, 0 changed sides, 0 changed coefficients
 2127 implications, 10 cliques
presolved problem has 2268 variables (170 bin, 0 int, 0 impl, 2098 cont) and 996 constraints
    170 constraints of type <varbound>
    826 constraints of type <linear>
Presolving Time: 0.04

 time | node  | left  |LP iter|LP it/n| mem |mdpt |frac |vars |cons |cols |rows |cuts |confs|strbr|  dualbound   | primalbound  |  gap   
k 0.1s|     1 |     0 |   140 |     - |  14M|   0 |   - |2268 | 996 |2268 | 996 |   0 |   0 |   0 |-2.049482e+04 | 1.488990e+05 |    Inf 
* 0.1s|     1 |     0 |  1684 |     - |  14M|   0 |   - |2268 | 996 |2268 | 996 |   0 |   0 |   0 | 2.018412e+04 | 2.018412e+04 |   0.00%
  0.1s|     1 |     0 |  1684 |     - |  14M|   0 |   - |2268 | 996 |2268 | 996 |   0 |   0 |   0 | 2.018412e+04 | 2.018412e+04 |   0.00%

SCIP Status        : problem is solved [optimal solution found]
Solving Time (sec) : 0.08 (over 1 runs: 0.08)
Solving Nodes      : 1 (0 reactivated)
Primal Bound       : +2.01841200640000e+04 (2 solutions)
Dual Bound         : +2.01841200640000e+04
Gap                : 0.00 %
Coefs have been resetted!! 

Problem have been changed !! 

alpha = 5343.088018, n = 2468, j = 170, m = 4 
This is the 2-th iteration ! 

new objective has similarity of 0.999998 compared to previous.

 time | node  | left  |LP iter|LP it/n| mem |mdpt |frac |vars |cons |cols |rows |cuts |confs|strbr|  dualbound   | primalbound  |  gap   
J 0.0s|     1 |     0 |     0 |     - |  15M|   0 |   - |2268 | 996 |   0 |   0 |   0 |   0 |   0 |-2.049482e+04 | 1.751258e+04 |    Inf 
  0.0s|     1 |     0 |  1447 |     - |  15M|   0 |   - |2268 | 996 |2268 | 996 |   0 |   0 |   0 | 1.751258e+04 | 1.751258e+04 |   0.00%

SCIP Status        : problem is solved [optimal solution found]
Solving Time (sec) : 0.03 (over 2 runs: 0.11)
Solving Nodes      : 1 (0 reactivated)
Primal Bound       : +1.75125760548000e+04 (1 solutions)
Dual Bound         : +1.75125760548000e+04
Gap                : 0.00 %
Coefs have been resetted!! 

Problem have been changed !! 

alpha = 3205.852811, n = 2468, j = 170, m = 3 
This is the 3-th iteration ! 

new objective has similarity of 0.999996 compared to previous.

 time | node  | left  |LP iter|LP it/n| mem |mdpt |frac |vars |cons |cols |rows |cuts |confs|strbr|  dualbound   | primalbound  |  gap   
J 0.0s|     1 |     0 |     0 |     - |  15M|   0 |   - |2268 | 996 |   0 |   0 |   0 |   0 |   0 |-2.049482e+04 | 1.323811e+04 |    Inf 
  0.0s|     1 |     0 |  1447 |     - |  15M|   0 |   - |2268 | 996 |2268 | 996 |   0 |   0 |   0 | 1.323811e+04 | 1.323811e+04 |   0.00%

SCIP Status        : problem is solved [optimal solution found]
Solving Time (sec) : 0.03 (over 3 runs: 0.14)
Solving Nodes      : 1 (0 reactivated)
Primal Bound       : +1.32381056400800e+04 (1 solutions)
Dual Bound         : +1.32381056400800e+04
Gap                : 0.00 %
Coefs have been resetted!! 

Problem have been changed !! 

alpha = 1282.341124, n = 2468, j = 170, m = 2 
This is the 4-th iteration ! 

new objective has similarity of 0.999997 compared to previous.

 time | node  | left  |LP iter|LP it/n| mem |mdpt |frac |vars |cons |cols |rows |cuts |confs|strbr|  dualbound   | primalbound  |  gap   
J 0.0s|     1 |     0 |     0 |     - |  15M|   0 |   - |2268 | 996 |   0 |   0 |   0 |   0 |   0 |-2.049482e+04 | 9.391082e+03 |    Inf 
  0.0s|     1 |     0 |  1447 |     - |  15M|   0 |   - |2268 | 996 |2268 | 996 |   0 |   0 |   0 | 9.391082e+03 | 9.391082e+03 |   0.00%

SCIP Status        : problem is solved [optimal solution found]
Solving Time (sec) : 0.03 (over 4 runs: 0.17)
Solving Nodes      : 1 (0 reactivated)
Primal Bound       : +9.39108226683200e+03 (1 solutions)
Dual Bound         : +9.39108226683200e+03
Gap                : 0.00 %
Coefs have been resetted!! 

Problem have been changed !! 

alpha = 256.468225, n = 2468, j = 170, m = 1 
This is the 5-th iteration ! 

new objective has similarity of 0.999999 compared to previous.

 time | node  | left  |LP iter|LP it/n| mem |mdpt |frac |vars |cons |cols |rows |cuts |confs|strbr|  dualbound   | primalbound  |  gap   
J 0.0s|     1 |     0 |     0 |     - |  15M|   0 |   - |2268 | 996 |   0 |   0 |   0 |   0 |   0 |-2.049482e+04 | 7.339336e+03 |    Inf 
  0.0s|     1 |     0 |  1497 |     - |  15M|   0 |   - |2268 | 996 |2268 | 996 |   0 |   0 |   0 | 7.339336e+03 | 7.339336e+03 |   0.00%

SCIP Status        : problem is solved [optimal solution found]
Solving Time (sec) : 0.03 (over 5 runs: 0.20)
Solving Nodes      : 1 (0 reactivated)
Primal Bound       : +7.33933646776640e+03 (1 solutions)
Dual Bound         : +7.33933646776640e+03
Gap                : 0.00 %
Coefs have been resetted!! 

Problem have been changed !! 

This is the last iteration 


alpha = 0.000000  
new objective has similarity of 1 compared to previous.

 time | node  | left  |LP iter|LP it/n| mem |mdpt |frac |vars |cons |cols |rows |cuts |confs|strbr|  dualbound   | primalbound  |  gap   
J 0.0s|     1 |     0 |     0 |     - |  15M|   0 |   - |2268 | 996 |   0 |   0 |   0 |   0 |   0 |-2.049482e+04 | 6.826400e+03 |    Inf 
  0.1s|     1 |     0 |  2012 |     - |  15M|   0 |  38 |2268 | 996 |2268 | 996 |   0 |   0 |   0 | 6.637188e+03 | 6.826400e+03 |   2.85%
  0.1s|     1 |     0 |  2136 |     - |  15M|   0 |  37 |2268 | 996 |2268 |1006 |  10 |   0 |   0 | 6.644706e+03 | 6.826400e+03 |   2.73%
  0.1s|     1 |     0 |  2233 |     - |  16M|   0 |  61 |2268 | 996 |2268 |1016 |  20 |   0 |   0 | 6.648093e+03 | 6.826400e+03 |   2.68%
  0.1s|     1 |     0 |  2276 |     - |  17M|   0 |  71 |2268 | 996 |2268 |1021 |  25 |   0 |   0 | 6.650577e+03 | 6.826400e+03 |   2.64%
  0.2s|     1 |     0 |  2338 |     - |  18M|   0 |  87 |2268 | 996 |2268 |1028 |  32 |   0 |   0 | 6.658793e+03 | 6.826400e+03 |   2.52%
  0.2s|     1 |     0 |  2438 |     - |  18M|   0 |  79 |2268 | 996 |2268 |1033 |  37 |   0 |   0 | 6.664535e+03 | 6.826400e+03 |   2.43%
  0.3s|     1 |     0 |  2514 |     - |  19M|   0 |  62 |2268 | 996 |2268 |1039 |  43 |   0 |   0 | 6.678692e+03 | 6.826400e+03 |   2.21%
  0.3s|     1 |     0 |  2569 |     - |  22M|   0 |  66 |2268 | 996 |2268 |1045 |  49 |   0 |   0 | 6.690205e+03 | 6.826400e+03 |   2.04%
  0.4s|     1 |     0 |  2673 |     - |  23M|   0 |  71 |2268 | 996 |2268 |1049 |  53 |   0 |   0 | 6.700573e+03 | 6.826400e+03 |   1.88%
  0.4s|     1 |     0 |  2708 |     - |  23M|   0 |  73 |2268 | 996 |2268 |1053 |  57 |   0 |   0 | 6.701378e+03 | 6.826400e+03 |   1.87%
  0.4s|     1 |     0 |  2741 |     - |  23M|   0 |  79 |2268 | 996 |2268 |1055 |  59 |   0 |   0 | 6.702162e+03 | 6.826400e+03 |   1.85%
  0.4s|     1 |     0 |  2762 |     - |  23M|   0 |  78 |2268 | 996 |2268 |1058 |  62 |   0 |   0 | 6.702557e+03 | 6.826400e+03 |   1.85%
  0.4s|     1 |     0 |  2786 |     - |  23M|   0 |  77 |2268 | 996 |2268 |1062 |  66 |   0 |   0 | 6.703928e+03 | 6.826400e+03 |   1.83%
  0.5s|     1 |     0 |  2833 |     - |  23M|   0 |  89 |2268 | 996 |2268 |1069 |  73 |   0 |   0 | 6.705906e+03 | 6.826400e+03 |   1.80%
 time | node  | left  |LP iter|LP it/n| mem |mdpt |frac |vars |cons |cols |rows |cuts |confs|strbr|  dualbound   | primalbound  |  gap   
  0.5s|     1 |     0 |  2852 |     - |  24M|   0 |  81 |2268 | 996 |2268 |1071 |  75 |   0 |   0 | 6.706195e+03 | 6.826400e+03 |   1.79%
  0.5s|     1 |     0 |  2855 |     - |  24M|   0 |  87 |2268 | 996 |2268 |1072 |  76 |   0 |   0 | 6.706259e+03 | 6.826400e+03 |   1.79%
  0.6s|     1 |     0 |  2862 |     - |  24M|   0 |  83 |2268 | 996 |2268 |1057 |  78 |   0 |   0 | 6.706337e+03 | 6.826400e+03 |   1.79%
E 1.9s|     1 |     0 |  4264 |     - |  24M|   0 |  83 |2268 | 997 |2268 |1057 |  78 |   0 |   0 | 6.706337e+03 | 6.753760e+03 |   0.71%
  1.9s|     1 |     0 |  4264 |     - |  25M|   0 |  83 |2268 | 997 |2268 |1057 |  78 |   0 |   0 | 6.706337e+03 | 6.753760e+03 |   0.71%
  2.0s|     1 |     0 |  4293 |     - |  25M|   0 |  91 |2268 | 997 |2268 |1057 |  81 |   0 |   0 | 6.706809e+03 | 6.753760e+03 |   0.70%
  2.0s|     1 |     0 |  4315 |     - |  25M|   0 |  78 |2268 | 997 |2268 |1059 |  83 |   0 |   0 | 6.706999e+03 | 6.753760e+03 |   0.70%
  2.1s|     1 |     2 |  4315 |     - |  25M|   0 |  78 |2268 | 997 |2268 |1059 |  83 |   0 |  23 | 6.708557e+03 | 6.753760e+03 |   0.67%
  6.0s|   100 |    43 |  8646 |  60.0 |  53M|  24 |  34 |2268 | 997 |2268 |1041 | 201 |   0 | 518 | 6.709162e+03 | 6.753760e+03 |   0.66%
  7.5s|   200 |    91 | 11896 |  46.2 |  64M|  27 |  22 |2268 | 997 |2268 |1041 | 272 |   0 | 594 | 6.709162e+03 | 6.753760e+03 |   0.66%
N 7.6s|   201 |    83 | 11912 |  46.0 |  64M|  27 |  19 |2268 | 997 |2268 |1040 | 272 |   0 | 594 | 6.709162e+03 | 6.751630e+03 |   0.63%
  8.5s|   300 |   116 | 14248 |  38.6 |  69M|  27 |   3 |2268 | 999 |2268 |1053 | 337 |   1 | 628 | 6.709162e+03 | 6.751630e+03 |   0.63%
 10.6s|   400 |   184 | 22516 |  49.6 |  74M|  27 |  60 |2268 | 999 |2268 |1052 | 480 |   1 | 673 | 6.709885e+03 | 6.751630e+03 |   0.62%
N11.2s|   454 |   177 | 24467 |  48.0 |  74M|  27 |  41 |2268 | 999 |2268 |1051 | 491 |   1 | 681 | 6.710813e+03 | 6.747550e+03 |   0.55%
o11.2s|   456 |   179 | 24712 |  48.4 |  74M|  27 |   0 |2268 | 999 |2268 |1051 | 491 |   1 | 683 | 6.710813e+03 | 6.743240e+03 |   0.48%
 time | node  | left  |LP iter|LP it/n| mem |mdpt |frac |vars |cons |cols |rows |cuts |confs|strbr|  dualbound   | primalbound  |  gap   
 11.5s|   500 |   119 | 27023 |  48.7 |  74M|  32 |  60 |2268 | 999 |2268 |1044 | 512 |   1 | 684 | 6.710813e+03 | 6.743240e+03 |   0.48%
 13.9s|   600 |   177 | 36918 |  57.1 |  82M|  32 |   - |2268 | 998 |2268 |1057 | 703 |   1 | 693 | 6.711681e+03 | 6.743240e+03 |   0.47%
 15.4s|   700 |   203 | 42744 |  57.3 |  83M|  32 |  53 |2268 | 998 |2268 |1051 | 802 |   1 | 700 | 6.711917e+03 | 6.743240e+03 |   0.47%
 16.9s|   800 |   251 | 48050 |  56.7 |  89M|  32 |   - |2268 | 998 |2268 |1056 | 933 |   1 | 707 | 6.714000e+03 | 6.743240e+03 |   0.44%
 17.9s|   900 |   267 | 51793 |  54.6 |  89M|  32 |  61 |2268 | 998 |2268 |1056 |1020 |   1 | 715 | 6.714379e+03 | 6.743240e+03 |   0.43%
 19.3s|  1000 |   295 | 58741 |  56.1 |  89M|  32 |   - |2268 | 998 |2268 |1057 |1164 |   1 | 722 | 6.715565e+03 | 6.743240e+03 |   0.41%
 20.1s|  1100 |   319 | 62526 |  54.4 |  90M|  32 |  26 |2268 | 998 |2268 |1051 |1237 |   1 | 726 | 6.716144e+03 | 6.743240e+03 |   0.40%
 21.2s|  1200 |   331 | 69012 |  55.3 |  90M|  32 |   - |2268 | 998 |2268 |1060 |1301 |   1 | 729 | 6.716482e+03 | 6.743240e+03 |   0.40%
 22.3s|  1300 |   373 | 73549 |  54.5 |  91M|  32 |   - |2268 | 998 |2268 |1059 |1400 |   1 | 731 | 6.717536e+03 | 6.743240e+03 |   0.38%
 24.1s|  1400 |   393 | 78380 |  54.1 |  94M|  32 |   - |2268 | 998 |2268 |1062 |1525 |   1 | 733 | 6.717763e+03 | 6.743240e+03 |   0.38%
 25.9s|  1500 |   425 | 84534 |  54.6 |  97M|  32 |  62 |2268 | 998 |2268 |1067 |1674 |   1 | 739 | 6.718598e+03 | 6.743240e+03 |   0.37%
 27.7s|  1600 |   453 | 89691 |  54.4 |  97M|  32 |   - |2268 | 998 |2268 |1053 |1853 |   1 | 744 | 6.719483e+03 | 6.743240e+03 |   0.35%
 28.9s|  1700 |   477 | 95262 |  54.5 |  98M|  32 |   - |2268 | 998 |2268 |1054 |1971 |   1 | 746 | 6.720274e+03 | 6.743240e+03 |   0.34%
 30.6s|  1800 |   491 |100451 |  54.3 | 100M|  32 |   - |2268 | 998 |2268 |1062 |2123 |   1 | 752 | 6.720841e+03 | 6.743240e+03 |   0.33%
 31.7s|  1900 |   493 |103979 |  53.3 | 100M|  32 |  33 |2268 | 998 |2268 |1058 |2208 |   1 | 758 | 6.721519e+03 | 6.743240e+03 |   0.32%
 time | node  | left  |LP iter|LP it/n| mem |mdpt |frac |vars |cons |cols |rows |cuts |confs|strbr|  dualbound   | primalbound  |  gap   
 32.5s|  2000 |   515 |108000 |  52.7 | 100M|  32 |   - |2268 | 998 |2268 |1050 |2266 |   1 | 759 | 6.722236e+03 | 6.743240e+03 |   0.31%
 33.5s|  2100 |   519 |111663 |  51.9 | 100M|  32 |   - |2268 | 998 |2268 |1054 |2357 |   1 | 760 | 6.722610e+03 | 6.743240e+03 |   0.31%
 34.4s|  2200 |   531 |115343 |  51.2 | 101M|  32 |   - |2268 | 998 |2268 |1053 |2427 |   1 | 763 | 6.723214e+03 | 6.743240e+03 |   0.30%
*34.7s|  2253 |   494 |116690 |  50.6 | 101M|  32 |   - |2268 | 998 |2268 |1054 |2445 |   1 | 765 | 6.723214e+03 | 6.742200e+03 |   0.28%
 35.0s|  2300 |   497 |118064 |  50.2 | 101M|  32 |   - |2268 | 998 |2268 |1055 |2481 |   1 | 767 | 6.723395e+03 | 6.742200e+03 |   0.28%
 35.8s|  2400 |   497 |121496 |  49.5 | 101M|  32 |  64 |2268 | 998 |2268 |1057 |2565 |   1 | 770 | 6.723578e+03 | 6.742200e+03 |   0.28%
 37.1s|  2500 |   481 |126213 |  49.4 | 101M|  32 |   - |2268 | 998 |2268 |1050 |2673 |   1 | 770 | 6.723768e+03 | 6.742200e+03 |   0.27%
 38.2s|  2600 |   481 |131381 |  49.5 | 101M|  32 |   - |2268 | 998 |2268 |1061 |2761 |   1 | 771 | 6.724669e+03 | 6.742200e+03 |   0.26%
 39.5s|  2700 |   481 |135596 |  49.2 | 105M|  32 |   - |2268 | 998 |2268 |1060 |2883 |   1 | 771 | 6.725242e+03 | 6.742200e+03 |   0.25%
 40.6s|  2800 |   483 |139686 |  48.9 | 108M|  32 |   - |2268 | 998 |2268 |1065 |2997 |   1 | 772 | 6.725687e+03 | 6.742200e+03 |   0.25%
 41.8s|  2900 |   463 |143964 |  48.7 | 108M|  32 |   - |2268 | 998 |2268 |1065 |3088 |   1 | 774 | 6.725811e+03 | 6.742200e+03 |   0.24%
 42.8s|  3000 |   473 |147675 |  48.3 | 109M|  32 |  56 |2268 | 998 |2268 |1071 |3176 |   1 | 774 | 6.726108e+03 | 6.742200e+03 |   0.24%
N43.1s|  3044 |   485 |148579 |  47.9 | 109M|  32 |  32 |2268 | 998 |2268 |1066 |3193 |   1 | 775 | 6.726108e+03 | 6.742200e+03 |   0.24%
 43.6s|  3100 |   471 |150437 |  47.7 | 109M|  32 |  48 |2268 | 998 |2268 |1059 |3254 |   1 | 776 | 6.726370e+03 | 6.742200e+03 |   0.24%
 45.2s|  3200 |   443 |155678 |  47.8 | 109M|  32 |   - |2268 | 998 |2268 |1060 |3430 |   1 | 789 | 6.726839e+03 | 6.742200e+03 |   0.23%
 time | node  | left  |LP iter|LP it/n| mem |mdpt |frac |vars |cons |cols |rows |cuts |confs|strbr|  dualbound   | primalbound  |  gap   
 46.4s|  3300 |   437 |162414 |  48.4 | 110M|  32 |  42 |2268 | 998 |2268 |1053 |3501 |   1 | 804 | 6.727271e+03 | 6.742200e+03 |   0.22%
 47.2s|  3400 |   429 |165939 |  48.0 | 110M|  32 |  26 |2268 | 998 |2268 |1057 |3545 |   1 | 822 | 6.727452e+03 | 6.742200e+03 |   0.22%
 48.1s|  3500 |   413 |169686 |  47.7 | 110M|  32 |   - |2268 | 998 |2268 |1063 |3630 |   1 | 834 | 6.727943e+03 | 6.742200e+03 |   0.21%
 49.0s|  3600 |   381 |173669 |  47.5 | 111M|  32 |   - |2268 | 998 |2268 |1119 |3701 |   1 | 850 | 6.728468e+03 | 6.742200e+03 |   0.20%
 49.7s|  3700 |   351 |177386 |  47.2 | 111M|  32 |  40 |2268 | 998 |2268 |1054 |3755 |   1 | 859 | 6.728812e+03 | 6.742200e+03 |   0.20%
 50.7s|  3800 |   329 |180891 |  46.9 | 111M|  32 |   - |2268 | 998 |2268 |1056 |3859 |   1 | 864 | 6.728868e+03 | 6.742200e+03 |   0.20%
 51.7s|  3900 |   311 |184816 |  46.7 | 111M|  32 |   - |2268 | 998 |2268 |1052 |3944 |   1 | 869 | 6.730135e+03 | 6.742200e+03 |   0.18%
 52.5s|  4000 |   297 |187902 |  46.3 | 111M|  32 |   - |2268 | 998 |2268 |1059 |4017 |   1 | 875 | 6.730330e+03 | 6.742200e+03 |   0.18%
 53.5s|  4100 |   277 |191726 |  46.1 | 111M|  32 |  47 |2268 | 998 |2268 |1061 |4085 |   1 | 895 | 6.731083e+03 | 6.742200e+03 |   0.17%
 54.2s|  4200 |   257 |194329 |  45.6 | 111M|  32 |  55 |2268 | 998 |2268 |1080 |4128 |   1 | 912 | 6.731293e+03 | 6.742200e+03 |   0.16%
 54.8s|  4300 |   231 |197836 |  45.4 | 111M|  32 |   - |2268 | 998 |2268 |1058 |4163 |   1 | 929 | 6.731784e+03 | 6.742200e+03 |   0.15%
 55.7s|  4400 |   201 |201341 |  45.2 | 111M|  32 |  52 |2268 | 998 |2268 |1072 |4250 |   1 | 942 | 6.732377e+03 | 6.742200e+03 |   0.15%
 56.4s|  4500 |   177 |204440 |  44.8 | 111M|  32 |   - |2268 | 998 |2268 |1059 |4290 |   1 | 966 | 6.733023e+03 | 6.742200e+03 |   0.14%
 57.0s|  4600 |   127 |207371 |  44.5 | 113M|  32 |   - |2268 | 998 |2268 |1064 |4321 |   1 | 976 | 6.733548e+03 | 6.742200e+03 |   0.13%
 57.5s|  4700 |    97 |210016 |  44.1 | 113M|  32 |   - |2268 | 998 |2268 |1061 |4344 |   1 | 993 | 6.734985e+03 | 6.742200e+03 |   0.11%
 time | node  | left  |LP iter|LP it/n| mem |mdpt |frac |vars |cons |cols |rows |cuts |confs|strbr|  dualbound   | primalbound  |  gap   
 58.0s|  4800 |    51 |212889 |  43.8 | 113M|  32 |   - |2268 | 998 |2268 |1065 |4355 |   1 |1003 | 6.735467e+03 | 6.742200e+03 |   0.10%

SCIP Status        : problem is solved [optimal solution found]
Solving Time (sec) : 58.25 (over 6 runs: 58.45)
Solving Nodes      : 4887 (0 reactivated)
Primal Bound       : +6.74220002400000e+03 (23 solutions)
Dual Bound         : +6.74220002400000e+03
Gap                : 0.00 %
SCIP Status        : problem is solved [optimal solution found]
Total Time         :      58.25
  solving          :      58.25
  presolving       :       0.00 (included in solving)
  reading          :       0.01
  copying          :       0.21 (24 #copies) (minimal 0.01, maximal 0.01, average 0.01)
Original Problem   :
  Problem name     : binkar10_1
  Variables        : 2468 (170 binary, 0 integer, 0 implicit integer, 2298 continuous)
  Constraints      : 1366 initial, 1366 maximal
  Objective        : minimize, 1742 non-zeros (abs.min = 0.83, abs.max = 1e+06)
Presolved Problem  :
  Problem name     : t_binkar10_1
  Variables        : 2268 (170 binary, 0 integer, 0 implicit integer, 2098 continuous)
  Constraints      : 996 initial, 999 maximal
  Objective        : minimize, 1542 non-zeros (abs.min = 1.67, abs.max = 1e+06)
Presolvers         :   ExecTime  SetupTime  Calls  FixedVars   AggrVars   ChgTypes  ChgBounds   AddHoles    DelCons    AddCons   ChgSides   ChgCoefs
  boundshift       :       0.00       0.00      0          0          0          0          0          0          0          0          0          0
  convertinttobin  :       0.00       0.00      0          0          0          0          0          0          0          0          0          0
  domcol           :       0.00       0.00      0          0          0          0          0          0          0          0          0          0
  dualagg          :       0.00       0.00      0          0          0          0          0          0          0          0          0          0
  dualcomp         :       0.00       0.00      0          0          0          0          0          0          0          0          0          0
  dualinfer        :       0.00       0.00      0          0          0          0          0          0          0          0          0          0
  gateextraction   :       0.00       0.00      0          0          0          0          0          0          0          0          0          0
  implics          :       0.00       0.00      0          0          0          0          0          0          0          0          0          0
  inttobinary      :       0.00       0.00      0          0          0          0          0          0          0          0          0          0
  qpkktref         :       0.00       0.00      0          0          0          0          0          0          0          0          0          0
  redvub           :       0.00       0.00      0          0          0          0          0          0          0          0          0          0
  sparsify         :       0.00       0.00      0          0          0          0          0          0          0          0          0          0
  stuffing         :       0.00       0.00      0          0          0          0          0          0          0          0          0          0
  symbreak         :       0.00       0.00      0          0          0          0          0          0          0          0          0          0
  symmetry         :       0.00       0.00      0          0          0          0          0          0          0          0          0          0
  trivial          :       0.00       0.00      0          0          0          0          0          0          0          0          0          0
  tworowbnd        :       0.00       0.00      0          0          0          0          0          0          0          0          0          0
  dualfix          :       0.00       0.00      0          0          0          0          0          0          0          0          0          0
  genvbounds       :       0.00       0.00      0          0          0          0          0          0          0          0          0          0
  orbitalfixing    :       0.00       0.00      0          0          0          0          0          0          0          0          0          0
  probing          :       0.00       0.00      0          0          0          0          0          0          0          0          0          0
  pseudoobj        :       0.00       0.00      0          0          0          0          0          0          0          0          0          0
  vbounds          :       0.00       0.00      0          0          0          0          0          0          0          0          0          0
  varbound         :       0.00       0.00      0          0          0          0          0          0          0          0          0          0
  linear           :       0.00       0.00      0          0          0          0          0          0          0          0          0          0
  logicor          :       0.00       0.00      0          0          0          0          0          0          0          0          0          0
  benders          :       0.00       0.00      0          0          0          0          0          0          0          0          0          0
  components       :       0.00       0.00      0          0          0          0          0          0          0          0          0          0
  root node        :          -          -      -          0          -          -          0          -          -          -          -          -
Constraints        :     Number  MaxNumber  #Separate #Propagate    #EnfoLP    #EnfoRelax  #EnfoPS    #Check   #ResProp    Cutoffs    DomReds       Cuts    Applied      Conss   Children
  benderslp        :          0          0          0          0       2748          0          0        130          0          0          0          0          0          0          0
  integral         :          0          0          0          0       2748          0          0        130          0          0        439          0          0          0       5032
  varbound         :          0+       170         18      42258          1          0          0        128          0          0       2727          0          0          0          0
  linear           :          0+       827         18      42259          1          0          0         25         86         63      40753         68         16          0          0
  logicor          :          0+         2          0        352          0          0          0          0          0          0          0          0          0          0          0
  benders          :          0          0          0          0          1          0          0         23          0          0          0          0          0          0          0
  countsols        :          0          0          0          0          1          0          0         23          0          0          0          0          0          0          0
  components       :          0          0          0          0          0          0          0          0          0          0          0          0          0          0          0
Constraint Timings :  TotalTime  SetupTime   Separate  Propagate     EnfoLP     EnfoPS     EnfoRelax   Check    ResProp    SB-Prop
  benderslp        :       0.00       0.00       0.00       0.00       0.00       0.00       0.00       0.00       0.00       0.00
  integral         :       5.07       0.00       0.00       0.00       5.07       0.00       0.00       0.00       0.00       0.00
  varbound         :       0.03       0.00       0.00       0.02       0.00       0.00       0.00       0.00       0.00       0.00
  linear           :       0.22       0.00       0.03       0.17       0.00       0.00       0.00       0.00       0.00       0.02
  logicor          :       0.00       0.00       0.00       0.00       0.00       0.00       0.00       0.00       0.00       0.00
  benders          :       0.00       0.00       0.00       0.00       0.00       0.00       0.00       0.00       0.00       0.00
  countsols        :       0.00       0.00       0.00       0.00       0.00       0.00       0.00       0.00       0.00       0.00
  components       :       0.00       0.00       0.00       0.00       0.00       0.00       0.00       0.00       0.00       0.00
Propagators        : #Propagate   #ResProp    Cutoffs    DomReds
  dualfix          :          0          0          0          0
  genvbounds       :          0          0          0          0
  nlobbt           :          0          0          0          0
  obbt             :          0          0          0          0
  orbitalfixing    :          0          0          0          0
  probing          :          0          0          0          0
  pseudoobj        :          0          0          0          0
  redcost          :          0          0          0          0
  rootredcost      :          0          0          0          0
  vbounds          :      45008          0          0          0
Propagator Timings :  TotalTime  SetupTime   Presolve  Propagate    ResProp    SB-Prop
  dualfix          :       0.00       0.00       0.00       0.00       0.00       0.00
  genvbounds       :       0.00       0.00       0.00       0.00       0.00       0.00
  nlobbt           :       0.00       0.00       0.00       0.00       0.00       0.00
  obbt             :       0.00       0.00       0.00       0.00       0.00       0.00
  orbitalfixing    :       0.00       0.00       0.00       0.00       0.00       0.00
  probing          :       0.00       0.00       0.00       0.00       0.00       0.00
  pseudoobj        :       0.01       0.00       0.00       0.00       0.00       0.00
  redcost          :       0.00       0.00       0.00       0.00       0.00       0.00
  rootredcost      :       0.01       0.00       0.00       0.01       0.00       0.00
  vbounds          :       0.01       0.00       0.00       0.01       0.00       0.00
Conflict Analysis  :       Time      Calls    Success    DomReds  Conflicts   Literals    Reconvs ReconvLits   Dualrays   Nonzeros   LP Iters   (pool size: [10000,10000])
  propagation      :       0.00          0          0          -          0        0.0          0        0.0          -          -          -
  infeasible LP    :       0.00         16          2          -          2       19.0          0        0.0          2       22.0          0
  bound exceed. LP :       0.00          0          0          -          0        0.0          0        0.0          0        0.0          0
  strong branching :       0.00          0          0          -          0        0.0          0        0.0          -          -          0
  pseudo solution  :       0.00          0          0          -          0        0.0          0        0.0          -          -          -
  applied globally :       0.00          -          -          0          1       18.0          -          -          2          -          -
  applied locally  :          -          -          -          0          0        0.0          -          -          0          -          -
Separators         :   ExecTime  SetupTime      Calls    Cutoffs    DomReds       Cuts    Applied      Conss
  cut pool         :       8.65                  2490          -          -      26830          -          -    (maximal pool size: 4281)
  aggregation      :       1.69       0.00       1226          0          0          0          0          0
  cgmip            :       0.00       0.00          0          0          0          0          0          0
  clique           :       0.00       0.00         18          0          0          0          0          0
  closecuts        :       0.00       0.00          0          0          0          0          0          0
  cmir             :       0.00       0.00          0          0          0          0       1879          0
  convexproj       :       0.00       0.00          0          0          0          0          0          0
  disjunctive      :       0.00       0.00          0          0          0          0          0          0
  eccuts           :       0.00       0.00          0          0          0          0          0          0
  flowcover        :       0.00       0.00          0          0          0          0        103          0
  gauge            :       0.00       0.00          0          0          0          0          0          0
  gomory           :      14.74       0.00       1194          0          0          0       1752          0
  impliedbounds    :       0.09       0.00       1226          0          0          0          0          0
  intobj           :       0.00       0.00          0          0          0          0          0          0
  mcf              :       0.00       0.00          1          0          0          0          0          0
  oddcycle         :       0.00       0.00          0          0          0          0          0          0
  rapidlearning    :       0.00       0.00          0          0          0          0          0          0
  strongcg         :       0.20       0.00         18          0          0          0          0          0
  zerohalf         :       0.66       0.00       1202          0          0          0        605          0
Pricers            :   ExecTime  SetupTime      Calls       Vars
  problem variables:       0.00          -          0          0
Branching Rules    :   ExecTime  SetupTime   BranchLP  BranchExt   BranchPS    Cutoffs    DomReds       Cuts      Conss   Children
  allfullstrong    :       0.00       0.00          0          0          0          0          0          0          0          0
  cloud            :       0.00       0.00          0          0          0          0          0          0          0          0
  distribution     :       0.00       0.00          0          0          0          0          0          0          0          0
  fullstrong       :       0.00       0.00          0          0          0          0          0          0          0          0
  inference        :       0.00       0.00          0          0          0          0          0          0          0          0
  leastinf         :       0.00       0.00          0          0          0          0          0          0          0          0
  lookahead        :       0.00       0.00          0          0          0          0          0          0          0          0
  mostinf          :       0.00       0.00          0          0          0          0          0          0          0          0
  multaggr         :       0.00       0.00          0          0          0          0          0          0          0          0
  nodereopt        :       0.00       0.00          0          0          0          0          0          0          0          0
  pscost           :       0.00       0.00          0          0          0          0          0          0          0          0
  random           :       0.00       0.00          0          0          0          0          0          0          0          0
  relpscost        :       5.07       0.00       2747          0          0          0        439          0          0       5032
Primal Heuristics  :   ExecTime  SetupTime      Calls      Found       Best
  LP solutions     :       0.00          -          -          1          1
  relax solutions  :       0.00          -          -          0          0
  pseudo solutions :       0.00          -          -          0          0
  strong branching :       0.00          -          -          0          0
  actconsdiving    :       0.00       0.00          0          0          0
  alns             :       0.15       0.00          5          0          0
  bound            :       0.00       0.00          0          0          0
  clique           :       0.00       0.00          1          0          0
  coefdiving       :       0.16       0.00         22          0          0
  completesol      :       0.00       0.00          0          0          0
  conflictdiving   :       0.00       0.00          0          0          0
  crossover        :       0.06       0.00          2          1          0
  dins             :       0.00       0.00          0          0          0
  distributiondivin:       0.34       0.00         21          0          0
  dualval          :       0.00       0.00          0          0          0
  farkasdiving     :       0.11       0.00          1          0          0
  feaspump         :       0.02       0.00          1          1          0
  fixandinfer      :       0.00       0.00          0          0          0
  fracdiving       :       0.13       0.00         21          0          0
  gins             :       0.25       0.00          5          1          0
  guideddiving     :       0.12       0.00         21          0          0
  indicator        :       0.00       0.00          0          0          0
  intdiving        :       0.00       0.00          0          0          0
  intshifting      :       0.07       0.00         15          0          0
  linesearchdiving :       0.12       0.00         21          0          0
  localbranching   :       0.00       0.00          0          0          0
  locks            :       0.01       0.00          1          0          0
  lpface           :       0.00       0.00          0          0          0
  mpec             :       0.00       0.00          0          0          0
  multistart       :       0.00       0.00          0          0          0
  mutation         :       0.00       0.00          0          0          0
  nlpdiving        :       0.00       0.00          0          0          0
  objpscostdiving  :       0.92       0.00          7          7          1
  octane           :       0.00       0.00          0          0          0
  ofins            :       0.00       0.00          0          0          0
  oneopt           :       0.00       0.00          7          0          0
  proximity        :       0.00       0.00          0          0          0
  pscostdiving     :       0.23       0.00         21          0          0
  randrounding     :       0.03       0.00        110          0          0
  rens             :       1.18       0.00          1          1          1
  reoptsols        :       0.00       0.00          1          1          1
  repair           :       0.00       0.00          0          0          0
  rins             :       0.51       0.00          8          7          3
  rootsoldiving    :       0.64       0.00          7          3          0
  rounding         :       0.02       0.00        832          0          0
  shiftandpropagate:       0.00       0.00          0          0          0
  shifting         :       0.28       0.00        496          0          0
  simplerounding   :       0.00       0.00          0          0          0
  subnlp           :       0.00       0.00          0          0          0
  trivial          :       0.00       0.00          1          0          0
  trivialnegation  :       0.00       0.00          0          0          0
  trysol           :       0.00       0.00          0          0          0
  twoopt           :       0.00       0.00          0          0          0
  undercover       :       0.00       0.00          0          0          0
  vbounds          :       0.00       0.00          0          0          0
  veclendiving     :       0.15       0.00         21          0          0
  zeroobj          :       0.00       0.00          0          0          0
  zirounding       :       0.01       0.00       1000          0          0
  other solutions  :          -          -          -          0          -
Diving Statistics  :      Calls      Nodes   LP Iters Backtracks  Conflicts   MinDepth   MaxDepth   AvgDepth  RoundSols  NLeafSols  MinSolDpt  MaxSolDpt  AvgSolDpt
  actconsdiving    :          0          -          -          -          -          -          -          -          -          -          -          -          -
  coefdiving       :         22        705        724         74          0         23         51       41.0          0          -          -          -          -
  conflictdiving   :          0          -          -          -          -          -          -          -          -          -          -          -          -
  distributiondivin:         21        190        393         22          0         15         29       20.8          0          -          -          -          -
  farkasdiving     :          1         38        805          2          0         37         37       37.0          0          -          -          -          -
  fracdiving       :         21        671        332         67          0         28         57       39.6          0          -          -          -          -
  guideddiving     :         21        713         59         86          0         32         53       44.0          0          -          -          -          -
  linesearchdiving :         21        617        260         58          0         28         53       40.2          0          -          -          -          -
  pscostdiving     :         21        409       1591         19          0         18         53       31.1          0          -          -          -          -
  veclendiving     :         21        646        461         67          0         30         50       40.9          0          -          -          -          -
Neighborhoods      :      Calls  SetupTime  SolveTime SolveNodes       Sols       Best       Exp3  EpsGreedy        UCB TgtFixRate  Opt  Inf Node Stal  Sol  Usr Othr Actv
  rens             :          0       0.00       0.00          0          0          0    0.00000   -1.00000    1.00000      0.900    0    0    0    0    0    0    0    1
  rins             :          1       0.01       0.02          5          0          0    0.00000   -1.00000    1.00000      0.700    0    1    0    0    0    0    0    1
  mutation         :          1       0.01       0.01          5          0          0    0.00000   -1.00000    1.00000      0.700    0    1    0    0    0    0    0    1
  localbranching   :          1       0.01       0.01          5          0          0    0.00000   -1.00000    1.00000      0.700    0    1    0    0    0    0    0    1
  crossover        :          0       0.00       0.00          0          0          0    0.00000   -1.00000    1.00000      0.900    0    0    0    0    0    0    0    1
  proximity        :          1       0.01       0.02          1          0          0    0.00000   -1.00000    1.00000      0.700    0    1    0    0    0    0    0    1
  zeroobjective    :          0       0.00       0.00          0          0          0    0.00000   -1.00000    1.00000      0.900    0    0    0    0    0    0    0    1
  dins             :          1       0.01       0.01          5          0          0    0.00000   -1.00000    1.00000      0.700    0    1    0    0    0    0    0    1
Tree Compressions  :   ExecTime  SetupTime      Calls      Found
  largestrepr      :       0.00       0.00          0          0
  weakcompr        :       0.00       0.00          0          0
LP                 :       Time      Calls Iterations  Iter/call   Iter/sec  Time-0-It Calls-0-It    ItLimit
  primal LP        :       0.49        817          0       0.00       0.00       0.49        817
  dual LP          :      18.60       6371     185820      29.19    9988.40       0.00          5
  lex dual LP      :       0.00          0          0       0.00          -
  barrier LP       :       0.00          0          0       0.00          -       0.00          0
  resolve instable :       0.00          0          0       0.00          -
  diving/probing LP:       2.64       1177      28737      24.42   10899.66
  strong branching :       4.11       1007      39646      39.37    9635.12          -          -        117
    (at root node) :          -         23       1672      72.70          -
  conflict analysis:       0.00          0          0       0.00          -
B&B Tree           :
  number of runs   :          0
  nodes            :       4887 (2516 internal, 2371 leaves)
  feasible leaves  :          1
  infeas. leaves   :          3
  objective leaves :       2367
  nodes (total)    :       4887 (2516 internal, 2371 leaves)
  nodes left       :          0
  max depth        :         32
  max depth (total):         32
  backtracks       :       1643 (33.6%)
  early backtracks :          0 (0.0%)
  nodes exc. ref.  :          0 (0.0%)
  delayed cutoffs  :          0
  repropagations   :          0 (0 domain reductions, 0 cutoffs)
  avg switch length:       6.39
  switching time   :       0.88
Root Node          :
  First LP value   : +6.63718802694375e+03
  First LP Iters   :       1806 (42619.47 Iter/sec)
  First LP Time    :       0.04
  Final Dual Bound : +6.70855681417924e+03
  Final Root Iters :       2707
  Root LP Estimate : +6.78938085847753e+03
Solution           :
  Solutions found  :         23 (7 improvements)
  First Solution   : +6.82640001800000e+03   (in run 0, after 1 nodes, 0.00 seconds, depth 0, found by <reoptsols>)
  Gap First Sol.   :   infinite
  Gap Last Sol.    :       0.24 %
  Primal Bound     : +6.74220002400000e+03   (in run 0, after 3044 nodes, 43.15 seconds, depth 23, found by <rins>)
  Dual Bound       : +6.74220002400000e+03
  Gap              :       0.00 %
  Avg. Gap         :       0.50 % (28.87 primal-dual integral)
NoError here ! 
./script6: line 19: 17622 Segmentation fault      (core dumped) ./repair/build/repair $file $i $u $k $gap

real	0m59.161s
user	0m57.274s
sys	0m1.248s
