parameters: binkar10_1_10_1_3_0.050000 

SCIP version 6.0.1 [precision: 8 byte] [memory: block] [mode: optimized] [LP solver: SoPlex 4.0.1] [GitHash: a27ecc0]
Copyright (C) 2002-2019 Konrad-Zuse-Zentrum fuer Informationstechnik Berlin (ZIB)

read problem <instances/binkar10_1.mps> ...

original problem has 2298 variables (170 bin, 0 int, 0 impl, 2128 cont) and 1026 constraints
read solution <10solution/binkar10_1_1.sol> ...

check the feasibility of <10solution/binkar10_1_1.sol> for problem <instances/binkar10_1.mps> ...

  [linear] <R0114>:  -<C0004>[C] (+1) -<C1486>[C] (+0) +<C2132>[B] (+0) == 0;
;
violation: left hand side is violated by 1
  [linear] <R0148>:  -<C0121>[C] (+1) -<C1583>[C] (+0) +<C2166>[B] (+0) == 0;
;
violation: left hand side is violated by 1
  [linear] <R0246>:  -<C0569>[C] (+1) -<C1983>[C] (+0) +<C2264>[B] (+0) == 0;
;
violation: left hand side is violated by 1
The solution <10solution/binkar10_1_1.sol> is not feasible to <instances/binkar10_1.mps> 

Tring to reoptimize the problem <instances/binkar10_1.mps> ...  

obj = 6678.860023, k = 3, alpha = 6678.860023 

n = 2298 

Start to add variable y and new constraints 

y have been released ! 

Finish to create the y and constraint ! 

n = 2298,  j = 170 ! 

set all parameters to default! 

Reoptimization is enabled! 

Reoptimization parameter have been setted ! 

Stop parameter have been setted ! 

Memory for coefs have allocated ! 

Coefficients have been captured ! 

alpha = 6678.860023, n = 2468, j = 170, m = 3 
This is the 1-th iteration ! 

presolving:
(round 1, fast)       200 del vars, 370 del conss, 0 add conss, 2128 chg bounds, 0 chg sides, 0 chg coeffs, 0 upgd conss, 0 impls, 0 clqs
(round 2, exhaustive) 200 del vars, 370 del conss, 0 add conss, 2128 chg bounds, 0 chg sides, 0 chg coeffs, 170 upgd conss, 0 impls, 0 clqs
   (0.0s) probing cycle finished: starting next cycle
presolving (3 rounds: 3 fast, 2 medium, 2 exhaustive):
 200 deleted vars, 370 deleted constraints, 0 added constraints, 2128 tightened bounds, 0 added holes, 0 changed sides, 0 changed coefficients
 2127 implications, 10 cliques
presolved problem has 2268 variables (170 bin, 0 int, 0 impl, 2098 cont) and 996 constraints
    170 constraints of type <varbound>
    826 constraints of type <linear>
Presolving Time: 0.03

 time | node  | left  |LP iter|LP it/n| mem |mdpt |frac |vars |cons |cols |rows |cuts |confs|strbr|  dualbound   | primalbound  |  gap   
k 0.0s|     1 |     0 |   140 |     - |  14M|   0 |   - |2268 | 996 |2268 | 996 |   0 |   0 |   0 |-2.049482e+04 | 1.488990e+05 |    Inf 
* 0.1s|     1 |     0 |  1684 |     - |  14M|   0 |   - |2268 | 996 |2268 | 996 |   0 |   0 |   0 | 2.018412e+04 | 2.018412e+04 |   0.00%
  0.1s|     1 |     0 |  1684 |     - |  14M|   0 |   - |2268 | 996 |2268 | 996 |   0 |   0 |   0 | 2.018412e+04 | 2.018412e+04 |   0.00%

SCIP Status        : problem is solved [optimal solution found]
Solving Time (sec) : 0.07 (over 1 runs: 0.07)
Solving Nodes      : 1 (0 reactivated)
Primal Bound       : +2.01841200640000e+04 (2 solutions)
Dual Bound         : +2.01841200640000e+04
Gap                : 0.00 %
Coefs have been resetted!! 

Problem have been changed !! 

alpha = 4452.573349, n = 2468, j = 170, m = 2 
This is the 2-th iteration ! 

new objective has similarity of 0.999995 compared to previous.

 time | node  | left  |LP iter|LP it/n| mem |mdpt |frac |vars |cons |cols |rows |cuts |confs|strbr|  dualbound   | primalbound  |  gap   
J 0.0s|     1 |     0 |     0 |     - |  15M|   0 |   - |2268 | 996 |   0 |   0 |   0 |   0 |   0 |-2.049482e+04 | 1.573155e+04 |    Inf 
  0.0s|     1 |     0 |  1408 |     - |  15M|   0 |   - |2268 | 996 |2268 | 996 |   0 |   0 |   0 | 1.573155e+04 | 1.573155e+04 |   0.00%

SCIP Status        : problem is solved [optimal solution found]
Solving Time (sec) : 0.02 (over 2 runs: 0.10)
Solving Nodes      : 1 (0 reactivated)
Primal Bound       : +1.57315467153333e+04 (1 solutions)
Dual Bound         : +1.57315467153333e+04
Gap                : 0.00 %
Coefs have been resetted!! 

Problem have been changed !! 

alpha = 1484.191116, n = 2468, j = 170, m = 1 
This is the 3-th iteration ! 

new objective has similarity of 0.999992 compared to previous.

 time | node  | left  |LP iter|LP it/n| mem |mdpt |frac |vars |cons |cols |rows |cuts |confs|strbr|  dualbound   | primalbound  |  gap   
J 0.0s|     1 |     0 |     0 |     - |  15M|   0 |   - |2268 | 996 |   0 |   0 |   0 |   0 |   0 |-2.049482e+04 | 9.794782e+03 |    Inf 
  0.0s|     1 |     0 |  1408 |     - |  15M|   0 |   - |2268 | 996 |2268 | 996 |   0 |   0 |   0 | 9.794782e+03 | 9.794782e+03 |   0.00%

SCIP Status        : problem is solved [optimal solution found]
Solving Time (sec) : 0.02 (over 3 runs: 0.12)
Solving Nodes      : 1 (0 reactivated)
Primal Bound       : +9.79478225044444e+03 (1 solutions)
Dual Bound         : +9.79478225044444e+03
Gap                : 0.00 %
Coefs have been resetted!! 

Problem have been changed !! 

This is the last iteration 


alpha = 0.000000  
new objective has similarity of 0.999998 compared to previous.

 time | node  | left  |LP iter|LP it/n| mem |mdpt |frac |vars |cons |cols |rows |cuts |confs|strbr|  dualbound   | primalbound  |  gap   
J 0.0s|     1 |     0 |     0 |     - |  15M|   0 |   - |2268 | 996 |   0 |   0 |   0 |   0 |   0 |-2.049482e+04 | 6.826400e+03 |    Inf 
  0.0s|     1 |     0 |  2087 |     - |  15M|   0 |  38 |2268 | 996 |2268 | 996 |   0 |   0 |   0 | 6.637188e+03 | 6.826400e+03 |   2.85%
  0.1s|     1 |     0 |  2163 |     - |  15M|   0 |  37 |2268 | 996 |2268 |1006 |  10 |   0 |   0 | 6.644706e+03 | 6.826400e+03 |   2.73%
  0.1s|     1 |     0 |  2248 |     - |  16M|   0 |  61 |2268 | 996 |2268 |1016 |  20 |   0 |   0 | 6.648093e+03 | 6.826400e+03 |   2.68%
  0.1s|     1 |     0 |  2294 |     - |  17M|   0 |  71 |2268 | 996 |2268 |1021 |  25 |   0 |   0 | 6.650577e+03 | 6.826400e+03 |   2.64%
  0.2s|     1 |     0 |  2359 |     - |  19M|   0 |  77 |2268 | 996 |2268 |1025 |  29 |   0 |   0 | 6.657381e+03 | 6.826400e+03 |   2.54%
  0.2s|     1 |     0 |  2488 |     - |  19M|   0 |  73 |2268 | 996 |2268 |1031 |  35 |   0 |   0 | 6.666677e+03 | 6.826400e+03 |   2.40%
  0.2s|     1 |     0 |  2577 |     - |  19M|   0 |  93 |2268 | 996 |2268 |1037 |  41 |   0 |   0 | 6.670588e+03 | 6.826400e+03 |   2.34%
  0.3s|     1 |     0 |  2666 |     - |  21M|   0 |  72 |2268 | 996 |2268 |1041 |  45 |   0 |   0 | 6.684622e+03 | 6.826400e+03 |   2.12%
  0.3s|     1 |     0 |  2798 |     - |  21M|   0 |  59 |2268 | 996 |2268 |1048 |  52 |   0 |   0 | 6.691134e+03 | 6.826400e+03 |   2.02%
  0.4s|     1 |     0 |  2875 |     - |  23M|   0 |  87 |2268 | 996 |2268 |1056 |  60 |   0 |   0 | 6.696183e+03 | 6.826400e+03 |   1.94%
  0.4s|     1 |     0 |  2923 |     - |  25M|   0 |  85 |2268 | 996 |2268 |1059 |  63 |   0 |   0 | 6.699707e+03 | 6.826400e+03 |   1.89%
  0.4s|     1 |     0 |  3023 |     - |  25M|   0 |  78 |2268 | 996 |2268 |1063 |  67 |   0 |   0 | 6.702769e+03 | 6.826400e+03 |   1.84%
  0.5s|     1 |     0 |  3060 |     - |  26M|   0 |  86 |2268 | 996 |2268 |1069 |  73 |   0 |   0 | 6.703976e+03 | 6.826400e+03 |   1.83%
  0.5s|     1 |     0 |  3099 |     - |  26M|   0 |  80 |2268 | 996 |2268 |1070 |  74 |   0 |   0 | 6.705374e+03 | 6.826400e+03 |   1.80%
 time | node  | left  |LP iter|LP it/n| mem |mdpt |frac |vars |cons |cols |rows |cuts |confs|strbr|  dualbound   | primalbound  |  gap   
  0.5s|     1 |     0 |  3108 |     - |  26M|   0 |  77 |2268 | 996 |2268 |1072 |  76 |   0 |   0 | 6.705576e+03 | 6.826400e+03 |   1.80%
  0.6s|     1 |     0 |  3110 |     - |  26M|   0 |  77 |2268 | 996 |2268 |1073 |  77 |   0 |   0 | 6.705584e+03 | 6.826400e+03 |   1.80%
u 0.7s|     1 |     0 |  3851 |     - |  26M|   0 |   - |2268 | 996 |2268 |1073 |   0 |   0 |   0 | 6.705584e+03 | 6.816780e+03 |   1.66%
E 2.3s|     1 |     0 |  4297 |     - |  26M|   0 |  77 |2268 | 996 |2268 |1073 |  77 |   0 |   0 | 6.705584e+03 | 6.756250e+03 |   0.76%
  2.3s|     1 |     0 |  4297 |     - |  27M|   0 |  77 |2268 | 996 |2268 |1073 |  77 |   0 |   0 | 6.705584e+03 | 6.756250e+03 |   0.76%
  2.4s|     1 |     0 |  4321 |     - |  27M|   0 |  78 |2268 | 996 |2268 |1075 |  79 |   0 |   0 | 6.706894e+03 | 6.756250e+03 |   0.74%
  2.4s|     1 |     0 |  4326 |     - |  27M|   0 |  78 |2268 | 996 |2268 |1076 |  80 |   0 |   0 | 6.707462e+03 | 6.756250e+03 |   0.73%
  2.7s|     1 |     2 |  4326 |     - |  27M|   0 |  78 |2268 | 996 |2268 |1076 |  80 |   0 |  39 | 6.709974e+03 | 6.756250e+03 |   0.69%
  6.9s|   100 |    73 |  9019 |  61.5 |  53M|  18 |  11 |2268 | 996 |2268 |1041 | 197 |   0 | 547 | 6.711583e+03 | 6.756250e+03 |   0.67%
  7.9s|   200 |   141 | 11637 |  43.8 |  61M|  30 |   1 |2268 | 996 |2268 |1042 | 262 |   0 | 588 | 6.711583e+03 | 6.756250e+03 |   0.67%
C 8.2s|   226 |   126 | 11985 |  40.2 |  61M|  31 |   9 |2268 | 996 |2268 |1042 | 266 |   0 | 590 | 6.711583e+03 | 6.753110e+03 |   0.62%
  8.8s|   300 |   160 | 14029 |  37.1 |  64M|  34 |   - |2268 | 996 |2268 |1047 | 308 |   0 | 612 | 6.712082e+03 | 6.753110e+03 |   0.61%
  9.9s|   400 |   218 | 17991 |  37.7 |  67M|  34 |   - |2268 | 996 |2268 |1046 | 415 |   0 | 623 | 6.712086e+03 | 6.753110e+03 |   0.61%
 11.8s|   500 |   304 | 26012 |  46.3 |  76M|  34 |  52 |2268 | 996 |2268 |1050 | 538 |   0 | 633 | 6.712301e+03 | 6.753110e+03 |   0.61%
F12.3s|   531 |   327 | 28600 |  48.4 |  80M|  34 |   0 |2268 | 996 |2268 |1046 | 572 |   0 | 639 | 6.712551e+03 | 6.748870e+03 |   0.54%
 time | node  | left  |LP iter|LP it/n| mem |mdpt |frac |vars |cons |cols |rows |cuts |confs|strbr|  dualbound   | primalbound  |  gap   
 12.7s|   600 |   322 | 30065 |  45.3 |  80M|  42 |  12 |2268 | 996 |2268 |1046 | 591 |   0 | 644 | 6.712778e+03 | 6.748870e+03 |   0.54%
*12.7s|   610 |   315 | 30204 |  44.8 |  80M|  42 |   - |2268 | 996 |2268 |1046 | 591 |   0 | 645 | 6.712778e+03 | 6.748780e+03 |   0.54%
 14.1s|   700 |   357 | 35092 |  46.0 |  81M|  42 |  29 |2268 | 996 |2268 |1051 | 715 |   0 | 647 | 6.712862e+03 | 6.748780e+03 |   0.54%
*15.1s|   783 |   388 | 39948 |  47.3 |  85M|  42 |   - |2268 | 996 |2268 |1045 | 793 |   0 | 650 | 6.713794e+03 | 6.747890e+03 |   0.51%
 15.2s|   800 |   383 | 40225 |  46.7 |  85M|  42 |  18 |2268 | 996 |2268 |1045 | 793 |   0 | 651 | 6.713794e+03 | 6.747890e+03 |   0.51%
 16.3s|   900 |   447 | 45659 |  47.5 |  88M|  42 |  44 |2268 | 996 |2268 |1048 | 880 |   0 | 656 | 6.714578e+03 | 6.747890e+03 |   0.50%
 18.1s|  1000 |   507 | 51960 |  49.1 |  89M|  42 |  45 |2268 | 996 |2268 |1045 |1018 |   0 | 661 | 6.714785e+03 | 6.747890e+03 |   0.49%
 19.5s|  1100 |   571 | 56690 |  48.9 |  91M|  42 |   - |2268 | 996 |2268 |1043 |1128 |   0 | 665 | 6.715405e+03 | 6.747890e+03 |   0.48%
 21.5s|  1200 |   619 | 63729 |  50.7 |  93M|  42 |  47 |2268 | 996 |2268 |1048 |1297 |   0 | 676 | 6.715566e+03 | 6.747890e+03 |   0.48%
 22.4s|  1300 |   683 | 67445 |  49.7 |  93M|  42 |  28 |2268 | 996 |2268 |1056 |1371 |   0 | 677 | 6.716175e+03 | 6.747890e+03 |   0.47%
 23.1s|  1400 |   701 | 69991 |  47.9 |  93M|  42 |   - |2268 | 996 |2268 |1058 |1409 |   0 | 683 | 6.716931e+03 | 6.747890e+03 |   0.46%
*23.3s|  1425 |   676 | 70378 |  47.4 |  93M|  42 |   - |2268 | 996 |2268 |1058 |1421 |   0 | 684 | 6.716946e+03 | 6.746610e+03 |   0.44%
 24.3s|  1500 |   695 | 73728 |  47.2 |  95M|  42 |   - |2268 | 996 |2268 |1079 |1502 |   0 | 688 | 6.717162e+03 | 6.746610e+03 |   0.44%
 25.0s|  1600 |   721 | 76744 |  46.2 |  95M|  42 |   - |2268 | 996 |2268 |1046 |1555 |   0 | 691 | 6.717323e+03 | 6.746610e+03 |   0.44%
C25.3s|  1625 |   538 | 77000 |  45.6 |  95M|  42 |  49 |2268 | 996 |2268 |1038 |1555 |   0 | 692 | 6.717323e+03 | 6.742200e+03 |   0.37%
 time | node  | left  |LP iter|LP it/n| mem |mdpt |frac |vars |cons |cols |rows |cuts |confs|strbr|  dualbound   | primalbound  |  gap   
 26.4s|  1700 |   567 | 80775 |  45.8 |  99M|  42 |   - |2268 | 996 |2268 |1046 |1650 |   0 | 695 | 6.717782e+03 | 6.742200e+03 |   0.36%
 27.4s|  1800 |   581 | 84225 |  45.2 | 100M|  42 |   - |2268 | 996 |2268 |1047 |1743 |   0 | 696 | 6.718124e+03 | 6.742200e+03 |   0.36%
 28.8s|  1900 |   619 | 88593 |  45.1 | 100M|  42 |   - |2268 | 996 |2268 |1045 |1854 |   0 | 703 | 6.718490e+03 | 6.742200e+03 |   0.35%
 29.9s|  2000 |   653 | 92001 |  44.6 | 100M|  42 |   - |2268 | 996 |2268 |1051 |1955 |   0 | 703 | 6.718804e+03 | 6.742200e+03 |   0.35%
 31.1s|  2100 |   667 | 95390 |  44.0 | 100M|  42 |  54 |2268 | 996 |2268 |1049 |2067 |   0 | 704 | 6.719029e+03 | 6.742200e+03 |   0.34%
 32.1s|  2200 |   679 | 99763 |  44.0 | 101M|  42 |  44 |2268 | 996 |2268 |1043 |2167 |   0 | 706 | 6.719029e+03 | 6.742200e+03 |   0.34%
 33.2s|  2300 |   681 |103206 |  43.6 | 102M|  42 |  40 |2268 | 996 |2268 |1048 |2270 |   0 | 708 | 6.719141e+03 | 6.742200e+03 |   0.34%
 33.9s|  2400 |   693 |106267 |  43.1 | 102M|  42 |  31 |2268 | 996 |2268 |1046 |2318 |   0 | 708 | 6.719215e+03 | 6.742200e+03 |   0.34%
 34.8s|  2500 |   697 |109593 |  42.7 | 102M|  42 |   - |2268 | 996 |2268 |1056 |2412 |   0 | 710 | 6.719779e+03 | 6.742200e+03 |   0.33%
 36.0s|  2600 |   695 |113590 |  42.6 | 103M|  42 |   - |2268 | 996 |2268 |1048 |2529 |   0 | 710 | 6.720222e+03 | 6.742200e+03 |   0.33%
 36.4s|  2700 |   685 |115736 |  41.8 | 103M|  42 |   - |2268 | 996 |2268 |1045 |2553 |   0 | 711 | 6.720222e+03 | 6.742200e+03 |   0.33%
 37.1s|  2800 |   701 |119005 |  41.5 | 103M|  42 |  49 |2268 | 996 |2268 |1048 |2600 |   0 | 720 | 6.720560e+03 | 6.742200e+03 |   0.32%
 37.8s|  2900 |   699 |121879 |  41.0 | 103M|  42 |  37 |2268 | 996 |2268 |1049 |2664 |   0 | 725 | 6.720777e+03 | 6.742200e+03 |   0.32%
 38.6s|  3000 |   725 |124711 |  40.6 | 103M|  42 |  39 |2268 | 996 |2268 |1055 |2725 |   0 | 725 | 6.721093e+03 | 6.742200e+03 |   0.31%
 39.5s|  3100 |   725 |127875 |  40.3 | 103M|  42 |  21 |2268 | 996 |2268 |1056 |2792 |   0 | 725 | 6.721697e+03 | 6.742200e+03 |   0.31%
 time | node  | left  |LP iter|LP it/n| mem |mdpt |frac |vars |cons |cols |rows |cuts |confs|strbr|  dualbound   | primalbound  |  gap   
 40.0s|  3200 |   735 |131133 |  40.1 | 103M|  42 |  13 |2268 | 996 |2268 |1051 |2828 |   0 | 726 | 6.721724e+03 | 6.742200e+03 |   0.30%
 40.8s|  3300 |   741 |133942 |  39.7 | 104M|  42 |  53 |2268 | 996 |2268 |1051 |2890 |   0 | 726 | 6.722112e+03 | 6.742200e+03 |   0.30%
 41.6s|  3400 |   753 |137111 |  39.5 | 104M|  42 |   - |2268 | 996 |2268 |1057 |2946 |   0 | 727 | 6.722341e+03 | 6.742200e+03 |   0.30%
 42.2s|  3500 |   759 |140078 |  39.2 | 104M|  42 |  45 |2268 | 996 |2268 |1047 |2998 |   0 | 728 | 6.722894e+03 | 6.742200e+03 |   0.29%
 42.6s|  3600 |   773 |142014 |  38.6 | 104M|  42 |  39 |2268 | 996 |2268 |1045 |3021 |   0 | 728 | 6.723367e+03 | 6.742200e+03 |   0.28%
 43.0s|  3700 |   771 |143989 |  38.1 | 104M|  42 |   - |2268 | 996 |2268 |1051 |3059 |   0 | 728 | 6.723564e+03 | 6.742200e+03 |   0.28%
 43.5s|  3800 |   781 |146704 |  37.8 | 104M|  42 |   - |2268 | 996 |2268 |1047 |3085 |   0 | 728 | 6.723624e+03 | 6.742200e+03 |   0.28%
 43.9s|  3900 |   781 |149207 |  37.5 | 104M|  42 |  53 |2268 | 996 |2268 |1055 |3110 |   0 | 728 | 6.723683e+03 | 6.742200e+03 |   0.28%
 44.9s|  4000 |   779 |152802 |  37.5 | 104M|  42 |   - |2268 | 996 |2268 |1076 |3185 |   0 | 729 | 6.723900e+03 | 6.742200e+03 |   0.27%
 45.3s|  4100 |   761 |155271 |  37.2 | 105M|  42 |   - |2268 | 996 |2268 |1060 |3201 |   0 | 730 | 6.724429e+03 | 6.742200e+03 |   0.26%
 45.9s|  4200 |   755 |158046 |  36.9 | 105M|  42 |   - |2268 | 996 |2268 |1052 |3239 |   0 | 731 | 6.724758e+03 | 6.742200e+03 |   0.26%
 46.4s|  4300 |   751 |160546 |  36.7 | 105M|  42 |   - |2268 | 996 |2268 |1053 |3260 |   0 | 732 | 6.724853e+03 | 6.742200e+03 |   0.26%
 47.0s|  4400 |   743 |163902 |  36.6 | 106M|  42 |  45 |2268 | 996 |2268 |1049 |3311 |   0 | 732 | 6.725221e+03 | 6.742200e+03 |   0.25%
 47.5s|  4500 |   753 |167661 |  36.6 | 106M|  42 |   - |2268 | 996 |2268 |1059 |3328 |   0 | 734 | 6.725415e+03 | 6.742200e+03 |   0.25%
 48.5s|  4600 |   737 |172720 |  36.9 | 106M|  42 |   - |2268 | 996 |2268 |1051 |3409 |   0 | 758 | 6.725813e+03 | 6.742200e+03 |   0.24%
 time | node  | left  |LP iter|LP it/n| mem |mdpt |frac |vars |cons |cols |rows |cuts |confs|strbr|  dualbound   | primalbound  |  gap   
 49.7s|  4700 |   741 |176531 |  36.9 | 106M|  42 |  43 |2268 | 996 |2268 |1057 |3505 |   0 | 776 | 6.726031e+03 | 6.742200e+03 |   0.24%
 50.1s|  4800 |   733 |178679 |  36.6 | 106M|  42 |  54 |2268 | 996 |2268 |1057 |3531 |   0 | 782 | 6.726455e+03 | 6.742200e+03 |   0.23%
 50.7s|  4900 |   719 |181442 |  36.4 | 107M|  42 |  62 |2268 | 996 |2268 |1067 |3573 |   0 | 782 | 6.726662e+03 | 6.742200e+03 |   0.23%
 51.3s|  5000 |   721 |184226 |  36.3 | 107M|  42 |   - |2268 | 996 |2268 |1049 |3606 |   0 | 787 | 6.726809e+03 | 6.742200e+03 |   0.23%
 51.8s|  5100 |   717 |187069 |  36.1 | 107M|  42 |   - |2268 | 996 |2268 |1048 |3644 |   0 | 787 | 6.727109e+03 | 6.742200e+03 |   0.22%
 52.4s|  5200 |   709 |189845 |  36.0 | 107M|  42 |  50 |2268 | 996 |2268 |1045 |3683 |   0 | 789 | 6.727279e+03 | 6.742200e+03 |   0.22%
 52.7s|  5300 |   709 |192044 |  35.7 | 107M|  42 |   - |2268 | 996 |2268 |1053 |3713 |   0 | 791 | 6.727353e+03 | 6.742200e+03 |   0.22%
 53.3s|  5400 |   703 |194416 |  35.5 | 108M|  42 |   - |2268 | 996 |2268 |1118 |3762 |   0 | 792 | 6.727434e+03 | 6.742200e+03 |   0.22%
 53.6s|  5500 |   693 |196717 |  35.2 | 108M|  42 |  40 |2268 | 996 |2268 |1054 |3771 |   0 | 800 | 6.727715e+03 | 6.742200e+03 |   0.22%
 54.2s|  5600 |   683 |198850 |  35.0 | 108M|  42 |   - |2268 | 996 |2268 |1049 |3803 |   0 | 816 | 6.727828e+03 | 6.742200e+03 |   0.21%
 54.8s|  5700 |   687 |202617 |  35.0 | 108M|  42 |  40 |2268 | 996 |2268 |1046 |3841 |   0 | 826 | 6.728002e+03 | 6.742200e+03 |   0.21%
 55.3s|  5800 |   685 |204941 |  34.8 | 108M|  42 |  21 |2268 | 996 |2268 |1051 |3877 |   0 | 837 | 6.728047e+03 | 6.742200e+03 |   0.21%
 55.6s|  5900 |   671 |206840 |  34.6 | 108M|  42 |   - |2268 | 996 |2268 |1062 |3896 |   0 | 843 | 6.728243e+03 | 6.742200e+03 |   0.21%
 56.0s|  6000 |   659 |208916 |  34.3 | 108M|  42 |   - |2268 | 996 |2268 |1045 |3921 |   0 | 852 | 6.728438e+03 | 6.742200e+03 |   0.20%
 56.4s|  6100 |   651 |211070 |  34.1 | 108M|  42 |   - |2268 | 996 |2268 |1046 |3933 |   0 | 861 | 6.728745e+03 | 6.742200e+03 |   0.20%
 time | node  | left  |LP iter|LP it/n| mem |mdpt |frac |vars |cons |cols |rows |cuts |confs|strbr|  dualbound   | primalbound  |  gap   
 56.7s|  6200 |   635 |213420 |  34.0 | 108M|  42 |  53 |2268 | 996 |2268 |1049 |3943 |   0 | 862 | 6.728917e+03 | 6.742200e+03 |   0.20%
 57.2s|  6300 |   623 |215863 |  33.8 | 108M|  42 |   - |2268 | 996 |2268 |1052 |3963 |   0 | 868 | 6.728964e+03 | 6.742200e+03 |   0.20%
 57.7s|  6400 |   599 |218115 |  33.6 | 109M|  42 |   - |2268 | 996 |2268 |1051 |4002 |   0 | 869 | 6.729245e+03 | 6.742200e+03 |   0.19%
 58.0s|  6500 |   599 |220317 |  33.4 | 109M|  42 |   - |2268 | 996 |2268 |1053 |4013 |   0 | 874 | 6.729727e+03 | 6.742200e+03 |   0.19%
 58.4s|  6600 |   587 |222508 |  33.3 | 109M|  42 |  17 |2268 | 996 |2268 |1060 |4033 |   0 | 877 | 6.729866e+03 | 6.742200e+03 |   0.18%
 58.7s|  6700 |   581 |224518 |  33.1 | 109M|  42 |  43 |2268 | 996 |2268 |1049 |4041 |   0 | 877 | 6.730014e+03 | 6.742200e+03 |   0.18%
 59.1s|  6800 |   571 |226777 |  32.9 | 109M|  42 |   - |2268 | 996 |2268 |1057 |4067 |   0 | 880 | 6.730235e+03 | 6.742200e+03 |   0.18%
 59.4s|  6900 |   551 |229037 |  32.8 | 109M|  42 |   - |2268 | 996 |2268 |1050 |4085 |   0 | 887 | 6.730486e+03 | 6.742200e+03 |   0.17%
 59.9s|  7000 |   527 |231550 |  32.7 | 109M|  42 |  56 |2268 | 996 |2268 |1049 |4100 |   0 | 914 | 6.730875e+03 | 6.742200e+03 |   0.17%
 60.5s|  7100 |   509 |234115 |  32.6 | 110M|  42 |  38 |2268 | 996 |2268 |1047 |4132 |   0 | 929 | 6.730957e+03 | 6.742200e+03 |   0.17%
 60.9s|  7200 |   491 |236291 |  32.4 | 111M|  42 |   - |2268 | 996 |2268 |1047 |4147 |   0 | 935 | 6.731412e+03 | 6.742200e+03 |   0.16%
 61.3s|  7300 |   483 |238690 |  32.3 | 111M|  42 |  59 |2268 | 996 |2268 |1053 |4158 |   0 | 948 | 6.731582e+03 | 6.742200e+03 |   0.16%
 61.6s|  7400 |   467 |241016 |  32.2 | 111M|  42 |   - |2268 | 996 |2268 |1051 |4163 |   0 | 963 | 6.731720e+03 | 6.742200e+03 |   0.16%
 61.9s|  7500 |   471 |243415 |  32.1 | 111M|  42 |   - |2268 | 996 |2268 |1058 |4166 |   0 | 967 | 6.731902e+03 | 6.742200e+03 |   0.15%
 62.2s|  7600 |   453 |245527 |  31.9 | 111M|  42 |  48 |2268 | 996 |2268 |1050 |4178 |   0 | 975 | 6.732129e+03 | 6.742200e+03 |   0.15%
 time | node  | left  |LP iter|LP it/n| mem |mdpt |frac |vars |cons |cols |rows |cuts |confs|strbr|  dualbound   | primalbound  |  gap   
 62.7s|  7700 |   429 |247976 |  31.8 | 111M|  42 |  40 |2268 | 996 |2268 |1054 |4194 |   0 | 980 | 6.732615e+03 | 6.742200e+03 |   0.14%
 63.0s|  7800 |   411 |250068 |  31.7 | 111M|  42 |  39 |2268 | 996 |2268 |1059 |4197 |   0 | 986 | 6.732650e+03 | 6.742200e+03 |   0.14%
 63.2s|  7900 |   401 |251972 |  31.5 | 111M|  42 |   - |2268 | 996 |2268 |1047 |4203 |   0 | 988 | 6.732838e+03 | 6.742200e+03 |   0.14%
 63.6s|  8000 |   393 |253915 |  31.4 | 111M|  42 |   - |2268 | 996 |2268 |1054 |4228 |   0 | 993 | 6.732949e+03 | 6.742200e+03 |   0.14%
 64.0s|  8100 |   373 |256267 |  31.3 | 111M|  42 |   - |2268 | 996 |2268 |1049 |4237 |   0 | 999 | 6.733202e+03 | 6.742200e+03 |   0.13%
 64.4s|  8200 |   339 |258499 |  31.2 | 111M|  42 |   - |2268 | 996 |2268 |1044 |4250 |   0 |1000 | 6.733428e+03 | 6.742200e+03 |   0.13%
 64.6s|  8300 |   321 |260578 |  31.0 | 111M|  42 |   - |2268 | 996 |2268 |1059 |4250 |   0 |1004 | 6.733760e+03 | 6.742200e+03 |   0.13%
 65.0s|  8400 |   293 |264991 |  31.2 | 111M|  42 |   - |2268 | 996 |2268 |1054 |4253 |   0 |1011 | 6.733949e+03 | 6.742200e+03 |   0.12%
 65.3s|  8500 |   271 |267379 |  31.1 | 111M|  42 |   - |2268 | 996 |2268 |1048 |4255 |   0 |1016 | 6.734035e+03 | 6.742200e+03 |   0.12%
 65.6s|  8600 |   233 |269505 |  31.0 | 111M|  42 |   - |2268 | 996 |2268 |1056 |4255 |   0 |1021 | 6.734523e+03 | 6.742200e+03 |   0.11%
 65.9s|  8700 |   215 |271523 |  30.9 | 112M|  42 |   - |2268 | 996 |2268 |1065 |4255 |   0 |1036 | 6.734688e+03 | 6.742200e+03 |   0.11%
 66.4s|  8800 |   179 |274300 |  30.8 | 112M|  42 |  39 |2268 | 996 |2268 |1058 |4264 |   0 |1045 | 6.734934e+03 | 6.742200e+03 |   0.11%
 66.7s|  8900 |   121 |276165 |  30.7 | 112M|  42 |  71 |2268 | 996 |2268 |1189 |4264 |   0 |1060 | 6.735524e+03 | 6.742200e+03 |   0.10%
 67.0s|  9000 |    57 |278456 |  30.6 | 112M|  42 |   - |2268 | 996 |2268 |1087 |4265 |   0 |1083 | 6.736289e+03 | 6.742200e+03 |   0.09%

SCIP Status        : problem is solved [optimal solution found]
Solving Time (sec) : 67.27 (over 4 runs: 67.39)
Solving Nodes      : 9061 (0 reactivated)
Primal Bound       : +6.74220002400000e+03 (25 solutions)
Dual Bound         : +6.74220002400000e+03
Gap                : 0.00 %
SCIP Status        : problem is solved [optimal solution found]
Total Time         :      67.27
  solving          :      67.27
  presolving       :       0.00 (included in solving)
  reading          :       0.01
  copying          :       0.17 (21 #copies) (minimal 0.01, maximal 0.01, average 0.01)
Original Problem   :
  Problem name     : binkar10_1
  Variables        : 2468 (170 binary, 0 integer, 0 implicit integer, 2298 continuous)
  Constraints      : 1366 initial, 1366 maximal
  Objective        : minimize, 1742 non-zeros (abs.min = 0.83, abs.max = 1e+06)
Presolved Problem  :
  Problem name     : t_binkar10_1
  Variables        : 2268 (170 binary, 0 integer, 0 implicit integer, 2098 continuous)
  Constraints      : 996 initial, 996 maximal
  Objective        : minimize, 1542 non-zeros (abs.min = 1.67, abs.max = 1e+06)
Presolvers         :   ExecTime  SetupTime  Calls  FixedVars   AggrVars   ChgTypes  ChgBounds   AddHoles    DelCons    AddCons   ChgSides   ChgCoefs
  boundshift       :       0.00       0.00      0          0          0          0          0          0          0          0          0          0
  convertinttobin  :       0.00       0.00      0          0          0          0          0          0          0          0          0          0
  domcol           :       0.00       0.00      0          0          0          0          0          0          0          0          0          0
  dualagg          :       0.00       0.00      0          0          0          0          0          0          0          0          0          0
  dualcomp         :       0.00       0.00      0          0          0          0          0          0          0          0          0          0
  dualinfer        :       0.00       0.00      0          0          0          0          0          0          0          0          0          0
  gateextraction   :       0.00       0.00      0          0          0          0          0          0          0          0          0          0
  implics          :       0.00       0.00      0          0          0          0          0          0          0          0          0          0
  inttobinary      :       0.00       0.00      0          0          0          0          0          0          0          0          0          0
  qpkktref         :       0.00       0.00      0          0          0          0          0          0          0          0          0          0
  redvub           :       0.00       0.00      0          0          0          0          0          0          0          0          0          0
  sparsify         :       0.00       0.00      0          0          0          0          0          0          0          0          0          0
  stuffing         :       0.00       0.00      0          0          0          0          0          0          0          0          0          0
  symbreak         :       0.00       0.00      0          0          0          0          0          0          0          0          0          0
  symmetry         :       0.00       0.00      0          0          0          0          0          0          0          0          0          0
  trivial          :       0.00       0.00      0          0          0          0          0          0          0          0          0          0
  tworowbnd        :       0.00       0.00      0          0          0          0          0          0          0          0          0          0
  dualfix          :       0.00       0.00      0          0          0          0          0          0          0          0          0          0
  genvbounds       :       0.00       0.00      0          0          0          0          0          0          0          0          0          0
  orbitalfixing    :       0.00       0.00      0          0          0          0          0          0          0          0          0          0
  probing          :       0.00       0.00      0          0          0          0          0          0          0          0          0          0
  pseudoobj        :       0.00       0.00      0          0          0          0          0          0          0          0          0          0
  vbounds          :       0.00       0.00      0          0          0          0          0          0          0          0          0          0
  varbound         :       0.00       0.00      0          0          0          0          0          0          0          0          0          0
  linear           :       0.00       0.00      0          0          0          0          0          0          0          0          0          0
  benders          :       0.00       0.00      0          0          0          0          0          0          0          0          0          0
  components       :       0.00       0.00      0          0          0          0          0          0          0          0          0          0
  root node        :          -          -      -          0          -          -          0          -          -          -          -          -
Constraints        :     Number  MaxNumber  #Separate #Propagate    #EnfoLP    #EnfoRelax  #EnfoPS    #Check   #ResProp    Cutoffs    DomReds       Cuts    Applied      Conss   Children
  benderslp        :          0          0          0          0       4986          0          0        202          0          0          0          0          0          0          0
  integral         :          0          0          0          0       4986          0          0        202          0          0        896          0          0          0       9370
  varbound         :          0+       170         17      61337          3          0          0        200          0          0       5052          0          0          0          0
  linear           :          0+       826         17      61338          3          0          0         26          0         51     115880         70         15          0          0
  benders          :          0          0          0          0          3          0          0         23          0          0          0          0          0          0          0
  countsols        :          0          0          0          0          3          0          0         23          0          0          0          0          0          0          0
  components       :          0          0          0          0          0          0          0          0          0          0          0          0          0          0          0
Constraint Timings :  TotalTime  SetupTime   Separate  Propagate     EnfoLP     EnfoPS     EnfoRelax   Check    ResProp    SB-Prop
  benderslp        :       0.00       0.00       0.00       0.00       0.00       0.00       0.00       0.00       0.00       0.00
  integral         :       5.65       0.00       0.00       0.00       5.65       0.00       0.00       0.00       0.00       0.00
  varbound         :       0.03       0.00       0.00       0.03       0.00       0.00       0.00       0.00       0.00       0.00
  linear           :       0.30       0.00       0.03       0.25       0.00       0.00       0.00       0.00       0.00       0.02
  benders          :       0.00       0.00       0.00       0.00       0.00       0.00       0.00       0.00       0.00       0.00
  countsols        :       0.00       0.00       0.00       0.00       0.00       0.00       0.00       0.00       0.00       0.00
  components       :       0.00       0.00       0.00       0.00       0.00       0.00       0.00       0.00       0.00       0.00
Propagators        : #Propagate   #ResProp    Cutoffs    DomReds
  dualfix          :          0          0          0          0
  genvbounds       :          0          0          0          0
  nlobbt           :          0          0          0          0
  obbt             :          0          0          0          0
  orbitalfixing    :          0          0          0          0
  probing          :          0          0          0          0
  pseudoobj        :          0          0          0          0
  redcost          :          0          0          0          0
  rootredcost      :          0          0          0          0
  vbounds          :      66325          0          0          0
Propagator Timings :  TotalTime  SetupTime   Presolve  Propagate    ResProp    SB-Prop
  dualfix          :       0.00       0.00       0.00       0.00       0.00       0.00
  genvbounds       :       0.01       0.00       0.00       0.00       0.00       0.00
  nlobbt           :       0.00       0.00       0.00       0.00       0.00       0.00
  obbt             :       0.00       0.00       0.00       0.00       0.00       0.00
  orbitalfixing    :       0.00       0.00       0.00       0.00       0.00       0.00
  probing          :       0.00       0.00       0.00       0.00       0.00       0.00
  pseudoobj        :       0.01       0.00       0.00       0.01       0.00       0.00
  redcost          :       0.00       0.00       0.00       0.00       0.00       0.00
  rootredcost      :       0.01       0.00       0.00       0.01       0.00       0.00
  vbounds          :       0.01       0.00       0.00       0.01       0.00       0.00
Conflict Analysis  :       Time      Calls    Success    DomReds  Conflicts   Literals    Reconvs ReconvLits   Dualrays   Nonzeros   LP Iters   (pool size: [--,--])
  propagation      :       0.00          0          0          -          0        0.0          0        0.0          -          -          -
  infeasible LP    :       0.00         14          0          -          0        0.0          0        0.0          0        0.0          0
  bound exceed. LP :       0.00          0          0          -          0        0.0          0        0.0          0        0.0          0
  strong branching :       0.00          0          0          -          0        0.0          0        0.0          -          -          0
  pseudo solution  :       0.00          0          0          -          0        0.0          0        0.0          -          -          -
  applied globally :       0.00          -          -          0          0        0.0          -          -          0          -          -
  applied locally  :          -          -          -          0          0        0.0          -          -          0          -          -
Separators         :   ExecTime  SetupTime      Calls    Cutoffs    DomReds       Cuts    Applied      Conss
  cut pool         :       9.07                  2980          -          -      28975          -          -    (maximal pool size: 4069)
  aggregation      :       1.28       0.00       1443          0          0          0          0          0
  cgmip            :       0.00       0.00          0          0          0          0          0          0
  clique           :       0.00       0.00         17          0          0          0          0          0
  closecuts        :       0.00       0.00          0          0          0          0          0          0
  cmir             :       0.00       0.00          0          0          0          0       1718          0
  convexproj       :       0.00       0.00          0          0          0          0          0          0
  disjunctive      :       0.00       0.00          0          0          0          0          0          0
  eccuts           :       0.00       0.00          0          0          0          0          0          0
  flowcover        :       0.00       0.00          0          0          0          0         90          0
  gauge            :       0.00       0.00          0          0          0          0          0          0
  gomory           :      14.99       0.00       1390          0          0          0       1749          0
  impliedbounds    :       0.07       0.00       1443          0          0          0          0          0
  intobj           :       0.00       0.00          0          0          0          0          0          0
  mcf              :       0.00       0.00          1          0          0          0          0          0
  oddcycle         :       0.00       0.00          0          0          0          0          0          0
  rapidlearning    :       0.00       0.00          0          0          0          0          0          0
  strongcg         :       0.20       0.00         17          0          0          0          0          0
  zerohalf         :       0.62       0.00       1397          0          0          0        693          0
Pricers            :   ExecTime  SetupTime      Calls       Vars
  problem variables:       0.00          -          0          0
Branching Rules    :   ExecTime  SetupTime   BranchLP  BranchExt   BranchPS    Cutoffs    DomReds       Cuts      Conss   Children
  allfullstrong    :       0.00       0.00          0          0          0          0          0          0          0          0
  cloud            :       0.00       0.00          0          0          0          0          0          0          0          0
  distribution     :       0.00       0.00          0          0          0          0          0          0          0          0
  fullstrong       :       0.00       0.00          0          0          0          0          0          0          0          0
  inference        :       0.00       0.00          0          0          0          0          0          0          0          0
  leastinf         :       0.00       0.00          0          0          0          0          0          0          0          0
  lookahead        :       0.00       0.00          0          0          0          0          0          0          0          0
  mostinf          :       0.00       0.00          0          0          0          0          0          0          0          0
  multaggr         :       0.00       0.00          0          0          0          0          0          0          0          0
  nodereopt        :       0.00       0.00          0          0          0          0          0          0          0          0
  pscost           :       0.00       0.00          0          0          0          0          0          0          0          0
  random           :       0.00       0.00          0          0          0          0          0          0          0          0
  relpscost        :       5.64       0.00       4983          0          0          0        896          0          0       9370
Primal Heuristics  :   ExecTime  SetupTime      Calls      Found       Best
  LP solutions     :       0.00          -          -          3          3
  relax solutions  :       0.00          -          -          0          0
  pseudo solutions :       0.00          -          -          0          0
  strong branching :       0.00          -          -          0          0
  actconsdiving    :       0.00       0.00          0          0          0
  alns             :       0.13       0.00          6          0          0
  bound            :       0.00       0.00          0          0          0
  clique           :       0.00       0.00          1          0          0
  coefdiving       :       0.12       0.00         23          0          0
  completesol      :       0.00       0.00          0          0          0
  conflictdiving   :       0.00       0.00          0          0          0
  crossover        :       0.61       0.00          5          4          2
  dins             :       0.00       0.00          0          0          0
  distributiondivin:       0.38       0.00         22          0          0
  dualval          :       0.00       0.00          0          0          0
  farkasdiving     :       0.49       0.00         23          1          1
  feaspump         :       0.03       0.00          2          2          1
  fixandinfer      :       0.00       0.00          0          0          0
  fracdiving       :       0.14       0.00         23          0          0
  gins             :       0.10       0.00          4          0          0
  guideddiving     :       0.13       0.00         22          0          0
  indicator        :       0.00       0.00          0          0          0
  intdiving        :       0.00       0.00          0          0          0
  intshifting      :       0.06       0.00         15          0          0
  linesearchdiving :       0.10       0.00         22          0          0
  localbranching   :       0.00       0.00          0          0          0
  locks            :       0.01       0.00          1          0          0
  lpface           :       0.00       0.00          0          0          0
  mpec             :       0.00       0.00          0          0          0
  multistart       :       0.00       0.00          0          0          0
  mutation         :       0.00       0.00          0          0          0
  nlpdiving        :       0.00       0.00          0          0          0
  objpscostdiving  :       1.16       0.00         11          8          0
  octane           :       0.00       0.00          0          0          0
  ofins            :       0.00       0.00          0          0          0
  oneopt           :       0.00       0.00          8          0          0
  proximity        :       0.00       0.00          0          0          0
  pscostdiving     :       0.28       0.00         23          0          0
  randrounding     :       0.03       0.00        185          0          0
  rens             :       1.60       0.00          1          1          1
  reoptsols        :       0.00       0.00          1          1          1
  repair           :       0.00       0.00          0          0          0
  rins             :       0.37       0.00          6          5          0
  rootsoldiving    :       0.45       0.00          6          0          0
  rounding         :       0.02       0.00       1054          0          0
  shiftandpropagate:       0.00       0.00          0          0          0
  shifting         :       0.23       0.00        489          0          0
  simplerounding   :       0.00       0.00          0          0          0
  subnlp           :       0.00       0.00          0          0          0
  trivial          :       0.00       0.00          1          0          0
  trivialnegation  :       0.00       0.00          0          0          0
  trysol           :       0.00       0.00          0          0          0
  twoopt           :       0.00       0.00          0          0          0
  undercover       :       0.00       0.00          0          0          0
  vbounds          :       0.00       0.00          0          0          0
  veclendiving     :       0.12       0.00         22          0          0
  zeroobj          :       0.00       0.00          0          0          0
  zirounding       :       0.01       0.00       1000          0          0
  other solutions  :          -          -          -          0          -
Diving Statistics  :      Calls      Nodes   LP Iters Backtracks  Conflicts   MinDepth   MaxDepth   AvgDepth  RoundSols  NLeafSols  MinSolDpt  MaxSolDpt  AvgSolDpt
  actconsdiving    :          0          -          -          -          -          -          -          -          -          -          -          -          -
  coefdiving       :         23        638        424         47          0         26         53       41.0          0          -          -          -          -
  conflictdiving   :          0          -          -          -          -          -          -          -          -          -          -          -          -
  distributiondivin:         22        165        356         22          0         14         34       21.3          0          -          -          -          -
  farkasdiving     :         23        233       2973         49          0         15         48       22.7          0          1         48         48       48.0
  fracdiving       :         23        585        565         54          0         26         46       37.8          0          -          -          -          -
  guideddiving     :         22        634        396         64          0         27         48       39.6          0          -          -          -          -
  linesearchdiving :         22        611        177         44          0         27         56       40.0          0          -          -          -          -
  pscostdiving     :         23        522       2202         22          0         21         53       35.4          0          -          -          -          -
  veclendiving     :         22        569        405         63          0         28         44       37.1          0          -          -          -          -
Neighborhoods      :      Calls  SetupTime  SolveTime SolveNodes       Sols       Best       Exp3  EpsGreedy        UCB TgtFixRate  Opt  Inf Node Stal  Sol  Usr Othr Actv
  rens             :          1       0.00       0.00          0          0          0    0.00000   -1.00000    1.00000      0.900    0    0    0    0    0    0    1    1
  rins             :          1       0.01       0.01          1          0          0    0.00000   -1.00000    1.00000      0.700    0    1    0    0    0    0    0    1
  mutation         :          1       0.01       0.01          1          0          0    0.00000   -1.00000    1.00000      0.700    0    1    0    0    0    0    0    1
  localbranching   :          1       0.01       0.01          5          0          0    0.00000   -1.00000    1.00000      0.700    0    1    0    0    0    0    0    1
  crossover        :          0       0.00       0.00          0          0          0    0.00000   -1.00000    1.00000      0.900    0    0    0    0    0    0    0    1
  proximity        :          1       0.01       0.02          5          0          0    0.00000   -1.00000    1.00000      0.700    0    1    0    0    0    0    0    1
  zeroobjective    :          0       0.00       0.00          0          0          0    0.00000   -1.00000    1.00000      0.900    0    0    0    0    0    0    0    1
  dins             :          1       0.01       0.01          5          0          0    0.00000   -1.00000    1.00000      0.700    0    1    0    0    0    0    0    1
Tree Compressions  :   ExecTime  SetupTime      Calls      Found
  largestrepr      :       0.00       0.00          0          0
  weakcompr        :       0.00       0.00          0          0
LP                 :       Time      Calls Iterations  Iter/call   Iter/sec  Time-0-It Calls-0-It    ItLimit
  primal LP        :       0.80       1215          0       0.00       0.00       0.80       1215
  dual LP          :      24.25      10845     249737      23.13   10298.63       0.01         46
  lex dual LP      :       0.00          0          0       0.00          -
  barrier LP       :       0.00          0          0       0.00          -       0.00          0
  resolve instable :       0.00          0          0       0.00          -
  diving/probing LP:       3.13       1649      29661      17.99    9468.57
  strong branching :       4.57       1098      45454      41.40    9952.05          -          -         97
    (at root node) :          -         39       2785      71.41          -
  conflict analysis:       0.00          0          0       0.00          -
B&B Tree           :
  number of runs   :          0
  nodes            :       9061 (4685 internal, 4376 leaves)
  feasible leaves  :          3
  infeas. leaves   :          3
  objective leaves :       4370
  nodes (total)    :       9061 (4685 internal, 4376 leaves)
  nodes left       :          0
  max depth        :         42
  max depth (total):         42
  backtracks       :       2681 (29.6%)
  early backtracks :          0 (0.0%)
  nodes exc. ref.  :          0 (0.0%)
  delayed cutoffs  :          0
  repropagations   :          0 (0 domain reductions, 0 cutoffs)
  avg switch length:       6.29
  switching time   :       1.43
Root Node          :
  First LP value   : +6.63718802694375e+03
  First LP Iters   :       1878 (52485.96 Iter/sec)
  First LP Time    :       0.04
  Final Dual Bound : +6.70997372538187e+03
  Final Root Iters :       2930
  Root LP Estimate : +6.77127862880972e+03
Solution           :
  Solutions found  :         25 (9 improvements)
  First Solution   : +6.82640001800000e+03   (in run 0, after 1 nodes, 0.00 seconds, depth 0, found by <reoptsols>)
  Gap First Sol.   :   infinite
  Gap Last Sol.    :       0.37 %
  Primal Bound     : +6.74220002400000e+03   (in run 0, after 1625 nodes, 25.29 seconds, depth 9, found by <crossover>)
  Dual Bound       : +6.74220002400000e+03
  Gap              :       0.00 %
  Avg. Gap         :       0.48 % (31.99 primal-dual integral)
NoError here ! 
./script6: line 19: 16356 Segmentation fault      (core dumped) ./repair/build/repair $file $i $u $k $gap

real	1m8.055s
user	1m6.025s
sys	0m1.428s
