parameters: binkar10_1_10_1_8_1.000000 

SCIP version 6.0.1 [precision: 8 byte] [memory: block] [mode: optimized] [LP solver: SoPlex 4.0.1] [GitHash: a27ecc0]
Copyright (C) 2002-2019 Konrad-Zuse-Zentrum fuer Informationstechnik Berlin (ZIB)

read problem <instances/binkar10_1.mps> ...

original problem has 2298 variables (170 bin, 0 int, 0 impl, 2128 cont) and 1026 constraints
read solution <10solution/binkar10_1_1.sol> ...

check the feasibility of <10solution/binkar10_1_1.sol> for problem <instances/binkar10_1.mps> ...

  [linear] <R0114>:  -<C0004>[C] (+1) -<C1486>[C] (+0) +<C2132>[B] (+0) == 0;
;
violation: left hand side is violated by 1
  [linear] <R0148>:  -<C0121>[C] (+1) -<C1583>[C] (+0) +<C2166>[B] (+0) == 0;
;
violation: left hand side is violated by 1
  [linear] <R0246>:  -<C0569>[C] (+1) -<C1983>[C] (+0) +<C2264>[B] (+0) == 0;
;
violation: left hand side is violated by 1
The solution <10solution/binkar10_1_1.sol> is not feasible to <instances/binkar10_1.mps> 

Tring to reoptimize the problem <instances/binkar10_1.mps> ...  

obj = 6678.860023, k = 8, alpha = 6678.860023 

n = 2298 

Start to add variable y and new constraints 

y have been released ! 

Finish to create the y and constraint ! 

n = 2298,  j = 170 ! 

set all parameters to default! 

Reoptimization is enabled! 

Reoptimization parameter have been setted ! 

Stop parameter have been setted ! 

Memory for coefs have allocated ! 

Coefficients have been captured ! 

alpha = 6678.860023, n = 2468, j = 170, m = 8 
This is the 1-th iteration ! 

presolving:
(round 1, fast)       200 del vars, 370 del conss, 0 add conss, 2128 chg bounds, 0 chg sides, 0 chg coeffs, 0 upgd conss, 0 impls, 0 clqs
(round 2, exhaustive) 200 del vars, 370 del conss, 0 add conss, 2128 chg bounds, 0 chg sides, 0 chg coeffs, 170 upgd conss, 0 impls, 0 clqs
   (0.0s) probing cycle finished: starting next cycle
presolving (3 rounds: 3 fast, 2 medium, 2 exhaustive):
 200 deleted vars, 370 deleted constraints, 0 added constraints, 2128 tightened bounds, 0 added holes, 0 changed sides, 0 changed coefficients
 2127 implications, 10 cliques
presolved problem has 2268 variables (170 bin, 0 int, 0 impl, 2098 cont) and 996 constraints
    170 constraints of type <varbound>
    826 constraints of type <linear>
Presolving Time: 0.03

 time | node  | left  |LP iter|LP it/n| mem |mdpt |frac |vars |cons |cols |rows |cuts |confs|strbr|  dualbound   | primalbound  |  gap   
k 0.0s|     1 |     0 |   140 |     - |  14M|   0 |   - |2268 | 996 |2268 | 996 |   0 |   0 |   0 |-2.049482e+04 | 1.488990e+05 |    Inf 
* 0.1s|     1 |     0 |  1684 |     - |  14M|   0 |   - |2268 | 996 |2268 | 996 |   0 |   0 |   0 | 2.018412e+04 | 2.018412e+04 |   0.00%
  0.1s|     1 |     0 |  1684 |     - |  14M|   0 |   - |2268 | 996 |2268 | 996 |   0 |   0 |   0 | 2.018412e+04 | 2.018412e+04 |   0.00%

SCIP Status        : problem is solved [optimal solution found]
Solving Time (sec) : 0.08 (over 1 runs: 0.08)
Solving Nodes      : 1 (0 reactivated)
Primal Bound       : +2.01841200640000e+04 (2 solutions)
Dual Bound         : +2.01841200640000e+04
Gap                : 0.00 %
Coefs have been resetted!! 

Problem have been changed !! 

alpha = 5844.002520, n = 2468, j = 170, m = 7 
This is the 2-th iteration ! 

new objective has similarity of 0.999999 compared to previous.

 time | node  | left  |LP iter|LP it/n| mem |mdpt |frac |vars |cons |cols |rows |cuts |confs|strbr|  dualbound   | primalbound  |  gap   
J 0.0s|     1 |     0 |     0 |     - |  15M|   0 |   - |2268 | 996 |   0 |   0 |   0 |   0 |   0 |-2.049482e+04 | 1.851441e+04 |    Inf 
  0.0s|     1 |     0 |  1424 |     - |  15M|   0 |   - |2268 | 996 |2268 | 996 |   0 |   0 |   0 | 1.851441e+04 | 1.851441e+04 |   0.00%

SCIP Status        : problem is solved [optimal solution found]
Solving Time (sec) : 0.03 (over 2 runs: 0.10)
Solving Nodes      : 1 (0 reactivated)
Primal Bound       : +1.85144050582500e+04 (1 solutions)
Dual Bound         : +1.85144050582500e+04
Gap                : 0.00 %
Coefs have been resetted!! 

Problem have been changed !! 

alpha = 4383.001890, n = 2468, j = 170, m = 6 
This is the 3-th iteration ! 

new objective has similarity of 0.999998 compared to previous.

 time | node  | left  |LP iter|LP it/n| mem |mdpt |frac |vars |cons |cols |rows |cuts |confs|strbr|  dualbound   | primalbound  |  gap   
J 0.0s|     1 |     0 |     0 |     - |  15M|   0 |   - |2268 | 996 |   0 |   0 |   0 |   0 |   0 |-2.049482e+04 | 1.559240e+04 |    Inf 
  0.0s|     1 |     0 |  1424 |     - |  15M|   0 |   - |2268 | 996 |2268 | 996 |   0 |   0 |   0 | 1.559240e+04 | 1.559240e+04 |   0.00%

SCIP Status        : problem is solved [optimal solution found]
Solving Time (sec) : 0.03 (over 3 runs: 0.13)
Solving Nodes      : 1 (0 reactivated)
Primal Bound       : +1.55924037981875e+04 (1 solutions)
Dual Bound         : +1.55924037981875e+04
Gap                : 0.00 %
Coefs have been resetted!! 

Problem have been changed !! 

alpha = 2739.376181, n = 2468, j = 170, m = 5 
This is the 4-th iteration ! 

new objective has similarity of 0.999997 compared to previous.

 time | node  | left  |LP iter|LP it/n| mem |mdpt |frac |vars |cons |cols |rows |cuts |confs|strbr|  dualbound   | primalbound  |  gap   
J 0.0s|     1 |     0 |     0 |     - |  15M|   0 |   - |2268 | 996 |   0 |   0 |   0 |   0 |   0 |-2.049482e+04 | 1.230515e+04 |    Inf 
  0.0s|     1 |     0 |  1424 |     - |  15M|   0 |   - |2268 | 996 |2268 | 996 |   0 |   0 |   0 | 1.230515e+04 | 1.230515e+04 |   0.00%

SCIP Status        : problem is solved [optimal solution found]
Solving Time (sec) : 0.03 (over 4 runs: 0.16)
Solving Nodes      : 1 (0 reactivated)
Primal Bound       : +1.23051523806172e+04 (1 solutions)
Dual Bound         : +1.23051523806172e+04
Gap                : 0.00 %
Coefs have been resetted!! 

Problem have been changed !! 

alpha = 1369.688091, n = 2468, j = 170, m = 4 
This is the 5-th iteration ! 

new objective has similarity of 0.999998 compared to previous.

 time | node  | left  |LP iter|LP it/n| mem |mdpt |frac |vars |cons |cols |rows |cuts |confs|strbr|  dualbound   | primalbound  |  gap   
J 0.0s|     1 |     0 |     0 |     - |  15M|   0 |   - |2268 | 996 |   0 |   0 |   0 |   0 |   0 |-2.049482e+04 | 9.565776e+03 |    Inf 
  0.0s|     1 |     0 |  1424 |     - |  15M|   0 |   - |2268 | 996 |2268 | 996 |   0 |   0 |   0 | 9.565776e+03 | 9.565776e+03 |   0.00%

SCIP Status        : problem is solved [optimal solution found]
Solving Time (sec) : 0.03 (over 5 runs: 0.19)
Solving Nodes      : 1 (0 reactivated)
Primal Bound       : +9.56577619930859e+03 (1 solutions)
Dual Bound         : +9.56577619930859e+03
Gap                : 0.00 %
Coefs have been resetted!! 

Problem have been changed !! 

alpha = 513.633034, n = 2468, j = 170, m = 3 
This is the 6-th iteration ! 

new objective has similarity of 0.999999 compared to previous.

 time | node  | left  |LP iter|LP it/n| mem |mdpt |frac |vars |cons |cols |rows |cuts |confs|strbr|  dualbound   | primalbound  |  gap   
J 0.0s|     1 |     0 |     0 |     - |  15M|   0 |   - |2268 | 996 |   0 |   0 |   0 |   0 |   0 |-2.049482e+04 | 7.853666e+03 |    Inf 
  0.0s|     1 |     0 |  1424 |     - |  15M|   0 |   - |2268 | 996 |2268 | 996 |   0 |   0 |   0 | 7.853666e+03 | 7.853666e+03 |   0.00%

SCIP Status        : problem is solved [optimal solution found]
Solving Time (sec) : 0.03 (over 6 runs: 0.22)
Solving Nodes      : 1 (0 reactivated)
Primal Bound       : +7.85366608599072e+03 (1 solutions)
Dual Bound         : +7.85366608599072e+03
Gap                : 0.00 %
Coefs have been resetted!! 

Problem have been changed !! 

alpha = 128.408258, n = 2468, j = 170, m = 2 
This is the 7-th iteration ! 

new objective has similarity of 1 compared to previous.

 time | node  | left  |LP iter|LP it/n| mem |mdpt |frac |vars |cons |cols |rows |cuts |confs|strbr|  dualbound   | primalbound  |  gap   
J 0.0s|     1 |     0 |     0 |     - |  15M|   0 |   - |2268 | 996 |   0 |   0 |   0 |   0 |   0 |-2.049482e+04 | 7.083217e+03 |    Inf 
  0.0s|     1 |     0 |  1608 |     - |  15M|   0 |   - |2268 | 996 |2268 | 996 |   0 |   0 |   0 | 7.083217e+03 | 7.083217e+03 |   0.00%

SCIP Status        : problem is solved [optimal solution found]
Solving Time (sec) : 0.03 (over 7 runs: 0.25)
Solving Nodes      : 1 (0 reactivated)
Primal Bound       : +7.08321653499768e+03 (1 solutions)
Dual Bound         : +7.08321653499768e+03
Gap                : 0.00 %
Coefs have been resetted!! 

Problem have been changed !! 

alpha = 16.051032, n = 2468, j = 170, m = 1 
This is the 8-th iteration ! 

new objective has similarity of 1 compared to previous.

 time | node  | left  |LP iter|LP it/n| mem |mdpt |frac |vars |cons |cols |rows |cuts |confs|strbr|  dualbound   | primalbound  |  gap   
J 0.0s|     1 |     0 |     0 |     - |  15M|   0 |   - |2268 | 996 |   0 |   0 |   0 |   0 |   0 |-2.049482e+04 | 6.858502e+03 |    Inf 
  0.0s|     1 |     0 |  1782 |     - |  15M|   0 |  11 |2268 | 996 |2268 | 996 |   0 |   0 |   0 | 6.753126e+03 | 6.858502e+03 |   1.56%

SCIP Status        : solving was interrupted [gap limit reached]
Solving Time (sec) : 0.04 (over 8 runs: 0.29)
Solving Nodes      : 1 (0 reactivated)
Primal Bound       : +6.85850208262471e+03 (1 solutions)
Dual Bound         : +6.75312598130881e+03
Gap                : 1.56 %
Coefs have been resetted!! 

Problem have been changed !! 

This is the last iteration 


alpha = 0.000000  
new objective has similarity of 1 compared to previous.

 time | node  | left  |LP iter|LP it/n| mem |mdpt |frac |vars |cons |cols |rows |cuts |confs|strbr|  dualbound   | primalbound  |  gap   
J 0.0s|     1 |     0 |     0 |     - |  15M|   0 |   - |2268 | 996 |   0 |   0 |   0 |   0 |   0 |-2.049482e+04 | 6.826400e+03 |    Inf 
  0.0s|     1 |     2 |     0 |     - |  15M|   0 |   - |2268 | 996 |   0 |   0 |   0 |   0 |   0 |-2.049482e+04 | 6.826400e+03 |    Inf 
  2.6s|   100 |    83 |  6548 |  66.1 |  20M|  21 |  26 |2268 | 998 |2268 | 999 |  18 |   1 | 492 | 6.650526e+03 | 6.826400e+03 |   2.64%
  3.7s|   200 |   175 | 11894 |  59.8 |  32M|  24 |  26 |2268 |1002 |2268 | 994 |  90 |   4 | 548 | 6.651959e+03 | 6.826400e+03 |   2.62%
N 3.7s|   201 |   171 | 11909 |  59.5 |  32M|  24 |  29 |2268 |1002 |2268 | 995 |  90 |   4 | 548 | 6.651959e+03 | 6.796670e+03 |   2.18%
  4.9s|   300 |   250 | 17369 |  58.1 |  46M|  25 |  49 |2268 |1002 |2268 |1007 | 235 |   4 | 581 | 6.652334e+03 | 6.796670e+03 |   2.17%
  6.8s|   400 |   326 | 27406 |  68.7 |  56M|  25 |  36 |2268 |1001 |2268 |1004 | 461 |   5 | 649 | 6.653900e+03 | 6.796670e+03 |   2.15%
C 6.8s|   401 |   212 | 27415 |  68.5 |  56M|  25 |  36 |2268 |1001 |2268 |1004 | 461 |   5 | 649 | 6.653900e+03 | 6.742200e+03 |   1.33%
  8.0s|   500 |   277 | 34025 |  68.2 |  61M|  25 |  74 |2268 |1003 |2268 |1036 | 615 |   6 | 664 | 6.664076e+03 | 6.742200e+03 |   1.17%
  9.0s|   600 |   351 | 40169 |  67.1 |  63M|  32 |  44 |2268 |1003 |2268 |1007 | 697 |   6 | 672 | 6.674699e+03 | 6.742200e+03 |   1.01%
 10.2s|   700 |   393 | 45208 |  64.7 |  63M|  33 |  24 |2268 |1002 |2268 |1013 | 885 |   6 | 683 | 6.677013e+03 | 6.742200e+03 |   0.98%
 10.8s|   800 |   447 | 49327 |  61.7 |  63M|  33 |  47 |2268 |1002 |2268 |1022 | 958 |   6 | 690 | 6.678871e+03 | 6.742200e+03 |   0.95%
 11.4s|   900 |   499 | 53454 |  59.5 |  63M|  33 |  44 |2268 |1002 |2268 |1023 |1086 |   6 | 697 | 6.679412e+03 | 6.742200e+03 |   0.94%
 12.0s|  1000 |   557 | 57413 |  57.5 |  63M|  33 |  38 |2268 |1002 |2268 |1027 |1179 |   7 | 708 | 6.680070e+03 | 6.742200e+03 |   0.93%
 12.4s|  1100 |   617 | 61079 |  55.6 |  63M|  38 |  41 |2268 |1002 |2268 |1004 |1270 |   7 | 713 | 6.680588e+03 | 6.742200e+03 |   0.92%
 time | node  | left  |LP iter|LP it/n| mem |mdpt |frac |vars |cons |cols |rows |cuts |confs|strbr|  dualbound   | primalbound  |  gap   
 12.9s|  1200 |   671 | 65561 |  54.7 |  63M|  38 |  42 |2268 |1002 |2268 |1017 |1353 |   7 | 717 | 6.681223e+03 | 6.742200e+03 |   0.91%
 13.3s|  1300 |   719 | 68041 |  52.4 |  63M|  39 |  53 |2268 |1002 |2268 |1012 |1385 |   7 | 724 | 6.681562e+03 | 6.742200e+03 |   0.91%
 14.0s|  1400 |   779 | 71678 |  51.2 |  63M|  40 |   - |2268 |1002 |2268 |1016 |1480 |   7 | 728 | 6.683180e+03 | 6.742200e+03 |   0.88%
 14.5s|  1500 |   827 | 74381 |  49.6 |  63M|  40 |  16 |2268 |1002 |2268 |1015 |1553 |   7 | 728 | 6.685869e+03 | 6.742200e+03 |   0.84%
 14.8s|  1600 |   859 | 76960 |  48.1 |  63M|  40 |  49 |2268 |1003 |2268 |1020 |1623 |   8 | 734 | 6.685869e+03 | 6.742200e+03 |   0.84%
 15.2s|  1700 |   901 | 79388 |  46.7 |  63M|  40 |  26 |2268 |1003 |2268 |1017 |1661 |   8 | 735 | 6.686226e+03 | 6.742200e+03 |   0.84%
 15.4s|  1800 |   931 | 81204 |  45.1 |  64M|  40 |  41 |2268 |1003 |2268 |1024 |1693 |   8 | 736 | 6.686226e+03 | 6.742200e+03 |   0.84%
 15.7s|  1900 |   977 | 83563 |  44.0 |  64M|  40 |   - |2268 |1003 |2268 |1016 |1753 |   8 | 736 | 6.686432e+03 | 6.742200e+03 |   0.83%
 16.2s|  2000 |  1017 | 88141 |  44.1 |  64M|  41 |  49 |2268 |1003 |2268 |1021 |1784 |   8 | 741 | 6.686781e+03 | 6.742200e+03 |   0.83%
 16.5s|  2100 |  1063 | 90557 |  43.1 |  64M|  41 |  59 |2268 |1003 |2268 |1017 |1820 |   8 | 742 | 6.687859e+03 | 6.742200e+03 |   0.81%
 16.9s|  2200 |  1113 | 92939 |  42.3 |  64M|  41 |   - |2268 |1003 |2268 |1020 |1850 |   8 | 743 | 6.687859e+03 | 6.742200e+03 |   0.81%
 17.2s|  2300 |  1115 | 94728 |  41.2 |  64M|  41 |  42 |2268 |1003 |2268 |1026 |1867 |   8 | 746 | 6.688639e+03 | 6.742200e+03 |   0.80%
 17.5s|  2400 |  1139 | 96728 |  40.3 |  64M|  41 |  30 |2268 |1003 |2268 |1022 |1904 |   8 | 749 | 6.689755e+03 | 6.742200e+03 |   0.78%
 17.8s|  2500 |  1193 | 99552 |  39.8 |  65M|  41 |  30 |2268 |1003 |2268 |1017 |1929 |   8 | 754 | 6.689937e+03 | 6.742200e+03 |   0.78%
 18.1s|  2600 |  1257 |101528 |  39.1 |  65M|  41 |  31 |2268 |1003 |2268 |1018 |1943 |   8 | 755 | 6.689937e+03 | 6.742200e+03 |   0.78%
 time | node  | left  |LP iter|LP it/n| mem |mdpt |frac |vars |cons |cols |rows |cuts |confs|strbr|  dualbound   | primalbound  |  gap   
 18.3s|  2700 |  1319 |103435 |  38.3 |  65M|  41 |  13 |2268 |1003 |2268 |1020 |1954 |   8 | 756 | 6.690603e+03 | 6.742200e+03 |   0.77%
 18.5s|  2800 |  1327 |105137 |  37.6 |  65M|  41 |  27 |2268 |1003 |2268 |1021 |1965 |   8 | 760 | 6.691180e+03 | 6.742200e+03 |   0.76%
 18.7s|  2900 |  1371 |107025 |  36.9 |  65M|  41 |   - |2268 |1003 |2268 |1019 |1977 |   8 | 762 | 6.691311e+03 | 6.742200e+03 |   0.76%
 19.0s|  3000 |  1407 |108857 |  36.3 |  65M|  41 |  38 |2268 |1003 |2268 |1022 |1996 |   8 | 763 | 6.692080e+03 | 6.742200e+03 |   0.75%
 19.5s|  3100 |  1425 |110289 |  35.6 |  66M|  41 |  22 |2268 |1003 |2268 |1020 |2004 |   8 | 763 | 6.692160e+03 | 6.742200e+03 |   0.75%
 19.8s|  3200 |  1449 |112628 |  35.2 |  66M|  41 |  32 |2268 |1003 |2268 |1017 |2008 |   8 | 764 | 6.692365e+03 | 6.742200e+03 |   0.74%
 20.1s|  3300 |  1499 |115092 |  34.9 |  66M|  41 |   - |2268 |1003 |2268 |1021 |2029 |   8 | 767 | 6.692590e+03 | 6.742200e+03 |   0.74%
 20.3s|  3400 |  1527 |116320 |  34.2 |  66M|  43 |  33 |2268 |1003 |2268 |1026 |2056 |   8 | 768 | 6.692611e+03 | 6.742200e+03 |   0.74%
 20.5s|  3500 |  1531 |117647 |  33.6 |  66M|  43 |  11 |2268 |1003 |2268 |1021 |2072 |   8 | 768 | 6.693111e+03 | 6.742200e+03 |   0.73%
 20.7s|  3600 |  1547 |119438 |  33.2 |  67M|  43 |   - |2268 |1003 |2268 |1020 |2104 |   8 | 769 | 6.693215e+03 | 6.742200e+03 |   0.73%
 20.9s|  3700 |  1555 |121010 |  32.7 |  67M|  43 |  21 |2268 |1003 |2268 |1023 |2129 |   8 | 771 | 6.693611e+03 | 6.742200e+03 |   0.73%
 21.1s|  3800 |  1575 |122787 |  32.3 |  67M|  43 |   5 |2268 |1003 |2268 |1022 |2171 |   8 | 771 | 6.693614e+03 | 6.742200e+03 |   0.73%
 21.3s|  3900 |  1593 |124565 |  31.9 |  67M|  43 |   - |2268 |1003 |2268 |1024 |2205 |   8 | 772 | 6.694358e+03 | 6.742200e+03 |   0.71%
 21.6s|  4000 |  1615 |127071 |  31.8 |  67M|  43 |  24 |2268 |1003 |2268 |1020 |2225 |   8 | 772 | 6.694559e+03 | 6.742200e+03 |   0.71%
 22.1s|  4100 |  1651 |130503 |  31.8 |  67M|  43 |   - |2268 |1006 |2268 |1038 |2254 |  11 | 784 | 6.694860e+03 | 6.742200e+03 |   0.71%
 time | node  | left  |LP iter|LP it/n| mem |mdpt |frac |vars |cons |cols |rows |cuts |confs|strbr|  dualbound   | primalbound  |  gap   
 22.5s|  4200 |  1709 |134348 |  32.0 |  68M|  43 |  36 |2268 |1006 |2268 |1021 |2307 |  11 | 797 | 6.694886e+03 | 6.742200e+03 |   0.71%
 22.7s|  4300 |  1737 |135945 |  31.6 |  69M|  43 |   8 |2268 |1006 |2268 |1019 |2344 |  11 | 798 | 6.694980e+03 | 6.742200e+03 |   0.71%
 23.1s|  4400 |  1791 |138958 |  31.6 |  69M|  43 |  23 |2268 |1006 |2268 |1019 |2385 |  11 | 803 | 6.695277e+03 | 6.742200e+03 |   0.70%
 23.2s|  4500 |  1797 |140077 |  31.1 |  69M|  43 |   5 |2268 |1006 |2268 |1020 |2394 |  11 | 806 | 6.695715e+03 | 6.742200e+03 |   0.69%
 23.5s|  4600 |  1819 |141933 |  30.9 |  69M|  43 |  43 |2268 |1006 |2268 |1022 |2417 |  11 | 812 | 6.695894e+03 | 6.742200e+03 |   0.69%
 23.8s|  4700 |  1863 |143989 |  30.6 |  70M|  43 |  27 |2268 |1006 |2268 |1025 |2429 |  11 | 817 | 6.696086e+03 | 6.742200e+03 |   0.69%
 24.0s|  4800 |  1871 |145542 |  30.3 |  70M|  43 |  26 |2268 |1006 |2268 |1021 |2460 |  11 | 819 | 6.696141e+03 | 6.742200e+03 |   0.69%
 24.1s|  4900 |  1879 |146772 |  30.0 |  70M|  43 |   - |2268 |1006 |2268 |1024 |2482 |  11 | 822 | 6.696303e+03 | 6.742200e+03 |   0.69%
 24.4s|  5000 |  1891 |149405 |  29.9 |  70M|  43 |  24 |2268 |1006 |2268 |1017 |2500 |  11 | 826 | 6.697184e+03 | 6.742200e+03 |   0.67%
 24.7s|  5100 |  1899 |151354 |  29.7 |  70M|  43 |  32 |2268 |1006 |2268 |1028 |2525 |  11 | 837 | 6.697195e+03 | 6.742200e+03 |   0.67%
 24.9s|  5200 |  1913 |153188 |  29.5 |  70M|  43 |  14 |2268 |1006 |2268 |1025 |2551 |  11 | 859 | 6.697387e+03 | 6.742200e+03 |   0.67%
 25.2s|  5300 |  1925 |154786 |  29.2 |  71M|  43 |   - |2268 |1006 |2268 |1022 |2558 |  11 | 872 | 6.697539e+03 | 6.742200e+03 |   0.67%
 25.4s|  5400 |  1947 |156308 |  29.0 |  71M|  43 |  36 |2268 |1006 |2268 |1019 |2566 |  11 | 879 | 6.697585e+03 | 6.742200e+03 |   0.67%
 25.7s|  5500 |  1975 |158612 |  28.8 |  71M|  43 |   - |2268 |1006 |2268 |1020 |2602 |  11 | 885 | 6.697808e+03 | 6.742200e+03 |   0.66%
 25.9s|  5600 |  1975 |160192 |  28.6 |  71M|  43 |  13 |2268 |1006 |2268 |1019 |2622 |  11 | 890 | 6.697834e+03 | 6.742200e+03 |   0.66%
 time | node  | left  |LP iter|LP it/n| mem |mdpt |frac |vars |cons |cols |rows |cuts |confs|strbr|  dualbound   | primalbound  |  gap   
 26.1s|  5700 |  1983 |161856 |  28.4 |  71M|  43 |  41 |2268 |1006 |2268 |1022 |2646 |  11 | 894 | 6.698081e+03 | 6.742200e+03 |   0.66%
 26.4s|  5800 |  1997 |163342 |  28.2 |  71M|  43 |  30 |2268 |1006 |2268 |1015 |2672 |  11 | 899 | 6.698081e+03 | 6.742200e+03 |   0.66%
 26.7s|  5900 |  2001 |164970 |  28.0 |  71M|  43 |  29 |2268 |1006 |2268 |1014 |2694 |  11 | 900 | 6.698325e+03 | 6.742200e+03 |   0.66%
 27.1s|  6000 |  2061 |168807 |  28.1 |  71M|  43 |  47 |2268 |1006 |2268 |1023 |2733 |  11 | 901 | 6.698483e+03 | 6.742200e+03 |   0.65%
 27.4s|  6100 |  2097 |170797 |  28.0 |  71M|  43 |   - |2268 |1006 |2268 |1022 |2750 |  11 | 905 | 6.698745e+03 | 6.742200e+03 |   0.65%
 27.7s|  6200 |  2117 |173051 |  27.9 |  72M|  43 |   - |2268 |1006 |2268 |1021 |2792 |  11 | 908 | 6.698772e+03 | 6.742200e+03 |   0.65%
 28.1s|  6300 |  2131 |175933 |  27.9 |  72M|  43 |   - |2268 |1006 |2268 |1046 |2812 |  11 | 925 | 6.698772e+03 | 6.742200e+03 |   0.65%
 28.4s|  6400 |  2145 |178404 |  27.9 |  72M|  43 |  29 |2268 |1006 |2268 |1011 |2829 |  11 | 942 | 6.699089e+03 | 6.742200e+03 |   0.64%
 28.7s|  6500 |  2171 |180508 |  27.8 |  72M|  43 |  35 |2268 |1006 |2268 |1029 |2853 |  11 | 954 | 6.699681e+03 | 6.742200e+03 |   0.63%
 29.0s|  6600 |  2199 |182391 |  27.6 |  72M|  43 |  33 |2268 |1006 |2268 |1023 |2885 |  11 | 967 | 6.700162e+03 | 6.742200e+03 |   0.63%
 29.5s|  6700 |  2237 |187088 |  27.9 |  72M|  43 |  22 |2268 |1006 |2268 |1018 |2904 |  11 | 981 | 6.700568e+03 | 6.742200e+03 |   0.62%
 29.7s|  6800 |  2245 |188667 |  27.7 |  72M|  43 |  36 |2268 |1006 |2268 |1026 |2914 |  11 | 992 | 6.700716e+03 | 6.742200e+03 |   0.62%
 30.0s|  6900 |  2273 |190878 |  27.7 |  72M|  43 |  18 |2268 |1006 |2268 |1038 |2938 |  11 | 995 | 6.700786e+03 | 6.742200e+03 |   0.62%
 30.2s|  7000 |  2291 |192356 |  27.5 |  72M|  43 |  46 |2268 |1006 |2268 |1034 |2959 |  11 | 998 | 6.700786e+03 | 6.742200e+03 |   0.62%
 30.5s|  7100 |  2299 |194185 |  27.4 |  72M|  43 |   - |2268 |1006 |2268 |1024 |2971 |  11 |1004 | 6.700900e+03 | 6.742200e+03 |   0.62%
 time | node  | left  |LP iter|LP it/n| mem |mdpt |frac |vars |cons |cols |rows |cuts |confs|strbr|  dualbound   | primalbound  |  gap   
 30.7s|  7200 |  2343 |196137 |  27.2 |  74M|  43 |  21 |2268 |1006 |2268 |1028 |2996 |  11 |1008 | 6.701039e+03 | 6.742200e+03 |   0.61%
 31.0s|  7300 |  2373 |198547 |  27.2 |  74M|  43 |  45 |2268 |1006 |2268 |1027 |3025 |  11 |1011 | 6.701161e+03 | 6.742200e+03 |   0.61%
 31.2s|  7400 |  2401 |199925 |  27.0 |  74M|  43 |   - |2268 |1006 |2268 |1028 |3039 |  11 |1013 | 6.701185e+03 | 6.742200e+03 |   0.61%
 31.4s|  7500 |  2429 |202000 |  26.9 |  74M|  43 |  43 |2268 |1006 |2268 |1019 |3069 |  11 |1019 | 6.701209e+03 | 6.742200e+03 |   0.61%
 31.6s|  7600 |  2493 |204047 |  26.9 |  74M|  43 |   - |2268 |1006 |2268 |1015 |3071 |  11 |1021 | 6.701209e+03 | 6.742200e+03 |   0.61%
 31.9s|  7700 |  2513 |206266 |  26.8 |  74M|  43 |   - |2268 |1006 |2268 |1016 |3085 |  11 |1024 | 6.701473e+03 | 6.742200e+03 |   0.61%
 32.2s|  7800 |  2539 |208261 |  26.7 |  74M|  43 |   - |2268 |1006 |2268 |1019 |3105 |  11 |1037 | 6.701511e+03 | 6.742200e+03 |   0.61%
 32.4s|  7900 |  2557 |209707 |  26.5 |  74M|  43 |   - |2268 |1006 |2268 |1018 |3110 |  11 |1058 | 6.701511e+03 | 6.742200e+03 |   0.61%
 32.7s|  8000 |  2565 |212778 |  26.6 |  74M|  43 |  28 |2268 |1006 |2268 |1021 |3125 |  11 |1074 | 6.701906e+03 | 6.742200e+03 |   0.60%
 33.0s|  8100 |  2577 |214788 |  26.5 |  74M|  43 |  29 |2268 |1006 |2268 |1021 |3140 |  11 |1089 | 6.702142e+03 | 6.742200e+03 |   0.60%
 33.2s|  8200 |  2577 |216821 |  26.4 |  74M|  43 |   - |2268 |1006 |2268 |1022 |3177 |  11 |1105 | 6.702679e+03 | 6.742200e+03 |   0.59%
 33.6s|  8300 |  2599 |218767 |  26.4 |  74M|  43 |  39 |2268 |1006 |2268 |1022 |3194 |  11 |1114 | 6.702846e+03 | 6.742200e+03 |   0.59%
 33.9s|  8400 |  2657 |221296 |  26.3 |  74M|  43 |  31 |2268 |1006 |2268 |1023 |3207 |  11 |1122 | 6.702892e+03 | 6.742200e+03 |   0.59%
 34.2s|  8500 |  2701 |223060 |  26.2 |  74M|  43 |  35 |2268 |1006 |2268 |1021 |3215 |  11 |1137 | 6.703074e+03 | 6.742200e+03 |   0.58%
 34.5s|  8600 |  2767 |225739 |  26.3 |  74M|  47 |  17 |2268 |1006 |2268 |1022 |3251 |  11 |1145 | 6.703300e+03 | 6.742200e+03 |   0.58%
 time | node  | left  |LP iter|LP it/n| mem |mdpt |frac |vars |cons |cols |rows |cuts |confs|strbr|  dualbound   | primalbound  |  gap   
 34.9s|  8700 |  2791 |227934 |  26.2 |  75M|  47 |  31 |2268 |1006 |2268 |1026 |3308 |  11 |1149 | 6.703315e+03 | 6.742200e+03 |   0.58%
 35.3s|  8800 |  2823 |230113 |  26.2 |  75M|  47 |   - |2268 |1006 |2268 |1024 |3361 |  11 |1158 | 6.703382e+03 | 6.742200e+03 |   0.58%
 35.6s|  8900 |  2839 |232292 |  26.1 |  75M|  47 |   - |2268 |1006 |2268 |1024 |3415 |  11 |1163 | 6.703540e+03 | 6.742200e+03 |   0.58%
 35.9s|  9000 |  2855 |234046 |  26.0 |  75M|  47 |   - |2268 |1006 |2268 |1025 |3435 |  11 |1168 | 6.703937e+03 | 6.742200e+03 |   0.57%
 36.2s|  9100 |  2877 |236541 |  26.0 |  75M|  47 |  44 |2268 |1006 |2268 |1027 |3452 |  11 |1174 | 6.704017e+03 | 6.742200e+03 |   0.57%
 36.5s|  9200 |  2927 |238871 |  26.0 |  75M|  47 |  33 |2268 |1006 |2268 |1023 |3473 |  11 |1176 | 6.704055e+03 | 6.742200e+03 |   0.57%
 36.6s|  9300 |  2953 |240053 |  25.8 |  75M|  47 |   - |2268 |1006 |2268 |1022 |3480 |  11 |1176 | 6.704055e+03 | 6.742200e+03 |   0.57%
 36.9s|  9400 |  2975 |241780 |  25.7 |  76M|  47 |  11 |2268 |1006 |2268 |1025 |3503 |  11 |1186 | 6.704055e+03 | 6.742200e+03 |   0.57%
 37.1s|  9500 |  2975 |243458 |  25.6 |  76M|  47 |  35 |2268 |1006 |2268 |1036 |3523 |  11 |1194 | 6.704075e+03 | 6.742200e+03 |   0.57%
 37.4s|  9600 |  3001 |245944 |  25.6 |  76M|  47 |  19 |2268 |1006 |2268 |1019 |3527 |  11 |1202 | 6.704194e+03 | 6.742200e+03 |   0.57%
 37.7s|  9700 |  3011 |247905 |  25.6 |  76M|  47 |   - |2268 |1006 |2268 |1022 |3548 |  11 |1216 | 6.704643e+03 | 6.742200e+03 |   0.56%
 37.9s|  9800 |  3017 |249587 |  25.5 |  76M|  47 |   - |2268 |1006 |2268 |1022 |3564 |  11 |1227 | 6.704826e+03 | 6.742200e+03 |   0.56%
 38.2s|  9900 |  3027 |251219 |  25.4 |  76M|  47 |  38 |2268 |1006 |2268 |1017 |3571 |  11 |1237 | 6.704857e+03 | 6.742200e+03 |   0.56%
 38.5s| 10000 |  3039 |253673 |  25.4 |  76M|  47 |   - |2268 |1006 |2268 |1024 |3591 |  11 |1248 | 6.705059e+03 | 6.742200e+03 |   0.55%
 38.8s| 10100 |  3051 |255598 |  25.3 |  76M|  47 |  48 |2268 |1006 |2268 |1039 |3622 |  11 |1255 | 6.705384e+03 | 6.742200e+03 |   0.55%
 time | node  | left  |LP iter|LP it/n| mem |mdpt |frac |vars |cons |cols |rows |cuts |confs|strbr|  dualbound   | primalbound  |  gap   
 39.0s| 10200 |  3079 |257342 |  25.2 |  76M|  47 |  28 |2268 |1006 |2268 |1028 |3639 |  11 |1260 | 6.705492e+03 | 6.742200e+03 |   0.55%
 39.2s| 10300 |  3093 |259294 |  25.2 |  77M|  47 |  37 |2268 |1006 |2268 |1024 |3655 |  11 |1263 | 6.705522e+03 | 6.742200e+03 |   0.55%
 39.6s| 10400 |  3121 |261673 |  25.2 |  77M|  47 |   - |2268 |1006 |2268 |1029 |3689 |  11 |1278 | 6.705590e+03 | 6.742200e+03 |   0.55%
 39.9s| 10500 |  3151 |263833 |  25.1 |  77M|  47 |  22 |2268 |1006 |2268 |1020 |3712 |  11 |1281 | 6.705721e+03 | 6.742200e+03 |   0.54%
 40.2s| 10600 |  3167 |266754 |  25.2 |  77M|  47 |   - |2268 |1006 |2268 |1026 |3724 |  11 |1282 | 6.705961e+03 | 6.742200e+03 |   0.54%
 40.5s| 10700 |  3205 |269188 |  25.2 |  77M|  47 |   - |2268 |1006 |2268 |1024 |3759 |  11 |1286 | 6.706026e+03 | 6.742200e+03 |   0.54%
 40.7s| 10800 |  3223 |270769 |  25.1 |  77M|  47 |  18 |2268 |1006 |2268 |1019 |3770 |  11 |1290 | 6.706061e+03 | 6.742200e+03 |   0.54%
 40.8s| 10900 |  3237 |272057 |  25.0 |  77M|  47 |  12 |2268 |1006 |2268 |1017 |3773 |  11 |1294 | 6.706061e+03 | 6.742200e+03 |   0.54%
 41.0s| 11000 |  3233 |272999 |  24.8 |  77M|  47 |   - |2268 |1006 |2268 |1024 |3790 |  12 |1298 | 6.706107e+03 | 6.742200e+03 |   0.54%
 41.3s| 11100 |  3219 |274764 |  24.8 |  77M|  47 |  33 |2268 |1006 |2268 |1027 |3798 |  12 |1301 | 6.706530e+03 | 6.742200e+03 |   0.53%
 41.5s| 11200 |  3227 |276223 |  24.7 |  77M|  47 |   - |2268 |1006 |2268 |1024 |3812 |  12 |1307 | 6.706555e+03 | 6.742200e+03 |   0.53%
 41.7s| 11300 |  3233 |277761 |  24.6 |  77M|  47 |   3 |2268 |1006 |2268 |1026 |3832 |  12 |1317 | 6.706605e+03 | 6.742200e+03 |   0.53%
 42.0s| 11400 |  3243 |279759 |  24.5 |  77M|  47 |  31 |2268 |1006 |2268 |1024 |3874 |  12 |1324 | 6.706643e+03 | 6.742200e+03 |   0.53%
 42.5s| 11500 |  3257 |284402 |  24.7 |  77M|  47 |  18 |2268 |1006 |2268 |1027 |3901 |  12 |1333 | 6.706690e+03 | 6.742200e+03 |   0.53%
 42.8s| 11600 |  3293 |286718 |  24.7 |  77M|  47 |   - |2268 |1006 |2268 |1039 |3928 |  12 |1345 | 6.706827e+03 | 6.742200e+03 |   0.53%
 time | node  | left  |LP iter|LP it/n| mem |mdpt |frac |vars |cons |cols |rows |cuts |confs|strbr|  dualbound   | primalbound  |  gap   
 43.0s| 11700 |  3329 |288757 |  24.7 |  77M|  47 |  19 |2268 |1006 |2268 |1018 |3938 |  12 |1354 | 6.706988e+03 | 6.742200e+03 |   0.53%
 43.3s| 11800 |  3339 |290292 |  24.6 |  77M|  47 |  26 |2268 |1006 |2268 |1020 |3956 |  12 |1367 | 6.707081e+03 | 6.742200e+03 |   0.52%
 43.5s| 11900 |  3341 |291728 |  24.5 |  78M|  47 |  27 |2268 |1006 |2268 |1044 |3989 |  12 |1371 | 6.707108e+03 | 6.742200e+03 |   0.52%
 43.8s| 12000 |  3371 |293849 |  24.5 |  78M|  47 |   - |2268 |1006 |2268 |1019 |4040 |  12 |1379 | 6.707293e+03 | 6.742200e+03 |   0.52%
 44.1s| 12100 |  3417 |296274 |  24.5 |  78M|  47 |  28 |2268 |1006 |2268 |1023 |4075 |  12 |1391 | 6.707453e+03 | 6.742200e+03 |   0.52%
 44.3s| 12200 |  3441 |298037 |  24.4 |  78M|  47 |   - |2268 |1006 |2268 |1028 |4083 |  12 |1393 | 6.707532e+03 | 6.742200e+03 |   0.52%
 44.8s| 12300 |  3465 |302078 |  24.6 |  78M|  47 |  40 |2268 |1006 |2268 |1028 |4107 |  12 |1397 | 6.707603e+03 | 6.742200e+03 |   0.52%
 45.0s| 12400 |  3483 |303976 |  24.5 |  78M|  47 |   - |2268 |1006 |2268 |1027 |4120 |  12 |1400 | 6.707771e+03 | 6.742200e+03 |   0.51%
 45.3s| 12500 |  3511 |305874 |  24.5 |  78M|  47 |   - |2268 |1006 |2268 |1018 |4131 |  12 |1404 | 6.707781e+03 | 6.742200e+03 |   0.51%
 45.5s| 12600 |  3509 |307472 |  24.4 |  78M|  47 |   - |2268 |1006 |2268 |1066 |4148 |  12 |1407 | 6.707996e+03 | 6.742200e+03 |   0.51%
 45.8s| 12700 |  3531 |309307 |  24.4 |  79M|  47 |   - |2268 |1006 |2268 |1026 |4163 |  12 |1417 | 6.708058e+03 | 6.742200e+03 |   0.51%
 45.9s| 12800 |  3561 |310724 |  24.3 |  79M|  47 |  19 |2268 |1006 |2268 |1028 |4178 |  12 |1418 | 6.708096e+03 | 6.742200e+03 |   0.51%
 46.4s| 12900 |  3573 |313236 |  24.3 |  79M|  47 |  58 |2268 |1006 |2268 |1029 |4230 |  12 |1422 | 6.708294e+03 | 6.742200e+03 |   0.51%
 46.7s| 13000 |  3605 |316482 |  24.3 |  79M|  47 |  36 |2268 |1006 |2268 |1021 |4254 |  12 |1429 | 6.708628e+03 | 6.742200e+03 |   0.50%
 47.1s| 13100 |  3633 |318666 |  24.3 |  79M|  47 |   - |2268 |1006 |2268 |1021 |4281 |  12 |1449 | 6.708671e+03 | 6.742200e+03 |   0.50%
 time | node  | left  |LP iter|LP it/n| mem |mdpt |frac |vars |cons |cols |rows |cuts |confs|strbr|  dualbound   | primalbound  |  gap   
 47.3s| 13200 |  3645 |320791 |  24.3 |  79M|  47 |  26 |2268 |1006 |2268 |1027 |4311 |  12 |1451 | 6.708727e+03 | 6.742200e+03 |   0.50%
 47.6s| 13300 |  3663 |322786 |  24.3 |  79M|  47 |  38 |2268 |1006 |2268 |1025 |4335 |  12 |1459 | 6.708851e+03 | 6.742200e+03 |   0.50%
 47.9s| 13400 |  3691 |324593 |  24.2 |  79M|  47 |  24 |2268 |1006 |2268 |1025 |4347 |  12 |1466 | 6.708899e+03 | 6.742200e+03 |   0.50%
 48.2s| 13500 |  3699 |326341 |  24.2 |  79M|  47 |   - |2268 |1006 |2268 |1024 |4374 |  12 |1477 | 6.708899e+03 | 6.742200e+03 |   0.50%
 48.5s| 13600 |  3715 |328084 |  24.1 |  79M|  47 |   - |2268 |1006 |2268 |1033 |4390 |  12 |1488 | 6.709071e+03 | 6.742200e+03 |   0.49%
 48.8s| 13700 |  3745 |330259 |  24.1 |  79M|  47 |   - |2268 |1006 |2268 |1025 |4420 |  12 |1503 | 6.709215e+03 | 6.742200e+03 |   0.49%
 49.0s| 13800 |  3761 |332441 |  24.1 |  80M|  47 |   - |2268 |1006 |2268 |1027 |4444 |  12 |1510 | 6.709355e+03 | 6.742200e+03 |   0.49%
 49.3s| 13900 |  3751 |334495 |  24.1 |  80M|  47 |  27 |2268 |1006 |2268 |1024 |4457 |  12 |1513 | 6.709372e+03 | 6.742200e+03 |   0.49%
 49.5s| 14000 |  3773 |336432 |  24.0 |  81M|  47 |  41 |2268 |1006 |2268 |1025 |4475 |  12 |1517 | 6.709549e+03 | 6.742200e+03 |   0.49%
 49.8s| 14100 |  3779 |338283 |  24.0 |  81M|  47 |   - |2268 |1006 |2268 |1029 |4502 |  13 |1523 | 6.709613e+03 | 6.742200e+03 |   0.49%
 50.1s| 14200 |  3823 |340299 |  24.0 |  81M|  48 |  40 |2268 |1006 |2268 |1026 |4525 |  13 |1525 | 6.709744e+03 | 6.742200e+03 |   0.48%
 50.3s| 14300 |  3833 |342083 |  23.9 |  81M|  48 |   - |2268 |1006 |2268 |1024 |4540 |  13 |1525 | 6.709825e+03 | 6.742200e+03 |   0.48%
 50.6s| 14400 |  3837 |343962 |  23.9 |  81M|  48 |  37 |2268 |1006 |2268 |1035 |4560 |  13 |1526 | 6.710046e+03 | 6.742200e+03 |   0.48%
 50.9s| 14500 |  3853 |347069 |  23.9 |  81M|  48 |   - |2268 |1006 |2268 |1022 |4576 |  13 |1528 | 6.710149e+03 | 6.742200e+03 |   0.48%
 51.1s| 14600 |  3867 |348803 |  23.9 |  81M|  48 |  33 |2268 |1006 |2268 |1026 |4599 |  13 |1530 | 6.710184e+03 | 6.742200e+03 |   0.48%
 time | node  | left  |LP iter|LP it/n| mem |mdpt |frac |vars |cons |cols |rows |cuts |confs|strbr|  dualbound   | primalbound  |  gap   
 51.4s| 14700 |  3893 |350954 |  23.9 |  81M|  48 |  42 |2268 |1006 |2268 |1020 |4621 |  13 |1535 | 6.710254e+03 | 6.742200e+03 |   0.48%
 51.7s| 14800 |  3933 |353248 |  23.9 |  81M|  48 |   - |2268 |1006 |2268 |1024 |4642 |  13 |1546 | 6.710342e+03 | 6.742200e+03 |   0.47%
 51.9s| 14900 |  3955 |355267 |  23.8 |  81M|  48 |  21 |2268 |1006 |2268 |1027 |4666 |  13 |1549 | 6.710411e+03 | 6.742200e+03 |   0.47%
 52.3s| 15000 |  3973 |357617 |  23.8 |  81M|  48 |   - |2268 |1006 |2268 |1024 |4689 |  13 |1571 | 6.710442e+03 | 6.742200e+03 |   0.47%
 52.5s| 15100 |  4011 |359968 |  23.8 |  81M|  48 |  21 |2268 |1006 |2268 |1025 |4711 |  13 |1583 | 6.710491e+03 | 6.742200e+03 |   0.47%
 52.8s| 15200 |  4009 |361719 |  23.8 |  82M|  48 |  32 |2268 |1006 |2268 |1032 |4736 |  13 |1598 | 6.710511e+03 | 6.742200e+03 |   0.47%
 53.0s| 15300 |  4015 |363524 |  23.8 |  82M|  48 |  51 |2268 |1006 |2268 |1023 |4746 |  13 |1606 | 6.710573e+03 | 6.742200e+03 |   0.47%
 53.3s| 15400 |  4025 |366109 |  23.8 |  82M|  48 |  26 |2268 |1006 |2268 |1016 |4763 |  13 |1614 | 6.710721e+03 | 6.742200e+03 |   0.47%
 53.5s| 15500 |  4027 |367683 |  23.7 |  82M|  48 |   - |2268 |1006 |2268 |1021 |4784 |  13 |1623 | 6.710730e+03 | 6.742200e+03 |   0.47%
 53.7s| 15600 |  4029 |368837 |  23.6 |  82M|  48 |  29 |2268 |1006 |2268 |1020 |4792 |  13 |1631 | 6.710752e+03 | 6.742200e+03 |   0.47%
 54.1s| 15700 |  4047 |371319 |  23.7 |  82M|  48 |  37 |2268 |1006 |2268 |1019 |4808 |  13 |1652 | 6.710783e+03 | 6.742200e+03 |   0.47%
 54.4s| 15800 |  4049 |373933 |  23.7 |  82M|  48 |   - |2268 |1006 |2268 |1023 |4815 |  14 |1661 | 6.710956e+03 | 6.742200e+03 |   0.47%
 54.8s| 15900 |  4073 |376985 |  23.7 |  82M|  48 |   - |2268 |1006 |2268 |1021 |4832 |  14 |1673 | 6.711133e+03 | 6.742200e+03 |   0.46%
 55.0s| 16000 |  4107 |379900 |  23.7 |  82M|  48 |  35 |2268 |1006 |2268 |1021 |4847 |  14 |1677 | 6.711206e+03 | 6.742200e+03 |   0.46%
 55.3s| 16100 |  4119 |381829 |  23.7 |  82M|  48 |  29 |2268 |1006 |2268 |1019 |4858 |  14 |1683 | 6.711252e+03 | 6.742200e+03 |   0.46%
 time | node  | left  |LP iter|LP it/n| mem |mdpt |frac |vars |cons |cols |rows |cuts |confs|strbr|  dualbound   | primalbound  |  gap   
 55.5s| 16200 |  4139 |383341 |  23.7 |  82M|  48 |  26 |2268 |1006 |2268 |1027 |4873 |  14 |1686 | 6.711285e+03 | 6.742200e+03 |   0.46%
 55.7s| 16300 |  4155 |385376 |  23.6 |  82M|  48 |   - |2268 |1006 |2268 |1042 |4883 |  14 |1696 | 6.711383e+03 | 6.742200e+03 |   0.46%
 55.9s| 16400 |  4153 |387349 |  23.6 |  82M|  48 |   - |2268 |1006 |2268 |1020 |4893 |  14 |1702 | 6.711522e+03 | 6.742200e+03 |   0.46%
 56.2s| 16500 |  4157 |389253 |  23.6 |  82M|  48 |  25 |2268 |1010 |2268 |1019 |4905 |  18 |1708 | 6.711620e+03 | 6.742200e+03 |   0.46%
 56.5s| 16600 |  4193 |392316 |  23.6 |  82M|  48 |   - |2268 |1010 |2268 |1019 |4910 |  18 |1710 | 6.711699e+03 | 6.742200e+03 |   0.45%
 56.7s| 16700 |  4213 |394126 |  23.6 |  82M|  48 |  28 |2268 |1010 |2268 |1017 |4919 |  18 |1715 | 6.711790e+03 | 6.742200e+03 |   0.45%
 57.0s| 16800 |  4223 |396760 |  23.6 |  82M|  48 |  35 |2268 |1010 |2268 |1019 |4939 |  18 |1716 | 6.711867e+03 | 6.742200e+03 |   0.45%
 57.2s| 16900 |  4233 |398462 |  23.6 |  82M|  48 |  27 |2268 |1010 |2268 |1021 |4948 |  18 |1721 | 6.711867e+03 | 6.742200e+03 |   0.45%
 57.5s| 17000 |  4267 |400661 |  23.6 |  82M|  48 |  46 |2268 |1010 |2268 |1026 |4968 |  18 |1723 | 6.711940e+03 | 6.742200e+03 |   0.45%
 57.8s| 17100 |  4287 |404172 |  23.6 |  82M|  48 |  11 |2268 |1010 |2268 |1028 |4985 |  18 |1723 | 6.711940e+03 | 6.742200e+03 |   0.45%
 58.0s| 17200 |  4279 |405816 |  23.6 |  82M|  48 |  36 |2268 |1010 |2268 |1027 |5003 |  18 |1726 | 6.711989e+03 | 6.742200e+03 |   0.45%
 58.3s| 17300 |  4291 |407662 |  23.6 |  83M|  48 |   - |2268 |1010 |2268 |1028 |5029 |  18 |1734 | 6.712126e+03 | 6.742200e+03 |   0.45%
 58.6s| 17400 |  4299 |409566 |  23.5 |  83M|  48 |  21 |2268 |1010 |2268 |1020 |5045 |  18 |1751 | 6.712315e+03 | 6.742200e+03 |   0.45%
 58.9s| 17500 |  4315 |411492 |  23.5 |  84M|  48 |  27 |2268 |1010 |2268 |1025 |5067 |  18 |1754 | 6.712325e+03 | 6.742200e+03 |   0.45%
 59.1s| 17600 |  4303 |413200 |  23.5 |  84M|  48 |   - |2268 |1010 |2268 |1063 |5087 |  18 |1765 | 6.712481e+03 | 6.742200e+03 |   0.44%
 time | node  | left  |LP iter|LP it/n| mem |mdpt |frac |vars |cons |cols |rows |cuts |confs|strbr|  dualbound   | primalbound  |  gap   
 59.4s| 17700 |  4329 |415148 |  23.5 |  84M|  48 |  32 |2268 |1010 |2268 |1022 |5106 |  18 |1787 | 6.712562e+03 | 6.742200e+03 |   0.44%
 59.6s| 17800 |  4341 |416670 |  23.4 |  85M|  48 |   - |2268 |1010 |2268 |1025 |5116 |  18 |1793 | 6.712565e+03 | 6.742200e+03 |   0.44%
 59.9s| 17900 |  4363 |418339 |  23.4 |  85M|  48 |  11 |2268 |1010 |2268 |1031 |5130 |  18 |1799 | 6.712565e+03 | 6.742200e+03 |   0.44%
 60.1s| 18000 |  4369 |420039 |  23.3 |  85M|  48 |  42 |2268 |1010 |2268 |1028 |5142 |  18 |1803 | 6.712599e+03 | 6.742200e+03 |   0.44%
 60.3s| 18100 |  4407 |421894 |  23.3 |  86M|  48 |  25 |2268 |1010 |2268 |1021 |5152 |  18 |1809 | 6.712682e+03 | 6.742200e+03 |   0.44%
 60.5s| 18200 |  4425 |423619 |  23.3 |  86M|  48 |  19 |2268 |1010 |2268 |1024 |5164 |  18 |1814 | 6.712709e+03 | 6.742200e+03 |   0.44%
 61.0s| 18300 |  4429 |426643 |  23.3 |  86M|  48 |   - |2268 |1010 |2268 |1017 |5180 |  18 |1817 | 6.712751e+03 | 6.742200e+03 |   0.44%
 61.2s| 18400 |  4455 |428593 |  23.3 |  86M|  48 |   - |2268 |1010 |2268 |1026 |5208 |  18 |1820 | 6.712872e+03 | 6.742200e+03 |   0.44%
 61.4s| 18500 |  4473 |430030 |  23.2 |  86M|  48 |  19 |2268 |1010 |2268 |1024 |5218 |  18 |1823 | 6.712958e+03 | 6.742200e+03 |   0.44%
 61.7s| 18600 |  4481 |432027 |  23.2 |  86M|  48 |   - |2268 |1010 |2268 |1022 |5262 |  18 |1827 | 6.712972e+03 | 6.742200e+03 |   0.44%
 61.9s| 18700 |  4495 |433900 |  23.2 |  86M|  48 |  25 |2268 |1010 |2268 |1022 |5272 |  18 |1834 | 6.713022e+03 | 6.742200e+03 |   0.43%
 62.1s| 18800 |  4505 |435543 |  23.2 |  86M|  48 |  44 |2268 |1010 |2268 |1025 |5297 |  18 |1835 | 6.713057e+03 | 6.742200e+03 |   0.43%
 62.3s| 18900 |  4493 |437006 |  23.1 |  86M|  48 |   - |2268 |1010 |2268 |1024 |5298 |  18 |1835 | 6.713086e+03 | 6.742200e+03 |   0.43%
 62.5s| 19000 |  4529 |439096 |  23.1 |  86M|  48 |  29 |2268 |1010 |2268 |1027 |5317 |  18 |1836 | 6.713140e+03 | 6.742200e+03 |   0.43%
 62.8s| 19100 |  4559 |440979 |  23.1 |  86M|  48 |  25 |2268 |1010 |2268 |1015 |5329 |  18 |1836 | 6.713229e+03 | 6.742200e+03 |   0.43%
 time | node  | left  |LP iter|LP it/n| mem |mdpt |frac |vars |cons |cols |rows |cuts |confs|strbr|  dualbound   | primalbound  |  gap   
 63.0s| 19200 |  4561 |442768 |  23.1 |  86M|  48 |  32 |2268 |1010 |2268 |1023 |5343 |  18 |1837 | 6.713229e+03 | 6.742200e+03 |   0.43%
 63.2s| 19300 |  4591 |444994 |  23.1 |  86M|  48 |  44 |2268 |1010 |2268 |1026 |5366 |  18 |1842 | 6.713280e+03 | 6.742200e+03 |   0.43%
 63.5s| 19400 |  4611 |447273 |  23.1 |  86M|  48 |  34 |2268 |1010 |2268 |1031 |5384 |  18 |1849 | 6.713318e+03 | 6.742200e+03 |   0.43%
 63.7s| 19500 |  4613 |448584 |  23.0 |  86M|  48 |  28 |2268 |1010 |2268 |1018 |5385 |  18 |1849 | 6.713318e+03 | 6.742200e+03 |   0.43%
 64.0s| 19600 |  4633 |451789 |  23.1 |  87M|  48 |  44 |2268 |1010 |2268 |1027 |5390 |  18 |1865 | 6.713428e+03 | 6.742200e+03 |   0.43%
 64.2s| 19700 |  4645 |453251 |  23.0 |  87M|  48 |   - |2268 |1010 |2268 |1028 |5396 |  18 |1866 | 6.713448e+03 | 6.742200e+03 |   0.43%
 64.4s| 19800 |  4663 |454964 |  23.0 |  87M|  48 |  19 |2268 |1010 |2268 |1021 |5417 |  18 |1868 | 6.713542e+03 | 6.742200e+03 |   0.43%
 64.7s| 19900 |  4681 |456602 |  22.9 |  87M|  48 |   - |2268 |1010 |2268 |1018 |5424 |  18 |1888 | 6.713635e+03 | 6.742200e+03 |   0.43%
 64.9s| 20000 |  4701 |458420 |  22.9 |  87M|  48 |  38 |2268 |1010 |2268 |1020 |5430 |  18 |1890 | 6.713666e+03 | 6.742200e+03 |   0.43%
 65.1s| 20100 |  4709 |459818 |  22.9 |  87M|  48 |   - |2268 |1010 |2268 |1020 |5436 |  18 |1892 | 6.713737e+03 | 6.742200e+03 |   0.42%
 65.3s| 20200 |  4723 |461454 |  22.8 |  87M|  48 |   9 |2268 |1010 |2268 |1025 |5438 |  18 |1898 | 6.713781e+03 | 6.742200e+03 |   0.42%
 65.5s| 20300 |  4749 |463408 |  22.8 |  87M|  48 |  22 |2268 |1010 |2268 |1026 |5454 |  18 |1905 | 6.713847e+03 | 6.742200e+03 |   0.42%
 65.8s| 20400 |  4759 |465047 |  22.8 |  87M|  48 |   - |2268 |1010 |2268 |1047 |5472 |  18 |1917 | 6.713865e+03 | 6.742200e+03 |   0.42%
 66.0s| 20500 |  4779 |466959 |  22.8 |  87M|  48 |   - |2268 |1010 |2268 |1017 |5480 |  18 |1923 | 6.713904e+03 | 6.742200e+03 |   0.42%
 66.3s| 20600 |  4795 |468753 |  22.8 |  87M|  48 |   - |2268 |1010 |2268 |1020 |5485 |  18 |1932 | 6.713963e+03 | 6.742200e+03 |   0.42%
 time | node  | left  |LP iter|LP it/n| mem |mdpt |frac |vars |cons |cols |rows |cuts |confs|strbr|  dualbound   | primalbound  |  gap   
 66.5s| 20700 |  4815 |470837 |  22.7 |  87M|  48 |   - |2268 |1010 |2268 |1029 |5499 |  18 |1934 | 6.714046e+03 | 6.742200e+03 |   0.42%
 66.7s| 20800 |  4807 |472662 |  22.7 |  87M|  48 |  31 |2268 |1010 |2268 |1023 |5508 |  18 |1941 | 6.714135e+03 | 6.742200e+03 |   0.42%
 66.9s| 20900 |  4835 |474047 |  22.7 |  87M|  48 |   8 |2268 |1010 |2268 |1024 |5513 |  18 |1943 | 6.714174e+03 | 6.742200e+03 |   0.42%
 67.1s| 21000 |  4875 |475755 |  22.7 |  87M|  48 |  11 |2268 |1010 |2268 |1018 |5521 |  18 |1943 | 6.714241e+03 | 6.742200e+03 |   0.42%
 67.2s| 21100 |  4903 |476996 |  22.6 |  87M|  48 |   - |2268 |1010 |2268 |1018 |5524 |  18 |1946 | 6.714345e+03 | 6.742200e+03 |   0.41%
 67.4s| 21200 |  4905 |478072 |  22.6 |  87M|  48 |  17 |2268 |1010 |2268 |1018 |5533 |  18 |1948 | 6.714351e+03 | 6.742200e+03 |   0.41%
 67.6s| 21300 |  4923 |479576 |  22.5 |  87M|  48 |  33 |2268 |1010 |2268 |1024 |5543 |  18 |1949 | 6.714411e+03 | 6.742200e+03 |   0.41%
 67.8s| 21400 |  4935 |480983 |  22.5 |  87M|  48 |  25 |2268 |1010 |2268 |1022 |5552 |  18 |1952 | 6.714577e+03 | 6.742200e+03 |   0.41%
 68.0s| 21500 |  4943 |482203 |  22.4 |  88M|  48 |   - |2268 |1010 |2268 |1022 |5555 |  18 |1952 | 6.714578e+03 | 6.742200e+03 |   0.41%
 68.1s| 21600 |  4965 |483688 |  22.4 |  88M|  48 |   - |2268 |1010 |2268 |1016 |5558 |  18 |1952 | 6.714581e+03 | 6.742200e+03 |   0.41%
 68.3s| 21700 |  4983 |484999 |  22.4 |  88M|  48 |  21 |2268 |1010 |2268 |1027 |5570 |  18 |1953 | 6.714581e+03 | 6.742200e+03 |   0.41%
 68.8s| 21800 |  5035 |489023 |  22.4 |  88M|  48 |  31 |2268 |1010 |2268 |1020 |5601 |  18 |1954 | 6.714664e+03 | 6.742200e+03 |   0.41%
 69.0s| 21900 |  5055 |490579 |  22.4 |  88M|  48 |  21 |2268 |1010 |2268 |1018 |5613 |  18 |1960 | 6.714761e+03 | 6.742200e+03 |   0.41%
 69.2s| 22000 |  5055 |491989 |  22.4 |  88M|  48 |   - |2268 |1010 |2268 |1022 |5619 |  18 |1962 | 6.714866e+03 | 6.742200e+03 |   0.41%
 69.4s| 22100 |  5075 |493835 |  22.3 |  88M|  48 |  34 |2268 |1010 |2268 |1022 |5630 |  18 |1963 | 6.714971e+03 | 6.742200e+03 |   0.41%
 time | node  | left  |LP iter|LP it/n| mem |mdpt |frac |vars |cons |cols |rows |cuts |confs|strbr|  dualbound   | primalbound  |  gap   
 69.6s| 22200 |  5101 |495956 |  22.3 |  88M|  48 |  15 |2268 |1010 |2268 |1031 |5636 |  18 |1967 | 6.714975e+03 | 6.742200e+03 |   0.41%
 69.8s| 22300 |  5108 |497366 |  22.3 |  88M|  48 |   - |2268 |1010 |2268 |1023 |5637 |  18 |1973 | 6.715018e+03 | 6.742200e+03 |   0.40%
 70.0s| 22400 |  5108 |498942 |  22.3 |  89M|  48 |  32 |2268 |1010 |2268 |1019 |5651 |  18 |1980 | 6.715050e+03 | 6.742200e+03 |   0.40%
 70.3s| 22500 |  5130 |500740 |  22.3 |  89M|  48 |   - |2268 |1010 |2268 |1023 |5660 |  18 |1987 | 6.715086e+03 | 6.742200e+03 |   0.40%
 70.5s| 22600 |  5120 |502299 |  22.2 |  89M|  48 |  28 |2268 |1010 |2268 |1020 |5661 |  18 |1994 | 6.715109e+03 | 6.742200e+03 |   0.40%
 70.7s| 22700 |  5162 |504368 |  22.2 |  89M|  48 |   - |2268 |1010 |2268 |1025 |5677 |  18 |1997 | 6.715188e+03 | 6.742200e+03 |   0.40%
 71.0s| 22800 |  5192 |506417 |  22.2 |  89M|  48 |   - |2268 |1010 |2268 |1031 |5695 |  18 |2011 | 6.715260e+03 | 6.742200e+03 |   0.40%
 71.2s| 22900 |  5208 |508303 |  22.2 |  89M|  48 |  33 |2268 |1010 |2268 |1022 |5706 |  18 |2018 | 6.715323e+03 | 6.742200e+03 |   0.40%
 71.5s| 23000 |  5230 |510567 |  22.2 |  89M|  48 |   - |2268 |1010 |2268 |1024 |5732 |  18 |2024 | 6.715370e+03 | 6.742200e+03 |   0.40%
 71.8s| 23100 |  5242 |512331 |  22.2 |  89M|  48 |  16 |2268 |1010 |2268 |1029 |5748 |  18 |2035 | 6.715418e+03 | 6.742200e+03 |   0.40%
 71.9s| 23200 |  5246 |513634 |  22.1 |  89M|  48 |   - |2268 |1010 |2268 |1017 |5756 |  18 |2037 | 6.715463e+03 | 6.742200e+03 |   0.40%
 72.2s| 23300 |  5272 |515732 |  22.1 |  89M|  48 |  30 |2268 |1010 |2268 |1023 |5762 |  18 |2043 | 6.715522e+03 | 6.742200e+03 |   0.40%
 72.4s| 23400 |  5298 |518233 |  22.1 |  89M|  48 |   9 |2268 |1010 |2268 |1019 |5771 |  18 |2045 | 6.715569e+03 | 6.742200e+03 |   0.40%
 72.6s| 23500 |  5310 |519879 |  22.1 |  89M|  48 |   - |2268 |1010 |2268 |1025 |5777 |  18 |2047 | 6.715606e+03 | 6.742200e+03 |   0.40%
 72.9s| 23600 |  5330 |522012 |  22.1 |  89M|  48 |   - |2268 |1010 |2268 |1029 |5784 |  18 |2052 | 6.715658e+03 | 6.742200e+03 |   0.40%
 time | node  | left  |LP iter|LP it/n| mem |mdpt |frac |vars |cons |cols |rows |cuts |confs|strbr|  dualbound   | primalbound  |  gap   
 73.1s| 23700 |  5336 |523621 |  22.1 |  89M|  48 |   6 |2268 |1010 |2268 |1025 |5788 |  18 |2055 | 6.715685e+03 | 6.742200e+03 |   0.39%
 73.3s| 23800 |  5326 |525117 |  22.1 |  89M|  48 |   - |2268 |1010 |2268 |1022 |5794 |  18 |2057 | 6.715777e+03 | 6.742200e+03 |   0.39%
 73.6s| 23900 |  5340 |528558 |  22.1 |  89M|  48 |   - |2268 |1010 |2268 |1020 |5799 |  18 |2058 | 6.715824e+03 | 6.742200e+03 |   0.39%
 73.8s| 24000 |  5326 |530128 |  22.1 |  89M|  48 |   - |2268 |1010 |2268 |1025 |5800 |  18 |2063 | 6.715848e+03 | 6.742200e+03 |   0.39%
 74.0s| 24100 |  5358 |531886 |  22.1 |  89M|  48 |  26 |2268 |1010 |2268 |1022 |5802 |  18 |2066 | 6.715941e+03 | 6.742200e+03 |   0.39%
 74.2s| 24200 |  5380 |533838 |  22.1 |  90M|  48 |   - |2268 |1010 |2268 |1024 |5819 |  18 |2074 | 6.715967e+03 | 6.742200e+03 |   0.39%
 74.4s| 24300 |  5388 |535448 |  22.0 |  90M|  48 |  31 |2268 |1010 |2268 |1033 |5824 |  18 |2075 | 6.716074e+03 | 6.742200e+03 |   0.39%
 74.6s| 24400 |  5404 |536870 |  22.0 |  90M|  48 |  11 |2268 |1010 |2268 |1023 |5824 |  18 |2079 | 6.716079e+03 | 6.742200e+03 |   0.39%
 74.8s| 24500 |  5426 |538631 |  22.0 |  90M|  48 |  23 |2268 |1010 |2268 |1024 |5832 |  18 |2080 | 6.716123e+03 | 6.742200e+03 |   0.39%
 75.0s| 24600 |  5442 |540277 |  22.0 |  90M|  48 |  19 |2268 |1010 |2268 |1024 |5835 |  18 |2084 | 6.716139e+03 | 6.742200e+03 |   0.39%
 75.2s| 24700 |  5470 |542196 |  22.0 |  90M|  48 |   - |2268 |1010 |2268 |1021 |5839 |  18 |2087 | 6.716253e+03 | 6.742200e+03 |   0.39%
 75.4s| 24800 |  5490 |543846 |  21.9 |  90M|  48 |  21 |2268 |1010 |2268 |1020 |5845 |  18 |2089 | 6.716285e+03 | 6.742200e+03 |   0.39%
 75.6s| 24900 |  5488 |545447 |  21.9 |  90M|  48 |  15 |2268 |1010 |2268 |1028 |5846 |  18 |2090 | 6.716305e+03 | 6.742200e+03 |   0.39%
 75.8s| 25000 |  5512 |546989 |  21.9 |  90M|  48 |  24 |2268 |1010 |2268 |1020 |5853 |  18 |2093 | 6.716377e+03 | 6.742200e+03 |   0.38%
 76.0s| 25100 |  5510 |548248 |  21.8 |  90M|  48 |  33 |2268 |1010 |2268 |1025 |5856 |  18 |2105 | 6.716377e+03 | 6.742200e+03 |   0.38%
 time | node  | left  |LP iter|LP it/n| mem |mdpt |frac |vars |cons |cols |rows |cuts |confs|strbr|  dualbound   | primalbound  |  gap   
 76.2s| 25200 |  5514 |549946 |  21.8 |  90M|  48 |   - |2268 |1010 |2268 |1028 |5859 |  18 |2114 | 6.716489e+03 | 6.742200e+03 |   0.38%
 76.4s| 25300 |  5522 |551590 |  21.8 |  90M|  48 |  26 |2268 |1010 |2268 |1027 |5862 |  18 |2120 | 6.716541e+03 | 6.742200e+03 |   0.38%
 76.7s| 25400 |  5528 |553406 |  21.8 |  91M|  48 |  47 |2268 |1010 |2268 |1028 |5872 |  18 |2134 | 6.716566e+03 | 6.742200e+03 |   0.38%
 77.0s| 25500 |  5514 |555217 |  21.8 |  91M|  48 |  37 |2268 |1010 |2268 |1037 |5883 |  18 |2150 | 6.716582e+03 | 6.742200e+03 |   0.38%
 77.2s| 25600 |  5524 |557010 |  21.8 |  91M|  48 |   - |2268 |1010 |2268 |1022 |5888 |  18 |2157 | 6.716594e+03 | 6.742200e+03 |   0.38%
 77.4s| 25700 |  5550 |558385 |  21.7 |  91M|  48 |   - |2268 |1010 |2268 |1021 |5890 |  18 |2166 | 6.716612e+03 | 6.742200e+03 |   0.38%
 77.7s| 25800 |  5554 |560585 |  21.7 |  91M|  48 |   - |2268 |1010 |2268 |1022 |5895 |  18 |2172 | 6.716645e+03 | 6.742200e+03 |   0.38%
 77.9s| 25900 |  5564 |562293 |  21.7 |  91M|  48 |  39 |2268 |1010 |2268 |1023 |5898 |  18 |2183 | 6.716650e+03 | 6.742200e+03 |   0.38%
 78.0s| 26000 |  5568 |563876 |  21.7 |  91M|  48 |   - |2268 |1010 |2268 |1024 |5903 |  18 |2185 | 6.716710e+03 | 6.742200e+03 |   0.38%
 78.3s| 26100 |  5582 |565547 |  21.7 |  91M|  48 |   - |2268 |1010 |2268 |1021 |5913 |  18 |2197 | 6.716796e+03 | 6.742200e+03 |   0.38%
 78.5s| 26200 |  5598 |567832 |  21.7 |  91M|  48 |   - |2268 |1010 |2268 |1021 |5924 |  18 |2200 | 6.716854e+03 | 6.742200e+03 |   0.38%
 78.7s| 26300 |  5622 |569231 |  21.6 |  91M|  48 |  29 |2268 |1010 |2268 |1020 |5926 |  18 |2208 | 6.716918e+03 | 6.742200e+03 |   0.38%
 78.9s| 26400 |  5628 |570893 |  21.6 |  91M|  48 |   - |2268 |1010 |2268 |1023 |5934 |  18 |2216 | 6.716964e+03 | 6.742200e+03 |   0.38%
 79.4s| 26500 |  5632 |573030 |  21.6 |  92M|  48 |  36 |2268 |1010 |2268 |1031 |5993 |  18 |2228 | 6.716976e+03 | 6.742200e+03 |   0.38%
 79.7s| 26600 |  5646 |575071 |  21.6 |  92M|  48 |   - |2268 |1010 |2268 |1026 |6021 |  18 |2237 | 6.717045e+03 | 6.742200e+03 |   0.37%
 time | node  | left  |LP iter|LP it/n| mem |mdpt |frac |vars |cons |cols |rows |cuts |confs|strbr|  dualbound   | primalbound  |  gap   
 79.9s| 26700 |  5660 |576874 |  21.6 |  92M|  48 |  24 |2268 |1010 |2268 |1020 |6032 |  18 |2241 | 6.717075e+03 | 6.742200e+03 |   0.37%
 80.2s| 26800 |  5684 |578953 |  21.6 |  92M|  48 |   - |2268 |1010 |2268 |1027 |6049 |  18 |2241 | 6.717083e+03 | 6.742200e+03 |   0.37%
 80.5s| 26900 |  5710 |581189 |  21.6 |  92M|  48 |  20 |2268 |1010 |2268 |1028 |6077 |  18 |2244 | 6.717114e+03 | 6.742200e+03 |   0.37%
 80.7s| 27000 |  5738 |583097 |  21.6 |  92M|  48 |   - |2268 |1010 |2268 |1027 |6086 |  18 |2245 | 6.717167e+03 | 6.742200e+03 |   0.37%
 80.9s| 27100 |  5740 |584563 |  21.6 |  92M|  48 |  17 |2268 |1010 |2268 |1025 |6099 |  18 |2248 | 6.717233e+03 | 6.742200e+03 |   0.37%
 81.2s| 27200 |  5748 |587603 |  21.6 |  92M|  48 |   - |2268 |1010 |2268 |1029 |6109 |  18 |2252 | 6.717251e+03 | 6.742200e+03 |   0.37%
 81.5s| 27300 |  5770 |590684 |  21.6 |  92M|  48 |  28 |2268 |1010 |2268 |1027 |6121 |  18 |2252 | 6.717279e+03 | 6.742200e+03 |   0.37%
 81.7s| 27400 |  5780 |592087 |  21.6 |  92M|  48 |   - |2268 |1010 |2268 |1028 |6123 |  18 |2253 | 6.717322e+03 | 6.742200e+03 |   0.37%
 81.9s| 27500 |  5794 |593580 |  21.6 |  92M|  48 |   - |2268 |1010 |2268 |1017 |6127 |  18 |2258 | 6.717366e+03 | 6.742200e+03 |   0.37%
 82.1s| 27600 |  5802 |595223 |  21.6 |  92M|  48 |  26 |2268 |1010 |2268 |1029 |6152 |  18 |2263 | 6.717389e+03 | 6.742200e+03 |   0.37%
 82.3s| 27700 |  5792 |596582 |  21.5 |  92M|  48 |   - |2268 |1010 |2268 |1022 |6159 |  18 |2267 | 6.717397e+03 | 6.742200e+03 |   0.37%
 82.5s| 27800 |  5806 |598323 |  21.5 |  92M|  48 |  27 |2268 |1010 |2268 |1022 |6177 |  18 |2267 | 6.717406e+03 | 6.742200e+03 |   0.37%
 82.7s| 27900 |  5802 |600897 |  21.5 |  92M|  48 |  36 |2268 |1010 |2268 |1025 |6180 |  18 |2272 | 6.717473e+03 | 6.742200e+03 |   0.37%
 82.9s| 28000 |  5808 |602784 |  21.5 |  92M|  48 |  37 |2268 |1010 |2268 |1035 |6190 |  18 |2275 | 6.717485e+03 | 6.742200e+03 |   0.37%
 83.2s| 28100 |  5814 |604907 |  21.5 |  93M|  48 |   - |2268 |1010 |2268 |1032 |6218 |  18 |2288 | 6.717526e+03 | 6.742200e+03 |   0.37%
 time | node  | left  |LP iter|LP it/n| mem |mdpt |frac |vars |cons |cols |rows |cuts |confs|strbr|  dualbound   | primalbound  |  gap   
 83.5s| 28200 |  5838 |607269 |  21.5 |  93M|  48 |   - |2268 |1010 |2268 |1023 |6236 |  18 |2289 | 6.717556e+03 | 6.742200e+03 |   0.37%
 83.8s| 28300 |  5852 |609308 |  21.5 |  93M|  48 |  37 |2268 |1010 |2268 |1027 |6255 |  18 |2299 | 6.717556e+03 | 6.742200e+03 |   0.37%
 84.0s| 28400 |  5862 |611448 |  21.5 |  93M|  48 |  26 |2268 |1010 |2268 |1022 |6282 |  18 |2305 | 6.717619e+03 | 6.742200e+03 |   0.37%
 84.2s| 28500 |  5880 |612696 |  21.5 |  93M|  48 |  29 |2268 |1010 |2268 |1019 |6284 |  18 |2312 | 6.717667e+03 | 6.742200e+03 |   0.37%
 84.4s| 28600 |  5900 |614169 |  21.5 |  93M|  48 |  15 |2268 |1010 |2268 |1022 |6284 |  18 |2317 | 6.717678e+03 | 6.742200e+03 |   0.37%
 84.6s| 28700 |  5932 |615876 |  21.5 |  93M|  48 |  27 |2268 |1010 |2268 |1020 |6285 |  18 |2332 | 6.717710e+03 | 6.742200e+03 |   0.36%
 84.8s| 28800 |  5954 |617259 |  21.4 |  93M|  48 |   - |2268 |1010 |2268 |1021 |6293 |  18 |2335 | 6.717743e+03 | 6.742200e+03 |   0.36%
 85.0s| 28900 |  5974 |618935 |  21.4 |  93M|  48 |   - |2268 |1010 |2268 |1022 |6307 |  18 |2337 | 6.717775e+03 | 6.742200e+03 |   0.36%
 85.3s| 29000 |  5986 |620567 |  21.4 |  93M|  48 |  31 |2268 |1010 |2268 |1021 |6321 |  18 |2350 | 6.717806e+03 | 6.742200e+03 |   0.36%
 85.5s| 29100 |  5980 |622328 |  21.4 |  93M|  48 |  42 |2268 |1010 |2268 |1018 |6328 |  18 |2360 | 6.717891e+03 | 6.742200e+03 |   0.36%
 85.7s| 29200 |  5980 |623968 |  21.4 |  93M|  48 |   - |2268 |1010 |2268 |1021 |6332 |  18 |2368 | 6.717892e+03 | 6.742200e+03 |   0.36%
 85.9s| 29300 |  5972 |625868 |  21.4 |  93M|  48 |  35 |2268 |1010 |2268 |1023 |6340 |  18 |2377 | 6.717897e+03 | 6.742200e+03 |   0.36%
 86.2s| 29400 |  6004 |627883 |  21.4 |  93M|  48 |  27 |2268 |1010 |2268 |1023 |6351 |  18 |2384 | 6.717927e+03 | 6.742200e+03 |   0.36%
 86.4s| 29500 |  6008 |629414 |  21.3 |  93M|  48 |  35 |2268 |1010 |2268 |1021 |6362 |  18 |2388 | 6.717977e+03 | 6.742200e+03 |   0.36%
 86.6s| 29600 |  5998 |631169 |  21.3 |  94M|  48 |  48 |2268 |1010 |2268 |1092 |6372 |  18 |2389 | 6.718032e+03 | 6.742200e+03 |   0.36%
 time | node  | left  |LP iter|LP it/n| mem |mdpt |frac |vars |cons |cols |rows |cuts |confs|strbr|  dualbound   | primalbound  |  gap   
 86.8s| 29700 |  6006 |633482 |  21.3 |  94M|  48 |  32 |2268 |1010 |2268 |1020 |6383 |  18 |2397 | 6.718046e+03 | 6.742200e+03 |   0.36%
 87.2s| 29800 |  6024 |636166 |  21.3 |  94M|  48 |  44 |2268 |1010 |2268 |1025 |6394 |  18 |2409 | 6.718129e+03 | 6.742200e+03 |   0.36%
 87.4s| 29900 |  6022 |637816 |  21.3 |  94M|  48 |   - |2268 |1010 |2268 |1029 |6396 |  18 |2412 | 6.718174e+03 | 6.742200e+03 |   0.36%
 87.7s| 30000 |  6032 |641040 |  21.4 |  95M|  48 |   - |2268 |1010 |2268 |1028 |6398 |  18 |2418 | 6.718206e+03 | 6.742200e+03 |   0.36%
 87.8s| 30100 |  6042 |642446 |  21.3 |  95M|  48 |   - |2268 |1010 |2268 |1029 |6406 |  18 |2419 | 6.718209e+03 | 6.742200e+03 |   0.36%
 88.1s| 30200 |  6064 |644094 |  21.3 |  95M|  48 |  26 |2268 |1010 |2268 |1023 |6414 |  18 |2419 | 6.718272e+03 | 6.742200e+03 |   0.36%
 88.4s| 30300 |  6072 |646887 |  21.4 |  95M|  48 |   - |2268 |1010 |2268 |1027 |6421 |  18 |2420 | 6.718288e+03 | 6.742200e+03 |   0.36%
 88.6s| 30400 |  6078 |648188 |  21.3 |  95M|  48 |  29 |2268 |1010 |2268 |1026 |6426 |  18 |2421 | 6.718295e+03 | 6.742200e+03 |   0.36%
 88.8s| 30500 |  6090 |650165 |  21.3 |  95M|  48 |   - |2268 |1010 |2268 |1043 |6434 |  18 |2427 | 6.718378e+03 | 6.742200e+03 |   0.35%
 89.0s| 30600 |  6108 |651652 |  21.3 |  95M|  48 |   - |2268 |1010 |2268 |1025 |6442 |  18 |2428 | 6.718396e+03 | 6.742200e+03 |   0.35%
 89.2s| 30700 |  6114 |653199 |  21.3 |  95M|  48 |   - |2268 |1010 |2268 |1026 |6450 |  18 |2432 | 6.718448e+03 | 6.742200e+03 |   0.35%
 89.4s| 30800 |  6108 |654665 |  21.3 |  95M|  48 |   - |2268 |1010 |2268 |1029 |6453 |  18 |2432 | 6.718504e+03 | 6.742200e+03 |   0.35%
 89.6s| 30900 |  6118 |656371 |  21.2 |  95M|  48 |  34 |2268 |1010 |2268 |1021 |6466 |  18 |2433 | 6.718554e+03 | 6.742200e+03 |   0.35%
 89.8s| 31000 |  6120 |658057 |  21.2 |  95M|  48 |   - |2268 |1010 |2268 |1024 |6468 |  18 |2435 | 6.718591e+03 | 6.742200e+03 |   0.35%
 90.0s| 31100 |  6116 |659783 |  21.2 |  95M|  48 |   - |2268 |1010 |2268 |1021 |6475 |  18 |2443 | 6.718713e+03 | 6.742200e+03 |   0.35%
 time | node  | left  |LP iter|LP it/n| mem |mdpt |frac |vars |cons |cols |rows |cuts |confs|strbr|  dualbound   | primalbound  |  gap   
 90.2s| 31200 |  6132 |661632 |  21.2 |  95M|  48 |   - |2268 |1010 |2268 |1031 |6483 |  18 |2443 | 6.718723e+03 | 6.742200e+03 |   0.35%
 90.4s| 31300 |  6144 |663413 |  21.2 |  95M|  48 |   9 |2268 |1010 |2268 |1028 |6507 |  18 |2444 | 6.718744e+03 | 6.742200e+03 |   0.35%
 90.7s| 31400 |  6158 |665302 |  21.2 |  95M|  48 |   - |2268 |1010 |2268 |1024 |6531 |  18 |2450 | 6.718754e+03 | 6.742200e+03 |   0.35%
 90.9s| 31500 |  6176 |667225 |  21.2 |  95M|  48 |  30 |2268 |1010 |2268 |1029 |6545 |  18 |2459 | 6.718791e+03 | 6.742200e+03 |   0.35%
 91.1s| 31600 |  6184 |668562 |  21.2 |  95M|  48 |   - |2268 |1010 |2268 |1023 |6552 |  18 |2459 | 6.718791e+03 | 6.742200e+03 |   0.35%
 91.3s| 31700 |  6200 |669979 |  21.1 |  95M|  48 |   - |2268 |1010 |2268 |1030 |6560 |  18 |2468 | 6.718811e+03 | 6.742200e+03 |   0.35%
 91.6s| 31800 |  6214 |671725 |  21.1 |  95M|  48 |   - |2268 |1010 |2268 |1028 |6571 |  18 |2474 | 6.718847e+03 | 6.742200e+03 |   0.35%
 91.8s| 31900 |  6228 |673523 |  21.1 |  95M|  48 |  43 |2268 |1010 |2268 |1042 |6583 |  18 |2481 | 6.718868e+03 | 6.742200e+03 |   0.35%
 92.1s| 32000 |  6224 |675116 |  21.1 |  95M|  48 |  58 |2268 |1010 |2268 |1064 |6595 |  18 |2490 | 6.718893e+03 | 6.742200e+03 |   0.35%
 92.3s| 32100 |  6242 |676672 |  21.1 |  95M|  48 |  10 |2268 |1010 |2268 |1025 |6604 |  18 |2493 | 6.718900e+03 | 6.742200e+03 |   0.35%
 92.4s| 32200 |  6252 |677941 |  21.1 |  96M|  48 |  13 |2268 |1010 |2268 |1028 |6611 |  18 |2500 | 6.718943e+03 | 6.742200e+03 |   0.35%
 92.7s| 32300 |  6254 |679513 |  21.0 |  96M|  48 |   - |2268 |1010 |2268 |1032 |6621 |  18 |2511 | 6.718943e+03 | 6.742200e+03 |   0.35%
 92.9s| 32400 |  6262 |681238 |  21.0 |  96M|  48 |   - |2268 |1010 |2268 |1023 |6636 |  18 |2519 | 6.718977e+03 | 6.742200e+03 |   0.35%
 93.1s| 32500 |  6278 |682922 |  21.0 |  96M|  48 |   - |2268 |1010 |2268 |1027 |6641 |  18 |2534 | 6.719079e+03 | 6.742200e+03 |   0.34%
 93.4s| 32600 |  6294 |684715 |  21.0 |  96M|  48 |  15 |2268 |1010 |2268 |1018 |6649 |  18 |2542 | 6.719088e+03 | 6.742200e+03 |   0.34%
 time | node  | left  |LP iter|LP it/n| mem |mdpt |frac |vars |cons |cols |rows |cuts |confs|strbr|  dualbound   | primalbound  |  gap   
 93.7s| 32700 |  6308 |688138 |  21.0 |  96M|  48 |   - |2268 |1010 |2268 |1023 |6656 |  18 |2549 | 6.719201e+03 | 6.742200e+03 |   0.34%
 93.9s| 32800 |  6300 |689807 |  21.0 |  96M|  48 |   - |2268 |1010 |2268 |1028 |6663 |  18 |2552 | 6.719217e+03 | 6.742200e+03 |   0.34%
 94.2s| 32900 |  6294 |692603 |  21.1 |  96M|  48 |   - |2268 |1010 |2268 |1024 |6673 |  18 |2554 | 6.719229e+03 | 6.742200e+03 |   0.34%
 94.4s| 33000 |  6300 |694703 |  21.1 |  96M|  48 |  30 |2268 |1010 |2268 |1028 |6706 |  18 |2560 | 6.719289e+03 | 6.742200e+03 |   0.34%
 94.6s| 33100 |  6298 |696113 |  21.0 |  97M|  48 |  24 |2268 |1010 |2268 |1028 |6714 |  18 |2563 | 6.719305e+03 | 6.742200e+03 |   0.34%
 94.8s| 33200 |  6328 |697864 |  21.0 |  97M|  48 |  23 |2268 |1010 |2268 |1026 |6717 |  18 |2565 | 6.719312e+03 | 6.742200e+03 |   0.34%
 95.0s| 33300 |  6330 |699282 |  21.0 |  97M|  48 |  26 |2268 |1010 |2268 |1026 |6717 |  18 |2568 | 6.719317e+03 | 6.742200e+03 |   0.34%
 95.2s| 33400 |  6332 |701551 |  21.0 |  99M|  48 |   - |2268 |1010 |2268 |1023 |6734 |  18 |2572 | 6.719447e+03 | 6.742200e+03 |   0.34%
 95.5s| 33500 |  6346 |704712 |  21.0 |  99M|  48 |  37 |2268 |1010 |2268 |1031 |6750 |  18 |2574 | 6.719448e+03 | 6.742200e+03 |   0.34%
 95.7s| 33600 |  6360 |706495 |  21.0 |  99M|  48 |   - |2268 |1010 |2268 |1019 |6754 |  18 |2574 | 6.719467e+03 | 6.742200e+03 |   0.34%
 95.9s| 33700 |  6354 |707973 |  21.0 |  99M|  48 |   - |2268 |1010 |2268 |1035 |6759 |  18 |2575 | 6.719468e+03 | 6.742200e+03 |   0.34%
 96.1s| 33800 |  6382 |710176 |  21.0 |  99M|  48 |  19 |2268 |1010 |2268 |1015 |6761 |  18 |2578 | 6.719498e+03 | 6.742200e+03 |   0.34%
 96.3s| 33900 |  6376 |711426 |  21.0 |  99M|  48 |  46 |2268 |1010 |2268 |1017 |6771 |  18 |2588 | 6.719498e+03 | 6.742200e+03 |   0.34%
 96.6s| 34000 |  6392 |714544 |  21.0 |  99M|  48 |  18 |2268 |1010 |2268 |1019 |6778 |  18 |2592 | 6.719511e+03 | 6.742200e+03 |   0.34%
 96.7s| 34100 |  6414 |716159 |  21.0 |  99M|  48 |  38 |2268 |1010 |2268 |1022 |6779 |  18 |2593 | 6.719558e+03 | 6.742200e+03 |   0.34%
 time | node  | left  |LP iter|LP it/n| mem |mdpt |frac |vars |cons |cols |rows |cuts |confs|strbr|  dualbound   | primalbound  |  gap   
 96.9s| 34200 |  6420 |717559 |  21.0 |  99M|  48 |   - |2268 |1010 |2268 |1034 |6788 |  18 |2594 | 6.719575e+03 | 6.742200e+03 |   0.34%
 97.1s| 34300 |  6408 |719161 |  21.0 |  99M|  48 |   - |2268 |1010 |2268 |1023 |6791 |  18 |2598 | 6.719576e+03 | 6.742200e+03 |   0.34%
 97.3s| 34400 |  6408 |720962 |  21.0 |  99M|  48 |   - |2268 |1010 |2268 |1030 |6797 |  18 |2603 | 6.719635e+03 | 6.742200e+03 |   0.34%
 97.5s| 34500 |  6410 |722475 |  20.9 |  99M|  48 |  34 |2268 |1010 |2268 |1023 |6809 |  18 |2610 | 6.719649e+03 | 6.742200e+03 |   0.34%
 97.6s| 34600 |  6408 |723766 |  20.9 |  99M|  48 |  13 |2268 |1010 |2268 |1033 |6818 |  18 |2612 | 6.719649e+03 | 6.742200e+03 |   0.34%
 97.8s| 34700 |  6410 |725376 |  20.9 |  99M|  48 |   - |2268 |1010 |2268 |1016 |6827 |  18 |2615 | 6.719656e+03 | 6.742200e+03 |   0.34%
 98.1s| 34800 |  6406 |727092 |  20.9 | 100M|  48 |   - |2268 |1010 |2268 |1031 |6838 |  18 |2626 | 6.719660e+03 | 6.742200e+03 |   0.34%
 98.3s| 34900 |  6396 |728539 |  20.9 | 100M|  48 |   - |2268 |1010 |2268 |1030 |6842 |  18 |2641 | 6.719696e+03 | 6.742200e+03 |   0.33%
 98.5s| 35000 |  6398 |729906 |  20.9 | 100M|  48 |   - |2268 |1010 |2268 |1024 |6850 |  18 |2645 | 6.719700e+03 | 6.742200e+03 |   0.33%
 98.7s| 35100 |  6416 |731628 |  20.8 | 100M|  48 |   - |2268 |1010 |2268 |1018 |6855 |  18 |2648 | 6.719731e+03 | 6.742200e+03 |   0.33%
 98.9s| 35200 |  6406 |733618 |  20.8 | 100M|  48 |  17 |2268 |1010 |2268 |1029 |6859 |  18 |2651 | 6.719822e+03 | 6.742200e+03 |   0.33%
 99.1s| 35300 |  6408 |735126 |  20.8 | 100M|  48 |  42 |2268 |1010 |2268 |1021 |6868 |  18 |2654 | 6.719854e+03 | 6.742200e+03 |   0.33%
 99.3s| 35400 |  6418 |736629 |  20.8 | 100M|  48 |  29 |2268 |1010 |2268 |1021 |6875 |  18 |2660 | 6.719871e+03 | 6.742200e+03 |   0.33%
 99.6s| 35500 |  6438 |738539 |  20.8 | 100M|  48 |   - |2268 |1010 |2268 |1024 |6891 |  18 |2670 | 6.719880e+03 | 6.742200e+03 |   0.33%
 99.8s| 35600 |  6448 |740008 |  20.8 | 100M|  48 |   - |2268 |1010 |2268 |1023 |6893 |  18 |2673 | 6.719927e+03 | 6.742200e+03 |   0.33%
 time | node  | left  |LP iter|LP it/n| mem |mdpt |frac |vars |cons |cols |rows |cuts |confs|strbr|  dualbound   | primalbound  |  gap   
  100s| 35700 |  6450 |741617 |  20.8 | 100M|  48 |   - |2268 |1010 |2268 |1028 |6901 |  18 |2677 | 6.719985e+03 | 6.742200e+03 |   0.33%

SCIP Status        : solving was interrupted [time limit reached]
Solving Time (sec) : 100.03 (over 9 runs: 100.33)
Solving Nodes      : 35709 (0 reactivated)
Primal Bound       : +6.74220002400000e+03 (51 solutions)
Dual Bound         : +6.71998903015935e+03
Gap                : 0.33 %
SCIP Status        : solving was interrupted [time limit reached]
Total Time         :     100.04
  solving          :     100.03
  presolving       :       0.00 (included in solving)
  reading          :       0.01
  copying          :       0.32 (38 #copies) (minimal 0.01, maximal 0.01, average 0.01)
Original Problem   :
  Problem name     : binkar10_1
  Variables        : 2468 (170 binary, 0 integer, 0 implicit integer, 2298 continuous)
  Constraints      : 1366 initial, 1366 maximal
  Objective        : minimize, 1742 non-zeros (abs.min = 0.83, abs.max = 1e+06)
Presolved Problem  :
  Problem name     : t_binkar10_1
  Variables        : 2268 (170 binary, 0 integer, 0 implicit integer, 2098 continuous)
  Constraints      : 996 initial, 1010 maximal
  Objective        : minimize, 1542 non-zeros (abs.min = 1.67, abs.max = 1e+06)
Presolvers         :   ExecTime  SetupTime  Calls  FixedVars   AggrVars   ChgTypes  ChgBounds   AddHoles    DelCons    AddCons   ChgSides   ChgCoefs
  boundshift       :       0.00       0.00      0          0          0          0          0          0          0          0          0          0
  convertinttobin  :       0.00       0.00      0          0          0          0          0          0          0          0          0          0
  domcol           :       0.00       0.00      0          0          0          0          0          0          0          0          0          0
  dualagg          :       0.00       0.00      0          0          0          0          0          0          0          0          0          0
  dualcomp         :       0.00       0.00      0          0          0          0          0          0          0          0          0          0
  dualinfer        :       0.00       0.00      0          0          0          0          0          0          0          0          0          0
  gateextraction   :       0.00       0.00      0          0          0          0          0          0          0          0          0          0
  implics          :       0.00       0.00      0          0          0          0          0          0          0          0          0          0
  inttobinary      :       0.00       0.00      0          0          0          0          0          0          0          0          0          0
  qpkktref         :       0.00       0.00      0          0          0          0          0          0          0          0          0          0
  redvub           :       0.00       0.00      0          0          0          0          0          0          0          0          0          0
  sparsify         :       0.00       0.00      0          0          0          0          0          0          0          0          0          0
  stuffing         :       0.00       0.00      0          0          0          0          0          0          0          0          0          0
  symbreak         :       0.00       0.00      0          0          0          0          0          0          0          0          0          0
  symmetry         :       0.00       0.00      0          0          0          0          0          0          0          0          0          0
  trivial          :       0.00       0.00      0          0          0          0          0          0          0          0          0          0
  tworowbnd        :       0.00       0.00      0          0          0          0          0          0          0          0          0          0
  dualfix          :       0.00       0.00      0          0          0          0          0          0          0          0          0          0
  genvbounds       :       0.00       0.00      0          0          0          0          0          0          0          0          0          0
  orbitalfixing    :       0.00       0.00      0          0          0          0          0          0          0          0          0          0
  probing          :       0.00       0.00      0          0          0          0          0          0          0          0          0          0
  pseudoobj        :       0.00       0.00      0          0          0          0          0          0          0          0          0          0
  vbounds          :       0.00       0.00      0          0          0          0          0          0          0          0          0          0
  varbound         :       0.00       0.00      0          0          0          0          0          0          0          0          0          0
  setppc           :       0.00       0.00      0          0          0          0          0          0          0          0          0          0
  linear           :       0.00       0.00      0          0          0          0          0          0          0          0          0          0
  logicor          :       0.00       0.00      0          0          0          0          0          0          0          0          0          0
  benders          :       0.00       0.00      0          0          0          0          0          0          0          0          0          0
  components       :       0.00       0.00      0          0          0          0          0          0          0          0          0          0
  root node        :          -          -      -          0          -          -          0          -          -          -          -          -
Constraints        :     Number  MaxNumber  #Separate #Propagate    #EnfoLP    #EnfoRelax  #EnfoPS    #Check   #ResProp    Cutoffs    DomReds       Cuts    Applied      Conss   Children
  benderslp        :          0          0          0          0      22406          0          1       1015          0          0          0          0          0          0          0
  integral         :          0          0          0          0      22406          0          0       1015          0          0       2509          0          0          7      42280
  varbound         :          0+       170          0     290343          0          0          1       1014          0          0      20347          0          0          0          0
  setppc           :          0+         5          0     252199          0          0          0          0          5          1        195          0          0          0          0
  linear           :          0+       828          0     290342          0          0          1         55        320        362     521746          0          0          0          0
  logicor          :          0+        10          0       2847          0          0          0          0          2          0         23          0          0          0          0
  benders          :          0          0          0          0          0          0          1         52          0          0          0          0          0          0          0
  countsols        :          0          0          0          0          0          0          1         52          0          0          0          0          0          0          0
  components       :          0          0          0          0          0          0          0          0          0          0          0          0          0          0          0
Constraint Timings :  TotalTime  SetupTime   Separate  Propagate     EnfoLP     EnfoPS     EnfoRelax   Check    ResProp    SB-Prop
  benderslp        :       0.00       0.00       0.00       0.00       0.00       0.00       0.00       0.00       0.00       0.00
  integral         :       8.57       0.00       0.00       0.00       8.57       0.00       0.00       0.00       0.00       0.00
  varbound         :       0.45       0.00       0.33       0.11       0.00       0.00       0.00       0.00       0.00       0.01
  setppc           :       0.01       0.00       0.00       0.01       0.00       0.00       0.00       0.00       0.00       0.00
  linear           :       1.58       0.00       0.29       1.23       0.00       0.00       0.00       0.01       0.00       0.06
  logicor          :       0.00       0.00       0.00       0.00       0.00       0.00       0.00       0.00       0.00       0.00
  benders          :       0.00       0.00       0.00       0.00       0.00       0.00       0.00       0.00       0.00       0.00
  countsols        :       0.00       0.00       0.00       0.00       0.00       0.00       0.00       0.00       0.00       0.00
  components       :       0.01       0.00       0.00       0.01       0.00       0.00       0.00       0.00       0.00       0.00
Propagators        : #Propagate   #ResProp    Cutoffs    DomReds
  dualfix          :          0          0          0          0
  genvbounds       :          0          0          0          0
  nlobbt           :          0          0          0          0
  obbt             :          0          0          0          0
  orbitalfixing    :          0          0          0          0
  probing          :          0          0          0          0
  pseudoobj        :          0          0          0          0
  redcost          :          0          0          0          0
  rootredcost      :          0          0          0          0
  vbounds          :     312749          0          0          0
Propagator Timings :  TotalTime  SetupTime   Presolve  Propagate    ResProp    SB-Prop
  dualfix          :       0.00       0.00       0.00       0.00       0.00       0.00
  genvbounds       :       0.02       0.00       0.00       0.02       0.00       0.00
  nlobbt           :       0.00       0.00       0.00       0.00       0.00       0.00
  obbt             :       0.00       0.00       0.00       0.00       0.00       0.00
  orbitalfixing    :       0.01       0.00       0.00       0.01       0.00       0.00
  probing          :       0.00       0.00       0.00       0.00       0.00       0.00
  pseudoobj        :       0.03       0.00       0.00       0.03       0.00       0.00
  redcost          :       0.02       0.00       0.00       0.02       0.00       0.00
  rootredcost      :       0.03       0.00       0.00       0.03       0.00       0.00
  vbounds          :       0.05       0.00       0.00       0.05       0.00       0.00
Conflict Analysis  :       Time      Calls    Success    DomReds  Conflicts   Literals    Reconvs ReconvLits   Dualrays   Nonzeros   LP Iters   (pool size: [10000,10000])
  propagation      :       0.00         12         10          -         14        8.9          5        2.0          -          -          -
  infeasible LP    :       0.00         42          3          -          3        7.7          0        0.0          3       19.7          0
  bound exceed. LP :       0.00          0          0          -          0        0.0          0        0.0          0        0.0          0
  strong branching :       0.00          0          0          -          0        0.0          0        0.0          -          -          0
  pseudo solution  :       0.00          0          0          -          0        0.0          0        0.0          -          -          -
  applied globally :       0.00          -          -          0         14        6.0          -          -          3          -          -
  applied locally  :          -          -          -          0          4        8.5          -          -          0          -          -
Separators         :   ExecTime  SetupTime      Calls    Cutoffs    DomReds       Cuts    Applied      Conss
  cut pool         :       2.01                  5530          -          -      18452          -          -    (maximal pool size: 2995)
  aggregation      :       0.37       0.00        661          0          0          0          0          0
  cgmip            :       0.00       0.00          0          0          0          0          0          0
  clique           :       0.00       0.00          0          0          0          0          0          0
  closecuts        :       0.00       0.00          0          0          0          0          0          0
  cmir             :       0.00       0.00          0          0          0          0       4217          0
  convexproj       :       0.00       0.00          0          0          0          0          0          0
  disjunctive      :       0.00       0.00          0          0          0          0          0          0
  eccuts           :       0.00       0.00          0          0          0          0          0          0
  flowcover        :       0.00       0.00          0          0          0          0        834          0
  gauge            :       0.00       0.00          0          0          0          0          0          0
  gomory           :       3.22       0.00        647          0          0          0       1315          0
  impliedbounds    :       0.03       0.00        661          0          0          0          0          0
  intobj           :       0.00       0.00          0          0          0          0          0          0
  mcf              :       0.00       0.00          0          0          0          0          0          0
  oddcycle         :       0.00       0.00          0          0          0          0          0          0
  rapidlearning    :       0.00       0.00          0          0          0          0          0          0
  strongcg         :       0.00       0.00          0          0          0          0          0          0
  zerohalf         :       0.26       0.00        647          0          0          0        538          0
Pricers            :   ExecTime  SetupTime      Calls       Vars
  problem variables:       0.00          -          0          0
Branching Rules    :   ExecTime  SetupTime   BranchLP  BranchExt   BranchPS    Cutoffs    DomReds       Cuts      Conss   Children
  allfullstrong    :       0.00       0.00          0          0          0          0          0          0          0          0
  cloud            :       0.00       0.00          0          0          0          0          0          0          0          0
  distribution     :       0.00       0.00          0          0          0          0          0          0          0          0
  fullstrong       :       0.00       0.00          0          0          0          0          0          0          0          0
  inference        :       0.00       0.00          0          0          1          0          0          0          0          2
  leastinf         :       0.00       0.00          0          0          0          0          0          0          0          0
  lookahead        :       0.00       0.00          0          0          0          0          0          0          0          0
  mostinf          :       0.00       0.00          0          0          0          0          0          0          0          0
  multaggr         :       0.00       0.00          0          0          0          0          0          0          0          0
  nodereopt        :       0.01       0.00          0          0          0          0          0          0          0          0
  pscost           :       0.00       0.00          0          0          0          0          0          0          0          0
  random           :       0.00       0.00          0          0          0          0          0          0          0          0
  relpscost        :       8.54       0.00      22406          0          0          0       2509          0          7      42280
Primal Heuristics  :   ExecTime  SetupTime      Calls      Found       Best
  LP solutions     :       0.00          -          -          0          0
  relax solutions  :       0.00          -          -          0          0
  pseudo solutions :       0.00          -          -          0          0
  strong branching :       0.00          -          -          0          0
  actconsdiving    :       0.00       0.00          0          0          0
  alns             :       0.21       0.00          9          0          0
  bound            :       0.00       0.00          0          0          0
  clique           :       0.00       0.00          1          0          0
  coefdiving       :       0.88       0.00        199          0          0
  completesol      :       0.00       0.00          0          0          0
  conflictdiving   :       0.00       0.00          0          0          0
  crossover        :       0.72       0.00          7          7          1
  dins             :       0.00       0.00          0          0          0
  distributiondivin:       1.56       0.00        199          0          0
  dualval          :       0.00       0.00          0          0          0
  farkasdiving     :       0.00       0.00          0          0          0
  feaspump         :       0.07       0.00          6          6          0
  fixandinfer      :       0.00       0.00          0          0          0
  fracdiving       :       0.90       0.00        199          0          0
  gins             :       0.18       0.00          7          0          0
  guideddiving     :       0.85       0.00        198          0          0
  indicator        :       0.00       0.00          0          0          0
  intdiving        :       0.00       0.00          0          0          0
  intshifting      :       0.14       0.00         40          0          0
  linesearchdiving :       1.13       0.00        198          0          0
  localbranching   :       0.00       0.00          0          0          0
  locks            :       0.00       0.00          0          0          0
  lpface           :       0.01       0.00          0          0          0
  mpec             :       0.00       0.00          0          0          0
  multistart       :       0.00       0.00          0          0          0
  mutation         :       0.00       0.00          0          0          0
  nlpdiving        :       0.00       0.00          0          0          0
  objpscostdiving  :       3.07       0.00         38         18          0
  octane           :       0.00       0.00          0          0          0
  ofins            :       0.00       0.00          0          0          0
  oneopt           :       0.01       0.00          3          0          0
  proximity        :       0.00       0.00          0          0          0
  pscostdiving     :       1.35       0.00        199          0          0
  randrounding     :       0.01       0.00        959          0          0
  rens             :       0.00       0.00          0          0          0
  reoptsols        :       0.00       0.00          1          1          1
  repair           :       0.00       0.00          0          0          0
  rins             :       1.07       0.00         16         16          1
  rootsoldiving    :       1.33       0.00         23          3          0
  rounding         :       0.04       0.00       2155          0          0
  shiftandpropagate:       0.00       0.00          0          0          0
  shifting         :       0.39       0.00        967          0          0
  simplerounding   :       0.01       0.00          0          0          0
  subnlp           :       0.00       0.00          0          0          0
  trivial          :       0.00       0.00          1          0          0
  trivialnegation  :       0.00       0.00          0          0          0
  trysol           :       0.01       0.00          0          0          0
  twoopt           :       0.00       0.00          0          0          0
  undercover       :       0.00       0.00          0          0          0
  vbounds          :       0.00       0.00          0          0          0
  veclendiving     :       1.10       0.00        199          0          0
  zeroobj          :       0.00       0.00          0          0          0
  zirounding       :       0.02       0.00       1000          0          0
  other solutions  :          -          -          -          0          -
Diving Statistics  :      Calls      Nodes   LP Iters Backtracks  Conflicts   MinDepth   MaxDepth   AvgDepth  RoundSols  NLeafSols  MinSolDpt  MaxSolDpt  AvgSolDpt
  actconsdiving    :          0          -          -          -          -          -          -          -          -          -          -          -          -
  coefdiving       :        199       6125       3234        427          0         38         75       58.2          0          -          -          -          -
  conflictdiving   :          0          -          -          -          -          -          -          -          -          -          -          -          -
  distributiondivin:        199       1399       2920        208          0         16         51       36.8          0          -          -          -          -
  farkasdiving     :          0          -          -          -          -          -          -          -          -          -          -          -          -
  fracdiving       :        199       5094       3005        465          0         31         71       53.8          0          -          -          -          -
  guideddiving     :        198       5395       2638        379          0         33         73       56.2          0          -          -          -          -
  linesearchdiving :        198       4626       5215        586          0         34         66       50.8          0          -          -          -          -
  pscostdiving     :        199       3083       9298        193          4         20         74       44.8          0          -          -          -          -
  veclendiving     :        199       4991       4388        636          0         32         64       52.1          0          -          -          -          -
Neighborhoods      :      Calls  SetupTime  SolveTime SolveNodes       Sols       Best       Exp3  EpsGreedy        UCB TgtFixRate  Opt  Inf Node Stal  Sol  Usr Othr Actv
  rens             :          1       0.00       0.00          0          0          0    0.00000   -1.00000    0.06070      0.900    0    0    0    0    0    0    1    1
  rins             :          1       0.01       0.01          1          0          0    0.00000   -1.00000    0.55970      0.700    0    1    0    0    0    0    0    1
  mutation         :          1       0.02       0.01          1          0          0    0.00000   -1.00000    0.55970      0.700    0    1    0    0    0    0    0    1
  localbranching   :          1       0.01       0.01          1          0          0    0.00000   -1.00000    0.55970      0.700    0    1    0    0    0    0    0    1
  crossover        :          1       0.01       0.01          1          0          0    0.00000   -1.00000    0.55970      0.700    0    1    0    0    0    0    0    1
  proximity        :          1       0.01       0.02          1          0          0    0.00000   -1.00000    0.55970      0.700    0    1    0    0    0    0    0    1
  zeroobjective    :          1       0.01       0.02          1          0          0    0.00000   -1.00000    0.55970      0.700    0    1    0    0    0    0    0    1
  dins             :          2       0.02       0.02          2          0          0    0.00000   -1.00000    0.54089      0.550    0    2    0    0    0    0    0    1
Tree Compressions  :   ExecTime  SetupTime      Calls      Found
  largestrepr      :       0.00       0.00          0          0
  weakcompr        :       0.00       0.00          0          0
LP                 :       Time      Calls Iterations  Iter/call   Iter/sec  Time-0-It Calls-0-It    ItLimit
  primal LP        :       2.13       4186          0       0.00       0.00       2.13       4186
  dual LP          :      55.34      40034     648495      16.33   11719.14       0.08        323
  lex dual LP      :       0.00          0          0       0.00          -
  barrier LP       :       0.00          0          0       0.00          -       0.00          0
  resolve instable :       0.00          0          0       0.00          -
  diving/probing LP:      10.15       6322      93287      14.76    9194.43
  strong branching :       5.46       2677      58964      22.03   10803.54          -          -        437
    (at root node) :          -          0          0       0.00          -
  conflict analysis:       0.00          0          0       0.00          -
B&B Tree           :
  number of runs   :          0
  nodes            :      35709 (21141 internal, 14568 leaves)
  feasible leaves  :          0
  infeas. leaves   :         15
  objective leaves :      14552
  nodes (total)    :      35709 (21141 internal, 14568 leaves)
  nodes left       :       6454
  max depth        :         48
  max depth (total):         48
  backtracks       :       9018 (25.3%)
  early backtracks :          0 (0.0%)
  nodes exc. ref.  :          0 (0.0%)
  delayed cutoffs  :          1
  repropagations   :          4 (98 domain reductions, 0 cutoffs)
  avg switch length:       8.04
  switching time   :       4.83
Root Node          :
  First LP value   :          -
  First LP Iters   :          0
  First LP Time    :       0.00
  Final Dual Bound : -2.04948202450000e+04
  Final Root Iters :          0
  Root LP Estimate :                     -
Solution           :
  Solutions found  :         51 (3 improvements)
  First Solution   : +6.82640001800000e+03   (in run 0, after 1 nodes, 0.00 seconds, depth 0, found by <reoptsols>)
  Gap First Sol.   :   infinite
  Gap Last Sol.    :       1.33 %
  Primal Bound     : +6.74220002400000e+03   (in run 0, after 401 nodes, 6.82 seconds, depth 16, found by <crossover>)
  Dual Bound       : +6.71998903015935e+03
  Gap              :       0.33 %
  Avg. Gap         :       0.95 % (94.66 primal-dual integral)
NoError here ! 
./script6: line 19: 19811 Segmentation fault      (core dumped) ./repair/build/repair $file $i $u $k $gap

real	1m40.993s
user	1m36.870s
sys	0m3.484s
