parameters: neos-3381206-awhea_10_1_5_0.500000 

SCIP version 6.0.1 [precision: 8 byte] [memory: block] [mode: optimized] [LP solver: SoPlex 4.0.1] [GitHash: a27ecc0]
Copyright (C) 2002-2019 Konrad-Zuse-Zentrum fuer Informationstechnik Berlin (ZIB)

read problem <instances/neos-3381206-awhea.mps> ...

original problem has 2375 variables (475 bin, 1900 int, 0 impl, 0 cont) and 479 constraints
read solution <10solution/neos-3381206-awhea_1.sol> ...

check the feasibility of <10solution/neos-3381206-awhea_1.sol> for problem <instances/neos-3381206-awhea.mps> ...

  [linear] <R0008>:  -100<C0004>[B] (+0) +45<C0479>[I] (+0) +36<C0954>[I] (+1) +31<C1429>[I] (+2) +14<C1904>[I] (+0) <= 0;
;
violation: right hand side is violated by 98
  [linear] <R0042>:  -100<C0038>[B] (+0) +45<C0513>[I] (+0) +36<C0988>[I] (+2) +31<C1463>[I] (+0) +14<C1938>[I] (+2) <= 0;
;
violation: right hand side is violated by 100
  [linear] <R0044>:  -100<C0040>[B] (+0) +45<C0515>[I] (+0) +36<C0990>[I] (+1) +31<C1465>[I] (+2) +14<C1940>[I] (+0) <= 0;
;
violation: right hand side is violated by 98
  [linear] <R0048>:  -100<C0044>[B] (+0) +45<C0519>[I] (+0) +36<C0994>[I] (+1) +31<C1469>[I] (+2) +14<C1944>[I] (+0) <= 0;
;
violation: right hand side is violated by 98
  [linear] <R0053>:  -100<C0049>[B] (+0) +45<C0524>[I] (+0) +36<C0999>[I] (+2) +31<C1474>[I] (+0) +14<C1949>[I] (+2) <= 0;
;
violation: right hand side is violated by 100
  [linear] <R0056>:  -100<C0052>[B] (+0) +45<C0527>[I] (+0) +36<C1002>[I] (+2) +31<C1477>[I] (+0) +14<C1952>[I] (+0) <= 0;
;
violation: right hand side is violated by 72
  [linear] <R0067>:  -100<C0063>[B] (+0) +45<C0538>[I] (+0) +36<C1013>[I] (+2) +31<C1488>[I] (+0) +14<C1963>[I] (+2) <= 0;
;
violation: right hand side is violated by 100
  [linear] <R0075>:  -100<C0071>[B] (+0) +45<C0546>[I] (+2) +36<C1021>[I] (+0) +31<C1496>[I] (+0) +14<C1971>[I] (+0) <= 0;
;
violation: right hand side is violated by 90
  [linear] <R0128>:  -100<C0124>[B] (+0) +45<C0599>[I] (+0) +36<C1074>[I] (+2) +31<C1549>[I] (+0) +14<C2024>[I] (+0) <= 0;
;
violation: right hand side is violated by 72
  [linear] <R0135>:  -100<C0131>[B] (+0) +45<C0606>[I] (+2) +36<C1081>[I] (+0) +31<C1556>[I] (+0) +14<C2031>[I] (+0) <= 0;
;
violation: right hand side is violated by 90
  [linear] <R0140>:  -100<C0136>[B] (+0) +45<C0611>[I] (+0) +36<C1086>[I] (+1) +31<C1561>[I] (+2) +14<C2036>[I] (+0) <= 0;
;
violation: right hand side is violated by 98
  [linear] <R0158>:  -100<C0154>[B] (+0) +45<C0629>[I] (+0) +36<C1104>[I] (+2) +31<C1579>[I] (+0) +14<C2054>[I] (+2) <= 0;
;
violation: right hand side is violated by 100
  [linear] <R0161>:  -100<C0157>[B] (+0) +45<C0632>[I] (+0) +36<C1107>[I] (+2) +31<C1582>[I] (+0) +14<C2057>[I] (+2) <= 0;
;
violation: right hand side is violated by 100
  [linear] <R0174>:  -100<C0170>[B] (+0) +45<C0645>[I] (+0) +36<C1120>[I] (+2) +31<C1595>[I] (+0) +14<C2070>[I] (+2) <= 0;
;
violation: right hand side is violated by 100
  [linear] <R0179>:  -100<C0175>[B] (+0) +45<C0650>[I] (+0) +36<C1125>[I] (+1) +31<C1600>[I] (+2) +14<C2075>[I] (+0) <= 0;
;
violation: right hand side is violated by 98
  [linear] <R0181>:  -100<C0177>[B] (+0) +45<C0652>[I] (+0) +36<C1127>[I] (+2) +31<C1602>[I] (+0) +14<C2077>[I] (+2) <= 0;
;
violation: right hand side is violated by 100
  [linear] <R0183>:  -100<C0179>[B] (+0) +45<C0654>[I] (+0) +36<C1129>[I] (+0) +31<C1604>[I] (+3) +14<C2079>[I] (+0) <= 0;
;
violation: right hand side is violated by 93
  [linear] <R0197>:  -100<C0193>[B] (+0) +45<C0668>[I] (+0) +36<C1143>[I] (+2) +31<C1618>[I] (+0) +14<C2093>[I] (+0) <= 0;
;
violation: right hand side is violated by 72
  [linear] <R0217>:  -100<C0213>[B] (+0) +45<C0688>[I] (+0) +36<C1163>[I] (+2) +31<C1638>[I] (+0) +14<C2113>[I] (+0) <= 0;
;
violation: right hand side is violated by 72
  [linear] <R0223>:  -100<C0219>[B] (+0) +45<C0694>[I] (+0) +36<C1169>[I] (+2) +31<C1644>[I] (+0) +14<C2119>[I] (+0) <= 0;
;
violation: right hand side is violated by 72
  [linear] <R0224>:  -100<C0220>[B] (+0) +45<C0695>[I] (+0) +36<C1170>[I] (+1) +31<C1645>[I] (+2) +14<C2120>[I] (+0) <= 0;
;
violation: right hand side is violated by 98
  [linear] <R0227>:  -100<C0223>[B] (+0) +45<C0698>[I] (+0) +36<C1173>[I] (+1) +31<C1648>[I] (+2) +14<C2123>[I] (+0) <= 0;
;
violation: right hand side is violated by 98
  [linear] <R0241>:  -100<C0237>[B] (+0) +45<C0712>[I] (+0) +36<C1187>[I] (+1) +31<C1662>[I] (+2) +14<C2137>[I] (+0) <= 0;
;
violation: right hand side is violated by 98
  [linear] <R0243>:  -100<C0239>[B] (+0) +45<C0714>[I] (+0) +36<C1189>[I] (+2) +31<C1664>[I] (+0) +14<C2139>[I] (+0) <= 0;
;
violation: right hand side is violated by 72
  [linear] <R0250>:  -100<C0246>[B] (+0) +45<C0721>[I] (+0) +36<C1196>[I] (+2) +31<C1671>[I] (+0) +14<C2146>[I] (+2) <= 0;
;
violation: right hand side is violated by 100
  [linear] <R0251>:  -100<C0247>[B] (+0) +45<C0722>[I] (+0) +36<C1197>[I] (+2) +31<C1672>[I] (+0) +14<C2147>[I] (+2) <= 0;
;
violation: right hand side is violated by 100
  [linear] <R0253>:  -100<C0249>[B] (+0) +45<C0724>[I] (+0) +36<C1199>[I] (+2) +31<C1674>[I] (+0) +14<C2149>[I] (+0) <= 0;
;
violation: right hand side is violated by 72
  [linear] <R0257>:  -100<C0253>[B] (+0) +45<C0728>[I] (+0) +36<C1203>[I] (+1) +31<C1678>[I] (+2) +14<C2153>[I] (+0) <= 0;
;
violation: right hand side is violated by 98
  [linear] <R0261>:  -100<C0257>[B] (+0) +45<C0732>[I] (+0) +36<C1207>[I] (+1) +31<C1682>[I] (+2) +14<C2157>[I] (+0) <= 0;
;
violation: right hand side is violated by 98
  [linear] <R0293>:  -100<C0289>[B] (+0) +45<C0764>[I] (+0) +36<C1239>[I] (+2) +31<C1714>[I] (+0) +14<C2189>[I] (+2) <= 0;
;
violation: right hand side is violated by 100
  [linear] <R0299>:  -100<C0295>[B] (+0) +45<C0770>[I] (+0) +36<C1245>[I] (+2) +31<C1720>[I] (+0) +14<C2195>[I] (+2) <= 0;
;
violation: right hand side is violated by 100
  [linear] <R0310>:  -100<C0306>[B] (+0) +45<C0781>[I] (+0) +36<C1256>[I] (+1) +31<C1731>[I] (+2) +14<C2206>[I] (+0) <= 0;
;
violation: right hand side is violated by 98
  [linear] <R0322>:  -100<C0318>[B] (+0) +45<C0793>[I] (+0) +36<C1268>[I] (+2) +31<C1743>[I] (+0) +14<C2218>[I] (+0) <= 0;
;
violation: right hand side is violated by 72
  [linear] <R0337>:  -100<C0333>[B] (+0) +45<C0808>[I] (+0) +36<C1283>[I] (+2) +31<C1758>[I] (+0) +14<C2233>[I] (+0) <= 0;
;
violation: right hand side is violated by 72
  [linear] <R0340>:  -100<C0336>[B] (+0) +45<C0811>[I] (+0) +36<C1286>[I] (+2) +31<C1761>[I] (+0) +14<C2236>[I] (+0) <= 0;
;
violation: right hand side is violated by 72
  [linear] <R0359>:  -100<C0355>[B] (+0) +45<C0830>[I] (+0) +36<C1305>[I] (+2) +31<C1780>[I] (+0) +14<C2255>[I] (+0) <= 0;
;
violation: right hand side is violated by 72
  [linear] <R0368>:  -100<C0364>[B] (+0) +45<C0839>[I] (+0) +36<C1314>[I] (+1) +31<C1789>[I] (+2) +14<C2264>[I] (+0) <= 0;
;
violation: right hand side is violated by 98
  [linear] <R0377>:  -100<C0373>[B] (+0) +45<C0848>[I] (+2) +36<C1323>[I] (+0) +31<C1798>[I] (+0) +14<C2273>[I] (+0) <= 0;
;
violation: right hand side is violated by 90
  [linear] <R0388>:  -100<C0384>[B] (+0) +45<C0859>[I] (+0) +36<C1334>[I] (+1) +31<C1809>[I] (+2) +14<C2284>[I] (+0) <= 0;
;
violation: right hand side is violated by 98
  [linear] <R0392>:  -100<C0388>[B] (+0) +45<C0863>[I] (+0) +36<C1338>[I] (+2) +31<C1813>[I] (+0) +14<C2288>[I] (+0) <= 0;
;
violation: right hand side is violated by 72
  [linear] <R0393>:  -100<C0389>[B] (+0) +45<C0864>[I] (+0) +36<C1339>[I] (+1) +31<C1814>[I] (+2) +14<C2289>[I] (+0) <= 0;
;
violation: right hand side is violated by 98
  [linear] <R0394>:  -100<C0390>[B] (+0) +45<C0865>[I] (+0) +36<C1340>[I] (+1) +31<C1815>[I] (+2) +14<C2290>[I] (+0) <= 0;
;
violation: right hand side is violated by 98
  [linear] <R0405>:  -100<C0401>[B] (+0) +45<C0876>[I] (+0) +36<C1351>[I] (+2) +31<C1826>[I] (+0) +14<C2301>[I] (+2) <= 0;
;
violation: right hand side is violated by 100
  [linear] <R0416>:  -100<C0412>[B] (+0) +45<C0887>[I] (+0) +36<C1362>[I] (+1) +31<C1837>[I] (+2) +14<C2312>[I] (+0) <= 0;
;
violation: right hand side is violated by 98
  [linear] <R0418>:  -100<C0414>[B] (+0) +45<C0889>[I] (+2) +36<C1364>[I] (+0) +31<C1839>[I] (+0) +14<C2314>[I] (+0) <= 0;
;
violation: right hand side is violated by 90
  [linear] <R0430>:  -100<C0426>[B] (+0) +45<C0901>[I] (+0) +36<C1376>[I] (+2) +31<C1851>[I] (+0) +14<C2326>[I] (+0) <= 0;
;
violation: right hand side is violated by 72
  [linear] <R0449>:  -100<C0445>[B] (+0) +45<C0920>[I] (+0) +36<C1395>[I] (+2) +31<C1870>[I] (+0) +14<C2345>[I] (+2) <= 0;
;
violation: right hand side is violated by 100
  [linear] <R0454>:  -100<C0450>[B] (+0) +45<C0925>[I] (+0) +36<C1400>[I] (+1) +31<C1875>[I] (+2) +14<C2350>[I] (+0) <= 0;
;
violation: right hand side is violated by 98
  [linear] <R0471>:  -100<C0467>[B] (+0) +45<C0942>[I] (+1) +36<C1417>[I] (+1) +31<C1892>[I] (+0) +14<C2367>[I] (+0) <= 0;
;
violation: right hand side is violated by 81
  [linear] <R0472>:  -100<C0468>[B] (+0) +45<C0943>[I] (+0) +36<C1418>[I] (+2) +31<C1893>[I] (+0) +14<C2368>[I] (+2) <= 0;
;
violation: right hand side is violated by 100
The solution <10solution/neos-3381206-awhea_1.sol> is not feasible to <instances/neos-3381206-awhea.mps> 

Tring to reoptimize the problem <instances/neos-3381206-awhea.mps> ...  

obj = 403.000000, k = 5, alpha = 403.000000 

n = 2375 

Start to add variable y and new constraints 

y have been released ! 

Finish to create the y and constraint ! 

n = 2375,  j = 2375 ! 

set all parameters to default! 

Reoptimization is enabled! 

Reoptimization parameter have been setted ! 

Stop parameter have been setted ! 

Memory for coefs have allocated ! 

Coefficients have been captured ! 

alpha = 403.000000, n = 4750, j = 2375, m = 5 
This is the 1-th iteration ! 

presolving:
(round 1, fast)       0 del vars, 1827 del conss, 0 add conss, 0 chg bounds, 0 chg sides, 0 chg coeffs, 0 upgd conss, 0 impls, 0 clqs
(round 2, exhaustive) 0 del vars, 1827 del conss, 0 add conss, 0 chg bounds, 0 chg sides, 0 chg coeffs, 2923 upgd conss, 0 impls, 0 clqs
   (0.1s) probing cycle finished: starting next cycle
presolving (3 rounds: 3 fast, 2 medium, 2 exhaustive):
 0 deleted vars, 1827 deleted constraints, 0 added constraints, 0 tightened bounds, 0 added holes, 0 changed sides, 0 changed coefficients
 3157 implications, 0 cliques
presolved problem has 4750 variables (475 bin, 1900 int, 0 impl, 2375 cont) and 3402 constraints
   2923 constraints of type <varbound>
    479 constraints of type <linear>
Presolving Time: 0.13

 time | node  | left  |LP iter|LP it/n| mem |mdpt |frac |vars |cons |cols |rows |cuts |confs|strbr|  dualbound   | primalbound  |  gap   
  0.4s|     1 |     0 |  3451 |     - |  32M|   0 |  36 |4750 |3402 |4750 |3402 |   0 |   1 |   0 | 1.872844e+04 |      --      |    Inf 
F 0.4s|     1 |     0 |  4266 |     - |  32M|   0 |   0 |4750 |3402 |4750 |3402 |   0 |   1 |   0 | 1.872844e+04 | 2.060300e+04 |  10.01%

SCIP Status        : solving was interrupted [gap limit reached]
Solving Time (sec) : 0.42 (over 1 runs: 0.42)
Solving Nodes      : 1 (0 reactivated)
Primal Bound       : +2.06030000000000e+04 (1 solutions)
Dual Bound         : +1.87284400000000e+04
Gap                : 10.01 %
Coefs have been resetted!! 

Problem have been changed !! 

alpha = 322.400000, n = 4750, j = 2375, m = 4 
This is the 2-th iteration ! 

new objective has similarity of 1 compared to previous.

 time | node  | left  |LP iter|LP it/n| mem |mdpt |frac |vars |cons |cols |rows |cuts |confs|strbr|  dualbound   | primalbound  |  gap   
J 0.0s|     1 |     0 |     0 |     - |  31M|   0 |   - |4750 |3402 |   0 |   0 |   0 |   1 |   0 | 0.000000e+00 | 1.657300e+04 |    Inf 
  0.1s|     1 |     2 |     0 |     - |  31M|   0 |   - |4750 |3402 |   0 |   0 |   0 |   2 |   0 | 0.000000e+00 | 1.657300e+04 |    Inf 

SCIP Status        : solving was interrupted [gap limit reached]
Solving Time (sec) : 3.15 (over 2 runs: 3.57)
Solving Nodes      : 9 (0 reactivated)
Primal Bound       : +1.65730000000000e+04 (1 solutions)
Dual Bound         : +1.51629760000000e+04
Gap                : 9.30 %
Coefs have been resetted!! 

Problem have been changed !! 

alpha = 193.440000, n = 4750, j = 2375, m = 3 
This is the 3-th iteration ! 

new objective has similarity of 1 compared to previous.

 time | node  | left  |LP iter|LP it/n| mem |mdpt |frac |vars |cons |cols |rows |cuts |confs|strbr|  dualbound   | primalbound  |  gap   
J 0.0s|     1 |     0 |     0 |     - |  34M|   0 |   - |4750 |3402 |   0 |   0 |   0 |   2 |   0 | 0.000000e+00 | 1.012500e+04 |    Inf 
  0.1s|     1 |     3 |     0 |     - |  34M|   0 |   - |4750 |3402 |   0 |   0 |   0 |   3 |   0 | 0.000000e+00 | 1.012500e+04 |    Inf 

SCIP Status        : solving was interrupted [gap limit reached]
Solving Time (sec) : 0.76 (over 3 runs: 4.33)
Solving Nodes      : 4 (3 reactivated)
Primal Bound       : +1.01250000000000e+04 (1 solutions)
Dual Bound         : +9.23640920000000e+03
Gap                : 9.62 %
Coefs have been resetted!! 

Problem have been changed !! 

alpha = 77.376000, n = 4750, j = 2375, m = 2 
This is the 4-th iteration ! 

new objective has similarity of 0.999994 compared to previous.

 time | node  | left  |LP iter|LP it/n| mem |mdpt |frac |vars |cons |cols |rows |cuts |confs|strbr|  dualbound   | primalbound  |  gap   
J 0.0s|     1 |     0 |     0 |     - |  34M|   0 |   - |4750 |3402 |   0 |   0 |   0 |   3 |   0 | 0.000000e+00 | 4.321800e+03 |    Inf 
  0.1s|     1 |     3 |     0 |     - |  34M|   0 |   - |4750 |3402 |   0 |   0 |   0 |   4 |   0 | 0.000000e+00 | 4.321800e+03 |    Inf 

SCIP Status        : solving was interrupted [gap limit reached]
Solving Time (sec) : 0.89 (over 4 runs: 5.22)
Solving Nodes      : 4 (9 reactivated)
Primal Bound       : +4.32180000000001e+03 (1 solutions)
Dual Bound         : +3.96362168000000e+03
Gap                : 9.04 %
Coefs have been resetted!! 

Problem have been changed !! 

alpha = 15.475200, n = 4750, j = 2375, m = 1 
This is the 5-th iteration ! 

new objective has similarity of 0.999733 compared to previous.

 time | node  | left  |LP iter|LP it/n| mem |mdpt |frac |vars |cons |cols |rows |cuts |confs|strbr|  dualbound   | primalbound  |  gap   
J 0.0s|     1 |     0 |     0 |     - |  35M|   0 |   - |4750 |3402 |   0 |   0 |   0 |   4 |   0 | 0.000000e+00 | 1.226760e+03 |    Inf 
  0.3s|     1 |     0 |  3910 |     - |  35M|   0 |  36 |4750 |3402 |4750 |3402 |   0 |   5 |   0 | 1.150315e+03 | 1.226760e+03 |   6.65%

SCIP Status        : solving was interrupted [gap limit reached]
Solving Time (sec) : 0.33 (over 5 runs: 5.55)
Solving Nodes      : 1 (0 reactivated)
Primal Bound       : +1.22676000000000e+03 (1 solutions)
Dual Bound         : +1.15031507200000e+03
Gap                : 6.65 %
Coefs have been resetted!! 

Problem have been changed !! 

This is the last iteration 


alpha = 0.000000  
new objective has similarity of 0.0288867 compared to previous.

 time | node  | left  |LP iter|LP it/n| mem |mdpt |frac |vars |cons |cols |rows |cuts |confs|strbr|  dualbound   | primalbound  |  gap   
J 0.0s|     1 |     0 |     0 |     - |  35M|   0 |   - |4750 |3402 |   0 |   0 |   0 |   5 |   0 | 0.000000e+00 | 4.530000e+02 |    Inf 
  0.1s|     1 |     0 |  4098 |     - |  35M|   0 | 421 |4750 |3402 |4750 |3402 |   0 |   6 |   0 | 4.152400e+02 | 4.530000e+02 |   9.09%
  0.3s|     1 |     0 |  4132 |     - |  37M|   0 | 423 |4750 |3402 |4750 |3409 |   7 |   6 |   0 | 4.152400e+02 | 4.530000e+02 |   9.09%
  0.6s|     1 |     0 |  5350 |     - |  37M|   0 | 502 |4750 |3402 |4750 |3668 | 266 |   6 |   0 | 4.152400e+02 | 4.530000e+02 |   9.09%
  0.8s|     1 |     0 |  6253 |     - |  37M|   0 | 629 |4750 |3402 |4750 |3890 | 488 |   6 |   0 | 4.152400e+02 | 4.530000e+02 |   9.09%
  0.9s|     1 |     0 |  7411 |     - |  38M|   0 | 604 |4750 |3402 |4750 |4104 | 702 |   6 |   0 | 4.152400e+02 | 4.530000e+02 |   9.09%
  1.1s|     1 |     0 |  8249 |     - |  39M|   0 | 587 |4750 |3402 |4750 |4288 | 886 |   6 |   0 | 4.152400e+02 | 4.530000e+02 |   9.09%
  1.2s|     1 |     0 |  9246 |     - |  40M|   0 | 646 |4750 |3402 |4750 |4453 |1051 |   6 |   0 | 4.152400e+02 | 4.530000e+02 |   9.09%
  1.4s|     1 |     0 |  9996 |     - |  41M|   0 | 759 |4750 |3402 |4750 |4644 |1242 |   6 |   0 | 4.152400e+02 | 4.530000e+02 |   9.09%
  1.6s|     1 |     0 | 10998 |     - |  42M|   0 | 721 |4750 |3402 |4750 |4803 |1401 |   6 |   0 | 4.152400e+02 | 4.530000e+02 |   9.09%
  1.8s|     1 |     0 | 12183 |     - |  44M|   0 | 796 |4750 |3402 |4750 |4970 |1568 |   6 |   0 | 4.152400e+02 | 4.530000e+02 |   9.09%
  2.1s|     1 |     0 | 13995 |     - |  45M|   0 | 732 |4750 |3402 |4750 |5116 |1714 |   6 |   0 | 4.220176e+02 | 4.530000e+02 |   7.34%
  2.2s|     1 |     0 | 14422 |     - |  45M|   0 | 660 |4750 |3402 |4750 |5301 |1901 |   6 |   0 | 4.275718e+02 | 4.530000e+02 |   5.95%
  2.3s|     1 |     0 | 14515 |     - |  46M|   0 | 647 |4750 |3402 |4750 |5343 |1943 |   6 |   0 | 4.290532e+02 | 4.530000e+02 |   5.58%
  2.4s|     1 |     0 | 14984 |     - |  47M|   0 | 545 |4750 |3402 |4750 |5534 |2134 |   6 |   0 | 4.334181e+02 | 4.530000e+02 |   4.52%
 time | node  | left  |LP iter|LP it/n| mem |mdpt |frac |vars |cons |cols |rows |cuts |confs|strbr|  dualbound   | primalbound  |  gap   
  2.5s|     1 |     0 | 15177 |     - |  47M|   0 | 489 |4750 |3402 |4750 |5626 |2226 |   6 |   0 | 4.350588e+02 | 4.530000e+02 |   4.12%
  2.5s|     1 |     0 | 15333 |     - |  48M|   0 | 439 |4750 |3402 |4750 |5681 |2281 |   6 |   0 | 4.358817e+02 | 4.530000e+02 |   3.93%
  2.6s|     1 |     0 | 15622 |     - |  49M|   0 | 406 |4750 |3402 |4750 |5724 |2324 |   6 |   0 | 4.374183e+02 | 4.530000e+02 |   3.56%
  2.8s|     1 |     0 | 16021 |     - |  50M|   0 | 386 |4750 |3402 |4750 |5384 |2498 |   6 |   0 | 4.398962e+02 | 4.530000e+02 |   2.98%
  2.9s|     1 |     0 | 16172 |     - |  50M|   0 | 252 |4750 |3402 |4750 |5466 |2580 |   6 |   0 | 4.416492e+02 | 4.530000e+02 |   2.57%
  2.9s|     1 |     0 | 16208 |     - |  52M|   0 | 223 |4750 |3402 |4750 |5492 |2606 |   6 |   0 | 4.419263e+02 | 4.530000e+02 |   2.51%
  3.0s|     1 |     0 | 16435 |     - |  52M|   0 | 217 |4750 |3402 |4750 |5585 |2699 |   6 |   0 | 4.431033e+02 | 4.530000e+02 |   2.23%
  3.0s|     1 |     0 | 16442 |     - |  52M|   0 | 216 |4750 |3402 |4750 |5590 |2704 |   6 |   0 | 4.431117e+02 | 4.530000e+02 |   2.23%
  4.0s|     1 |     2 | 19705 |     - |  53M|   0 | 212 |4750 |3402 |4750 |5590 |2704 |   6 |  47 | 4.431527e+02 | 4.530000e+02 |   2.22%
 16.2s|   100 |   101 | 28287 | 119.6 |  65M|  11 |  95 |4750 |3402 |4750 |4258 |3120 |   6 | 950 | 4.497490e+02 | 4.530000e+02 |   0.72%
 26.7s|   200 |   201 | 47653 | 156.8 |  76M|  15 |  67 |4750 |3412 |4750 |4276 |3396 |  16 |1289 | 4.499824e+02 | 4.530000e+02 |   0.67%
 33.3s|   300 |   301 | 58296 | 140.0 |  77M|  21 |  72 |4750 |3412 |4750 |4276 |3462 |  16 |1435 | 4.500659e+02 | 4.530000e+02 |   0.65%
 35.5s|   400 |   401 | 61017 | 111.7 |  77M|  23 |  73 |4750 |3412 |4750 |4288 |3505 |  16 |1496 | 4.501212e+02 | 4.530000e+02 |   0.64%
 38.5s|   500 |   501 | 64309 |  95.9 |  79M|  25 |  67 |4750 |3412 |4750 |4276 |3699 |  16 |1546 | 4.501257e+02 | 4.530000e+02 |   0.64%
 39.9s|   600 |   601 | 66024 |  82.8 |  80M|  25 |  87 |4750 |3412 |4750 |4266 |3799 |  16 |1559 | 4.502787e+02 | 4.530000e+02 |   0.60%
 time | node  | left  |LP iter|LP it/n| mem |mdpt |frac |vars |cons |cols |rows |cuts |confs|strbr|  dualbound   | primalbound  |  gap   
 41.5s|   700 |   701 | 67976 |  73.7 |  81M|  25 |  67 |4750 |3412 |4750 |4280 |3891 |  16 |1592 | 4.503259e+02 | 4.530000e+02 |   0.59%
 42.2s|   800 |   801 | 68733 |  65.4 |  81M|  25 |  63 |4750 |3412 |4750 |4317 |3910 |  16 |1603 | 4.503813e+02 | 4.530000e+02 |   0.58%
 43.0s|   900 |   901 | 69164 |  58.6 |  81M|  25 |  68 |4750 |3412 |4750 |4281 |3929 |  16 |1620 | 4.504772e+02 | 4.530000e+02 |   0.56%
 44.3s|  1000 |  1001 | 70008 |  53.6 |  82M|  25 |  74 |4750 |3412 |4750 |4284 |3957 |  16 |1636 | 4.505064e+02 | 4.530000e+02 |   0.55%
 45.2s|  1100 |  1101 | 71202 |  49.8 |  82M|  25 |  63 |4750 |3412 |4750 |4314 |3985 |  16 |1651 | 4.505522e+02 | 4.530000e+02 |   0.54%
 46.3s|  1200 |  1201 | 71989 |  46.3 |  82M|  25 |  65 |4750 |3412 |4750 |4320 |4008 |  16 |1667 | 4.505824e+02 | 4.530000e+02 |   0.54%
 47.1s|  1300 |  1301 | 72535 |  43.2 |  83M|  25 |  64 |4750 |3412 |4750 |4314 |4035 |  16 |1682 | 4.506340e+02 | 4.530000e+02 |   0.53%
 48.3s|  1400 |  1401 | 72948 |  40.4 |  83M|  25 |  72 |4750 |3412 |4750 |4282 |4046 |  16 |1691 | 4.506696e+02 | 4.530000e+02 |   0.52%
 49.4s|  1500 |  1501 | 73371 |  38.0 |  84M|  25 |  61 |4750 |3412 |4750 |4278 |4051 |  16 |1694 | 4.507018e+02 | 4.530000e+02 |   0.51%
 50.1s|  1600 |  1601 | 73824 |  35.9 |  84M|  25 |  72 |4750 |3412 |4750 |4280 |4054 |  16 |1704 | 4.507078e+02 | 4.530000e+02 |   0.51%
 51.3s|  1700 |  1701 | 74675 |  34.3 |  84M|  25 |  67 |4750 |3412 |4750 |4286 |4153 |  16 |1719 | 4.507189e+02 | 4.530000e+02 |   0.51%
 52.2s|  1800 |  1801 | 75893 |  33.0 |  85M|  25 |  36 |4750 |3412 |4750 |4290 |4222 |  16 |1724 | 4.507471e+02 | 4.530000e+02 |   0.50%
 55.0s|  1900 |  1895 | 81633 |  34.3 |  88M|  25 |  20 |4750 |3412 |4750 |4307 |4381 |  16 |1735 | 4.507766e+02 | 4.530000e+02 |   0.49%
 56.9s|  2000 |  1993 | 86842 |  35.2 |  89M|  26 |  26 |4750 |3423 |4750 |4308 |4440 |  26 |1742 | 4.507889e+02 | 4.530000e+02 |   0.49%
 58.4s|  2100 |  2085 | 89851 |  35.0 |  91M|  27 |  20 |4750 |3422 |4750 |4347 |4546 |  26 |1743 | 4.507998e+02 | 4.530000e+02 |   0.49%
 time | node  | left  |LP iter|LP it/n| mem |mdpt |frac |vars |cons |cols |rows |cuts |confs|strbr|  dualbound   | primalbound  |  gap   
 59.5s|  2200 |  2183 | 92609 |  34.6 |  91M|  27 |  23 |4750 |3422 |4750 |4302 |4610 |  26 |1744 | 4.508078e+02 | 4.530000e+02 |   0.49%
 60.6s|  2300 |  2271 | 95170 |  34.2 |  92M|  27 |  14 |4750 |3422 |4750 |4345 |4671 |  26 |1745 | 4.508377e+02 | 4.530000e+02 |   0.48%
 62.0s|  2400 |  2365 | 98006 |  34.0 |  93M|  27 |  21 |4750 |3422 |4750 |4311 |4765 |  26 |1752 | 4.508613e+02 | 4.530000e+02 |   0.47%
 63.6s|  2500 |  2451 |101057 |  33.9 |  93M|  27 |  24 |4750 |3422 |4750 |4300 |4829 |  26 |1752 | 4.508685e+02 | 4.530000e+02 |   0.47%
 64.7s|  2600 |  2539 |103777 |  33.6 |  94M|  27 |  27 |4750 |3422 |4750 |4306 |4874 |  26 |1753 | 4.508745e+02 | 4.530000e+02 |   0.47%
 67.4s|  2700 |  2627 |109568 |  34.5 |  94M|  27 |  28 |4750 |3422 |4750 |4311 |4947 |  26 |1755 | 4.508827e+02 | 4.530000e+02 |   0.47%
 68.5s|  2800 |  2703 |112102 |  34.2 |  95M|  27 |  27 |4750 |3422 |4750 |4296 |4997 |  26 |1758 | 4.508875e+02 | 4.530000e+02 |   0.47%
 70.4s|  2900 |  2767 |116851 |  34.6 |  97M|  27 |  15 |4750 |3422 |4750 |4307 |5109 |  26 |1758 | 4.509009e+02 | 4.530000e+02 |   0.47%
 71.5s|  3000 |  2835 |119294 |  34.3 |  97M|  27 |   - |4750 |3422 |4750 |4346 |5191 |  26 |1759 | 4.509023e+02 | 4.530000e+02 |   0.47%
 72.6s|  3100 |  2887 |121926 |  34.0 |  98M|  27 |  27 |4750 |3422 |4750 |4314 |5296 |  26 |1760 | 4.509232e+02 | 4.530000e+02 |   0.46%
 74.7s|  3200 |  2957 |125770 |  34.2 |  98M|  27 |  20 |4750 |3422 |4750 |4308 |5358 |  26 |1765 | 4.509292e+02 | 4.530000e+02 |   0.46%
 75.8s|  3300 |  3027 |128281 |  33.9 | 100M|  27 |  23 |4750 |3422 |4750 |4311 |5428 |  26 |1769 | 4.509348e+02 | 4.530000e+02 |   0.46%
 77.1s|  3400 |  3091 |131077 |  33.7 | 100M|  27 |  20 |4750 |3422 |4750 |4346 |5513 |  26 |1769 | 4.509373e+02 | 4.530000e+02 |   0.46%
 78.4s|  3500 |  3143 |134007 |  33.6 | 100M|  27 |  14 |4750 |3422 |4750 |4346 |5572 |  26 |1771 | 4.509541e+02 | 4.530000e+02 |   0.45%
 79.6s|  3600 |  3201 |136695 |  33.4 | 100M|  27 |   - |4750 |3422 |4750 |4343 |5616 |  26 |1775 | 4.509555e+02 | 4.530000e+02 |   0.45%
 time | node  | left  |LP iter|LP it/n| mem |mdpt |frac |vars |cons |cols |rows |cuts |confs|strbr|  dualbound   | primalbound  |  gap   
 80.8s|  3700 |  3275 |139361 |  33.2 | 100M|  27 |  16 |4750 |3422 |4750 |4343 |5666 |  26 |1775 | 4.509811e+02 | 4.530000e+02 |   0.45%
 82.0s|  3800 |  3349 |141880 |  33.0 | 100M|  27 |   - |4750 |3422 |4750 |4342 |5699 |  26 |1776 | 4.509827e+02 | 4.530000e+02 |   0.45%
 85.1s|  3900 |  3407 |148677 |  33.9 | 101M|  27 |  32 |4750 |3422 |4750 |4304 |5785 |  26 |1785 | 4.509960e+02 | 4.530000e+02 |   0.44%
 87.7s|  4000 |  3487 |154331 |  34.5 | 102M|  27 |  17 |4750 |3422 |4750 |4344 |5838 |  26 |1801 | 4.510012e+02 | 4.530000e+02 |   0.44%
 88.8s|  4100 |  3527 |157021 |  34.3 | 102M|  28 |   - |4750 |3422 |4750 |4307 |5881 |  26 |1811 | 4.510023e+02 | 4.530000e+02 |   0.44%
 90.1s|  4200 |  3595 |159692 |  34.1 | 102M|  28 |  24 |4750 |3422 |4750 |4308 |5941 |  26 |1812 | 4.510058e+02 | 4.530000e+02 |   0.44%
 91.4s|  4300 |  3659 |162278 |  33.9 | 102M|  28 |   - |4750 |3422 |4750 |4309 |5996 |  26 |1816 | 4.510095e+02 | 4.530000e+02 |   0.44%
 92.6s|  4400 |  3725 |165137 |  33.8 | 103M|  28 |  24 |4750 |3422 |4750 |4306 |6046 |  26 |1816 | 4.510179e+02 | 4.530000e+02 |   0.44%
 94.7s|  4500 |  3785 |169644 |  34.1 | 103M|  28 |   - |4750 |3422 |4750 |4347 |6097 |  26 |1819 | 4.510247e+02 | 4.530000e+02 |   0.44%
 95.7s|  4600 |  3839 |172046 |  33.8 | 104M|  28 |  17 |4750 |3422 |4750 |4343 |6137 |  26 |1819 | 4.510382e+02 | 4.530000e+02 |   0.43%
 96.8s|  4700 |  3881 |174501 |  33.6 | 104M|  28 |  19 |4750 |3422 |4750 |4349 |6192 |  26 |1821 | 4.510396e+02 | 4.530000e+02 |   0.43%
 97.9s|  4800 |  3927 |176584 |  33.4 | 104M|  28 |  13 |4750 |3422 |4750 |4307 |6238 |  26 |1827 | 4.510416e+02 | 4.530000e+02 |   0.43%
 98.9s|  4900 |  3973 |179112 |  33.2 | 104M|  28 |  15 |4750 |3422 |4750 |4306 |6276 |  26 |1830 | 4.510455e+02 | 4.530000e+02 |   0.43%
  100s|  5000 |  4023 |181704 |  33.1 | 105M|  28 |  21 |4750 |3422 |4750 |4308 |6301 |  26 |1835 | 4.510541e+02 | 4.530000e+02 |   0.43%

SCIP Status        : solving was interrupted [time limit reached]
Solving Time (sec) : 100.01 (over 6 runs: 105.56)
Solving Nodes      : 5003 (0 reactivated)
Primal Bound       : +4.53000000000000e+02 (1 solutions)
Dual Bound         : +4.51054136156227e+02
Gap                : 0.43 %
SCIP Status        : solving was interrupted [time limit reached]
Total Time         :     100.01
  solving          :     100.01
  presolving       :       0.00 (included in solving)
  reading          :       0.01
  copying          :       0.16 (12 #copies) (minimal 0.01, maximal 0.02, average 0.01)
Original Problem   :
  Problem name     : neos-3381206-awhea
  Variables        : 4750 (475 binary, 1900 integer, 0 implicit integer, 2375 continuous)
  Constraints      : 5229 initial, 5229 maximal
  Objective        : minimize, 475 non-zeros (abs.min = 1, abs.max = 1)
Presolved Problem  :
  Problem name     : t_neos-3381206-awhea
  Variables        : 4750 (475 binary, 1900 integer, 0 implicit integer, 2375 continuous)
  Constraints      : 3402 initial, 3423 maximal
  Objective        : minimize, 475 non-zeros (abs.min = 1, abs.max = 1)
Presolvers         :   ExecTime  SetupTime  Calls  FixedVars   AggrVars   ChgTypes  ChgBounds   AddHoles    DelCons    AddCons   ChgSides   ChgCoefs
  boundshift       :       0.00       0.00      0          0          0          0          0          0          0          0          0          0
  convertinttobin  :       0.00       0.00      0          0          0          0          0          0          0          0          0          0
  domcol           :       0.00       0.00      0          0          0          0          0          0          0          0          0          0
  dualagg          :       0.00       0.00      0          0          0          0          0          0          0          0          0          0
  dualcomp         :       0.00       0.00      0          0          0          0          0          0          0          0          0          0
  dualinfer        :       0.00       0.00      0          0          0          0          0          0          0          0          0          0
  gateextraction   :       0.00       0.00      0          0          0          0          0          0          0          0          0          0
  implics          :       0.00       0.00      0          0          0          0          0          0          0          0          0          0
  inttobinary      :       0.00       0.00      0          0          0          0          0          0          0          0          0          0
  qpkktref         :       0.00       0.00      0          0          0          0          0          0          0          0          0          0
  redvub           :       0.00       0.00      0          0          0          0          0          0          0          0          0          0
  sparsify         :       0.00       0.00      0          0          0          0          0          0          0          0          0          0
  stuffing         :       0.00       0.00      0          0          0          0          0          0          0          0          0          0
  symbreak         :       0.00       0.00      0          0          0          0          0          0          0          0          0          0
  symmetry         :       0.00       0.00      0          0          0          0          0          0          0          0          0          0
  trivial          :       0.00       0.00      0          0          0          0          0          0          0          0          0          0
  tworowbnd        :       0.00       0.00      0          0          0          0          0          0          0          0          0          0
  dualfix          :       0.00       0.00      0          0          0          0          0          0          0          0          0          0
  genvbounds       :       0.00       0.00      0          0          0          0          0          0          0          0          0          0
  orbitalfixing    :       0.00       0.00      0          0          0          0          0          0          0          0          0          0
  probing          :       0.00       0.00      0          0          0          0          0          0          0          0          0          0
  pseudoobj        :       0.00       0.00      0          0          0          0          0          0          0          0          0          0
  vbounds          :       0.00       0.00      0          0          0          0          0          0          0          0          0          0
  varbound         :       0.00       0.00      0          0          0          0          0          0          0          0          0          0
  linear           :       0.00       0.00      0          0          0          0          0          0          0          0          0          0
  bounddisjunction :       0.00       0.00      0          0          0          0          0          0          0          0          0          0
  benders          :       0.00       0.00      0          0          0          0          0          0          0          0          0          0
  components       :       0.00       0.00      0          0          0          0          0          0          0          0          0          0
  root node        :          -          -      -          0          -          -          0          -          -          -          -          -
Constraints        :     Number  MaxNumber  #Separate #Propagate    #EnfoLP    #EnfoRelax  #EnfoPS    #Check   #ResProp    Cutoffs    DomReds       Cuts    Applied      Conss   Children
  benderslp        :          0          0          0          0       4515          0          0       1164          0          0          0          0          0          0          0
  integral         :          0          0          0          0       4515          0          0       1164          0          0          7          0          0          0       9026
  varbound         :          0+      2923         22      66545          0          0          0       1162          0          0        622          0          0          0          0
  linear           :          0+       480         22      66545          0          0          0          3        490         12      12094          0          0          0          0
  bounddisjunction :          0+        20          0        236          0          0          0          0          0          0          0          0          0          0          0
  benders          :          0          0          0          0          0          0          0          2          0          0          0          0          0          0          0
  countsols        :          0          0          0          0          0          0          0          2          0          0          0          0          0          0          0
  components       :          0          0          0          0          0          0          0          0          0          0          0          0          0          0          0
Constraint Timings :  TotalTime  SetupTime   Separate  Propagate     EnfoLP     EnfoPS     EnfoRelax   Check    ResProp    SB-Prop
  benderslp        :       0.00       0.00       0.00       0.00       0.00       0.00       0.00       0.00       0.00       0.00
  integral         :      22.95       0.00       0.00       0.00      22.95       0.00       0.00       0.00       0.00       0.00
  varbound         :       0.21       0.00       0.02       0.05       0.00       0.00       0.00       0.14       0.00       0.01
  linear           :       0.42       0.00       0.08       0.32       0.00       0.00       0.00       0.00       0.00       0.03
  bounddisjunction :       0.00       0.00       0.00       0.00       0.00       0.00       0.00       0.00       0.00       0.00
  benders          :       0.00       0.00       0.00       0.00       0.00       0.00       0.00       0.00       0.00       0.00
  countsols        :       0.00       0.00       0.00       0.00       0.00       0.00       0.00       0.00       0.00       0.00
  components       :       0.00       0.00       0.00       0.00       0.00       0.00       0.00       0.00       0.00       0.00
Propagators        : #Propagate   #ResProp    Cutoffs    DomReds
  dualfix          :          0          0          0          0
  genvbounds       :          0          0          0          0
  nlobbt           :          0          0          0          0
  obbt             :          0          0          0          0
  orbitalfixing    :          0          0          0          0
  probing          :          0          0          0          0
  pseudoobj        :          0          0          0          0
  redcost          :          0          0          0          0
  rootredcost      :          0          0          0          0
  vbounds          :      71060          0          0       7518
Propagator Timings :  TotalTime  SetupTime   Presolve  Propagate    ResProp    SB-Prop
  dualfix          :       0.00       0.00       0.00       0.00       0.00       0.00
  genvbounds       :       0.01       0.00       0.00       0.01       0.00       0.00
  nlobbt           :       0.00       0.00       0.00       0.00       0.00       0.00
  obbt             :       0.00       0.00       0.00       0.00       0.00       0.00
  orbitalfixing    :       0.01       0.00       0.00       0.00       0.00       0.00
  probing          :       0.00       0.00       0.00       0.00       0.00       0.00
  pseudoobj        :       0.01       0.00       0.00       0.01       0.00       0.00
  redcost          :       0.01       0.00       0.00       0.01       0.00       0.00
  rootredcost      :       0.01       0.00       0.00       0.01       0.00       0.00
  vbounds          :       0.07       0.00       0.00       0.06       0.00       0.01
Conflict Analysis  :       Time      Calls    Success    DomReds  Conflicts   Literals    Reconvs ReconvLits   Dualrays   Nonzeros   LP Iters   (pool size: [10000,10000])
  propagation      :       0.00          6          6          -          6      346.0          0        0.0          -          -          -
  infeasible LP    :       0.00          2          2          -         49       63.3          0        0.0          2      552.0          0
  bound exceed. LP :       0.00          0          0          -          0        0.0          0        0.0          0        0.0          0
  strong branching :       0.00          0          0          -          0        0.0          0        0.0          -          -          0
  pseudo solution  :       0.00          0          0          -          0        0.0          0        0.0          -          -          -
  applied globally :       0.00          -          -          0         26      116.8          -          -          2          -          -
  applied locally  :          -          -          -          0          0        0.0          -          -          0          -          -
Separators         :   ExecTime  SetupTime      Calls    Cutoffs    DomReds       Cuts    Applied      Conss
  cut pool         :       0.32                  1659          -          -      17952          -          -    (maximal pool size: 12123)
  aggregation      :       0.48       0.00        311          0          0          0          0          0
  cgmip            :       0.00       0.00          0          0          0          0          0          0
  clique           :       0.00       0.00          1          0          0          0          0          0
  closecuts        :       0.00       0.00          0          0          0          0          0          0
  cmir             :       0.00       0.00          0          0          0          0       1442          0
  convexproj       :       0.00       0.00          0          0          0          0          0          0
  disjunctive      :       0.00       0.00          0          0          0          0          0          0
  eccuts           :       0.00       0.00          0          0          0          0          0          0
  flowcover        :       0.00       0.00          0          0          0          0          0          0
  gauge            :       0.00       0.00          0          0          0          0          0          0
  gomory           :       1.07       0.00        298          0          0          0       2932          0
  impliedbounds    :       0.03       0.00        311          0          0          0        804          0
  intobj           :       0.00       0.00          0          0          0          0          0          0
  mcf              :       0.00       0.00          1          0          0          0          0          0
  oddcycle         :       0.00       0.00          0          0          0          0          0          0
  rapidlearning    :       0.00       0.00          0          0          0          0          0          0
  strongcg         :       0.35       0.00         20          0          0          0       1121          0
  zerohalf         :       0.42       0.00        308          0          0          0         12          0
Pricers            :   ExecTime  SetupTime      Calls       Vars
  problem variables:       0.00          -          0          0
Branching Rules    :   ExecTime  SetupTime   BranchLP  BranchExt   BranchPS    Cutoffs    DomReds       Cuts      Conss   Children
  allfullstrong    :       0.00       0.00          0          0          0          0          0          0          0          0
  cloud            :       0.00       0.00          0          0          0          0          0          0          0          0
  distribution     :       0.00       0.00          0          0          0          0          0          0          0          0
  fullstrong       :       0.00       0.00          0          0          0          0          0          0          0          0
  inference        :       0.00       0.00          0          0          0          0          0          0          0          0
  leastinf         :       0.00       0.00          0          0          0          0          0          0          0          0
  lookahead        :       0.00       0.00          0          0          0          0          0          0          0          0
  mostinf          :       0.00       0.00          0          0          0          0          0          0          0          0
  multaggr         :       0.00       0.00          0          0          0          0          0          0          0          0
  nodereopt        :       0.31       0.00          0          0          0          0          0          0          0          0
  pscost           :       0.00       0.00          0          0          0          0          0          0          0          0
  random           :       0.00       0.00          0          0          0          0          0          0          0          0
  relpscost        :      22.64       0.00       4515          0          0          0          7          0          0       9026
Primal Heuristics  :   ExecTime  SetupTime      Calls      Found       Best
  LP solutions     :       0.00          -          -          0          0
  relax solutions  :       0.00          -          -          0          0
  pseudo solutions :       0.00          -          -          0          0
  strong branching :       0.03          -          -          0          0
  actconsdiving    :       0.00       0.00          0          0          0
  alns             :       0.34       0.00          5          0          0
  bound            :       0.00       0.00          0          0          0
  clique           :       0.00       0.00          0          0          0
  coefdiving       :       3.45       0.00         64          0          0
  completesol      :       0.00       0.00          0          0          0
  conflictdiving   :       0.00       0.00          0          0          0
  crossover        :       0.00       0.00          0          0          0
  dins             :       0.00       0.00          0          0          0
  distributiondivin:       4.42       0.00         16          0          0
  dualval          :       0.00       0.00          0          0          0
  farkasdiving     :       0.00       0.00          0          0          0
  feaspump         :       1.07       0.00          4          0          0
  fixandinfer      :       0.00       0.00          0          0          0
  fracdiving       :       4.32       0.00         96          0          0
  gins             :       0.01       0.00          0          0          0
  guideddiving     :       2.58       0.00         37          0          0
  indicator        :       0.00       0.00          0          0          0
  intdiving        :       0.00       0.00          0          0          0
  intshifting      :       0.09       0.00         29          0          0
  linesearchdiving :       4.59       0.00        155          0          0
  localbranching   :       0.00       0.00          0          0          0
  locks            :       0.01       0.00          1          0          0
  lpface           :       0.00       0.00          0          0          0
  mpec             :       0.00       0.00          0          0          0
  multistart       :       0.00       0.00          0          0          0
  mutation         :       0.00       0.00          0          0          0
  nlpdiving        :       0.00       0.00          0          0          0
  objpscostdiving  :       3.33       0.00         11          0          0
  octane           :       0.00       0.00          0          0          0
  ofins            :       0.00       0.00          0          0          0
  oneopt           :       0.01       0.00          1          0          0
  proximity        :       0.00       0.00          0          0          0
  pscostdiving     :       6.70       0.00          9          0          0
  randrounding     :       0.19       0.00       1177          0          0
  rens             :       0.05       0.00          1          0          0
  reoptsols        :       0.00       0.00          1          1          1
  repair           :       0.00       0.00          0          0          0
  rins             :       2.62       0.00          6          0          0
  rootsoldiving    :       2.16       0.00          2          0          0
  rounding         :       0.14       0.00        993          0          0
  shiftandpropagate:       0.00       0.00          0          0          0
  shifting         :       2.37       0.00        511          0          0
  simplerounding   :       0.00       0.00          0          0          0
  subnlp           :       0.00       0.00          0          0          0
  trivial          :       0.00       0.00          1          0          0
  trivialnegation  :       0.00       0.00          0          0          0
  trysol           :       0.00       0.00          0          0          0
  twoopt           :       0.00       0.00          0          0          0
  undercover       :       0.00       0.00          0          0          0
  vbounds          :       0.03       0.00          1          0          0
  veclendiving     :       4.23       0.00        160          0          0
  zeroobj          :       0.00       0.00          0          0          0
  zirounding       :       0.12       0.00       1000          0          0
  other solutions  :          -          -          -          0          -
Diving Statistics  :      Calls      Nodes   LP Iters Backtracks  Conflicts   MinDepth   MaxDepth   AvgDepth  RoundSols  NLeafSols  MinSolDpt  MaxSolDpt  AvgSolDpt
  actconsdiving    :          0          -          -          -          -          -          -          -          -          -          -          -          -
  coefdiving       :         64       3220       6685          0          0         29        239       69.8          0          -          -          -          -
  conflictdiving   :          0          -          -          -          -          -          -          -          -          -          -          -          -
  distributiondivin:         16       1723       9957         16         51         21        328      125.2          0          -          -          -          -
  farkasdiving     :          0          -          -          -          -          -          -          -          -          -          -          -          -
  fracdiving       :         96       4025       6411          0          0         25        215       61.9          0          -          -          -          -
  guideddiving     :         37       2483       7246          0          0         37        289       84.9          0          -          -          -          -
  linesearchdiving :        155       4991       3788          0          0         22        290       50.6          0          -          -          -          -
  pscostdiving     :          9       1909      12421          6          0        110        326      227.8          0          -          -          -          -
  veclendiving     :        160       3736       3076          0          0         24        148       43.3          0          -          -          -          -
Neighborhoods      :      Calls  SetupTime  SolveTime SolveNodes       Sols       Best       Exp3  EpsGreedy        UCB TgtFixRate  Opt  Inf Node Stal  Sol  Usr Othr Actv
  rens             :          1       0.02       0.17        103          0          0    0.00000   -1.00000    1.00000      0.900    0    0    0    1    0    0    0    1
  rins             :          1       0.02       0.01          0          0          0    0.00000   -1.00000    1.00000      0.700    0    1    0    0    0    0    0    1
  mutation         :          0       0.00       0.00          0          0          0    0.00000   -1.00000    1.00000      0.900    0    0    0    0    0    0    0    1
  localbranching   :          1       0.02       0.01          0          0          0    0.00000   -1.00000    1.00000      0.700    0    1    0    0    0    0    0    1
  crossover        :          0       0.00       0.00          0          0          0    0.00000   -1.00000    1.00000      0.900    0    0    0    0    0    0    0    1
  proximity        :          1       0.02       0.01          1          0          0    0.00000   -1.00000    1.00000      0.700    0    1    0    0    0    0    0    1
  zeroobjective    :          1       0.02       0.01          0          0          0    0.00000   -1.00000    1.00000      0.700    0    1    0    0    0    0    0    1
  dins             :          0       0.00       0.00          0          0          0    0.00000   -1.00000    1.00000      0.900    0    0    0    0    0    0    0    1
Tree Compressions  :   ExecTime  SetupTime      Calls      Found
  largestrepr      :       0.00       0.00          0          0
  weakcompr        :       0.00       0.00          0          0
LP                 :       Time      Calls Iterations  Iter/call   Iter/sec  Time-0-It Calls-0-It    ItLimit
  primal LP        :       3.19       1341          0       0.00       0.00       3.19       1341
  dual LP          :      21.81       5911      97979      17.54    4491.65       0.30        324
  lex dual LP      :       0.00          0          0       0.00          -
  barrier LP       :       0.00          0          0       0.00          -       0.00          0
  resolve instable :       0.00          0          0       0.00          -
  diving/probing LP:      40.19       2190      83793      38.26    2085.02
  strong branching :      12.23       1835      15869       8.65    1298.06          -          -          7
    (at root node) :          -         47        243       5.17          -
  conflict analysis:       0.00          0          0       0.00          -
B&B Tree           :
  number of runs   :          0
  nodes            :       5003 (4513 internal, 490 leaves)
  feasible leaves  :          0
  infeas. leaves   :          0
  objective leaves :        489
  nodes (total)    :       5003 (4513 internal, 490 leaves)
  nodes left       :       4025
  max depth        :         28
  max depth (total):         28
  backtracks       :       1645 (32.9%)
  early backtracks :          0 (0.0%)
  nodes exc. ref.  :          0 (0.0%)
  delayed cutoffs  :          0
  repropagations   :          0 (0 domain reductions, 0 cutoffs)
  avg switch length:       8.02
  switching time   :       4.24
Root Node          :
  First LP value   : +4.15240000000000e+02
  First LP Iters   :       4098 (39168.83 Iter/sec)
  First LP Time    :       0.10
  Final Dual Bound : +4.43152732572860e+02
  Final Root Iters :      16442
  Root LP Estimate : +4.48156489076483e+02
Solution           :
  Solutions found  :          1 (1 improvements)
  First Solution   : +4.53000000000000e+02   (in run 0, after 1 nodes, 0.00 seconds, depth 0, found by <reoptsols>)
  Gap First Sol.   :   infinite
  Gap Last Sol.    :   infinite
  Primal Bound     : +4.53000000000000e+02   (in run 0, after 1 nodes, 0.00 seconds, depth 0, found by <reoptsols>)
  Dual Bound       : +4.51054136156227e+02
  Gap              :       0.43 %
  Avg. Gap         :       1.01 % (101.49 primal-dual integral)
NoError here ! 
./script6: line 19: 18316 Segmentation fault      (core dumped) ./repair/build/repair $file $i $u $k $gap

real	1m46.362s
user	1m34.112s
sys	0m11.439s
