parameters: neos-3381206-awhea_10_1_5_0.100000 

SCIP version 6.0.1 [precision: 8 byte] [memory: block] [mode: optimized] [LP solver: SoPlex 4.0.1] [GitHash: a27ecc0]
Copyright (C) 2002-2019 Konrad-Zuse-Zentrum fuer Informationstechnik Berlin (ZIB)

read problem <instances/neos-3381206-awhea.mps> ...

original problem has 2375 variables (475 bin, 1900 int, 0 impl, 0 cont) and 479 constraints
read solution <10solution/neos-3381206-awhea_1.sol> ...

check the feasibility of <10solution/neos-3381206-awhea_1.sol> for problem <instances/neos-3381206-awhea.mps> ...

  [linear] <R0008>:  -100<C0004>[B] (+0) +45<C0479>[I] (+0) +36<C0954>[I] (+1) +31<C1429>[I] (+2) +14<C1904>[I] (+0) <= 0;
;
violation: right hand side is violated by 98
  [linear] <R0042>:  -100<C0038>[B] (+0) +45<C0513>[I] (+0) +36<C0988>[I] (+2) +31<C1463>[I] (+0) +14<C1938>[I] (+2) <= 0;
;
violation: right hand side is violated by 100
  [linear] <R0044>:  -100<C0040>[B] (+0) +45<C0515>[I] (+0) +36<C0990>[I] (+1) +31<C1465>[I] (+2) +14<C1940>[I] (+0) <= 0;
;
violation: right hand side is violated by 98
  [linear] <R0048>:  -100<C0044>[B] (+0) +45<C0519>[I] (+0) +36<C0994>[I] (+1) +31<C1469>[I] (+2) +14<C1944>[I] (+0) <= 0;
;
violation: right hand side is violated by 98
  [linear] <R0053>:  -100<C0049>[B] (+0) +45<C0524>[I] (+0) +36<C0999>[I] (+2) +31<C1474>[I] (+0) +14<C1949>[I] (+2) <= 0;
;
violation: right hand side is violated by 100
  [linear] <R0056>:  -100<C0052>[B] (+0) +45<C0527>[I] (+0) +36<C1002>[I] (+2) +31<C1477>[I] (+0) +14<C1952>[I] (+0) <= 0;
;
violation: right hand side is violated by 72
  [linear] <R0067>:  -100<C0063>[B] (+0) +45<C0538>[I] (+0) +36<C1013>[I] (+2) +31<C1488>[I] (+0) +14<C1963>[I] (+2) <= 0;
;
violation: right hand side is violated by 100
  [linear] <R0075>:  -100<C0071>[B] (+0) +45<C0546>[I] (+2) +36<C1021>[I] (+0) +31<C1496>[I] (+0) +14<C1971>[I] (+0) <= 0;
;
violation: right hand side is violated by 90
  [linear] <R0128>:  -100<C0124>[B] (+0) +45<C0599>[I] (+0) +36<C1074>[I] (+2) +31<C1549>[I] (+0) +14<C2024>[I] (+0) <= 0;
;
violation: right hand side is violated by 72
  [linear] <R0135>:  -100<C0131>[B] (+0) +45<C0606>[I] (+2) +36<C1081>[I] (+0) +31<C1556>[I] (+0) +14<C2031>[I] (+0) <= 0;
;
violation: right hand side is violated by 90
  [linear] <R0140>:  -100<C0136>[B] (+0) +45<C0611>[I] (+0) +36<C1086>[I] (+1) +31<C1561>[I] (+2) +14<C2036>[I] (+0) <= 0;
;
violation: right hand side is violated by 98
  [linear] <R0158>:  -100<C0154>[B] (+0) +45<C0629>[I] (+0) +36<C1104>[I] (+2) +31<C1579>[I] (+0) +14<C2054>[I] (+2) <= 0;
;
violation: right hand side is violated by 100
  [linear] <R0161>:  -100<C0157>[B] (+0) +45<C0632>[I] (+0) +36<C1107>[I] (+2) +31<C1582>[I] (+0) +14<C2057>[I] (+2) <= 0;
;
violation: right hand side is violated by 100
  [linear] <R0174>:  -100<C0170>[B] (+0) +45<C0645>[I] (+0) +36<C1120>[I] (+2) +31<C1595>[I] (+0) +14<C2070>[I] (+2) <= 0;
;
violation: right hand side is violated by 100
  [linear] <R0179>:  -100<C0175>[B] (+0) +45<C0650>[I] (+0) +36<C1125>[I] (+1) +31<C1600>[I] (+2) +14<C2075>[I] (+0) <= 0;
;
violation: right hand side is violated by 98
  [linear] <R0181>:  -100<C0177>[B] (+0) +45<C0652>[I] (+0) +36<C1127>[I] (+2) +31<C1602>[I] (+0) +14<C2077>[I] (+2) <= 0;
;
violation: right hand side is violated by 100
  [linear] <R0183>:  -100<C0179>[B] (+0) +45<C0654>[I] (+0) +36<C1129>[I] (+0) +31<C1604>[I] (+3) +14<C2079>[I] (+0) <= 0;
;
violation: right hand side is violated by 93
  [linear] <R0197>:  -100<C0193>[B] (+0) +45<C0668>[I] (+0) +36<C1143>[I] (+2) +31<C1618>[I] (+0) +14<C2093>[I] (+0) <= 0;
;
violation: right hand side is violated by 72
  [linear] <R0217>:  -100<C0213>[B] (+0) +45<C0688>[I] (+0) +36<C1163>[I] (+2) +31<C1638>[I] (+0) +14<C2113>[I] (+0) <= 0;
;
violation: right hand side is violated by 72
  [linear] <R0223>:  -100<C0219>[B] (+0) +45<C0694>[I] (+0) +36<C1169>[I] (+2) +31<C1644>[I] (+0) +14<C2119>[I] (+0) <= 0;
;
violation: right hand side is violated by 72
  [linear] <R0224>:  -100<C0220>[B] (+0) +45<C0695>[I] (+0) +36<C1170>[I] (+1) +31<C1645>[I] (+2) +14<C2120>[I] (+0) <= 0;
;
violation: right hand side is violated by 98
  [linear] <R0227>:  -100<C0223>[B] (+0) +45<C0698>[I] (+0) +36<C1173>[I] (+1) +31<C1648>[I] (+2) +14<C2123>[I] (+0) <= 0;
;
violation: right hand side is violated by 98
  [linear] <R0241>:  -100<C0237>[B] (+0) +45<C0712>[I] (+0) +36<C1187>[I] (+1) +31<C1662>[I] (+2) +14<C2137>[I] (+0) <= 0;
;
violation: right hand side is violated by 98
  [linear] <R0243>:  -100<C0239>[B] (+0) +45<C0714>[I] (+0) +36<C1189>[I] (+2) +31<C1664>[I] (+0) +14<C2139>[I] (+0) <= 0;
;
violation: right hand side is violated by 72
  [linear] <R0250>:  -100<C0246>[B] (+0) +45<C0721>[I] (+0) +36<C1196>[I] (+2) +31<C1671>[I] (+0) +14<C2146>[I] (+2) <= 0;
;
violation: right hand side is violated by 100
  [linear] <R0251>:  -100<C0247>[B] (+0) +45<C0722>[I] (+0) +36<C1197>[I] (+2) +31<C1672>[I] (+0) +14<C2147>[I] (+2) <= 0;
;
violation: right hand side is violated by 100
  [linear] <R0253>:  -100<C0249>[B] (+0) +45<C0724>[I] (+0) +36<C1199>[I] (+2) +31<C1674>[I] (+0) +14<C2149>[I] (+0) <= 0;
;
violation: right hand side is violated by 72
  [linear] <R0257>:  -100<C0253>[B] (+0) +45<C0728>[I] (+0) +36<C1203>[I] (+1) +31<C1678>[I] (+2) +14<C2153>[I] (+0) <= 0;
;
violation: right hand side is violated by 98
  [linear] <R0261>:  -100<C0257>[B] (+0) +45<C0732>[I] (+0) +36<C1207>[I] (+1) +31<C1682>[I] (+2) +14<C2157>[I] (+0) <= 0;
;
violation: right hand side is violated by 98
  [linear] <R0293>:  -100<C0289>[B] (+0) +45<C0764>[I] (+0) +36<C1239>[I] (+2) +31<C1714>[I] (+0) +14<C2189>[I] (+2) <= 0;
;
violation: right hand side is violated by 100
  [linear] <R0299>:  -100<C0295>[B] (+0) +45<C0770>[I] (+0) +36<C1245>[I] (+2) +31<C1720>[I] (+0) +14<C2195>[I] (+2) <= 0;
;
violation: right hand side is violated by 100
  [linear] <R0310>:  -100<C0306>[B] (+0) +45<C0781>[I] (+0) +36<C1256>[I] (+1) +31<C1731>[I] (+2) +14<C2206>[I] (+0) <= 0;
;
violation: right hand side is violated by 98
  [linear] <R0322>:  -100<C0318>[B] (+0) +45<C0793>[I] (+0) +36<C1268>[I] (+2) +31<C1743>[I] (+0) +14<C2218>[I] (+0) <= 0;
;
violation: right hand side is violated by 72
  [linear] <R0337>:  -100<C0333>[B] (+0) +45<C0808>[I] (+0) +36<C1283>[I] (+2) +31<C1758>[I] (+0) +14<C2233>[I] (+0) <= 0;
;
violation: right hand side is violated by 72
  [linear] <R0340>:  -100<C0336>[B] (+0) +45<C0811>[I] (+0) +36<C1286>[I] (+2) +31<C1761>[I] (+0) +14<C2236>[I] (+0) <= 0;
;
violation: right hand side is violated by 72
  [linear] <R0359>:  -100<C0355>[B] (+0) +45<C0830>[I] (+0) +36<C1305>[I] (+2) +31<C1780>[I] (+0) +14<C2255>[I] (+0) <= 0;
;
violation: right hand side is violated by 72
  [linear] <R0368>:  -100<C0364>[B] (+0) +45<C0839>[I] (+0) +36<C1314>[I] (+1) +31<C1789>[I] (+2) +14<C2264>[I] (+0) <= 0;
;
violation: right hand side is violated by 98
  [linear] <R0377>:  -100<C0373>[B] (+0) +45<C0848>[I] (+2) +36<C1323>[I] (+0) +31<C1798>[I] (+0) +14<C2273>[I] (+0) <= 0;
;
violation: right hand side is violated by 90
  [linear] <R0388>:  -100<C0384>[B] (+0) +45<C0859>[I] (+0) +36<C1334>[I] (+1) +31<C1809>[I] (+2) +14<C2284>[I] (+0) <= 0;
;
violation: right hand side is violated by 98
  [linear] <R0392>:  -100<C0388>[B] (+0) +45<C0863>[I] (+0) +36<C1338>[I] (+2) +31<C1813>[I] (+0) +14<C2288>[I] (+0) <= 0;
;
violation: right hand side is violated by 72
  [linear] <R0393>:  -100<C0389>[B] (+0) +45<C0864>[I] (+0) +36<C1339>[I] (+1) +31<C1814>[I] (+2) +14<C2289>[I] (+0) <= 0;
;
violation: right hand side is violated by 98
  [linear] <R0394>:  -100<C0390>[B] (+0) +45<C0865>[I] (+0) +36<C1340>[I] (+1) +31<C1815>[I] (+2) +14<C2290>[I] (+0) <= 0;
;
violation: right hand side is violated by 98
  [linear] <R0405>:  -100<C0401>[B] (+0) +45<C0876>[I] (+0) +36<C1351>[I] (+2) +31<C1826>[I] (+0) +14<C2301>[I] (+2) <= 0;
;
violation: right hand side is violated by 100
  [linear] <R0416>:  -100<C0412>[B] (+0) +45<C0887>[I] (+0) +36<C1362>[I] (+1) +31<C1837>[I] (+2) +14<C2312>[I] (+0) <= 0;
;
violation: right hand side is violated by 98
  [linear] <R0418>:  -100<C0414>[B] (+0) +45<C0889>[I] (+2) +36<C1364>[I] (+0) +31<C1839>[I] (+0) +14<C2314>[I] (+0) <= 0;
;
violation: right hand side is violated by 90
  [linear] <R0430>:  -100<C0426>[B] (+0) +45<C0901>[I] (+0) +36<C1376>[I] (+2) +31<C1851>[I] (+0) +14<C2326>[I] (+0) <= 0;
;
violation: right hand side is violated by 72
  [linear] <R0449>:  -100<C0445>[B] (+0) +45<C0920>[I] (+0) +36<C1395>[I] (+2) +31<C1870>[I] (+0) +14<C2345>[I] (+2) <= 0;
;
violation: right hand side is violated by 100
  [linear] <R0454>:  -100<C0450>[B] (+0) +45<C0925>[I] (+0) +36<C1400>[I] (+1) +31<C1875>[I] (+2) +14<C2350>[I] (+0) <= 0;
;
violation: right hand side is violated by 98
  [linear] <R0471>:  -100<C0467>[B] (+0) +45<C0942>[I] (+1) +36<C1417>[I] (+1) +31<C1892>[I] (+0) +14<C2367>[I] (+0) <= 0;
;
violation: right hand side is violated by 81
  [linear] <R0472>:  -100<C0468>[B] (+0) +45<C0943>[I] (+0) +36<C1418>[I] (+2) +31<C1893>[I] (+0) +14<C2368>[I] (+2) <= 0;
;
violation: right hand side is violated by 100
The solution <10solution/neos-3381206-awhea_1.sol> is not feasible to <instances/neos-3381206-awhea.mps> 

Tring to reoptimize the problem <instances/neos-3381206-awhea.mps> ...  

obj = 403.000000, k = 5, alpha = 403.000000 

n = 2375 

Start to add variable y and new constraints 

y have been released ! 

Finish to create the y and constraint ! 

n = 2375,  j = 2375 ! 

set all parameters to default! 

Reoptimization is enabled! 

Reoptimization parameter have been setted ! 

Stop parameter have been setted ! 

Memory for coefs have allocated ! 

Coefficients have been captured ! 

alpha = 403.000000, n = 4750, j = 2375, m = 5 
This is the 1-th iteration ! 

presolving:
(round 1, fast)       0 del vars, 1827 del conss, 0 add conss, 0 chg bounds, 0 chg sides, 0 chg coeffs, 0 upgd conss, 0 impls, 0 clqs
(round 2, exhaustive) 0 del vars, 1827 del conss, 0 add conss, 0 chg bounds, 0 chg sides, 0 chg coeffs, 2923 upgd conss, 0 impls, 0 clqs
   (0.1s) probing cycle finished: starting next cycle
presolving (3 rounds: 3 fast, 2 medium, 2 exhaustive):
 0 deleted vars, 1827 deleted constraints, 0 added constraints, 0 tightened bounds, 0 added holes, 0 changed sides, 0 changed coefficients
 3157 implications, 0 cliques
presolved problem has 4750 variables (475 bin, 1900 int, 0 impl, 2375 cont) and 3402 constraints
   2923 constraints of type <varbound>
    479 constraints of type <linear>
Presolving Time: 0.14

 time | node  | left  |LP iter|LP it/n| mem |mdpt |frac |vars |cons |cols |rows |cuts |confs|strbr|  dualbound   | primalbound  |  gap   
  0.4s|     1 |     0 |  3451 |     - |  32M|   0 |  36 |4750 |3402 |4750 |3402 |   0 |   1 |   0 | 1.872844e+04 |      --      |    Inf 
F 0.5s|     1 |     0 |  4266 |     - |  32M|   0 |   0 |4750 |3402 |4750 |3402 |   0 |   1 |   0 | 1.872844e+04 | 2.060300e+04 |  10.01%
  0.5s|     1 |     0 |  4280 |     - |  33M|   0 |  22 |4750 |3402 |4750 |3416 |  14 |   1 |   0 | 2.027576e+04 | 2.060300e+04 |   1.61%

SCIP Status        : solving was interrupted [gap limit reached]
Solving Time (sec) : 0.48 (over 1 runs: 0.48)
Solving Nodes      : 1 (0 reactivated)
Primal Bound       : +2.06030000000000e+04 (1 solutions)
Dual Bound         : +2.02757600000000e+04
Gap                : 1.61 %
Coefs have been resetted!! 

Problem have been changed !! 

alpha = 322.400000, n = 4750, j = 2375, m = 4 
This is the 2-th iteration ! 

new objective has similarity of 1 compared to previous.

 time | node  | left  |LP iter|LP it/n| mem |mdpt |frac |vars |cons |cols |rows |cuts |confs|strbr|  dualbound   | primalbound  |  gap   
J 0.0s|     1 |     0 |     0 |     - |  32M|   0 |   - |4750 |3402 |   0 |   0 |   0 |   1 |   0 | 0.000000e+00 | 1.657300e+04 |    Inf 
  0.1s|     1 |     2 |     0 |     - |  32M|   0 |   - |4750 |3402 |   0 |   0 |   0 |   2 |   0 | 0.000000e+00 | 1.657300e+04 |    Inf 

SCIP Status        : solving was interrupted [gap limit reached]
Solving Time (sec) : 4.54 (over 2 runs: 5.02)
Solving Nodes      : 11 (0 reactivated)
Primal Bound       : +1.65730000000000e+04 (1 solutions)
Dual Bound         : +1.52535280000000e+04
Gap                : 8.65 %
Coefs have been resetted!! 

Problem have been changed !! 

alpha = 193.440000, n = 4750, j = 2375, m = 3 
This is the 3-th iteration ! 

new objective has similarity of 1 compared to previous.

 time | node  | left  |LP iter|LP it/n| mem |mdpt |frac |vars |cons |cols |rows |cuts |confs|strbr|  dualbound   | primalbound  |  gap   
J 0.0s|     1 |     0 |     0 |     - |  34M|   0 |   - |4750 |3402 |   0 |   0 |   0 |   2 |   0 | 0.000000e+00 | 1.012500e+04 |    Inf 
  0.1s|     1 |     4 |     0 |     - |  34M|   0 |   - |4750 |3402 |   0 |   0 |   0 |   3 |   0 | 0.000000e+00 | 1.012500e+04 |    Inf 

SCIP Status        : solving was interrupted [gap limit reached]
Solving Time (sec) : 1.00 (over 3 runs: 6.03)
Solving Nodes      : 5 (4 reactivated)
Primal Bound       : +1.01250000000000e+04 (1 solutions)
Dual Bound         : +9.29085240000000e+03
Gap                : 8.98 %
Coefs have been resetted!! 

Problem have been changed !! 

alpha = 77.376000, n = 4750, j = 2375, m = 2 
This is the 4-th iteration ! 

new objective has similarity of 0.999994 compared to previous.

 time | node  | left  |LP iter|LP it/n| mem |mdpt |frac |vars |cons |cols |rows |cuts |confs|strbr|  dualbound   | primalbound  |  gap   
J 0.0s|     1 |     0 |     0 |     - |  34M|   0 |   - |4750 |3402 |   0 |   0 |   0 |   3 |   0 | 0.000000e+00 | 4.321800e+03 |    Inf 
  0.1s|     1 |     4 |     0 |     - |  34M|   0 |   - |4750 |3402 |   0 |   0 |   0 |   4 |   0 | 0.000000e+00 | 4.321800e+03 |    Inf 

SCIP Status        : solving was interrupted [gap limit reached]
Solving Time (sec) : 1.41 (over 4 runs: 7.43)
Solving Nodes      : 5 (10 reactivated)
Primal Bound       : +4.32180000000001e+03 (1 solutions)
Dual Bound         : +3.98556696000000e+03
Gap                : 8.44 %
Coefs have been resetted!! 

Problem have been changed !! 

alpha = 15.475200, n = 4750, j = 2375, m = 1 
This is the 5-th iteration ! 

new objective has similarity of 0.999733 compared to previous.

 time | node  | left  |LP iter|LP it/n| mem |mdpt |frac |vars |cons |cols |rows |cuts |confs|strbr|  dualbound   | primalbound  |  gap   
J 0.0s|     1 |     0 |     0 |     - |  35M|   0 |   - |4750 |3402 |   0 |   0 |   0 |   4 |   0 | 0.000000e+00 | 1.226760e+03 |    Inf 
  0.2s|     1 |     0 |  2925 |     - |  35M|   0 |  36 |4750 |3402 |4750 |3402 |   0 |   5 |   0 | 1.150315e+03 | 1.226760e+03 |   6.65%

SCIP Status        : solving was interrupted [gap limit reached]
Solving Time (sec) : 0.15 (over 5 runs: 7.59)
Solving Nodes      : 1 (0 reactivated)
Primal Bound       : +1.22676000000000e+03 (1 solutions)
Dual Bound         : +1.15031507200000e+03
Gap                : 6.65 %
Coefs have been resetted!! 

Problem have been changed !! 

This is the last iteration 


alpha = 0.000000  
new objective has similarity of 0.0288867 compared to previous.

 time | node  | left  |LP iter|LP it/n| mem |mdpt |frac |vars |cons |cols |rows |cuts |confs|strbr|  dualbound   | primalbound  |  gap   
J 0.0s|     1 |     0 |     0 |     - |  35M|   0 |   - |4750 |3402 |   0 |   0 |   0 |   5 |   0 | 0.000000e+00 | 4.530000e+02 |    Inf 
  0.2s|     1 |     0 |  5439 |     - |  35M|   0 | 426 |4750 |3402 |4750 |3402 |   0 |   6 |   0 | 4.152400e+02 | 4.530000e+02 |   9.09%
  0.4s|     1 |     0 |  5449 |     - |  36M|   0 | 428 |4750 |3402 |4750 |3405 |   3 |   6 |   0 | 4.152400e+02 | 4.530000e+02 |   9.09%
  0.7s|     1 |     0 |  6736 |     - |  36M|   0 | 538 |4750 |3402 |4750 |3685 | 283 |   6 |   0 | 4.152400e+02 | 4.530000e+02 |   9.09%
  0.9s|     1 |     0 |  7373 |     - |  37M|   0 | 589 |4750 |3402 |4750 |3827 | 425 |   6 |   0 | 4.152400e+02 | 4.530000e+02 |   9.09%
  1.1s|     1 |     0 |  8143 |     - |  38M|   0 | 608 |4750 |3402 |4750 |4033 | 631 |   6 |   0 | 4.152400e+02 | 4.530000e+02 |   9.09%
  1.2s|     1 |     0 |  8738 |     - |  38M|   0 | 582 |4750 |3402 |4750 |4192 | 790 |   6 |   0 | 4.152400e+02 | 4.530000e+02 |   9.09%
  1.3s|     1 |     0 |  9358 |     - |  39M|   0 | 630 |4750 |3402 |4750 |4353 | 951 |   6 |   0 | 4.152400e+02 | 4.530000e+02 |   9.09%
  1.5s|     1 |     0 | 10145 |     - |  41M|   0 | 730 |4750 |3402 |4750 |4517 |1115 |   6 |   0 | 4.152400e+02 | 4.530000e+02 |   9.09%
  1.7s|     1 |     0 | 11204 |     - |  42M|   0 | 682 |4750 |3402 |4750 |4745 |1343 |   6 |   0 | 4.152400e+02 | 4.530000e+02 |   9.09%
  1.9s|     1 |     0 | 12197 |     - |  43M|   0 | 682 |4750 |3402 |4750 |4935 |1533 |   6 |   0 | 4.152400e+02 | 4.530000e+02 |   9.09%
  2.2s|     1 |     0 | 13457 |     - |  45M|   0 | 727 |4750 |3402 |4750 |5115 |1713 |   6 |   0 | 4.152400e+02 | 4.530000e+02 |   9.09%
  2.4s|     1 |     0 | 14610 |     - |  45M|   0 | 705 |4750 |3402 |4750 |5232 |1831 |   6 |   0 | 4.181764e+02 | 4.530000e+02 |   8.33%
  2.4s|     1 |     0 | 14774 |     - |  46M|   0 | 661 |4750 |3402 |4750 |5312 |1911 |   6 |   0 | 4.214375e+02 | 4.530000e+02 |   7.49%
  2.6s|     1 |     0 | 15320 |     - |  46M|   0 | 470 |4750 |3402 |4750 |5550 |2149 |   6 |   0 | 4.272061e+02 | 4.530000e+02 |   6.04%
 time | node  | left  |LP iter|LP it/n| mem |mdpt |frac |vars |cons |cols |rows |cuts |confs|strbr|  dualbound   | primalbound  |  gap   
  2.7s|     1 |     0 | 16122 |     - |  47M|   0 | 442 |4750 |3402 |4750 |5682 |2281 |   6 |   0 | 4.375281e+02 | 4.530000e+02 |   3.54%
  2.8s|     1 |     0 | 16306 |     - |  48M|   0 | 376 |4750 |3402 |4750 |5783 |2382 |   6 |   0 | 4.401390e+02 | 4.530000e+02 |   2.92%
  3.0s|     1 |     0 | 16412 |     - |  48M|   0 | 312 |4750 |3402 |4750 |5828 |2427 |   6 |   0 | 4.414514e+02 | 4.530000e+02 |   2.62%
  3.1s|     1 |     0 | 16539 |     - |  49M|   0 | 186 |4750 |3402 |4750 |5494 |2520 |   6 |   0 | 4.420650e+02 | 4.530000e+02 |   2.47%
  3.1s|     1 |     0 | 16589 |     - |  51M|   0 | 175 |4750 |3402 |4750 |5519 |2545 |   6 |   0 | 4.427108e+02 | 4.530000e+02 |   2.32%
  3.2s|     1 |     0 | 16614 |     - |  51M|   0 | 153 |4750 |3402 |4750 |5537 |2563 |   6 |   0 | 4.428011e+02 | 4.530000e+02 |   2.30%
  3.2s|     1 |     0 | 16626 |     - |  52M|   0 | 145 |4750 |3402 |4750 |5543 |2569 |   6 |   0 | 4.429191e+02 | 4.530000e+02 |   2.28%
  4.3s|     1 |     2 | 17792 |     - |  52M|   0 | 138 |4750 |3402 |4750 |5543 |2569 |   6 |  59 | 4.429719e+02 | 4.530000e+02 |   2.26%
 19.2s|   100 |   101 | 27500 | 109.8 |  68M|  24 | 127 |4750 |3402 |4750 |4306 |3226 |   6 |1103 | 4.432358e+02 | 4.530000e+02 |   2.20%
 25.3s|   200 |   201 | 35117 |  92.9 |  69M|  39 |  71 |4750 |3413 |4750 |4306 |3247 |  16 |1403 | 4.432886e+02 | 4.530000e+02 |   2.19%
 32.3s|   300 |   301 | 42749 |  87.4 |  78M|  44 | 133 |4750 |3422 |4750 |4324 |3537 |  26 |1666 | 4.434469e+02 | 4.530000e+02 |   2.15%
 36.2s|   400 |   401 | 47961 |  78.5 |  80M|  44 |  71 |4750 |3422 |4750 |4323 |3659 |  26 |1758 | 4.434469e+02 | 4.530000e+02 |   2.15%
 40.3s|   500 |   501 | 53840 |  74.6 |  84M|  44 |  69 |4750 |3433 |4750 |4321 |3936 |  36 |1934 | 4.434469e+02 | 4.530000e+02 |   2.15%
 44.6s|   600 |   601 | 59240 |  71.1 |  90M|  44 |  75 |4750 |3432 |4750 |4342 |4497 |  36 |2131 | 4.434469e+02 | 4.530000e+02 |   2.15%
 46.7s|   700 |   699 | 62496 |  65.6 |  92M|  44 |  59 |4750 |3432 |4750 |4326 |4690 |  36 |2180 | 4.434469e+02 | 4.530000e+02 |   2.15%
 time | node  | left  |LP iter|LP it/n| mem |mdpt |frac |vars |cons |cols |rows |cuts |confs|strbr|  dualbound   | primalbound  |  gap   
 50.5s|   800 |   793 | 66915 |  62.9 |  94M|  44 |  53 |4750 |3432 |4750 |4326 |4916 |  36 |2369 | 4.434469e+02 | 4.530000e+02 |   2.15%
 57.2s|   900 |   839 | 77078 |  67.2 |  99M|  44 | 125 |4750 |3432 |4750 |4298 |5071 |  36 |2681 | 4.477923e+02 | 4.530000e+02 |   1.16%
 61.7s|  1000 |   923 | 84065 |  67.5 | 102M|  47 |  85 |4750 |3427 |4750 |4360 |5148 |  36 |2906 | 4.477923e+02 | 4.530000e+02 |   1.16%
 65.2s|  1100 |  1001 | 88009 |  65.0 | 104M|  47 |  97 |4750 |3434 |4750 |4350 |5321 |  46 |3103 | 4.477942e+02 | 4.530000e+02 |   1.16%
 69.2s|  1200 |  1079 | 94584 |  65.0 | 107M|  49 |  90 |4750 |3443 |4750 |4361 |5452 |  56 |3304 | 4.478707e+02 | 4.530000e+02 |   1.15%
 72.2s|  1300 |  1149 | 99102 |  63.5 | 107M|  49 | 123 |4750 |3443 |4750 |4374 |5644 |  56 |3456 | 4.478801e+02 | 4.530000e+02 |   1.14%
 76.2s|  1400 |  1223 |104690 |  62.9 | 110M|  49 | 103 |4750 |3453 |4750 |4340 |5843 |  66 |3671 | 4.479769e+02 | 4.530000e+02 |   1.12%
 79.7s|  1500 |  1263 |108904 |  61.6 | 112M|  49 | 108 |4750 |3452 |4750 |4364 |6170 |  66 |3899 | 4.480482e+02 | 4.530000e+02 |   1.11%
 81.3s|  1600 |  1291 |112403 |  59.9 | 112M|  49 | 101 |4750 |3452 |4750 |4386 |6258 |  66 |3943 | 4.481801e+02 | 4.530000e+02 |   1.08%
 83.7s|  1700 |  1321 |117132 |  59.2 | 114M|  49 |  65 |4750 |3462 |4750 |4352 |6343 |  76 |4051 | 4.483010e+02 | 4.530000e+02 |   1.05%
 85.6s|  1800 |  1361 |119986 |  57.5 | 114M|  49 | 110 |4750 |3462 |4750 |4319 |6399 |  76 |4132 | 4.484142e+02 | 4.530000e+02 |   1.02%
 87.0s|  1900 |  1397 |122508 |  55.8 | 114M|  49 |   - |4750 |3462 |4750 |4316 |6446 |  76 |4165 | 4.486719e+02 | 4.530000e+02 |   0.96%
 88.3s|  2000 |  1455 |124664 |  54.0 | 114M|  49 |   - |4750 |3462 |4750 |4348 |6460 |  76 |4192 | 4.489003e+02 | 4.530000e+02 |   0.91%
 89.7s|  2100 |  1489 |127635 |  52.9 | 114M|  49 | 137 |4750 |3462 |4750 |4343 |6548 |  76 |4218 | 4.490508e+02 | 4.530000e+02 |   0.88%
 91.7s|  2200 |  1519 |133945 |  53.4 | 115M|  49 |   - |4750 |3462 |4750 |4363 |6610 |  76 |4246 | 4.490570e+02 | 4.530000e+02 |   0.88%
 time | node  | left  |LP iter|LP it/n| mem |mdpt |frac |vars |cons |cols |rows |cuts |confs|strbr|  dualbound   | primalbound  |  gap   
 93.1s|  2300 |  1545 |137145 |  52.4 | 115M|  49 | 142 |4750 |3461 |4750 |4341 |6696 |  76 |4281 | 4.490866e+02 | 4.530000e+02 |   0.87%
 94.7s|  2400 |  1593 |140388 |  51.6 | 116M|  49 |   - |4750 |3470 |4750 |4341 |6737 |  86 |4329 | 4.491965e+02 | 4.530000e+02 |   0.85%
 96.0s|  2500 |  1651 |142975 |  50.6 | 116M|  49 |   - |4750 |3472 |4750 |4347 |6795 |  96 |4352 | 4.492283e+02 | 4.530000e+02 |   0.84%
 96.6s|  2600 |  1709 |143634 |  48.9 | 116M|  49 |  51 |4750 |3470 |4750 |4348 |6806 |  96 |4359 | 4.492283e+02 | 4.530000e+02 |   0.84%
 97.3s|  2700 |  1749 |144609 |  47.4 | 116M|  49 |  53 |4750 |3467 |4750 |4360 |6847 |  96 |4365 | 4.492355e+02 | 4.530000e+02 |   0.84%
 98.0s|  2800 |  1797 |145672 |  46.1 | 116M|  49 |  41 |4750 |3461 |4750 |4352 |6873 |  96 |4369 | 4.493569e+02 | 4.530000e+02 |   0.81%
 99.3s|  2900 |  1841 |147342 |  45.1 | 116M|  49 |  39 |4750 |3459 |4750 |4356 |6972 |  96 |4406 | 4.493569e+02 | 4.530000e+02 |   0.81%

SCIP Status        : solving was interrupted [time limit reached]
Solving Time (sec) : 100.01 (over 6 runs: 107.60)
Solving Nodes      : 2920 (0 reactivated)
Primal Bound       : +4.53000000000000e+02 (1 solutions)
Dual Bound         : +4.49364063293481e+02
Gap                : 0.81 %
SCIP Status        : solving was interrupted [time limit reached]
Total Time         :     100.01
  solving          :     100.01
  presolving       :       0.00 (included in solving)
  reading          :       0.01
  copying          :       0.15 (11 #copies) (minimal 0.01, maximal 0.02, average 0.01)
Original Problem   :
  Problem name     : neos-3381206-awhea
  Variables        : 4750 (475 binary, 1900 integer, 0 implicit integer, 2375 continuous)
  Constraints      : 5229 initial, 5229 maximal
  Objective        : minimize, 475 non-zeros (abs.min = 1, abs.max = 1)
Presolved Problem  :
  Problem name     : t_neos-3381206-awhea
  Variables        : 4750 (475 binary, 1900 integer, 0 implicit integer, 2375 continuous)
  Constraints      : 3402 initial, 3472 maximal
  Objective        : minimize, 475 non-zeros (abs.min = 1, abs.max = 1)
Presolvers         :   ExecTime  SetupTime  Calls  FixedVars   AggrVars   ChgTypes  ChgBounds   AddHoles    DelCons    AddCons   ChgSides   ChgCoefs
  boundshift       :       0.00       0.00      0          0          0          0          0          0          0          0          0          0
  convertinttobin  :       0.00       0.00      0          0          0          0          0          0          0          0          0          0
  domcol           :       0.00       0.00      0          0          0          0          0          0          0          0          0          0
  dualagg          :       0.00       0.00      0          0          0          0          0          0          0          0          0          0
  dualcomp         :       0.00       0.00      0          0          0          0          0          0          0          0          0          0
  dualinfer        :       0.00       0.00      0          0          0          0          0          0          0          0          0          0
  gateextraction   :       0.00       0.00      0          0          0          0          0          0          0          0          0          0
  implics          :       0.00       0.00      0          0          0          0          0          0          0          0          0          0
  inttobinary      :       0.00       0.00      0          0          0          0          0          0          0          0          0          0
  qpkktref         :       0.00       0.00      0          0          0          0          0          0          0          0          0          0
  redvub           :       0.00       0.00      0          0          0          0          0          0          0          0          0          0
  sparsify         :       0.00       0.00      0          0          0          0          0          0          0          0          0          0
  stuffing         :       0.00       0.00      0          0          0          0          0          0          0          0          0          0
  symbreak         :       0.00       0.00      0          0          0          0          0          0          0          0          0          0
  symmetry         :       0.00       0.00      0          0          0          0          0          0          0          0          0          0
  trivial          :       0.00       0.00      0          0          0          0          0          0          0          0          0          0
  tworowbnd        :       0.00       0.00      0          0          0          0          0          0          0          0          0          0
  dualfix          :       0.00       0.00      0          0          0          0          0          0          0          0          0          0
  genvbounds       :       0.00       0.00      0          0          0          0          0          0          0          0          0          0
  orbitalfixing    :       0.00       0.00      0          0          0          0          0          0          0          0          0          0
  probing          :       0.00       0.00      0          0          0          0          0          0          0          0          0          0
  pseudoobj        :       0.00       0.00      0          0          0          0          0          0          0          0          0          0
  vbounds          :       0.00       0.00      0          0          0          0          0          0          0          0          0          0
  varbound         :       0.00       0.00      0          0          0          0          0          0          0          0          0          0
  linear           :       0.00       0.00      0          0          0          0          0          0          0          0          0          0
  bounddisjunction :       0.00       0.00      0          0          0          0          0          0          0          0          0          0
  benders          :       0.00       0.00      0          0          0          0          0          0          0          0          0          0
  components       :       0.00       0.00      0          0          0          0          0          0          0          0          0          0
  root node        :          -          -      -          0          -          -          0          -          -          -          -          -
Constraints        :     Number  MaxNumber  #Separate #Propagate    #EnfoLP    #EnfoRelax  #EnfoPS    #Check   #ResProp    Cutoffs    DomReds       Cuts    Applied      Conss   Children
  benderslp        :          0          0          0          0       2422          0          0        428          0          0          0          0          0          0          0
  integral         :          0          0          0          0       2422          0          0        428          0          0         58          0          0          0       4770
  varbound         :          0+      2923         21      63066          0          0          0        426          0          0        188          0          0          0          0
  linear           :          0+       481         21      63066          0          0          0          3        825         12       7574          0          0          0          0
  bounddisjunction :          0+        69          0        894          0          0          0          0          0          0          0          0          0          0          0
  benders          :          0          0          0          0          0          0          0          2          0          0          0          0          0          0          0
  countsols        :          0          0          0          0          0          0          0          2          0          0          0          0          0          0          0
  components       :          0          0          0          0          0          0          0          0          0          0          0          0          0          0          0
Constraint Timings :  TotalTime  SetupTime   Separate  Propagate     EnfoLP     EnfoPS     EnfoRelax   Check    ResProp    SB-Prop
  benderslp        :       0.00       0.00       0.00       0.00       0.00       0.00       0.00       0.00       0.00       0.00
  integral         :      53.07       0.00       0.00       0.00      53.07       0.00       0.00       0.00       0.00       0.00
  varbound         :       0.09       0.00       0.02       0.03       0.00       0.00       0.00       0.01       0.00       0.03
  linear           :       0.36       0.00       0.08       0.21       0.00       0.00       0.00       0.00       0.00       0.06
  bounddisjunction :       0.01       0.00       0.00       0.01       0.00       0.00       0.00       0.00       0.00       0.00
  benders          :       0.00       0.00       0.00       0.00       0.00       0.00       0.00       0.00       0.00       0.00
  countsols        :       0.00       0.00       0.00       0.00       0.00       0.00       0.00       0.00       0.00       0.00
  components       :       0.01       0.00       0.00       0.00       0.00       0.00       0.00       0.00       0.00       0.00
Propagators        : #Propagate   #ResProp    Cutoffs    DomReds
  dualfix          :          0          0          0          0
  genvbounds       :          0          0          0          0
  nlobbt           :          0          0          0          0
  obbt             :          0          0          0          0
  orbitalfixing    :          0          0          0          0
  probing          :          0          0          0          0
  pseudoobj        :          0          0          0          0
  redcost          :          0          0          0          0
  rootredcost      :          0          0          0          0
  vbounds          :      65488          0          0       3411
Propagator Timings :  TotalTime  SetupTime   Presolve  Propagate    ResProp    SB-Prop
  dualfix          :       0.00       0.00       0.00       0.00       0.00       0.00
  genvbounds       :       0.01       0.00       0.00       0.01       0.00       0.00
  nlobbt           :       0.00       0.00       0.00       0.00       0.00       0.00
  obbt             :       0.00       0.00       0.00       0.00       0.00       0.00
  orbitalfixing    :       0.00       0.00       0.00       0.00       0.00       0.00
  probing          :       0.00       0.00       0.00       0.00       0.00       0.00
  pseudoobj        :       0.01       0.00       0.00       0.01       0.00       0.00
  redcost          :       0.01       0.00       0.00       0.01       0.00       0.00
  rootredcost      :       0.01       0.00       0.00       0.01       0.00       0.01
  vbounds          :       0.07       0.00       0.00       0.05       0.00       0.02
Conflict Analysis  :       Time      Calls    Success    DomReds  Conflicts   Literals    Reconvs ReconvLits   Dualrays   Nonzeros   LP Iters   (pool size: [10000,10000])
  propagation      :       0.00          6          6          -          6      346.0          0        0.0          -          -          -
  infeasible LP    :       0.01          9          9          -        192       91.8          0        0.0          9      575.2          0
  bound exceed. LP :       0.00          0          0          -          0        0.0          0        0.0          0        0.0          0
  strong branching :       0.00          0          0          -          0        0.0          0        0.0          -          -          0
  pseudo solution  :       0.00          0          0          -          0        0.0          0        0.0          -          -          -
  applied globally :       0.00          -          -          0         96      103.6          -          -          9          -          -
  applied locally  :          -          -          -          0          0        0.0          -          -          0          -          -
Separators         :   ExecTime  SetupTime      Calls    Cutoffs    DomReds       Cuts    Applied      Conss
  cut pool         :       0.29                   920          -          -      26664          -          -    (maximal pool size: 12215)
  aggregation      :       0.54       0.00        323          0          0          0          0          0
  cgmip            :       0.00       0.00          0          0          0          0          0          0
  clique           :       0.00       0.00          1          0          0          0          0          0
  closecuts        :       0.00       0.00          0          0          0          0          0          0
  cmir             :       0.00       0.00          0          0          0          0       2444          0
  convexproj       :       0.00       0.00          0          0          0          0          0          0
  disjunctive      :       0.00       0.00          0          0          0          0          0          0
  eccuts           :       0.00       0.00          0          0          0          0          0          0
  flowcover        :       0.00       0.00          0          0          0          0          0          0
  gauge            :       0.00       0.00          0          0          0          0          0          0
  gomory           :       1.27       0.00        310          0          0          0       2841          0
  impliedbounds    :       0.03       0.00        323          0          0          0        671          0
  intobj           :       0.00       0.00          0          0          0          0          0          0
  mcf              :       0.00       0.00          1          0          0          0          0          0
  oddcycle         :       0.00       0.00          0          0          0          0          0          0
  rapidlearning    :       0.00       0.00          0          0          0          0          0          0
  strongcg         :       0.44       0.00         20          0          0          0       1036          0
  zerohalf         :       0.45       0.00        320          0          0          0         10          0
Pricers            :   ExecTime  SetupTime      Calls       Vars
  problem variables:       0.00          -          0          0
Branching Rules    :   ExecTime  SetupTime   BranchLP  BranchExt   BranchPS    Cutoffs    DomReds       Cuts      Conss   Children
  allfullstrong    :       0.00       0.00          0          0          0          0          0          0          0          0
  cloud            :       0.00       0.00          0          0          0          0          0          0          0          0
  distribution     :       0.00       0.00          0          0          0          0          0          0          0          0
  fullstrong       :       0.00       0.00          0          0          0          0          0          0          0          0
  inference        :       0.00       0.00          0          0          0          0          0          0          0          0
  leastinf         :       0.00       0.00          0          0          0          0          0          0          0          0
  lookahead        :       0.00       0.00          0          0          0          0          0          0          0          0
  mostinf          :       0.00       0.00          0          0          0          0          0          0          0          0
  multaggr         :       0.00       0.00          0          0          0          0          0          0          0          0
  nodereopt        :       0.47       0.00          0          0          0          0          0          0          0          0
  pscost           :       0.00       0.00          0          0          0          0          0          0          0          0
  random           :       0.00       0.00          0          0          0          0          0          0          0          0
  relpscost        :      52.59       0.00       2422          0          0          0         58          0          0       4770
Primal Heuristics  :   ExecTime  SetupTime      Calls      Found       Best
  LP solutions     :       0.00          -          -          0          0
  relax solutions  :       0.00          -          -          0          0
  pseudo solutions :       0.00          -          -          0          0
  strong branching :       0.06          -          -          0          0
  actconsdiving    :       0.00       0.00          0          0          0
  alns             :       0.20       0.00          5          0          0
  bound            :       0.00       0.00          0          0          0
  clique           :       0.00       0.00          0          0          0
  coefdiving       :       1.47       0.00         20          0          0
  completesol      :       0.00       0.00          0          0          0
  conflictdiving   :       0.00       0.00          0          0          0
  crossover        :       0.00       0.00          0          0          0
  dins             :       0.00       0.00          0          0          0
  distributiondivin:       3.66       0.00         26          0          0
  dualval          :       0.00       0.00          0          0          0
  farkasdiving     :       0.00       0.00          0          0          0
  feaspump         :       1.17       0.00          5          0          0
  fixandinfer      :       0.00       0.00          0          0          0
  fracdiving       :       1.51       0.00         24          0          0
  gins             :       0.01       0.00          0          0          0
  guideddiving     :       1.47       0.00         31          0          0
  indicator        :       0.00       0.00          0          0          0
  intdiving        :       0.00       0.00          0          0          0
  intshifting      :       0.05       0.00         16          0          0
  linesearchdiving :       1.98       0.00         71          0          0
  localbranching   :       0.00       0.00          0          0          0
  locks            :       0.01       0.00          1          0          0
  lpface           :       0.00       0.00          0          0          0
  mpec             :       0.00       0.00          0          0          0
  multistart       :       0.00       0.00          0          0          0
  mutation         :       0.00       0.00          0          0          0
  nlpdiving        :       0.00       0.00          0          0          0
  objpscostdiving  :       1.56       0.00          8          0          0
  octane           :       0.00       0.00          0          0          0
  ofins            :       0.00       0.00          0          0          0
  oneopt           :       0.00       0.00          1          0          0
  proximity        :       0.00       0.00          0          0          0
  pscostdiving     :       4.58       0.00         16          0          0
  randrounding     :       0.07       0.00        441          0          0
  rens             :       0.05       0.00          1          0          0
  reoptsols        :       0.00       0.00          1          1          1
  repair           :       0.00       0.00          0          0          0
  rins             :       1.96       0.00          5          0          0
  rootsoldiving    :       1.69       0.00          2          0          0
  rounding         :       0.14       0.00        704          0          0
  shiftandpropagate:       0.00       0.00          0          0          0
  shifting         :       1.86       0.00        363          0          0
  simplerounding   :       0.00       0.00          0          0          0
  subnlp           :       0.00       0.00          0          0          0
  trivial          :       0.00       0.00          1          0          0
  trivialnegation  :       0.00       0.00          0          0          0
  trysol           :       0.00       0.00          0          0          0
  twoopt           :       0.00       0.00          0          0          0
  undercover       :       0.00       0.00          0          0          0
  vbounds          :       0.03       0.00          1          0          0
  veclendiving     :       1.63       0.00         70          0          0
  zeroobj          :       0.00       0.00          0          0          0
  zirounding       :       0.13       0.00       1000          0          0
  other solutions  :          -          -          -          0          -
Diving Statistics  :      Calls      Nodes   LP Iters Backtracks  Conflicts   MinDepth   MaxDepth   AvgDepth  RoundSols  NLeafSols  MinSolDpt  MaxSolDpt  AvgSolDpt
  actconsdiving    :          0          -          -          -          -          -          -          -          -          -          -          -          -
  coefdiving       :         20       1994       7203          0         63         60        297      129.9          0          -          -          -          -
  conflictdiving   :          0          -          -          -          -          -          -          -          -          -          -          -          -
  distributiondivin:         26       1607       8274         16         26         26        459       95.1          0          -          -          -          -
  farkasdiving     :          0          -          -          -          -          -          -          -          -          -          -          -          -
  fracdiving       :         24       2242       6976          0         29         60        255      122.3          0          -          -          -          -
  guideddiving     :         31       2306       6228          0         55         69        280      107.5          0          -          -          -          -
  linesearchdiving :         71       3790       2799          0          0         42        142       83.5          0          -          -          -          -
  pscostdiving     :         16       1911       7591          3         28         27        456      149.6          0          -          -          -          -
  veclendiving     :         70       3124        499          0          0         42        123       72.4          0          -          -          -          -
Neighborhoods      :      Calls  SetupTime  SolveTime SolveNodes       Sols       Best       Exp3  EpsGreedy        UCB TgtFixRate  Opt  Inf Node Stal  Sol  Usr Othr Actv
  rens             :          1       0.02       0.02          1          0          0    0.00000   -1.00000    1.00000      0.700    0    1    0    0    0    0    0    1
  rins             :          1       0.02       0.01          0          0          0    0.00000   -1.00000    1.00000      0.700    0    1    0    0    0    0    0    1
  mutation         :          0       0.00       0.00          0          0          0    0.00000   -1.00000    1.00000      0.900    0    0    0    0    0    0    0    1
  localbranching   :          1       0.02       0.01          0          0          0    0.00000   -1.00000    1.00000      0.700    0    1    0    0    0    0    0    1
  crossover        :          0       0.00       0.00          0          0          0    0.00000   -1.00000    1.00000      0.900    0    0    0    0    0    0    0    1
  proximity        :          1       0.02       0.01          1          0          0    0.00000   -1.00000    1.00000      0.700    0    1    0    0    0    0    0    1
  zeroobjective    :          1       0.02       0.01          0          0          0    0.00000   -1.00000    1.00000      0.700    0    1    0    0    0    0    0    1
  dins             :          0       0.00       0.00          0          0          0    0.00000   -1.00000    1.00000      0.900    0    0    0    0    0    0    0    1
Tree Compressions  :   ExecTime  SetupTime      Calls      Found
  largestrepr      :       0.00       0.00          0          0
  weakcompr        :       0.00       0.00          0          0
LP                 :       Time      Calls Iterations  Iter/call   Iter/sec  Time-0-It Calls-0-It    ItLimit
  primal LP        :       0.95        493          0       0.00       0.00       0.95        493
  dual LP          :      13.89       3480      79655      24.13    5734.17       0.20        179
  lex dual LP      :       0.00          0          0       0.00          -
  barrier LP       :       0.00          0          0       0.00          -       0.00          0
  resolve instable :       0.00          0          0       0.00          -
  diving/probing LP:      33.72       1883      69855      37.10    2071.54
  strong branching :      28.52       4409      58210      13.20    2041.09          -          -        305
    (at root node) :          -         59        313       5.31          -
  conflict analysis:       0.00          0          0       0.00          -
B&B Tree           :
  number of runs   :          0
  nodes            :       2920 (2385 internal, 535 leaves)
  feasible leaves  :          0
  infeas. leaves   :          0
  objective leaves :        535
  nodes (total)    :       2920 (2385 internal, 535 leaves)
  nodes left       :       1851
  max depth        :         49
  max depth (total):         49
  backtracks       :        717 (24.6%)
  early backtracks :          0 (0.0%)
  nodes exc. ref.  :          0 (0.0%)
  delayed cutoffs  :          0
  repropagations   :          0 (0 domain reductions, 0 cutoffs)
  avg switch length:       7.30
  switching time   :       1.50
Root Node          :
  First LP value   : +4.15240000000000e+02
  First LP Iters   :       5439 (26962.18 Iter/sec)
  First LP Time    :       0.20
  Final Dual Bound : +4.42971895424837e+02
  Final Root Iters :      16626
  Root LP Estimate : +4.76783943946750e+02
Solution           :
  Solutions found  :          1 (1 improvements)
  First Solution   : +4.53000000000000e+02   (in run 0, after 1 nodes, 0.00 seconds, depth 0, found by <reoptsols>)
  Gap First Sol.   :   infinite
  Gap Last Sol.    :   infinite
  Primal Bound     : +4.53000000000000e+02   (in run 0, after 1 nodes, 0.00 seconds, depth 0, found by <reoptsols>)
  Dual Bound       : +4.49364063293481e+02
  Gap              :       0.81 %
  Avg. Gap         :       2.00 % (199.76 primal-dual integral)
NoError here ! 
./script6: line 19: 19106 Segmentation fault      (core dumped) ./repair/build/repair $file $i $u $k $gap

real	1m48.388s
user	1m37.073s
sys	0m10.515s
