parameters: neos-3381206-awhea_10_1_3_0.300000 

SCIP version 6.0.1 [precision: 8 byte] [memory: block] [mode: optimized] [LP solver: SoPlex 4.0.1] [GitHash: a27ecc0]
Copyright (C) 2002-2019 Konrad-Zuse-Zentrum fuer Informationstechnik Berlin (ZIB)

read problem <instances/neos-3381206-awhea.mps> ...

original problem has 2375 variables (475 bin, 1900 int, 0 impl, 0 cont) and 479 constraints
read solution <10solution/neos-3381206-awhea_1.sol> ...

check the feasibility of <10solution/neos-3381206-awhea_1.sol> for problem <instances/neos-3381206-awhea.mps> ...

  [linear] <R0008>:  -100<C0004>[B] (+0) +45<C0479>[I] (+0) +36<C0954>[I] (+1) +31<C1429>[I] (+2) +14<C1904>[I] (+0) <= 0;
;
violation: right hand side is violated by 98
  [linear] <R0042>:  -100<C0038>[B] (+0) +45<C0513>[I] (+0) +36<C0988>[I] (+2) +31<C1463>[I] (+0) +14<C1938>[I] (+2) <= 0;
;
violation: right hand side is violated by 100
  [linear] <R0044>:  -100<C0040>[B] (+0) +45<C0515>[I] (+0) +36<C0990>[I] (+1) +31<C1465>[I] (+2) +14<C1940>[I] (+0) <= 0;
;
violation: right hand side is violated by 98
  [linear] <R0048>:  -100<C0044>[B] (+0) +45<C0519>[I] (+0) +36<C0994>[I] (+1) +31<C1469>[I] (+2) +14<C1944>[I] (+0) <= 0;
;
violation: right hand side is violated by 98
  [linear] <R0053>:  -100<C0049>[B] (+0) +45<C0524>[I] (+0) +36<C0999>[I] (+2) +31<C1474>[I] (+0) +14<C1949>[I] (+2) <= 0;
;
violation: right hand side is violated by 100
  [linear] <R0056>:  -100<C0052>[B] (+0) +45<C0527>[I] (+0) +36<C1002>[I] (+2) +31<C1477>[I] (+0) +14<C1952>[I] (+0) <= 0;
;
violation: right hand side is violated by 72
  [linear] <R0067>:  -100<C0063>[B] (+0) +45<C0538>[I] (+0) +36<C1013>[I] (+2) +31<C1488>[I] (+0) +14<C1963>[I] (+2) <= 0;
;
violation: right hand side is violated by 100
  [linear] <R0075>:  -100<C0071>[B] (+0) +45<C0546>[I] (+2) +36<C1021>[I] (+0) +31<C1496>[I] (+0) +14<C1971>[I] (+0) <= 0;
;
violation: right hand side is violated by 90
  [linear] <R0128>:  -100<C0124>[B] (+0) +45<C0599>[I] (+0) +36<C1074>[I] (+2) +31<C1549>[I] (+0) +14<C2024>[I] (+0) <= 0;
;
violation: right hand side is violated by 72
  [linear] <R0135>:  -100<C0131>[B] (+0) +45<C0606>[I] (+2) +36<C1081>[I] (+0) +31<C1556>[I] (+0) +14<C2031>[I] (+0) <= 0;
;
violation: right hand side is violated by 90
  [linear] <R0140>:  -100<C0136>[B] (+0) +45<C0611>[I] (+0) +36<C1086>[I] (+1) +31<C1561>[I] (+2) +14<C2036>[I] (+0) <= 0;
;
violation: right hand side is violated by 98
  [linear] <R0158>:  -100<C0154>[B] (+0) +45<C0629>[I] (+0) +36<C1104>[I] (+2) +31<C1579>[I] (+0) +14<C2054>[I] (+2) <= 0;
;
violation: right hand side is violated by 100
  [linear] <R0161>:  -100<C0157>[B] (+0) +45<C0632>[I] (+0) +36<C1107>[I] (+2) +31<C1582>[I] (+0) +14<C2057>[I] (+2) <= 0;
;
violation: right hand side is violated by 100
  [linear] <R0174>:  -100<C0170>[B] (+0) +45<C0645>[I] (+0) +36<C1120>[I] (+2) +31<C1595>[I] (+0) +14<C2070>[I] (+2) <= 0;
;
violation: right hand side is violated by 100
  [linear] <R0179>:  -100<C0175>[B] (+0) +45<C0650>[I] (+0) +36<C1125>[I] (+1) +31<C1600>[I] (+2) +14<C2075>[I] (+0) <= 0;
;
violation: right hand side is violated by 98
  [linear] <R0181>:  -100<C0177>[B] (+0) +45<C0652>[I] (+0) +36<C1127>[I] (+2) +31<C1602>[I] (+0) +14<C2077>[I] (+2) <= 0;
;
violation: right hand side is violated by 100
  [linear] <R0183>:  -100<C0179>[B] (+0) +45<C0654>[I] (+0) +36<C1129>[I] (+0) +31<C1604>[I] (+3) +14<C2079>[I] (+0) <= 0;
;
violation: right hand side is violated by 93
  [linear] <R0197>:  -100<C0193>[B] (+0) +45<C0668>[I] (+0) +36<C1143>[I] (+2) +31<C1618>[I] (+0) +14<C2093>[I] (+0) <= 0;
;
violation: right hand side is violated by 72
  [linear] <R0217>:  -100<C0213>[B] (+0) +45<C0688>[I] (+0) +36<C1163>[I] (+2) +31<C1638>[I] (+0) +14<C2113>[I] (+0) <= 0;
;
violation: right hand side is violated by 72
  [linear] <R0223>:  -100<C0219>[B] (+0) +45<C0694>[I] (+0) +36<C1169>[I] (+2) +31<C1644>[I] (+0) +14<C2119>[I] (+0) <= 0;
;
violation: right hand side is violated by 72
  [linear] <R0224>:  -100<C0220>[B] (+0) +45<C0695>[I] (+0) +36<C1170>[I] (+1) +31<C1645>[I] (+2) +14<C2120>[I] (+0) <= 0;
;
violation: right hand side is violated by 98
  [linear] <R0227>:  -100<C0223>[B] (+0) +45<C0698>[I] (+0) +36<C1173>[I] (+1) +31<C1648>[I] (+2) +14<C2123>[I] (+0) <= 0;
;
violation: right hand side is violated by 98
  [linear] <R0241>:  -100<C0237>[B] (+0) +45<C0712>[I] (+0) +36<C1187>[I] (+1) +31<C1662>[I] (+2) +14<C2137>[I] (+0) <= 0;
;
violation: right hand side is violated by 98
  [linear] <R0243>:  -100<C0239>[B] (+0) +45<C0714>[I] (+0) +36<C1189>[I] (+2) +31<C1664>[I] (+0) +14<C2139>[I] (+0) <= 0;
;
violation: right hand side is violated by 72
  [linear] <R0250>:  -100<C0246>[B] (+0) +45<C0721>[I] (+0) +36<C1196>[I] (+2) +31<C1671>[I] (+0) +14<C2146>[I] (+2) <= 0;
;
violation: right hand side is violated by 100
  [linear] <R0251>:  -100<C0247>[B] (+0) +45<C0722>[I] (+0) +36<C1197>[I] (+2) +31<C1672>[I] (+0) +14<C2147>[I] (+2) <= 0;
;
violation: right hand side is violated by 100
  [linear] <R0253>:  -100<C0249>[B] (+0) +45<C0724>[I] (+0) +36<C1199>[I] (+2) +31<C1674>[I] (+0) +14<C2149>[I] (+0) <= 0;
;
violation: right hand side is violated by 72
  [linear] <R0257>:  -100<C0253>[B] (+0) +45<C0728>[I] (+0) +36<C1203>[I] (+1) +31<C1678>[I] (+2) +14<C2153>[I] (+0) <= 0;
;
violation: right hand side is violated by 98
  [linear] <R0261>:  -100<C0257>[B] (+0) +45<C0732>[I] (+0) +36<C1207>[I] (+1) +31<C1682>[I] (+2) +14<C2157>[I] (+0) <= 0;
;
violation: right hand side is violated by 98
  [linear] <R0293>:  -100<C0289>[B] (+0) +45<C0764>[I] (+0) +36<C1239>[I] (+2) +31<C1714>[I] (+0) +14<C2189>[I] (+2) <= 0;
;
violation: right hand side is violated by 100
  [linear] <R0299>:  -100<C0295>[B] (+0) +45<C0770>[I] (+0) +36<C1245>[I] (+2) +31<C1720>[I] (+0) +14<C2195>[I] (+2) <= 0;
;
violation: right hand side is violated by 100
  [linear] <R0310>:  -100<C0306>[B] (+0) +45<C0781>[I] (+0) +36<C1256>[I] (+1) +31<C1731>[I] (+2) +14<C2206>[I] (+0) <= 0;
;
violation: right hand side is violated by 98
  [linear] <R0322>:  -100<C0318>[B] (+0) +45<C0793>[I] (+0) +36<C1268>[I] (+2) +31<C1743>[I] (+0) +14<C2218>[I] (+0) <= 0;
;
violation: right hand side is violated by 72
  [linear] <R0337>:  -100<C0333>[B] (+0) +45<C0808>[I] (+0) +36<C1283>[I] (+2) +31<C1758>[I] (+0) +14<C2233>[I] (+0) <= 0;
;
violation: right hand side is violated by 72
  [linear] <R0340>:  -100<C0336>[B] (+0) +45<C0811>[I] (+0) +36<C1286>[I] (+2) +31<C1761>[I] (+0) +14<C2236>[I] (+0) <= 0;
;
violation: right hand side is violated by 72
  [linear] <R0359>:  -100<C0355>[B] (+0) +45<C0830>[I] (+0) +36<C1305>[I] (+2) +31<C1780>[I] (+0) +14<C2255>[I] (+0) <= 0;
;
violation: right hand side is violated by 72
  [linear] <R0368>:  -100<C0364>[B] (+0) +45<C0839>[I] (+0) +36<C1314>[I] (+1) +31<C1789>[I] (+2) +14<C2264>[I] (+0) <= 0;
;
violation: right hand side is violated by 98
  [linear] <R0377>:  -100<C0373>[B] (+0) +45<C0848>[I] (+2) +36<C1323>[I] (+0) +31<C1798>[I] (+0) +14<C2273>[I] (+0) <= 0;
;
violation: right hand side is violated by 90
  [linear] <R0388>:  -100<C0384>[B] (+0) +45<C0859>[I] (+0) +36<C1334>[I] (+1) +31<C1809>[I] (+2) +14<C2284>[I] (+0) <= 0;
;
violation: right hand side is violated by 98
  [linear] <R0392>:  -100<C0388>[B] (+0) +45<C0863>[I] (+0) +36<C1338>[I] (+2) +31<C1813>[I] (+0) +14<C2288>[I] (+0) <= 0;
;
violation: right hand side is violated by 72
  [linear] <R0393>:  -100<C0389>[B] (+0) +45<C0864>[I] (+0) +36<C1339>[I] (+1) +31<C1814>[I] (+2) +14<C2289>[I] (+0) <= 0;
;
violation: right hand side is violated by 98
  [linear] <R0394>:  -100<C0390>[B] (+0) +45<C0865>[I] (+0) +36<C1340>[I] (+1) +31<C1815>[I] (+2) +14<C2290>[I] (+0) <= 0;
;
violation: right hand side is violated by 98
  [linear] <R0405>:  -100<C0401>[B] (+0) +45<C0876>[I] (+0) +36<C1351>[I] (+2) +31<C1826>[I] (+0) +14<C2301>[I] (+2) <= 0;
;
violation: right hand side is violated by 100
  [linear] <R0416>:  -100<C0412>[B] (+0) +45<C0887>[I] (+0) +36<C1362>[I] (+1) +31<C1837>[I] (+2) +14<C2312>[I] (+0) <= 0;
;
violation: right hand side is violated by 98
  [linear] <R0418>:  -100<C0414>[B] (+0) +45<C0889>[I] (+2) +36<C1364>[I] (+0) +31<C1839>[I] (+0) +14<C2314>[I] (+0) <= 0;
;
violation: right hand side is violated by 90
  [linear] <R0430>:  -100<C0426>[B] (+0) +45<C0901>[I] (+0) +36<C1376>[I] (+2) +31<C1851>[I] (+0) +14<C2326>[I] (+0) <= 0;
;
violation: right hand side is violated by 72
  [linear] <R0449>:  -100<C0445>[B] (+0) +45<C0920>[I] (+0) +36<C1395>[I] (+2) +31<C1870>[I] (+0) +14<C2345>[I] (+2) <= 0;
;
violation: right hand side is violated by 100
  [linear] <R0454>:  -100<C0450>[B] (+0) +45<C0925>[I] (+0) +36<C1400>[I] (+1) +31<C1875>[I] (+2) +14<C2350>[I] (+0) <= 0;
;
violation: right hand side is violated by 98
  [linear] <R0471>:  -100<C0467>[B] (+0) +45<C0942>[I] (+1) +36<C1417>[I] (+1) +31<C1892>[I] (+0) +14<C2367>[I] (+0) <= 0;
;
violation: right hand side is violated by 81
  [linear] <R0472>:  -100<C0468>[B] (+0) +45<C0943>[I] (+0) +36<C1418>[I] (+2) +31<C1893>[I] (+0) +14<C2368>[I] (+2) <= 0;
;
violation: right hand side is violated by 100
The solution <10solution/neos-3381206-awhea_1.sol> is not feasible to <instances/neos-3381206-awhea.mps> 

Tring to reoptimize the problem <instances/neos-3381206-awhea.mps> ...  

obj = 403.000000, k = 3, alpha = 403.000000 

n = 2375 

Start to add variable y and new constraints 

y have been released ! 

Finish to create the y and constraint ! 

n = 2375,  j = 2375 ! 

set all parameters to default! 

Reoptimization is enabled! 

Reoptimization parameter have been setted ! 

Stop parameter have been setted ! 

Memory for coefs have allocated ! 

Coefficients have been captured ! 

alpha = 403.000000, n = 4750, j = 2375, m = 3 
This is the 1-th iteration ! 

presolving:
(round 1, fast)       0 del vars, 1827 del conss, 0 add conss, 0 chg bounds, 0 chg sides, 0 chg coeffs, 0 upgd conss, 0 impls, 0 clqs
(round 2, exhaustive) 0 del vars, 1827 del conss, 0 add conss, 0 chg bounds, 0 chg sides, 0 chg coeffs, 2923 upgd conss, 0 impls, 0 clqs
   (0.1s) probing cycle finished: starting next cycle
presolving (3 rounds: 3 fast, 2 medium, 2 exhaustive):
 0 deleted vars, 1827 deleted constraints, 0 added constraints, 0 tightened bounds, 0 added holes, 0 changed sides, 0 changed coefficients
 3157 implications, 0 cliques
presolved problem has 4750 variables (475 bin, 1900 int, 0 impl, 2375 cont) and 3402 constraints
   2923 constraints of type <varbound>
    479 constraints of type <linear>
Presolving Time: 0.12

 time | node  | left  |LP iter|LP it/n| mem |mdpt |frac |vars |cons |cols |rows |cuts |confs|strbr|  dualbound   | primalbound  |  gap   
  0.4s|     1 |     0 |  3451 |     - |  32M|   0 |  36 |4750 |3402 |4750 |3402 |   0 |   1 |   0 | 1.872844e+04 |      --      |    Inf 
F 0.4s|     1 |     0 |  4266 |     - |  32M|   0 |   0 |4750 |3402 |4750 |3402 |   0 |   1 |   0 | 1.872844e+04 | 2.060300e+04 |  10.01%

SCIP Status        : solving was interrupted [gap limit reached]
Solving Time (sec) : 0.41 (over 1 runs: 0.41)
Solving Nodes      : 1 (0 reactivated)
Primal Bound       : +2.06030000000000e+04 (1 solutions)
Dual Bound         : +1.87284400000000e+04
Gap                : 10.01 %
Coefs have been resetted!! 

Problem have been changed !! 

alpha = 268.666667, n = 4750, j = 2375, m = 2 
This is the 2-th iteration ! 

new objective has similarity of 1 compared to previous.

 time | node  | left  |LP iter|LP it/n| mem |mdpt |frac |vars |cons |cols |rows |cuts |confs|strbr|  dualbound   | primalbound  |  gap   
J 0.0s|     1 |     0 |     0 |     - |  31M|   0 |   - |4750 |3402 |   0 |   0 |   0 |   1 |   0 | 0.000000e+00 | 1.388633e+04 |    Inf 
  0.1s|     1 |     2 |     0 |     - |  31M|   0 |   - |4750 |3402 |   0 |   0 |   0 |   2 |   0 | 0.000000e+00 | 1.388633e+04 |    Inf 

SCIP Status        : solving was interrupted [gap limit reached]
Solving Time (sec) : 2.90 (over 2 runs: 3.32)
Solving Nodes      : 10 (0 reactivated)
Primal Bound       : +1.38863333333333e+04 (1 solutions)
Dual Bound         : +1.31724133333333e+04
Gap                : 5.42 %
Coefs have been resetted!! 

Problem have been changed !! 

alpha = 89.555556, n = 4750, j = 2375, m = 1 
This is the 3-th iteration ! 

new objective has similarity of 0.999994 compared to previous.

 time | node  | left  |LP iter|LP it/n| mem |mdpt |frac |vars |cons |cols |rows |cuts |confs|strbr|  dualbound   | primalbound  |  gap   
J 0.0s|     1 |     0 |     0 |     - |  34M|   0 |   - |4750 |3402 |   0 |   0 |   0 |   2 |   0 | 0.000000e+00 | 4.930778e+03 |    Inf 
  0.1s|     1 |     8 |     0 |     - |  34M|   0 |   - |4750 |3402 |   0 |   0 |   0 |   3 |   0 | 0.000000e+00 | 4.930778e+03 |    Inf 

SCIP Status        : solving was interrupted [gap limit reached]
Solving Time (sec) : 2.89 (over 3 runs: 6.21)
Solving Nodes      : 11 (8 reactivated)
Primal Bound       : +4.93077777777778e+03 (1 solutions)
Dual Bound         : +4.92896666666667e+03
Gap                : 0.04 %
Coefs have been resetted!! 

Problem have been changed !! 

This is the last iteration 


alpha = 0.000000  
new objective has similarity of 0.00499364 compared to previous.

 time | node  | left  |LP iter|LP it/n| mem |mdpt |frac |vars |cons |cols |rows |cuts |confs|strbr|  dualbound   | primalbound  |  gap   
J 0.0s|     1 |     0 |     0 |     - |  34M|   0 |   - |4750 |3402 |   0 |   0 |   0 |   3 |   0 | 0.000000e+00 | 4.530000e+02 |    Inf 
  0.2s|     1 |     0 |  4394 |     - |  34M|   0 | 422 |4750 |3402 |4750 |3402 |   0 |   4 |   0 | 4.152400e+02 | 4.530000e+02 |   9.09%
  0.3s|     1 |     0 |  4450 |     - |  35M|   0 | 426 |4750 |3402 |4750 |3408 |   6 |   4 |   0 | 4.152400e+02 | 4.530000e+02 |   9.09%
  0.5s|     1 |     0 |  6267 |     - |  36M|   0 | 554 |4750 |3402 |4750 |3686 | 284 |   4 |   0 | 4.152400e+02 | 4.530000e+02 |   9.09%
  0.7s|     1 |     0 |  7115 |     - |  37M|   0 | 597 |4750 |3402 |4750 |3863 | 461 |   4 |   0 | 4.152400e+02 | 4.530000e+02 |   9.09%
  0.8s|     1 |     0 |  7588 |     - |  37M|   0 | 629 |4750 |3402 |4750 |3942 | 540 |   4 |   0 | 4.152400e+02 | 4.530000e+02 |   9.09%
  0.9s|     1 |     0 |  8178 |     - |  38M|   0 | 598 |4750 |3402 |4750 |4153 | 751 |   4 |   0 | 4.152400e+02 | 4.530000e+02 |   9.09%
  1.0s|     1 |     0 |  8787 |     - |  38M|   0 | 534 |4750 |3402 |4750 |4273 | 871 |   4 |   0 | 4.152400e+02 | 4.530000e+02 |   9.09%
  1.1s|     1 |     0 |  9450 |     - |  40M|   0 | 645 |4750 |3402 |4750 |4388 | 986 |   4 |   0 | 4.152400e+02 | 4.530000e+02 |   9.09%
  1.3s|     1 |     0 | 10326 |     - |  41M|   0 | 680 |4750 |3402 |4750 |4556 |1154 |   4 |   0 | 4.152400e+02 | 4.530000e+02 |   9.09%
  1.4s|     1 |     0 | 11595 |     - |  42M|   0 | 648 |4750 |3402 |4750 |4699 |1297 |   4 |   0 | 4.152400e+02 | 4.530000e+02 |   9.09%
  1.6s|     1 |     0 | 13019 |     - |  43M|   0 | 715 |4750 |3402 |4750 |4854 |1452 |   4 |   0 | 4.180091e+02 | 4.530000e+02 |   8.37%
  1.7s|     1 |     0 | 13357 |     - |  43M|   0 | 650 |4750 |3402 |4750 |4968 |1568 |   4 |   0 | 4.238618e+02 | 4.530000e+02 |   6.87%
  1.8s|     1 |     0 | 13849 |     - |  45M|   0 | 428 |4750 |3402 |4750 |5214 |1814 |   4 |   0 | 4.320417e+02 | 4.530000e+02 |   4.85%
  1.9s|     1 |     0 | 14238 |     - |  46M|   0 | 275 |4750 |3402 |4750 |5352 |1952 |   4 |   0 | 4.405725e+02 | 4.530000e+02 |   2.82%
 time | node  | left  |LP iter|LP it/n| mem |mdpt |frac |vars |cons |cols |rows |cuts |confs|strbr|  dualbound   | primalbound  |  gap   
  1.9s|     1 |     0 | 14364 |     - |  46M|   0 | 243 |4750 |3402 |4750 |5436 |2036 |   4 |   0 | 4.424430e+02 | 4.530000e+02 |   2.39%
  2.0s|     1 |     0 | 14504 |     - |  47M|   0 | 198 |4750 |3402 |4750 |5462 |2062 |   4 |   0 | 4.435676e+02 | 4.530000e+02 |   2.13%
  2.0s|     1 |     0 | 14570 |     - |  47M|   0 | 126 |4750 |3402 |4750 |5512 |2112 |   4 |   0 | 4.436425e+02 | 4.530000e+02 |   2.11%
  2.1s|     1 |     0 | 14585 |     - |  48M|   0 | 115 |4750 |3402 |4750 |5127 |2120 |   4 |   0 | 4.437925e+02 | 4.530000e+02 |   2.07%
  2.1s|     1 |     0 | 14589 |     - |  48M|   0 | 109 |4750 |3402 |4750 |5130 |2123 |   4 |   0 | 4.437925e+02 | 4.530000e+02 |   2.07%
  2.6s|     1 |     8 | 15565 |     - |  49M|   0 | 102 |4750 |3402 |4750 |5130 |2123 |   4 |  23 | 4.438453e+02 | 4.530000e+02 |   2.06%
 16.6s|   100 |   107 | 33116 | 187.1 |  67M|  15 | 133 |4750 |3423 |4750 |4280 |2728 |  24 | 920 | 4.438453e+02 | 4.530000e+02 |   2.06%
 23.0s|   200 |   207 | 44834 | 152.0 |  76M|  25 |  89 |4750 |3442 |4750 |4274 |2962 |  44 |1191 | 4.438453e+02 | 4.530000e+02 |   2.06%
 30.5s|   300 |   307 | 60213 | 152.6 |  77M|  28 | 125 |4750 |3442 |4750 |4283 |3053 |  44 |1281 | 4.462964e+02 | 4.530000e+02 |   1.50%
 36.0s|   400 |   407 | 76304 | 154.7 |  81M|  28 |  93 |4750 |3452 |4750 |4276 |3333 |  54 |1379 | 4.463271e+02 | 4.530000e+02 |   1.50%
 38.1s|   500 |   507 | 82199 | 135.5 |  82M|  29 | 116 |4750 |3463 |4750 |4291 |3523 |  64 |1404 | 4.464017e+02 | 4.530000e+02 |   1.48%
 39.9s|   600 |   607 | 85398 | 118.2 |  83M|  31 | 118 |4750 |3461 |4750 |4296 |3593 |  64 |1454 | 4.464659e+02 | 4.530000e+02 |   1.46%
 41.7s|   700 |   707 | 89989 | 107.9 |  84M|  31 | 109 |4750 |3470 |4750 |4299 |3662 |  74 |1471 | 4.465263e+02 | 4.530000e+02 |   1.45%
 43.0s|   800 |   807 | 93045 |  98.2 |  86M|  32 | 116 |4750 |3467 |4750 |4298 |3814 |  74 |1498 | 4.465771e+02 | 4.530000e+02 |   1.44%
 44.3s|   900 |   907 | 95648 |  90.2 |  86M|  32 | 107 |4750 |3459 |4750 |4299 |3912 |  74 |1535 | 4.466922e+02 | 4.530000e+02 |   1.41%
 time | node  | left  |LP iter|LP it/n| mem |mdpt |frac |vars |cons |cols |rows |cuts |confs|strbr|  dualbound   | primalbound  |  gap   
 45.8s|  1000 |  1007 | 98359 |  83.9 |  87M|  32 |  92 |4750 |3457 |4750 |4291 |4126 |  74 |1577 | 4.467425e+02 | 4.530000e+02 |   1.40%
 47.2s|  1100 |  1107 |101340 |  78.9 |  87M|  32 |  96 |4750 |3457 |4750 |4295 |4259 |  74 |1590 | 4.468325e+02 | 4.530000e+02 |   1.38%
 49.0s|  1200 |  1207 |105663 |  76.0 |  88M|  32 |  98 |4750 |3454 |4750 |4294 |4323 |  74 |1626 | 4.468946e+02 | 4.530000e+02 |   1.37%
 50.3s|  1300 |  1307 |108539 |  72.3 |  90M|  32 | 110 |4750 |3452 |4750 |4300 |4375 |  74 |1665 | 4.469721e+02 | 4.530000e+02 |   1.35%
 51.9s|  1400 |  1407 |111120 |  69.0 |  90M|  32 |  88 |4750 |3451 |4750 |4289 |4421 |  74 |1707 | 4.470483e+02 | 4.530000e+02 |   1.33%
 54.3s|  1500 |  1507 |115506 |  67.3 |  91M|  32 | 100 |4750 |3451 |4750 |4294 |4554 |  74 |1758 | 4.471585e+02 | 4.530000e+02 |   1.31%
 55.9s|  1600 |  1607 |118760 |  65.1 |  91M|  32 |  88 |4750 |3450 |4750 |4296 |4660 |  74 |1794 | 4.473226e+02 | 4.530000e+02 |   1.27%
 57.0s|  1700 |  1707 |121352 |  62.8 |  92M|  32 | 106 |4750 |3450 |4750 |4303 |4743 |  74 |1807 | 4.473902e+02 | 4.530000e+02 |   1.25%
 58.2s|  1800 |  1807 |124247 |  61.0 |  92M|  32 |  75 |4750 |3445 |4750 |4295 |4823 |  74 |1827 | 4.474530e+02 | 4.530000e+02 |   1.24%
 59.5s|  1900 |  1907 |126626 |  59.0 |  93M|  32 |  68 |4750 |3438 |4750 |4299 |4980 |  74 |1850 | 4.475308e+02 | 4.530000e+02 |   1.22%
 60.7s|  2000 |  2007 |128583 |  57.0 |  94M|  33 | 123 |4750 |3438 |4750 |4303 |5092 |  74 |1877 | 4.475741e+02 | 4.530000e+02 |   1.21%
 62.2s|  2100 |  2107 |131985 |  55.9 |  95M|  33 |  94 |4750 |3437 |4750 |4295 |5135 |  74 |1893 | 4.476124e+02 | 4.530000e+02 |   1.20%
 63.1s|  2200 |  2207 |133925 |  54.3 |  95M|  33 |  78 |4750 |3437 |4750 |4303 |5217 |  74 |1904 | 4.476620e+02 | 4.530000e+02 |   1.19%
 64.3s|  2300 |  2307 |136507 |  53.0 |  95M|  34 | 123 |4750 |3436 |4750 |4297 |5325 |  74 |1918 | 4.477443e+02 | 4.530000e+02 |   1.17%
 65.1s|  2400 |  2407 |138193 |  51.5 |  96M|  35 |  78 |4750 |3436 |4750 |4302 |5381 |  74 |1921 | 4.477828e+02 | 4.530000e+02 |   1.17%
 time | node  | left  |LP iter|LP it/n| mem |mdpt |frac |vars |cons |cols |rows |cuts |confs|strbr|  dualbound   | primalbound  |  gap   
 66.5s|  2500 |  2507 |140951 |  50.6 |  96M|  35 |  67 |4750 |3436 |4750 |4292 |5448 |  74 |1925 | 4.477956e+02 | 4.530000e+02 |   1.16%
 68.2s|  2600 |  2607 |145482 |  50.4 |  96M|  35 |  90 |4750 |3436 |4750 |4300 |5511 |  74 |1942 | 4.478215e+02 | 4.530000e+02 |   1.16%
 68.9s|  2700 |  2707 |147203 |  49.1 |  96M|  35 |  88 |4750 |3436 |4750 |4304 |5558 |  74 |1948 | 4.478639e+02 | 4.530000e+02 |   1.15%
 69.5s|  2800 |  2807 |148404 |  47.8 |  96M|  35 | 101 |4750 |3436 |4750 |4301 |5593 |  74 |1949 | 4.478839e+02 | 4.530000e+02 |   1.14%
 70.4s|  2900 |  2907 |150534 |  46.9 |  96M|  35 |  88 |4750 |3435 |4750 |4296 |5659 |  74 |1953 | 4.479229e+02 | 4.530000e+02 |   1.13%
 71.2s|  3000 |  3007 |152179 |  45.9 |  96M|  35 |  80 |4750 |3435 |4750 |4299 |5729 |  74 |1955 | 4.479469e+02 | 4.530000e+02 |   1.13%
 72.5s|  3100 |  3107 |155704 |  45.5 |  96M|  35 | 112 |4750 |3435 |4750 |4312 |5828 |  74 |1973 | 4.479839e+02 | 4.530000e+02 |   1.12%
 73.8s|  3200 |  3207 |158138 |  44.9 |  96M|  35 |  95 |4750 |3435 |4750 |4312 |5881 |  74 |1986 | 4.480038e+02 | 4.530000e+02 |   1.12%
 75.0s|  3300 |  3307 |160345 |  44.2 |  97M|  35 |  76 |4750 |3435 |4750 |4292 |6006 |  74 |2017 | 4.480119e+02 | 4.530000e+02 |   1.11%
 76.0s|  3400 |  3407 |162625 |  43.6 |  97M|  35 | 102 |4750 |3435 |4750 |4301 |6090 |  74 |2036 | 4.480409e+02 | 4.530000e+02 |   1.11%
 77.0s|  3500 |  3507 |165065 |  43.0 | 100M|  35 | 115 |4750 |3446 |4750 |4297 |6126 |  84 |2039 | 4.480721e+02 | 4.530000e+02 |   1.10%
 78.3s|  3600 |  3607 |167785 |  42.6 | 100M|  35 |  84 |4750 |3445 |4750 |4292 |6235 |  84 |2068 | 4.480842e+02 | 4.530000e+02 |   1.10%
 79.2s|  3700 |  3707 |169596 |  41.9 | 100M|  38 |  80 |4750 |3445 |4750 |4301 |6334 |  84 |2078 | 4.481043e+02 | 4.530000e+02 |   1.09%
 80.4s|  3800 |  3807 |171438 |  41.3 | 102M|  38 |  73 |4750 |3443 |4750 |4309 |6460 |  84 |2094 | 4.481267e+02 | 4.530000e+02 |   1.09%
 81.6s|  3900 |  3907 |174044 |  40.9 | 102M|  38 |  71 |4750 |3443 |4750 |4293 |6502 |  84 |2096 | 4.481350e+02 | 4.530000e+02 |   1.09%
 time | node  | left  |LP iter|LP it/n| mem |mdpt |frac |vars |cons |cols |rows |cuts |confs|strbr|  dualbound   | primalbound  |  gap   
 82.7s|  4000 |  4007 |176313 |  40.4 | 103M|  43 |  55 |4750 |3441 |4750 |4335 |6677 |  84 |2110 | 4.481460e+02 | 4.530000e+02 |   1.08%
 83.5s|  4100 |  4107 |178259 |  39.9 | 103M|  43 |  90 |4750 |3441 |4750 |4298 |6771 |  84 |2118 | 4.481460e+02 | 4.530000e+02 |   1.08%
 84.5s|  4200 |  4207 |180234 |  39.4 | 103M|  43 |  62 |4750 |3438 |4750 |4306 |6843 |  84 |2137 | 4.481460e+02 | 4.530000e+02 |   1.08%
 85.4s|  4300 |  4307 |182452 |  39.0 | 104M|  44 |  75 |4750 |3438 |4750 |4315 |6886 |  84 |2143 | 4.481460e+02 | 4.530000e+02 |   1.08%
 86.3s|  4400 |  4407 |184546 |  38.6 | 104M|  44 |  80 |4750 |3438 |4750 |4312 |6953 |  84 |2156 | 4.481460e+02 | 4.530000e+02 |   1.08%
 87.1s|  4500 |  4507 |186279 |  38.2 | 104M|  44 |  88 |4750 |3437 |4750 |4312 |7003 |  84 |2159 | 4.481460e+02 | 4.530000e+02 |   1.08%
 87.9s|  4600 |  4607 |188005 |  37.7 | 105M|  44 |  68 |4750 |3437 |4750 |4300 |7064 |  84 |2163 | 4.481460e+02 | 4.530000e+02 |   1.08%
 88.8s|  4700 |  4707 |190341 |  37.4 | 105M|  44 |  96 |4750 |3437 |4750 |4298 |7114 |  84 |2174 | 4.481460e+02 | 4.530000e+02 |   1.08%
 89.8s|  4800 |  4807 |192332 |  37.0 | 106M|  44 |  63 |4750 |3437 |4750 |4299 |7177 |  84 |2185 | 4.481460e+02 | 4.530000e+02 |   1.08%
 91.1s|  4900 |  4907 |195088 |  36.8 | 106M|  44 |  97 |4750 |3437 |4750 |4298 |7228 |  84 |2212 | 4.481460e+02 | 4.530000e+02 |   1.08%
 92.1s|  5000 |  5007 |197301 |  36.5 | 106M|  44 |  94 |4750 |3437 |4750 |4312 |7266 |  84 |2225 | 4.481460e+02 | 4.530000e+02 |   1.08%
 92.8s|  5100 |  5107 |198842 |  36.1 | 107M|  44 | 101 |4750 |3437 |4750 |4315 |7311 |  84 |2229 | 4.481460e+02 | 4.530000e+02 |   1.08%
 95.2s|  5200 |  5207 |203423 |  36.3 | 107M|  44 | 102 |4750 |3437 |4750 |4311 |7352 |  84 |2253 | 4.481460e+02 | 4.530000e+02 |   1.08%
 96.5s|  5300 |  5307 |206202 |  36.2 | 107M|  44 |  80 |4750 |3437 |4750 |4307 |7431 |  84 |2286 | 4.481460e+02 | 4.530000e+02 |   1.08%
 97.4s|  5400 |  5407 |208015 |  35.8 | 107M|  44 |  81 |4750 |3437 |4750 |4296 |7474 |  84 |2302 | 4.481460e+02 | 4.530000e+02 |   1.08%
 time | node  | left  |LP iter|LP it/n| mem |mdpt |frac |vars |cons |cols |rows |cuts |confs|strbr|  dualbound   | primalbound  |  gap   
 99.0s|  5500 |  5507 |212109 |  35.9 | 107M|  44 |  51 |4750 |3437 |4750 |4301 |7563 |  84 |2309 | 4.481460e+02 | 4.530000e+02 |   1.08%
 99.8s|  5600 |  5607 |213669 |  35.6 | 108M|  44 |  62 |4750 |3437 |4750 |4313 |7633 |  84 |2319 | 4.481460e+02 | 4.530000e+02 |   1.08%

SCIP Status        : solving was interrupted [time limit reached]
Solving Time (sec) : 100.03 (over 4 runs: 106.24)
Solving Nodes      : 5624 (12 reactivated)
Primal Bound       : +4.53000000000000e+02 (1 solutions)
Dual Bound         : +4.48145950870521e+02
Gap                : 1.08 %
SCIP Status        : solving was interrupted [time limit reached]
Total Time         :     100.03
  solving          :     100.03
  presolving       :       0.00 (included in solving)
  reading          :       0.01
  copying          :       0.15 (12 #copies) (minimal 0.01, maximal 0.01, average 0.01)
Original Problem   :
  Problem name     : neos-3381206-awhea
  Variables        : 4750 (475 binary, 1900 integer, 0 implicit integer, 2375 continuous)
  Constraints      : 5229 initial, 5229 maximal
  Objective        : minimize, 475 non-zeros (abs.min = 1, abs.max = 1)
Presolved Problem  :
  Problem name     : t_neos-3381206-awhea
  Variables        : 4750 (475 binary, 1900 integer, 0 implicit integer, 2375 continuous)
  Constraints      : 3402 initial, 3472 maximal
  Objective        : minimize, 475 non-zeros (abs.min = 1, abs.max = 1)
Presolvers         :   ExecTime  SetupTime  Calls  FixedVars   AggrVars   ChgTypes  ChgBounds   AddHoles    DelCons    AddCons   ChgSides   ChgCoefs
  boundshift       :       0.00       0.00      0          0          0          0          0          0          0          0          0          0
  convertinttobin  :       0.00       0.00      0          0          0          0          0          0          0          0          0          0
  domcol           :       0.00       0.00      0          0          0          0          0          0          0          0          0          0
  dualagg          :       0.00       0.00      0          0          0          0          0          0          0          0          0          0
  dualcomp         :       0.00       0.00      0          0          0          0          0          0          0          0          0          0
  dualinfer        :       0.00       0.00      0          0          0          0          0          0          0          0          0          0
  gateextraction   :       0.00       0.00      0          0          0          0          0          0          0          0          0          0
  implics          :       0.00       0.00      0          0          0          0          0          0          0          0          0          0
  inttobinary      :       0.00       0.00      0          0          0          0          0          0          0          0          0          0
  qpkktref         :       0.00       0.00      0          0          0          0          0          0          0          0          0          0
  redvub           :       0.00       0.00      0          0          0          0          0          0          0          0          0          0
  sparsify         :       0.00       0.00      0          0          0          0          0          0          0          0          0          0
  stuffing         :       0.00       0.00      0          0          0          0          0          0          0          0          0          0
  symbreak         :       0.00       0.00      0          0          0          0          0          0          0          0          0          0
  symmetry         :       0.00       0.00      0          0          0          0          0          0          0          0          0          0
  trivial          :       0.00       0.00      0          0          0          0          0          0          0          0          0          0
  tworowbnd        :       0.00       0.00      0          0          0          0          0          0          0          0          0          0
  dualfix          :       0.00       0.00      0          0          0          0          0          0          0          0          0          0
  genvbounds       :       0.00       0.00      0          0          0          0          0          0          0          0          0          0
  orbitalfixing    :       0.00       0.00      0          0          0          0          0          0          0          0          0          0
  probing          :       0.00       0.00      0          0          0          0          0          0          0          0          0          0
  pseudoobj        :       0.00       0.00      0          0          0          0          0          0          0          0          0          0
  vbounds          :       0.00       0.00      0          0          0          0          0          0          0          0          0          0
  varbound         :       0.00       0.00      0          0          0          0          0          0          0          0          0          0
  linear           :       0.00       0.00      0          0          0          0          0          0          0          0          0          0
  bounddisjunction :       0.00       0.00      0          0          0          0          0          0          0          0          0          0
  benders          :       0.00       0.00      0          0          0          0          0          0          0          0          0          0
  components       :       0.00       0.00      0          0          0          0          0          0          0          0          0          0
  root node        :          -          -      -          0          -          -          0          -          -          -          -          -
Constraints        :     Number  MaxNumber  #Separate #Propagate    #EnfoLP    #EnfoRelax  #EnfoPS    #Check   #ResProp    Cutoffs    DomReds       Cuts    Applied      Conss   Children
  benderslp        :          0          0          0          0       5624          0          0        536          0          0          0          0          0          0          0
  integral         :          0          0          0          0       5624          0          0        536          0          0          0          0          0          0      11254
  varbound         :          0+      2923         19      86468          0          0          0        534          0          0        672          0          0          0          0
  linear           :          0+       481         19      86468          0          0          0          3        920         13      15728          0          0          0          0
  bounddisjunction :          0+        69          0       1607          0          0          0          0          0          0          0          0          0          0          0
  benders          :          0          0          0          0          0          0          0          2          0          0          0          0          0          0          0
  countsols        :          0          0          0          0          0          0          0          2          0          0          0          0          0          0          0
  components       :          0          0          0          0          0          0          0          0          0          0          0          0          0          0          0
Constraint Timings :  TotalTime  SetupTime   Separate  Propagate     EnfoLP     EnfoPS     EnfoRelax   Check    ResProp    SB-Prop
  benderslp        :       0.00       0.00       0.00       0.00       0.00       0.00       0.00       0.00       0.00       0.00
  integral         :      29.79       0.00       0.00       0.00      29.79       0.00       0.00       0.00       0.00       0.00
  varbound         :       0.09       0.00       0.01       0.05       0.00       0.00       0.00       0.02       0.00       0.01
  linear           :       0.41       0.00       0.07       0.31       0.00       0.00       0.00       0.00       0.00       0.03
  bounddisjunction :       0.01       0.00       0.00       0.01       0.00       0.00       0.00       0.00       0.00       0.00
  benders          :       0.00       0.00       0.00       0.00       0.00       0.00       0.00       0.00       0.00       0.00
  countsols        :       0.00       0.00       0.00       0.00       0.00       0.00       0.00       0.00       0.00       0.00
  components       :       0.00       0.00       0.00       0.00       0.00       0.00       0.00       0.00       0.00       0.00
Propagators        : #Propagate   #ResProp    Cutoffs    DomReds
  dualfix          :          0          0          0          0
  genvbounds       :          0          0          0          0
  nlobbt           :          0          0          0          0
  obbt             :          0          0          0          0
  orbitalfixing    :          0          0          0          0
  probing          :          0          0          0          0
  pseudoobj        :          0          0          0          0
  redcost          :          0          0          0          0
  rootredcost      :          0          0          0          0
  vbounds          :      92092          0          0       8895
Propagator Timings :  TotalTime  SetupTime   Presolve  Propagate    ResProp    SB-Prop
  dualfix          :       0.00       0.00       0.00       0.00       0.00       0.00
  genvbounds       :       0.01       0.00       0.00       0.01       0.00       0.00
  nlobbt           :       0.00       0.00       0.00       0.00       0.00       0.00
  obbt             :       0.00       0.00       0.00       0.00       0.00       0.00
  orbitalfixing    :       0.00       0.00       0.00       0.00       0.00       0.00
  probing          :       0.00       0.00       0.00       0.00       0.00       0.00
  pseudoobj        :       0.01       0.00       0.00       0.01       0.00       0.00
  redcost          :       0.01       0.00       0.00       0.01       0.00       0.00
  rootredcost      :       0.01       0.00       0.00       0.01       0.00       0.00
  vbounds          :       0.08       0.00       0.00       0.07       0.00       0.01
Conflict Analysis  :       Time      Calls    Success    DomReds  Conflicts   Literals    Reconvs ReconvLits   Dualrays   Nonzeros   LP Iters   (pool size: [10000,10000])
  propagation      :       0.00          4          4          -          4      346.0          0        0.0          -          -          -
  infeasible LP    :       0.01          8          8          -        215       95.2          0        0.0          8      589.5          0
  bound exceed. LP :       0.00          0          0          -          0        0.0          0        0.0          0        0.0          0
  strong branching :       0.00          0          0          -          0        0.0          0        0.0          -          -          0
  pseudo solution  :       0.00          0          0          -          0        0.0          0        0.0          -          -          -
  applied globally :       0.00          -          -          0         84       96.3          -          -          8          -          -
  applied locally  :          -          -          -          0          0        0.0          -          -          0          -          -
Separators         :   ExecTime  SetupTime      Calls    Cutoffs    DomReds       Cuts    Applied      Conss
  cut pool         :       0.55                  1718          -          -      50575          -          -    (maximal pool size: 10714)
  aggregation      :       0.54       0.00        442          0          0          0          0          0
  cgmip            :       0.00       0.00          0          0          0          0          0          0
  clique           :       0.00       0.00          1          0          0          0          0          0
  closecuts        :       0.00       0.00          0          0          0          0          0          0
  cmir             :       0.00       0.00          0          0          0          0       1915          0
  convexproj       :       0.00       0.00          0          0          0          0          0          0
  disjunctive      :       0.00       0.00          0          0          0          0          0          0
  eccuts           :       0.00       0.00          0          0          0          0          0          0
  flowcover        :       0.00       0.00          0          0          0          0          0          0
  gauge            :       0.00       0.00          0          0          0          0          0          0
  gomory           :       1.89       0.00        431          0          0          0       3761          0
  impliedbounds    :       0.04       0.00        442          0          0          0       1121          0
  intobj           :       0.00       0.00          0          0          0          0          0          0
  mcf              :       0.00       0.00          1          0          0          0          0          0
  oddcycle         :       0.00       0.00          0          0          0          0          0          0
  rapidlearning    :       0.00       0.00          0          0          0          0          0          0
  strongcg         :       0.17       0.00         19          0          0          0        842          0
  zerohalf         :       0.47       0.00        440          0          0          0          2          0
Pricers            :   ExecTime  SetupTime      Calls       Vars
  problem variables:       0.00          -          0          0
Branching Rules    :   ExecTime  SetupTime   BranchLP  BranchExt   BranchPS    Cutoffs    DomReds       Cuts      Conss   Children
  allfullstrong    :       0.00       0.00          0          0          0          0          0          0          0          0
  cloud            :       0.00       0.00          0          0          0          0          0          0          0          0
  distribution     :       0.00       0.00          0          0          0          0          0          0          0          0
  fullstrong       :       0.00       0.00          0          0          0          0          0          0          0          0
  inference        :       0.00       0.00          0          0          0          0          0          0          0          0
  leastinf         :       0.00       0.00          0          0          0          0          0          0          0          0
  lookahead        :       0.00       0.00          0          0          0          0          0          0          0          0
  mostinf          :       0.00       0.00          0          0          0          0          0          0          0          0
  multaggr         :       0.00       0.00          0          0          0          0          0          0          0          0
  nodereopt        :       0.27       0.00          3          0          0          0          0          0          0         12
  pscost           :       0.00       0.00          0          0          0          0          0          0          0          0
  random           :       0.00       0.00          0          0          0          0          0          0          0          0
  relpscost        :      29.52       0.00       5621          0          0          0          0          0          0      11242
Primal Heuristics  :   ExecTime  SetupTime      Calls      Found       Best
  LP solutions     :       0.00          -          -          0          0
  relax solutions  :       0.00          -          -          0          0
  pseudo solutions :       0.00          -          -          0          0
  strong branching :       0.02          -          -          0          0
  actconsdiving    :       0.00       0.00          0          0          0
  alns             :       0.21       0.00          5          0          0
  bound            :       0.00       0.00          0          0          0
  clique           :       0.00       0.00          0          0          0
  coefdiving       :       1.59       0.00         24          0          0
  completesol      :       0.00       0.00          0          0          0
  conflictdiving   :       0.00       0.00          0          0          0
  crossover        :       0.00       0.00          0          0          0
  dins             :       0.00       0.00          0          0          0
  distributiondivin:       4.08       0.00         16          0          0
  dualval          :       0.00       0.00          0          0          0
  farkasdiving     :       0.00       0.00          0          0          0
  feaspump         :       1.14       0.00          7          0          0
  fixandinfer      :       0.00       0.00          0          0          0
  fracdiving       :       1.62       0.00         29          0          0
  gins             :       0.01       0.00          0          0          0
  guideddiving     :       1.56       0.00         27          0          0
  indicator        :       0.00       0.00          0          0          0
  intdiving        :       0.00       0.00          0          0          0
  intshifting      :       0.06       0.00         19          0          0
  linesearchdiving :       2.19       0.00         68          0          0
  localbranching   :       0.00       0.00          0          0          0
  locks            :       0.01       0.00          1          0          0
  lpface           :       0.00       0.00          0          0          0
  mpec             :       0.00       0.00          0          0          0
  multistart       :       0.00       0.00          0          0          0
  mutation         :       0.00       0.00          0          0          0
  nlpdiving        :       0.00       0.00          0          0          0
  objpscostdiving  :       3.09       0.00          5          0          0
  octane           :       0.00       0.00          0          0          0
  ofins            :       0.00       0.00          0          0          0
  oneopt           :       0.00       0.00          1          0          0
  proximity        :       0.00       0.00          0          0          0
  pscostdiving     :       6.50       0.00         15          0          0
  randrounding     :       0.06       0.00        547          0          0
  rens             :       0.04       0.00          1          0          0
  reoptsols        :       0.00       0.00          1          1          1
  repair           :       0.00       0.00          0          0          0
  rins             :       2.33       0.00          6          0          0
  rootsoldiving    :       2.14       0.00          2          0          0
  rounding         :       0.16       0.00       1102          0          0
  shiftandpropagate:       0.00       0.00          0          0          0
  shifting         :       1.94       0.00        528          0          0
  simplerounding   :       0.00       0.00          0          0          0
  subnlp           :       0.00       0.00          0          0          0
  trivial          :       0.00       0.00          1          0          0
  trivialnegation  :       0.00       0.00          0          0          0
  trysol           :       0.00       0.00          0          0          0
  twoopt           :       0.00       0.00          0          0          0
  undercover       :       0.00       0.00          0          0          0
  vbounds          :       0.03       0.00          1          0          0
  veclendiving     :       4.45       0.00        172          0          0
  zeroobj          :       0.00       0.00          0          0          0
  zirounding       :       0.10       0.00       1000          0          0
  other solutions  :          -          -          -          0          -
Diving Statistics  :      Calls      Nodes   LP Iters Backtracks  Conflicts   MinDepth   MaxDepth   AvgDepth  RoundSols  NLeafSols  MinSolDpt  MaxSolDpt  AvgSolDpt
  actconsdiving    :          0          -          -          -          -          -          -          -          -          -          -          -          -
  coefdiving       :         24       3227       8836          0         64         82        306      156.2          0          -          -          -          -
  conflictdiving   :          0          -          -          -          -          -          -          -          -          -          -          -          -
  distributiondivin:         16       2161      11767         10         82         24        409      151.8          0          -          -          -          -
  farkasdiving     :          0          -          -          -          -          -          -          -          -          -          -          -          -
  fracdiving       :         29       3304       8485          0         22         69        272      133.3          0          -          -          -          -
  guideddiving     :         27       3029       8535          0          0         85        219      133.1          0          -          -          -          -
  linesearchdiving :         68       4702       7339          0         55         59        179       90.9          0          -          -          -          -
  pscostdiving     :         15       3217      11873         10          0        148        463      233.2          0          -          -          -          -
  veclendiving     :        172       8975       6840          0          0         47        101       72.5          0          -          -          -          -
Neighborhoods      :      Calls  SetupTime  SolveTime SolveNodes       Sols       Best       Exp3  EpsGreedy        UCB TgtFixRate  Opt  Inf Node Stal  Sol  Usr Othr Actv
  rens             :          1       0.02       0.06        101          0          0    0.00000   -1.00000    1.00000      0.900    0    0    0    1    0    0    0    1
  rins             :          1       0.02       0.00          0          0          0    0.00000   -1.00000    1.00000      0.700    0    1    0    0    0    0    0    1
  mutation         :          0       0.00       0.00          0          0          0    0.00000   -1.00000    1.00000      0.900    0    0    0    0    0    0    0    1
  localbranching   :          1       0.02       0.01          0          0          0    0.00000   -1.00000    1.00000      0.700    0    1    0    0    0    0    0    1
  crossover        :          0       0.00       0.00          0          0          0    0.00000   -1.00000    1.00000      0.900    0    0    0    0    0    0    0    1
  proximity        :          1       0.02       0.01          0          0          0    0.00000   -1.00000    1.00000      0.700    0    1    0    0    0    0    0    1
  zeroobjective    :          1       0.02       0.01          0          0          0    0.00000   -1.00000    1.00000      0.700    0    1    0    0    0    0    0    1
  dins             :          0       0.00       0.00          0          0          0    0.00000   -1.00000    1.00000      0.900    0    0    0    0    0    0    0    1
Tree Compressions  :   ExecTime  SetupTime      Calls      Found
  largestrepr      :       0.00       0.00          0          0
  weakcompr        :       0.00       0.00          0          0
LP                 :       Time      Calls Iterations  Iter/call   Iter/sec  Time-0-It Calls-0-It    ItLimit
  primal LP        :       2.82       1322          0       0.00       0.00       2.82       1322
  dual LP          :      24.15       6681     110309      16.57    4567.74       0.05         24
  lex dual LP      :       0.00          0          0       0.00          -
  barrier LP       :       0.00          0          0       0.00          -       0.00          0
  resolve instable :       0.00          0          0       0.00          -
  diving/probing LP:      36.26       2398     103896      43.33    2865.28
  strong branching :      14.73       2321      29082      12.53    1974.87          -          -         71
    (at root node) :          -         23        176       7.65          -
  conflict analysis:       0.00          0          0       0.00          -
B&B Tree           :
  number of runs   :          0
  nodes            :       5624 (5624 internal, 0 leaves)
  feasible leaves  :          0
  infeas. leaves   :          0
  objective leaves :          0
  nodes (total)    :       5624 (5624 internal, 0 leaves)
  nodes left       :       5631
  max depth        :         44
  max depth (total):         44
  backtracks       :       1370 (24.4%)
  early backtracks :          0 (0.0%)
  nodes exc. ref.  :          0 (0.0%)
  delayed cutoffs  :          0
  repropagations   :          0 (0 domain reductions, 0 cutoffs)
  avg switch length:       7.01
  switching time   :       3.97
Root Node          :
  First LP value   : +4.15240000000000e+02
  First LP Iters   :       4394 (32105.57 Iter/sec)
  First LP Time    :       0.14
  Final Dual Bound : +4.43845295377331e+02
  Final Root Iters :      14589
  Root LP Estimate : +4.53851443419401e+02
Solution           :
  Solutions found  :          1 (1 improvements)
  First Solution   : +4.53000000000000e+02   (in run 0, after 1 nodes, 0.00 seconds, depth 0, found by <reoptsols>)
  Gap First Sol.   :   infinite
  Gap Last Sol.    :   infinite
  Primal Bound     : +4.53000000000000e+02   (in run 0, after 1 nodes, 0.00 seconds, depth 0, found by <reoptsols>)
  Dual Bound       : +4.48145950870521e+02
  Gap              :       1.08 %
  Avg. Gap         :       1.71 % (170.98 primal-dual integral)
NoError here ! 
./script6: line 19: 16144 Segmentation fault      (core dumped) ./repair/build/repair $file $i $u $k $gap

real	1m46.859s
user	1m35.339s
sys	0m10.938s
