parameters: neos-3381206-awhea_10_1_3_1.000000 

SCIP version 6.0.1 [precision: 8 byte] [memory: block] [mode: optimized] [LP solver: SoPlex 4.0.1] [GitHash: a27ecc0]
Copyright (C) 2002-2019 Konrad-Zuse-Zentrum fuer Informationstechnik Berlin (ZIB)

read problem <instances/neos-3381206-awhea.mps> ...

original problem has 2375 variables (475 bin, 1900 int, 0 impl, 0 cont) and 479 constraints
read solution <10solution/neos-3381206-awhea_1.sol> ...

check the feasibility of <10solution/neos-3381206-awhea_1.sol> for problem <instances/neos-3381206-awhea.mps> ...

  [linear] <R0008>:  -100<C0004>[B] (+0) +45<C0479>[I] (+0) +36<C0954>[I] (+1) +31<C1429>[I] (+2) +14<C1904>[I] (+0) <= 0;
;
violation: right hand side is violated by 98
  [linear] <R0042>:  -100<C0038>[B] (+0) +45<C0513>[I] (+0) +36<C0988>[I] (+2) +31<C1463>[I] (+0) +14<C1938>[I] (+2) <= 0;
;
violation: right hand side is violated by 100
  [linear] <R0044>:  -100<C0040>[B] (+0) +45<C0515>[I] (+0) +36<C0990>[I] (+1) +31<C1465>[I] (+2) +14<C1940>[I] (+0) <= 0;
;
violation: right hand side is violated by 98
  [linear] <R0048>:  -100<C0044>[B] (+0) +45<C0519>[I] (+0) +36<C0994>[I] (+1) +31<C1469>[I] (+2) +14<C1944>[I] (+0) <= 0;
;
violation: right hand side is violated by 98
  [linear] <R0053>:  -100<C0049>[B] (+0) +45<C0524>[I] (+0) +36<C0999>[I] (+2) +31<C1474>[I] (+0) +14<C1949>[I] (+2) <= 0;
;
violation: right hand side is violated by 100
  [linear] <R0056>:  -100<C0052>[B] (+0) +45<C0527>[I] (+0) +36<C1002>[I] (+2) +31<C1477>[I] (+0) +14<C1952>[I] (+0) <= 0;
;
violation: right hand side is violated by 72
  [linear] <R0067>:  -100<C0063>[B] (+0) +45<C0538>[I] (+0) +36<C1013>[I] (+2) +31<C1488>[I] (+0) +14<C1963>[I] (+2) <= 0;
;
violation: right hand side is violated by 100
  [linear] <R0075>:  -100<C0071>[B] (+0) +45<C0546>[I] (+2) +36<C1021>[I] (+0) +31<C1496>[I] (+0) +14<C1971>[I] (+0) <= 0;
;
violation: right hand side is violated by 90
  [linear] <R0128>:  -100<C0124>[B] (+0) +45<C0599>[I] (+0) +36<C1074>[I] (+2) +31<C1549>[I] (+0) +14<C2024>[I] (+0) <= 0;
;
violation: right hand side is violated by 72
  [linear] <R0135>:  -100<C0131>[B] (+0) +45<C0606>[I] (+2) +36<C1081>[I] (+0) +31<C1556>[I] (+0) +14<C2031>[I] (+0) <= 0;
;
violation: right hand side is violated by 90
  [linear] <R0140>:  -100<C0136>[B] (+0) +45<C0611>[I] (+0) +36<C1086>[I] (+1) +31<C1561>[I] (+2) +14<C2036>[I] (+0) <= 0;
;
violation: right hand side is violated by 98
  [linear] <R0158>:  -100<C0154>[B] (+0) +45<C0629>[I] (+0) +36<C1104>[I] (+2) +31<C1579>[I] (+0) +14<C2054>[I] (+2) <= 0;
;
violation: right hand side is violated by 100
  [linear] <R0161>:  -100<C0157>[B] (+0) +45<C0632>[I] (+0) +36<C1107>[I] (+2) +31<C1582>[I] (+0) +14<C2057>[I] (+2) <= 0;
;
violation: right hand side is violated by 100
  [linear] <R0174>:  -100<C0170>[B] (+0) +45<C0645>[I] (+0) +36<C1120>[I] (+2) +31<C1595>[I] (+0) +14<C2070>[I] (+2) <= 0;
;
violation: right hand side is violated by 100
  [linear] <R0179>:  -100<C0175>[B] (+0) +45<C0650>[I] (+0) +36<C1125>[I] (+1) +31<C1600>[I] (+2) +14<C2075>[I] (+0) <= 0;
;
violation: right hand side is violated by 98
  [linear] <R0181>:  -100<C0177>[B] (+0) +45<C0652>[I] (+0) +36<C1127>[I] (+2) +31<C1602>[I] (+0) +14<C2077>[I] (+2) <= 0;
;
violation: right hand side is violated by 100
  [linear] <R0183>:  -100<C0179>[B] (+0) +45<C0654>[I] (+0) +36<C1129>[I] (+0) +31<C1604>[I] (+3) +14<C2079>[I] (+0) <= 0;
;
violation: right hand side is violated by 93
  [linear] <R0197>:  -100<C0193>[B] (+0) +45<C0668>[I] (+0) +36<C1143>[I] (+2) +31<C1618>[I] (+0) +14<C2093>[I] (+0) <= 0;
;
violation: right hand side is violated by 72
  [linear] <R0217>:  -100<C0213>[B] (+0) +45<C0688>[I] (+0) +36<C1163>[I] (+2) +31<C1638>[I] (+0) +14<C2113>[I] (+0) <= 0;
;
violation: right hand side is violated by 72
  [linear] <R0223>:  -100<C0219>[B] (+0) +45<C0694>[I] (+0) +36<C1169>[I] (+2) +31<C1644>[I] (+0) +14<C2119>[I] (+0) <= 0;
;
violation: right hand side is violated by 72
  [linear] <R0224>:  -100<C0220>[B] (+0) +45<C0695>[I] (+0) +36<C1170>[I] (+1) +31<C1645>[I] (+2) +14<C2120>[I] (+0) <= 0;
;
violation: right hand side is violated by 98
  [linear] <R0227>:  -100<C0223>[B] (+0) +45<C0698>[I] (+0) +36<C1173>[I] (+1) +31<C1648>[I] (+2) +14<C2123>[I] (+0) <= 0;
;
violation: right hand side is violated by 98
  [linear] <R0241>:  -100<C0237>[B] (+0) +45<C0712>[I] (+0) +36<C1187>[I] (+1) +31<C1662>[I] (+2) +14<C2137>[I] (+0) <= 0;
;
violation: right hand side is violated by 98
  [linear] <R0243>:  -100<C0239>[B] (+0) +45<C0714>[I] (+0) +36<C1189>[I] (+2) +31<C1664>[I] (+0) +14<C2139>[I] (+0) <= 0;
;
violation: right hand side is violated by 72
  [linear] <R0250>:  -100<C0246>[B] (+0) +45<C0721>[I] (+0) +36<C1196>[I] (+2) +31<C1671>[I] (+0) +14<C2146>[I] (+2) <= 0;
;
violation: right hand side is violated by 100
  [linear] <R0251>:  -100<C0247>[B] (+0) +45<C0722>[I] (+0) +36<C1197>[I] (+2) +31<C1672>[I] (+0) +14<C2147>[I] (+2) <= 0;
;
violation: right hand side is violated by 100
  [linear] <R0253>:  -100<C0249>[B] (+0) +45<C0724>[I] (+0) +36<C1199>[I] (+2) +31<C1674>[I] (+0) +14<C2149>[I] (+0) <= 0;
;
violation: right hand side is violated by 72
  [linear] <R0257>:  -100<C0253>[B] (+0) +45<C0728>[I] (+0) +36<C1203>[I] (+1) +31<C1678>[I] (+2) +14<C2153>[I] (+0) <= 0;
;
violation: right hand side is violated by 98
  [linear] <R0261>:  -100<C0257>[B] (+0) +45<C0732>[I] (+0) +36<C1207>[I] (+1) +31<C1682>[I] (+2) +14<C2157>[I] (+0) <= 0;
;
violation: right hand side is violated by 98
  [linear] <R0293>:  -100<C0289>[B] (+0) +45<C0764>[I] (+0) +36<C1239>[I] (+2) +31<C1714>[I] (+0) +14<C2189>[I] (+2) <= 0;
;
violation: right hand side is violated by 100
  [linear] <R0299>:  -100<C0295>[B] (+0) +45<C0770>[I] (+0) +36<C1245>[I] (+2) +31<C1720>[I] (+0) +14<C2195>[I] (+2) <= 0;
;
violation: right hand side is violated by 100
  [linear] <R0310>:  -100<C0306>[B] (+0) +45<C0781>[I] (+0) +36<C1256>[I] (+1) +31<C1731>[I] (+2) +14<C2206>[I] (+0) <= 0;
;
violation: right hand side is violated by 98
  [linear] <R0322>:  -100<C0318>[B] (+0) +45<C0793>[I] (+0) +36<C1268>[I] (+2) +31<C1743>[I] (+0) +14<C2218>[I] (+0) <= 0;
;
violation: right hand side is violated by 72
  [linear] <R0337>:  -100<C0333>[B] (+0) +45<C0808>[I] (+0) +36<C1283>[I] (+2) +31<C1758>[I] (+0) +14<C2233>[I] (+0) <= 0;
;
violation: right hand side is violated by 72
  [linear] <R0340>:  -100<C0336>[B] (+0) +45<C0811>[I] (+0) +36<C1286>[I] (+2) +31<C1761>[I] (+0) +14<C2236>[I] (+0) <= 0;
;
violation: right hand side is violated by 72
  [linear] <R0359>:  -100<C0355>[B] (+0) +45<C0830>[I] (+0) +36<C1305>[I] (+2) +31<C1780>[I] (+0) +14<C2255>[I] (+0) <= 0;
;
violation: right hand side is violated by 72
  [linear] <R0368>:  -100<C0364>[B] (+0) +45<C0839>[I] (+0) +36<C1314>[I] (+1) +31<C1789>[I] (+2) +14<C2264>[I] (+0) <= 0;
;
violation: right hand side is violated by 98
  [linear] <R0377>:  -100<C0373>[B] (+0) +45<C0848>[I] (+2) +36<C1323>[I] (+0) +31<C1798>[I] (+0) +14<C2273>[I] (+0) <= 0;
;
violation: right hand side is violated by 90
  [linear] <R0388>:  -100<C0384>[B] (+0) +45<C0859>[I] (+0) +36<C1334>[I] (+1) +31<C1809>[I] (+2) +14<C2284>[I] (+0) <= 0;
;
violation: right hand side is violated by 98
  [linear] <R0392>:  -100<C0388>[B] (+0) +45<C0863>[I] (+0) +36<C1338>[I] (+2) +31<C1813>[I] (+0) +14<C2288>[I] (+0) <= 0;
;
violation: right hand side is violated by 72
  [linear] <R0393>:  -100<C0389>[B] (+0) +45<C0864>[I] (+0) +36<C1339>[I] (+1) +31<C1814>[I] (+2) +14<C2289>[I] (+0) <= 0;
;
violation: right hand side is violated by 98
  [linear] <R0394>:  -100<C0390>[B] (+0) +45<C0865>[I] (+0) +36<C1340>[I] (+1) +31<C1815>[I] (+2) +14<C2290>[I] (+0) <= 0;
;
violation: right hand side is violated by 98
  [linear] <R0405>:  -100<C0401>[B] (+0) +45<C0876>[I] (+0) +36<C1351>[I] (+2) +31<C1826>[I] (+0) +14<C2301>[I] (+2) <= 0;
;
violation: right hand side is violated by 100
  [linear] <R0416>:  -100<C0412>[B] (+0) +45<C0887>[I] (+0) +36<C1362>[I] (+1) +31<C1837>[I] (+2) +14<C2312>[I] (+0) <= 0;
;
violation: right hand side is violated by 98
  [linear] <R0418>:  -100<C0414>[B] (+0) +45<C0889>[I] (+2) +36<C1364>[I] (+0) +31<C1839>[I] (+0) +14<C2314>[I] (+0) <= 0;
;
violation: right hand side is violated by 90
  [linear] <R0430>:  -100<C0426>[B] (+0) +45<C0901>[I] (+0) +36<C1376>[I] (+2) +31<C1851>[I] (+0) +14<C2326>[I] (+0) <= 0;
;
violation: right hand side is violated by 72
  [linear] <R0449>:  -100<C0445>[B] (+0) +45<C0920>[I] (+0) +36<C1395>[I] (+2) +31<C1870>[I] (+0) +14<C2345>[I] (+2) <= 0;
;
violation: right hand side is violated by 100
  [linear] <R0454>:  -100<C0450>[B] (+0) +45<C0925>[I] (+0) +36<C1400>[I] (+1) +31<C1875>[I] (+2) +14<C2350>[I] (+0) <= 0;
;
violation: right hand side is violated by 98
  [linear] <R0471>:  -100<C0467>[B] (+0) +45<C0942>[I] (+1) +36<C1417>[I] (+1) +31<C1892>[I] (+0) +14<C2367>[I] (+0) <= 0;
;
violation: right hand side is violated by 81
  [linear] <R0472>:  -100<C0468>[B] (+0) +45<C0943>[I] (+0) +36<C1418>[I] (+2) +31<C1893>[I] (+0) +14<C2368>[I] (+2) <= 0;
;
violation: right hand side is violated by 100
The solution <10solution/neos-3381206-awhea_1.sol> is not feasible to <instances/neos-3381206-awhea.mps> 

Tring to reoptimize the problem <instances/neos-3381206-awhea.mps> ...  

obj = 403.000000, k = 3, alpha = 403.000000 

n = 2375 

Start to add variable y and new constraints 

y have been released ! 

Finish to create the y and constraint ! 

n = 2375,  j = 2375 ! 

set all parameters to default! 

Reoptimization is enabled! 

Reoptimization parameter have been setted ! 

Stop parameter have been setted ! 

Memory for coefs have allocated ! 

Coefficients have been captured ! 

alpha = 403.000000, n = 4750, j = 2375, m = 3 
This is the 1-th iteration ! 

presolving:
(round 1, fast)       0 del vars, 1827 del conss, 0 add conss, 0 chg bounds, 0 chg sides, 0 chg coeffs, 0 upgd conss, 0 impls, 0 clqs
(round 2, exhaustive) 0 del vars, 1827 del conss, 0 add conss, 0 chg bounds, 0 chg sides, 0 chg coeffs, 2923 upgd conss, 0 impls, 0 clqs
   (0.1s) probing cycle finished: starting next cycle
presolving (3 rounds: 3 fast, 2 medium, 2 exhaustive):
 0 deleted vars, 1827 deleted constraints, 0 added constraints, 0 tightened bounds, 0 added holes, 0 changed sides, 0 changed coefficients
 3157 implications, 0 cliques
presolved problem has 4750 variables (475 bin, 1900 int, 0 impl, 2375 cont) and 3402 constraints
   2923 constraints of type <varbound>
    479 constraints of type <linear>
Presolving Time: 0.13

 time | node  | left  |LP iter|LP it/n| mem |mdpt |frac |vars |cons |cols |rows |cuts |confs|strbr|  dualbound   | primalbound  |  gap   
  0.4s|     1 |     0 |  3451 |     - |  32M|   0 |  36 |4750 |3402 |4750 |3402 |   0 |   1 |   0 | 1.872844e+04 |      --      |    Inf 
F 0.4s|     1 |     0 |  4266 |     - |  32M|   0 |   0 |4750 |3402 |4750 |3402 |   0 |   1 |   0 | 1.872844e+04 | 2.060300e+04 |  10.01%

SCIP Status        : solving was interrupted [gap limit reached]
Solving Time (sec) : 0.44 (over 1 runs: 0.44)
Solving Nodes      : 1 (0 reactivated)
Primal Bound       : +2.06030000000000e+04 (1 solutions)
Dual Bound         : +1.87284400000000e+04
Gap                : 10.01 %
Coefs have been resetted!! 

Problem have been changed !! 

alpha = 268.666667, n = 4750, j = 2375, m = 2 
This is the 2-th iteration ! 

new objective has similarity of 1 compared to previous.

 time | node  | left  |LP iter|LP it/n| mem |mdpt |frac |vars |cons |cols |rows |cuts |confs|strbr|  dualbound   | primalbound  |  gap   
J 0.0s|     1 |     0 |     0 |     - |  31M|   0 |   - |4750 |3402 |   0 |   0 |   0 |   1 |   0 | 0.000000e+00 | 1.388633e+04 |    Inf 
  0.1s|     1 |     2 |     0 |     - |  31M|   0 |   - |4750 |3402 |   0 |   0 |   0 |   2 |   0 | 0.000000e+00 | 1.388633e+04 |    Inf 

SCIP Status        : solving was interrupted [gap limit reached]
Solving Time (sec) : 3.31 (over 2 runs: 3.75)
Solving Nodes      : 9 (0 reactivated)
Primal Bound       : +1.38863333333333e+04 (1 solutions)
Dual Bound         : +1.27105866666667e+04
Gap                : 9.25 %
Coefs have been resetted!! 

Problem have been changed !! 

alpha = 89.555556, n = 4750, j = 2375, m = 1 
This is the 3-th iteration ! 

new objective has similarity of 0.999994 compared to previous.

 time | node  | left  |LP iter|LP it/n| mem |mdpt |frac |vars |cons |cols |rows |cuts |confs|strbr|  dualbound   | primalbound  |  gap   
J 0.0s|     1 |     0 |     0 |     - |  34M|   0 |   - |4750 |3402 |   0 |   0 |   0 |   2 |   0 | 0.000000e+00 | 4.930778e+03 |    Inf 
  0.1s|     1 |     3 |     0 |     - |  34M|   0 |   - |4750 |3402 |   0 |   0 |   0 |   3 |   0 | 0.000000e+00 | 4.930778e+03 |    Inf 

SCIP Status        : solving was interrupted [gap limit reached]
Solving Time (sec) : 0.92 (over 3 runs: 4.66)
Solving Nodes      : 4 (3 reactivated)
Primal Bound       : +4.93077777777778e+03 (1 solutions)
Dual Bound         : +4.51693888888889e+03
Gap                : 9.16 %
Coefs have been resetted!! 

Problem have been changed !! 

This is the last iteration 


alpha = 0.000000  
new objective has similarity of 0.00499364 compared to previous.

 time | node  | left  |LP iter|LP it/n| mem |mdpt |frac |vars |cons |cols |rows |cuts |confs|strbr|  dualbound   | primalbound  |  gap   
J 0.0s|     1 |     0 |     0 |     - |  34M|   0 |   - |4750 |3402 |   0 |   0 |   0 |   3 |   0 | 0.000000e+00 | 4.530000e+02 |    Inf 
  0.2s|     1 |     0 |  4264 |     - |  34M|   0 | 424 |4750 |3402 |4750 |3402 |   0 |   4 |   0 | 4.152400e+02 | 4.530000e+02 |   9.09%
  0.3s|     1 |     0 |  4306 |     - |  35M|   0 | 428 |4750 |3402 |4750 |3408 |   6 |   4 |   0 | 4.152400e+02 | 4.530000e+02 |   9.09%
  0.5s|     1 |     0 |  5468 |     - |  35M|   0 | 536 |4750 |3402 |4750 |3682 | 280 |   4 |   0 | 4.152400e+02 | 4.530000e+02 |   9.09%
  0.7s|     1 |     0 |  6439 |     - |  36M|   0 | 566 |4750 |3402 |4750 |3901 | 499 |   4 |   0 | 4.152400e+02 | 4.530000e+02 |   9.09%
  0.8s|     1 |     0 |  7318 |     - |  37M|   0 | 741 |4750 |3402 |4750 |4063 | 661 |   4 |   0 | 4.152400e+02 | 4.530000e+02 |   9.09%
  1.0s|     1 |     0 |  8245 |     - |  38M|   0 | 743 |4750 |3402 |4750 |4316 | 914 |   4 |   0 | 4.152400e+02 | 4.530000e+02 |   9.09%
  1.2s|     1 |     0 |  9141 |     - |  40M|   0 | 645 |4750 |3402 |4750 |4504 |1102 |   4 |   0 | 4.152400e+02 | 4.530000e+02 |   9.09%
  1.4s|     1 |     0 | 10156 |     - |  41M|   0 | 733 |4750 |3402 |4750 |4664 |1262 |   4 |   0 | 4.152400e+02 | 4.530000e+02 |   9.09%
  1.5s|     1 |     0 | 11126 |     - |  41M|   0 | 710 |4750 |3402 |4750 |4823 |1421 |   4 |   0 | 4.152400e+02 | 4.530000e+02 |   9.09%
  1.8s|     1 |     0 | 13111 |     - |  42M|   0 | 660 |4750 |3402 |4750 |5087 |1685 |   4 |   0 | 4.217063e+02 | 4.530000e+02 |   7.42%
  2.0s|     1 |     0 | 14120 |     - |  44M|   0 | 669 |4750 |3402 |4750 |5249 |1847 |   4 |   0 | 4.278609e+02 | 4.530000e+02 |   5.88%
  2.1s|     1 |     0 | 14549 |     - |  44M|   0 | 637 |4750 |3402 |4750 |5348 |1948 |   4 |   0 | 4.313508e+02 | 4.530000e+02 |   5.02%
  2.2s|     1 |     0 | 14811 |     - |  45M|   0 | 688 |4750 |3402 |4750 |5379 |1979 |   4 |   0 | 4.320260e+02 | 4.530000e+02 |   4.85%
  2.3s|     1 |     0 | 15134 |     - |  45M|   0 | 605 |4750 |3402 |4750 |5524 |2124 |   4 |   0 | 4.344409e+02 | 4.530000e+02 |   4.27%
 time | node  | left  |LP iter|LP it/n| mem |mdpt |frac |vars |cons |cols |rows |cuts |confs|strbr|  dualbound   | primalbound  |  gap   
  2.4s|     1 |     0 | 15248 |     - |  46M|   0 | 553 |4750 |3402 |4750 |5608 |2208 |   4 |   0 | 4.355910e+02 | 4.530000e+02 |   4.00%
  2.4s|     1 |     0 | 15324 |     - |  47M|   0 | 491 |4750 |3402 |4750 |5655 |2255 |   4 |   0 | 4.367996e+02 | 4.530000e+02 |   3.71%
  2.5s|     1 |     0 | 15630 |     - |  47M|   0 | 336 |4750 |3402 |4750 |5842 |2442 |   4 |   0 | 4.380419e+02 | 4.530000e+02 |   3.41%
  2.6s|     1 |     0 | 15767 |     - |  48M|   0 | 320 |4750 |3402 |4750 |5433 |2506 |   4 |   0 | 4.382527e+02 | 4.530000e+02 |   3.37%
  2.7s|     1 |     0 | 16151 |     - |  49M|   0 | 364 |4750 |3402 |4750 |5486 |2559 |   4 |   0 | 4.388699e+02 | 4.530000e+02 |   3.22%
  2.8s|     1 |     0 | 16353 |     - |  49M|   0 | 374 |4750 |3402 |4750 |5541 |2614 |   4 |   0 | 4.396823e+02 | 4.530000e+02 |   3.03%
  2.8s|     1 |     0 | 16445 |     - |  50M|   0 | 328 |4750 |3402 |4750 |5585 |2658 |   4 |   0 | 4.404949e+02 | 4.530000e+02 |   2.84%
  2.9s|     1 |     0 | 16490 |     - |  50M|   0 | 318 |4750 |3402 |4750 |5614 |2687 |   4 |   0 | 4.406547e+02 | 4.530000e+02 |   2.80%
  2.9s|     1 |     0 | 16494 |     - |  50M|   0 | 311 |4750 |3402 |4750 |5617 |2690 |   4 |   0 | 4.406547e+02 | 4.530000e+02 |   2.80%
  2.9s|     1 |     0 | 16607 |     - |  50M|   0 | 274 |4750 |3402 |4750 |4973 |2762 |   4 |   0 | 4.412336e+02 | 4.530000e+02 |   2.67%
  3.0s|     1 |     0 | 16608 |     - |  50M|   0 | 273 |4750 |3402 |4750 |4974 |2763 |   4 |   0 | 4.412336e+02 | 4.530000e+02 |   2.67%
  3.0s|     1 |     0 | 16633 |     - |  50M|   0 | 265 |4750 |3402 |4750 |4987 |2776 |   4 |   0 | 4.412382e+02 | 4.530000e+02 |   2.67%
  3.0s|     1 |     0 | 16634 |     - |  50M|   0 | 265 |4750 |3402 |4750 |4988 |2777 |   4 |   0 | 4.412382e+02 | 4.530000e+02 |   2.67%
  3.0s|     1 |     0 | 16651 |     - |  50M|   0 | 264 |4750 |3402 |4750 |5000 |2789 |   4 |   0 | 4.412457e+02 | 4.530000e+02 |   2.66%
  3.0s|     1 |     0 | 16653 |     - |  50M|   0 | 262 |4750 |3402 |4750 |5002 |2791 |   4 |   0 | 4.412457e+02 | 4.530000e+02 |   2.66%
 time | node  | left  |LP iter|LP it/n| mem |mdpt |frac |vars |cons |cols |rows |cuts |confs|strbr|  dualbound   | primalbound  |  gap   
  3.1s|     1 |     0 | 16659 |     - |  50M|   0 | 262 |4750 |3402 |4750 |4591 |2797 |   4 |   0 | 4.412523e+02 | 4.530000e+02 |   2.66%
  3.1s|     1 |     0 | 16661 |     - |  50M|   0 | 262 |4750 |3402 |4750 |4593 |2799 |   4 |   0 | 4.412524e+02 | 4.530000e+02 |   2.66%
  3.7s|     1 |     3 | 18538 |     - |  50M|   0 | 264 |4750 |3402 |4750 |4593 |2799 |   4 |  27 | 4.412935e+02 | 4.530000e+02 |   2.65%
 22.3s|   100 |   106 | 36331 | 198.7 |  66M|  12 |  52 |4750 |3402 |4750 |4598 |3620 |   4 |1291 | 4.486424e+02 | 4.530000e+02 |   0.97%
 27.9s|   200 |   206 | 46730 | 151.1 |  70M|  24 |  54 |4750 |3412 |4750 |4635 |3704 |  14 |1380 | 4.495776e+02 | 4.530000e+02 |   0.76%
 37.2s|   300 |   306 | 68614 | 173.8 |  72M|  25 |  52 |4750 |3412 |4750 |4646 |3949 |  14 |1429 | 4.496048e+02 | 4.530000e+02 |   0.76%
 40.6s|   400 |   406 | 74895 | 145.9 |  77M|  26 |  87 |4750 |3412 |4750 |4549 |4102 |  14 |1470 | 4.496860e+02 | 4.530000e+02 |   0.74%
 44.1s|   500 |   506 | 81079 | 129.1 |  79M|  26 |  46 |4750 |3412 |4750 |4645 |4204 |  14 |1557 | 4.497699e+02 | 4.530000e+02 |   0.72%
 45.8s|   600 |   606 | 84397 | 113.1 |  79M|  27 |  51 |4750 |3412 |4750 |4641 |4246 |  14 |1562 | 4.498110e+02 | 4.530000e+02 |   0.71%
 47.6s|   700 |   706 | 87658 | 101.6 |  80M|  29 |  46 |4750 |3412 |4750 |4645 |4333 |  14 |1596 | 4.498148e+02 | 4.530000e+02 |   0.71%
 49.4s|   800 |   806 | 91035 |  93.1 |  80M|  32 |  52 |4750 |3412 |4750 |4646 |4387 |  14 |1630 | 4.498776e+02 | 4.530000e+02 |   0.69%
 52.0s|   900 |   906 | 99575 |  92.2 |  80M|  33 |  63 |4750 |3412 |4750 |4631 |4421 |  14 |1659 | 4.499202e+02 | 4.530000e+02 |   0.68%
 53.8s|  1000 |  1006 |102958 |  86.4 |  81M|  33 |  65 |4750 |3423 |4750 |4646 |4458 |  24 |1686 | 4.500044e+02 | 4.530000e+02 |   0.67%
 54.9s|  1100 |  1106 |105688 |  81.0 |  83M|  34 |  59 |4750 |3422 |4750 |4645 |4541 |  24 |1694 | 4.500300e+02 | 4.530000e+02 |   0.66%
 56.3s|  1200 |  1206 |107806 |  76.0 |  83M|  34 |  58 |4750 |3422 |4750 |4654 |4601 |  24 |1719 | 4.500582e+02 | 4.530000e+02 |   0.65%
 time | node  | left  |LP iter|LP it/n| mem |mdpt |frac |vars |cons |cols |rows |cuts |confs|strbr|  dualbound   | primalbound  |  gap   
 58.1s|  1300 |  1306 |111505 |  73.0 |  83M|  34 |  63 |4750 |3422 |4750 |4666 |4661 |  24 |1760 | 4.500975e+02 | 4.530000e+02 |   0.64%
 61.4s|  1400 |  1406 |118124 |  72.5 |  87M|  34 |  71 |4750 |3422 |4750 |4683 |4804 |  24 |1858 | 4.501361e+02 | 4.530000e+02 |   0.64%
 65.1s|  1500 |  1506 |127358 |  73.8 |  89M|  34 |  69 |4750 |3422 |4750 |4673 |4961 |  24 |1985 | 4.501477e+02 | 4.530000e+02 |   0.63%
 68.9s|  1600 |  1606 |134992 |  74.0 |  91M|  34 |  95 |4750 |3422 |4750 |4682 |5104 |  24 |2109 | 4.502383e+02 | 4.530000e+02 |   0.61%
 72.7s|  1700 |  1706 |143903 |  74.9 |  92M|  34 |  84 |4750 |3422 |4750 |4684 |5179 |  24 |2208 | 4.502610e+02 | 4.530000e+02 |   0.61%
 75.9s|  1800 |  1806 |154709 |  76.7 |  93M|  34 |  61 |4750 |3422 |4750 |4677 |5277 |  24 |2239 | 4.502914e+02 | 4.530000e+02 |   0.60%
 78.2s|  1900 |  1906 |161338 |  76.2 |  94M|  34 |  58 |4750 |3422 |4750 |4682 |5406 |  24 |2279 | 4.503111e+02 | 4.530000e+02 |   0.60%
 81.1s|  2000 |  2006 |170260 |  76.8 |  95M|  34 |  79 |4750 |3422 |4750 |4671 |5453 |  24 |2351 | 4.503209e+02 | 4.530000e+02 |   0.59%
 83.6s|  2100 |  2106 |178153 |  76.9 |  97M|  34 |  60 |4750 |3422 |4750 |4612 |5612 |  24 |2420 | 4.503444e+02 | 4.530000e+02 |   0.59%
 85.3s|  2200 |  2206 |183637 |  75.9 |  98M|  35 |  60 |4750 |3422 |4750 |4680 |5703 |  24 |2450 | 4.503607e+02 | 4.530000e+02 |   0.59%
 87.2s|  2300 |  2306 |190601 |  75.7 |  98M|  35 |  81 |4750 |3422 |4750 |4689 |5763 |  24 |2472 | 4.503698e+02 | 4.530000e+02 |   0.58%
 88.9s|  2400 |  2406 |195799 |  74.7 |  99M|  35 |  58 |4750 |3422 |4750 |4681 |5831 |  24 |2503 | 4.503851e+02 | 4.530000e+02 |   0.58%
 91.4s|  2500 |  2506 |202117 |  74.2 | 102M|  35 |  67 |4750 |3422 |4750 |4678 |5961 |  24 |2554 | 4.504006e+02 | 4.530000e+02 |   0.58%
 94.0s|  2600 |  2606 |209310 |  74.1 | 102M|  35 |  89 |4750 |3422 |4750 |4694 |6107 |  24 |2638 | 4.504181e+02 | 4.530000e+02 |   0.57%
 96.5s|  2700 |  2706 |215507 |  73.7 | 103M|  35 | 116 |4750 |3422 |4750 |4685 |6259 |  24 |2703 | 4.504269e+02 | 4.530000e+02 |   0.57%
 time | node  | left  |LP iter|LP it/n| mem |mdpt |frac |vars |cons |cols |rows |cuts |confs|strbr|  dualbound   | primalbound  |  gap   
 99.7s|  2800 |  2806 |222647 |  73.6 | 104M|  35 |  64 |4750 |3442 |4750 |4685 |6399 |  44 |2837 | 4.504332e+02 | 4.530000e+02 |   0.57%

SCIP Status        : solving was interrupted [time limit reached]
Solving Time (sec) : 100.01 (over 4 runs: 104.67)
Solving Nodes      : 2816 (9 reactivated)
Primal Bound       : +4.53000000000000e+02 (2 solutions)
Dual Bound         : +4.50433233015424e+02
Gap                : 0.57 %
SCIP Status        : solving was interrupted [time limit reached]
Total Time         :     100.01
  solving          :     100.01
  presolving       :       0.00 (included in solving)
  reading          :       0.01
  copying          :       0.13 (10 #copies) (minimal 0.01, maximal 0.01, average 0.01)
Original Problem   :
  Problem name     : neos-3381206-awhea
  Variables        : 4750 (475 binary, 1900 integer, 0 implicit integer, 2375 continuous)
  Constraints      : 5229 initial, 5229 maximal
  Objective        : minimize, 475 non-zeros (abs.min = 1, abs.max = 1)
Presolved Problem  :
  Problem name     : t_neos-3381206-awhea
  Variables        : 4750 (475 binary, 1900 integer, 0 implicit integer, 2375 continuous)
  Constraints      : 3402 initial, 3444 maximal
  Objective        : minimize, 475 non-zeros (abs.min = 1, abs.max = 1)
Presolvers         :   ExecTime  SetupTime  Calls  FixedVars   AggrVars   ChgTypes  ChgBounds   AddHoles    DelCons    AddCons   ChgSides   ChgCoefs
  boundshift       :       0.00       0.00      0          0          0          0          0          0          0          0          0          0
  convertinttobin  :       0.00       0.00      0          0          0          0          0          0          0          0          0          0
  domcol           :       0.00       0.00      0          0          0          0          0          0          0          0          0          0
  dualagg          :       0.00       0.00      0          0          0          0          0          0          0          0          0          0
  dualcomp         :       0.00       0.00      0          0          0          0          0          0          0          0          0          0
  dualinfer        :       0.00       0.00      0          0          0          0          0          0          0          0          0          0
  gateextraction   :       0.00       0.00      0          0          0          0          0          0          0          0          0          0
  implics          :       0.00       0.00      0          0          0          0          0          0          0          0          0          0
  inttobinary      :       0.00       0.00      0          0          0          0          0          0          0          0          0          0
  qpkktref         :       0.00       0.00      0          0          0          0          0          0          0          0          0          0
  redvub           :       0.00       0.00      0          0          0          0          0          0          0          0          0          0
  sparsify         :       0.00       0.00      0          0          0          0          0          0          0          0          0          0
  stuffing         :       0.00       0.00      0          0          0          0          0          0          0          0          0          0
  symbreak         :       0.00       0.00      0          0          0          0          0          0          0          0          0          0
  symmetry         :       0.00       0.00      0          0          0          0          0          0          0          0          0          0
  trivial          :       0.00       0.00      0          0          0          0          0          0          0          0          0          0
  tworowbnd        :       0.00       0.00      0          0          0          0          0          0          0          0          0          0
  dualfix          :       0.00       0.00      0          0          0          0          0          0          0          0          0          0
  genvbounds       :       0.00       0.00      0          0          0          0          0          0          0          0          0          0
  orbitalfixing    :       0.00       0.00      0          0          0          0          0          0          0          0          0          0
  probing          :       0.00       0.00      0          0          0          0          0          0          0          0          0          0
  pseudoobj        :       0.00       0.00      0          0          0          0          0          0          0          0          0          0
  vbounds          :       0.00       0.00      0          0          0          0          0          0          0          0          0          0
  varbound         :       0.00       0.00      0          0          0          0          0          0          0          0          0          0
  linear           :       0.00       0.00      0          0          0          0          0          0          0          0          0          0
  bounddisjunction :       0.00       0.00      0          0          0          0          0          0          0          0          0          0
  benders          :       0.00       0.00      0          0          0          0          0          0          0          0          0          0
  components       :       0.00       0.00      0          0          0          0          0          0          0          0          0          0
  root node        :          -          -      -          0          -          -          0          -          -          -          -          -
Constraints        :     Number  MaxNumber  #Separate #Propagate    #EnfoLP    #EnfoRelax  #EnfoPS    #Check   #ResProp    Cutoffs    DomReds       Cuts    Applied      Conss   Children
  benderslp        :          0          0          0          0       2815          0          0        373          0          0          0          0          0          0          0
  integral         :          0          0          0          0       2815          0          0        373          0          0          0          0          0          0       5635
  varbound         :          0+      2923         31      67707          0          0          0        371          0          0        514          0          0          0          0
  linear           :          0+       481         31      67707          0          0          0          4        638         13       7547          0          0          0          0
  bounddisjunction :          0+        40          0        418          0          0          0          0          0          0          0          0          0          0          0
  benders          :          0          0          0          0          0          0          0          3          0          0          0          0          0          0          0
  countsols        :          0          0          0          0          0          0          0          3          0          0          0          0          0          0          0
  components       :          0          0          0          0          0          0          0          0          0          0          0          0          0          0          0
Constraint Timings :  TotalTime  SetupTime   Separate  Propagate     EnfoLP     EnfoPS     EnfoRelax   Check    ResProp    SB-Prop
  benderslp        :       0.00       0.00       0.00       0.00       0.00       0.00       0.00       0.00       0.00       0.00
  integral         :      41.68       0.00       0.00       0.00      41.68       0.00       0.00       0.00       0.00       0.00
  varbound         :       0.09       0.00       0.02       0.04       0.00       0.00       0.00       0.02       0.00       0.02
  linear           :       0.33       0.00       0.07       0.22       0.00       0.00       0.00       0.00       0.00       0.04
  bounddisjunction :       0.00       0.00       0.00       0.00       0.00       0.00       0.00       0.00       0.00       0.00
  benders          :       0.00       0.00       0.00       0.00       0.00       0.00       0.00       0.00       0.00       0.00
  countsols        :       0.00       0.00       0.00       0.00       0.00       0.00       0.00       0.00       0.00       0.00
  components       :       0.00       0.00       0.00       0.00       0.00       0.00       0.00       0.00       0.00       0.00
Propagators        : #Propagate   #ResProp    Cutoffs    DomReds
  dualfix          :          0          0          0          0
  genvbounds       :          0          0          0          0
  nlobbt           :          0          0          0          0
  obbt             :          0          0          0          0
  orbitalfixing    :          0          0          0          0
  probing          :          0          0          0          0
  pseudoobj        :          0          0          0          0
  redcost          :          0          0          0          0
  rootredcost      :          0          0          0          0
  vbounds          :      70522          0          0       4341
Propagator Timings :  TotalTime  SetupTime   Presolve  Propagate    ResProp    SB-Prop
  dualfix          :       0.00       0.00       0.00       0.00       0.00       0.00
  genvbounds       :       0.01       0.00       0.00       0.01       0.00       0.00
  nlobbt           :       0.00       0.00       0.00       0.00       0.00       0.00
  obbt             :       0.00       0.00       0.00       0.00       0.00       0.00
  orbitalfixing    :       0.00       0.00       0.00       0.00       0.00       0.00
  probing          :       0.00       0.00       0.00       0.00       0.00       0.00
  pseudoobj        :       0.01       0.00       0.00       0.01       0.00       0.00
  redcost          :       0.01       0.00       0.00       0.01       0.00       0.00
  rootredcost      :       0.01       0.00       0.00       0.01       0.00       0.00
  vbounds          :       0.06       0.00       0.00       0.05       0.00       0.01
Conflict Analysis  :       Time      Calls    Success    DomReds  Conflicts   Literals    Reconvs ReconvLits   Dualrays   Nonzeros   LP Iters   (pool size: [10000,10000])
  propagation      :       0.00          4          4          -          4      346.0          0        0.0          -          -          -
  infeasible LP    :       0.00          4          4          -         99       61.3          0        0.0          4      565.5          0
  bound exceed. LP :       0.00          0          0          -          0        0.0          0        0.0          0        0.0          0
  strong branching :       0.00          0          0          -          0        0.0          0        0.0          -          -          0
  pseudo solution  :       0.00          0          0          -          0        0.0          0        0.0          -          -          -
  applied globally :       0.00          -          -          0         44       74.8          -          -          4          -          -
  applied locally  :          -          -          -          0          0        0.0          -          -          0          -          -
Separators         :   ExecTime  SetupTime      Calls    Cutoffs    DomReds       Cuts    Applied      Conss
  cut pool         :       0.20                   754          -          -      20470          -          -    (maximal pool size: 12116)
  aggregation      :       0.29       0.00        158          0          0          0          0          0
  cgmip            :       0.00       0.00          0          0          0          0          0          0
  clique           :       0.00       0.00          1          0          0          0          0          0
  closecuts        :       0.00       0.00          0          0          0          0          0          0
  cmir             :       0.00       0.00          0          0          0          0        889          0
  convexproj       :       0.00       0.00          0          0          0          0          0          0
  disjunctive      :       0.00       0.00          0          0          0          0          0          0
  eccuts           :       0.00       0.00          0          0          0          0          0          0
  flowcover        :       0.00       0.00          0          0          0          0          0          0
  gauge            :       0.00       0.00          0          0          0          0          0          0
  gomory           :       0.65       0.00        135          0          0          0       3418          0
  impliedbounds    :       0.02       0.00        158          0          0          0        565          0
  intobj           :       0.00       0.00          0          0          0          0          0          0
  mcf              :       0.00       0.00          1          0          0          0          0          0
  oddcycle         :       0.00       0.00          0          0          0          0          0          0
  rapidlearning    :       0.00       0.00          0          0          0          0          0          0
  strongcg         :       0.34       0.00         20          0          0          0       1469          0
  zerohalf         :       0.21       0.00        145          0          0          0         69          0
Pricers            :   ExecTime  SetupTime      Calls       Vars
  problem variables:       0.00          -          0          0
Branching Rules    :   ExecTime  SetupTime   BranchLP  BranchExt   BranchPS    Cutoffs    DomReds       Cuts      Conss   Children
  allfullstrong    :       0.00       0.00          0          0          0          0          0          0          0          0
  cloud            :       0.00       0.00          0          0          0          0          0          0          0          0
  distribution     :       0.00       0.00          0          0          0          0          0          0          0          0
  fullstrong       :       0.00       0.00          0          0          0          0          0          0          0          0
  inference        :       0.00       0.00          0          0          0          0          0          0          0          0
  leastinf         :       0.00       0.00          0          0          0          0          0          0          0          0
  lookahead        :       0.00       0.00          0          0          0          0          0          0          0          0
  mostinf          :       0.00       0.00          0          0          0          0          0          0          0          0
  multaggr         :       0.00       0.00          0          0          0          0          0          0          0          0
  nodereopt        :       0.28       0.00          2          0          0          0          0          0          0          9
  pscost           :       0.00       0.00          0          0          0          0          0          0          0          0
  random           :       0.00       0.00          0          0          0          0          0          0          0          0
  relpscost        :      41.39       0.00       2813          0          0          0          0          0          0       5626
Primal Heuristics  :   ExecTime  SetupTime      Calls      Found       Best
  LP solutions     :       0.00          -          -          0          0
  relax solutions  :       0.00          -          -          0          0
  pseudo solutions :       0.00          -          -          0          0
  strong branching :       0.02          -          -          0          0
  actconsdiving    :       0.00       0.00          0          0          0
  alns             :       0.28       0.00          4          0          0
  bound            :       0.00       0.00          0          0          0
  clique           :       0.00       0.00          0          0          0
  coefdiving       :       2.24       0.00         44          0          0
  completesol      :       0.00       0.00          0          0          0
  conflictdiving   :       0.00       0.00          0          0          0
  crossover        :       0.00       0.00          0          0          0
  dins             :       0.00       0.00          0          0          0
  distributiondivin:       3.70       0.00         12          0          0
  dualval          :       0.00       0.00          0          0          0
  farkasdiving     :       0.00       0.00          0          0          0
  feaspump         :       1.04       0.00          6          0          0
  fixandinfer      :       0.00       0.00          0          0          0
  fracdiving       :       2.18       0.00         40          0          0
  gins             :       0.00       0.00          0          0          0
  guideddiving     :       2.01       0.00         35          0          0
  indicator        :       0.00       0.00          0          0          0
  intdiving        :       0.00       0.00          0          0          0
  intshifting      :       0.10       0.00         25          0          0
  linesearchdiving :       2.38       0.00         61          0          0
  localbranching   :       0.00       0.00          0          0          0
  locks            :       0.01       0.00          1          0          0
  lpface           :       0.00       0.00          0          0          0
  mpec             :       0.00       0.00          0          0          0
  multistart       :       0.00       0.00          0          0          0
  mutation         :       0.00       0.00          0          0          0
  nlpdiving        :       0.00       0.00          0          0          0
  objpscostdiving  :       3.85       0.00          3          0          0
  octane           :       0.00       0.00          0          0          0
  ofins            :       0.00       0.00          0          0          0
  oneopt           :       0.00       0.00          1          0          0
  proximity        :       0.00       0.00          0          0          0
  pscostdiving     :       4.34       0.00         16          0          0
  randrounding     :       0.07       0.00        395          0          0
  rens             :       0.05       0.00          1          0          0
  reoptsols        :       0.00       0.00          1          1          1
  repair           :       0.00       0.00          0          0          0
  rins             :       1.82       0.00          5          1          0
  rootsoldiving    :       1.68       0.00          2          0          0
  rounding         :       0.14       0.00        772          0          0
  shiftandpropagate:       0.00       0.00          0          0          0
  shifting         :       2.48       0.00        367          0          0
  simplerounding   :       0.00       0.00          0          0          0
  subnlp           :       0.00       0.00          0          0          0
  trivial          :       0.00       0.00          1          0          0
  trivialnegation  :       0.00       0.00          0          0          0
  trysol           :       0.00       0.00          0          0          0
  twoopt           :       0.00       0.00          0          0          0
  undercover       :       0.00       0.00          0          0          0
  vbounds          :       0.03       0.00          1          0          0
  veclendiving     :       3.52       0.00        115          0          0
  zeroobj          :       0.00       0.00          0          0          0
  zirounding       :       0.13       0.00       1000          0          0
  other solutions  :          -          -          -          0          -
Diving Statistics  :      Calls      Nodes   LP Iters Backtracks  Conflicts   MinDepth   MaxDepth   AvgDepth  RoundSols  NLeafSols  MinSolDpt  MaxSolDpt  AvgSolDpt
  actconsdiving    :          0          -          -          -          -          -          -          -          -          -          -          -          -
  coefdiving       :         44       3510       7724          0          0         68        188      101.3          0          -          -          -          -
  conflictdiving   :          0          -          -          -          -          -          -          -          -          -          -          -          -
  distributiondivin:         12       1258      11559         13         77         33        375      122.8          0          -          -          -          -
  farkasdiving     :          0          -          -          -          -          -          -          -          -          -          -          -          -
  fracdiving       :         40       2802       7822          0          0         51        133       91.0          0          -          -          -          -
  guideddiving     :         35       3278       8264          0          0         69        232      115.9          0          -          -          -          -
  linesearchdiving :         61       3752       7487          0         26         59        201       81.6          0          -          -          -          -
  pscostdiving     :         16       1567       9792         19          0         49        324      117.1          0          -          -          -          -
  veclendiving     :        115       5738       6864          0          0         55        103       72.9          0          -          -          -          -
Neighborhoods      :      Calls  SetupTime  SolveTime SolveNodes       Sols       Best       Exp3  EpsGreedy        UCB TgtFixRate  Opt  Inf Node Stal  Sol  Usr Othr Actv
  rens             :          1       0.02       0.15        101          0          0    0.00000   -1.00000    1.00000      0.900    0    0    0    1    0    0    0    1
  rins             :          1       0.02       0.01          0          0          0    0.00000   -1.00000    1.00000      0.700    0    1    0    0    0    0    0    1
  mutation         :          0       0.00       0.00          0          0          0    0.00000   -1.00000    1.00000      0.900    0    0    0    0    0    0    0    1
  localbranching   :          1       0.02       0.01          0          0          0    0.00000   -1.00000    1.00000      0.700    0    1    0    0    0    0    0    1
  crossover        :          0       0.00       0.00          0          0          0    0.00000   -1.00000    1.00000      0.900    0    0    0    0    0    0    0    1
  proximity        :          0       0.00       0.00          0          0          0    0.00000   -1.00000    1.00000      0.900    0    0    0    0    0    0    0    1
  zeroobjective    :          1       0.02       0.01          0          0          0    0.00000   -1.00000    1.00000      0.700    0    1    0    0    0    0    0    1
  dins             :          0       0.00       0.00          0          0          0    0.00000   -1.00000    1.00000      0.900    0    0    0    0    0    0    0    1
Tree Compressions  :   ExecTime  SetupTime      Calls      Found
  largestrepr      :       0.00       0.00          0          0
  weakcompr        :       0.00       0.00          0          0
LP                 :       Time      Calls Iterations  Iter/call   Iter/sec  Time-0-It Calls-0-It    ItLimit
  primal LP        :       1.59        673          0       0.00       0.00       1.59        673
  dual LP          :      19.00       3316     109333      33.50    5753.25       0.10         52
  lex dual LP      :       0.00          0          0       0.00          -
  barrier LP       :       0.00          0          0       0.00          -       0.00          0
  resolve instable :       0.00          0          0       0.00          -
  diving/probing LP:      39.49       1980     114066      57.61    2888.26
  strong branching :      20.78       2850      37690      13.22    1813.44          -          -        288
    (at root node) :          -         27         82       3.04          -
  conflict analysis:       0.00          0          0       0.00          -
B&B Tree           :
  number of runs   :          0
  nodes            :       2816 (2815 internal, 1 leaves)
  feasible leaves  :          0
  infeas. leaves   :          0
  objective leaves :          0
  nodes (total)    :       2816 (2815 internal, 1 leaves)
  nodes left       :       2821
  max depth        :         35
  max depth (total):         35
  backtracks       :        770 (27.3%)
  early backtracks :          0 (0.0%)
  nodes exc. ref.  :          0 (0.0%)
  delayed cutoffs  :          0
  repropagations   :          0 (0 domain reductions, 0 cutoffs)
  avg switch length:       6.70
  switching time   :       2.21
Root Node          :
  First LP value   : +4.15240000000000e+02
  First LP Iters   :       4264 (38154.89 Iter/sec)
  First LP Time    :       0.11
  Final Dual Bound : +4.41293451309949e+02
  Final Root Iters :      16661
  Root LP Estimate : +4.47759094902290e+02
Solution           :
  Solutions found  :          2 (1 improvements)
  First Solution   : +4.53000000000000e+02   (in run 0, after 1 nodes, 0.00 seconds, depth 0, found by <reoptsols>)
  Gap First Sol.   :   infinite
  Gap Last Sol.    :   infinite
  Primal Bound     : +4.53000000000000e+02   (in run 0, after 1 nodes, 0.00 seconds, depth 0, found by <reoptsols>)
  Dual Bound       : +4.50433233015424e+02
  Gap              :       0.57 %
  Avg. Gap         :       1.27 % (127.20 primal-dual integral)
NoError here ! 
./script6: line 19: 15325 Segmentation fault      (core dumped) ./repair/build/repair $file $i $u $k $gap

real	1m45.363s
user	1m34.210s
sys	0m10.418s
