parameters: neos-827175_10_1_5_0.050000 

SCIP version 6.0.1 [precision: 8 byte] [memory: block] [mode: optimized] [LP solver: SoPlex 4.0.1] [GitHash: a27ecc0]
Copyright (C) 2002-2019 Konrad-Zuse-Zentrum fuer Informationstechnik Berlin (ZIB)

read problem <instances/neos-827175.mps> ...

original problem has 32504 variables (21350 bin, 0 int, 0 impl, 11154 cont) and 14187 constraints
read solution <10solution/neos-827175_1.sol> ...

check the feasibility of <10solution/neos-827175_1.sol> for problem <instances/neos-827175.mps> ...

  [linear] <R0010>: <C6763>[C] (+0) +<C6764>[C] (+0) +<C6765>[C] (+0) +<C6766>[C] (+0) +<C6767>[C] (+0) +<C6768>[C] (+0) +<C6769>[C] (+0) +<C6770>[C] (+0) +<C6771>[C] (+0) +<C6772>[C] (+0) +<C6773>[C] (+1) +<C6774>[C] (+0) +<C6775>[C] (+0) +<C6776>[C] (+0) +<C6777>[C] (+0) +<C6778>[C] (+1) +<C6779>[C] (+0) +<C6780>[C] (+0) +<C6781>[C] (+0) +<C6782>[C] (+0) +<C6783>[C] (+0) +<C6784>[C] (+0) +<C6785>[C] (+0) +<C6786>[C] (+1) +<C6787>[C] (+0) +<C6788>[C] (+0) +<C6789>[C] (+0) +<C6790>[C] (+1) +<C6791>[C] (+0) +<C6792>[C] (+0) +<C6793>[C] (+0) +<C6794>[C] (+0) +<C6795>[C] (+1) +<C6796>[C] (+0) +<C6797>[C] (+1) +<C6798>[C] (+1) +<C6799>[C] (+0) +<C6800>[C] (+1) +<C6801>[C] (+0) +<C6802>[C] (+0) +<C6803>[C] (+0) +<C6804>[C] (+0) +<C6805>[C] (+0) +<C6806>[C] (+0) +<C6807>[C] (+0) +<C6808>[C] (+0) +<C6809>[C] (+0) +<C6810>[C] (+0) +<C6811>[C] (+1) +<C6812>[C] (+0) +<C6813>[C] (+0) +<C6814>[C] (+0) +<C6815>[C] (+0) +<C6816>[C] (+1) +<C6817>[C] (+0) +<C6818>[C] (+1) +<C6819>[C] (+0) +<C6820>[C] (+0) +<C6821>[C] (+0) +<C6822>[C] (+0) +<C6823>[C] (+1) +<C6824>[C] (+0) +<C6825>[C] (+1) +<C6826>[C] (+1) +<C6827>[C] (+1) +<C6828>[C] (+0) +<C6829>[C] (+0) +<C6830>[C] (+0) +<C6831>[C] (+0) +<C6832>[C] (+0) +<C6833>[C] (+0) +<C6834>[C] (+0) +<C6835>[C] (+1) +<C6836>[C] (+0) +<C6837>[C] (+0) +<C6838>[C] (+0) +<C6839>[C] (+0) +<C6840>[C] (+0) +<C6841>[C] (+0) +<C6842>[C] (+0) +<C6843>[C] (+0) +<C6844>[C] (+0) +<C6845>[C] (+0) +<C6846>[C] (+0) +<C6847>[C] (+0) +<C6848>[C] (+0) +<C6849>[C] (+0) +<C6850>[C] (+0) +<C6851>[C] (+1) +<C6852>[C] (+0) +<C6853>[C] (+1) +<C6854>[C] (+1) +<C6855>[C] (+1) +<C6856>[C] (+0) +<C6857>[C] (+1) +<C6858>[C] (+0) +<C6859>[C] (+0) +<C6860>[C] (+0) +<C6861>[C] (+0) +<C6862>[C] (+0) +<C6863>[C] (+0) +<C6864>[C] (+0) +<C6865>[C] (+0) +<C6866>[C] (+0) +<C6867>[C] (+0) +<C6868>[C] (+0) +<C6869>[C] (+1) +<C6870>[C] (+1) +<C6871>[C] (+1) +<C6872>[C] (+0) +<C6873>[C] (+0) +<C6874>[C] (+1) +<C6875>[C] (+0) +<C6876>[C] (+0) +<C6877>[C] (+0) +<C6878>[C] (+0) +<C6879>[C] (+1) +<C6880>[C] (+0) +<C6881>[C] (+1) +<C6882>[C] (+0) +<C6883>[C] (+0) +<C6884>[C] (+0) +<C6885>[C] (+1) +<C6886>[C] (+1) +<C6887>[C] (+0) +<C6888>[C] (+0) +<C6889>[C] (+0) +<C6890>[C] (+0) +<C6891>[C] (+0) +<C6892>[C] (+0) +<C6893>[C] (+0) +<C6894>[C] (+0) +<C6895>[C] (+0) +<C6896>[C] (+0) +<C6897>[C] (+0) +<C6898>[C] (+0) +<C6899>[C] (+0) +<C6900>[C] (+0) +<C6901>[C] (+0) +<C6902>[C] (+0) +<C6903>[C] (+0) +<C6904>[C] (+0) +<C6905>[C] (+0) +<C6906>[C] (+0) +<C6907>[C] (+0) +<C6908>[C] (+0) +<C6909>[C] (+0) +<C6910>[C] (+0) +<C6911>[C] (+0) +<C6912>[C] (+0) +<C6913>[C] (+0) +<C6914>[C] (+0) +<C6915>[C] (+0) +<C6916>[C] (+0) +<C6917>[C] (+0) +<C6918>[C] (+0) +<C6919>[C] (+0) +<C6920>[C] (+0) +<C6921>[C] (+0) +<C6922>[C] (+0) +<C6923>[C] (+1) +<C6924>[C] (+0) +<C6925>[C] (+0) +<C6926>[C] (+0) +<C6927>[C] (+0) +<C6928>[C] (+1) +<C6929>[C] (+0) +<C6930>[C] (+0) +<C6931>[C] (+0) +<C6932>[C] (+1) +<C6933>[C] (+0) +<C6934>[C] (+1) +<C6935>[C] (+0) +<C6936>[C] (+1) +<C6937>[C] (+0) +<C6938>[C] (+0) +<C6939>[C] (+1) +<C6940>[C] (+0) +<C6941>[C] (+0) +<C6942>[C] (+0) +<C6943>[C] (+1) +<C6944>[C] (+0) +<C6945>[C] (+0) +<C6946>[C] (+0) +<C6947>[C] (+0) +<C6948>[C] (+0) +<C6949>[C] (+0) +<C6950>[C] (+1) +<C6951>[C] (+0) +<C6952>[C] (+0) +<C6953>[C] (+0) +<C6954>[C] (+0) +<C6955>[C] (+0) +<C6956>[C] (+0) +<C6957>[C] (+0) +<C6958>[C] (+0) +<C6959>[C] (+1) +<C6960>[C] (+0) +<C6961>[C] (+0) +<C6962>[C] (+1) +<C6963>[C] (+0) +<C6964>[C] (+1) +<C6965>[C] (+0) +<C6966>[C] (+0) +<C6967>[C] (+0) +<C6968>[C] (+0) +<C6969>[C] (+1) +<C6970>[C] (+0) +<C6971>[C] (+0) +<C6972>[C] (+0) +<C6973>[C] (+0) +<C6974>[C] (+0) +<C6975>[C] (+0) +<C6976>[C] (+0) +<C6977>[C] (+0) +<C6978>[C] (+0) +<C6979>[C] (+0) +<C6980>[C] (+0) +<C6981>[C] (+0) +<C6982>[C] (+0) +<C6983>[C] (+0) +<C6984>[C] (+0) +<C6985>[C] (+0) +<C6986>[C] (+0) +<C6987>[C] (+0) +<C6988>[C] (+0) +<C6989>[C] (+1) +<C6990>[C] (+0) +<C6991>[C] (+0) +<C6992>[C] (+0) +<C6993>[C] (+0) +<C6994>[C] (+0) +<C6995>[C] (+0) +<C6996>[C] (+0) +<C6997>[C] (+1) +<C6998>[C] (+0) +<C6999>[C] (+0) +<C7000>[C] (+0) +<C7001>[C] (+0) +<C7002>[C] (+1) +<C7003>[C] (+0) +<C7004>[C] (+0) +<C7005>[C] (+0) +<C7006>[C] (+0) +<C7007>[C] (+0) +<C7008>[C] (+0) +<C7009>[C] (+0) +<C7010>[C] (+0) +<C7011>[C] (+0) +<C7012>[C] (+0) +<C7013>[C] (+0) +<C7014>[C] (+0) +<C7015>[C] (+0) +<C7016>[C] (+0) +<C7017>[C] (+0) +<C7018>[C] (+0) +<C7019>[C] (+0) +<C7020>[C] (+0) +<C7021>[C] (+0) +<C7022>[C] (+0) +<C7023>[C] (+0) +<C7024>[C] (+0) +<C7025>[C] (+0) +<C7026>[C] (+0) +<C7027>[C] (+0) +<C7028>[C] (+0) +<C7029>[C] (+0) +<C7030>[C] (+0) +<C7031>[C] (+0) +<C7032>[C] (+0) +<C7033>[C] (+0) +<C7034>[C] (+0) +<C7035>[C] (+0) +<C7036>[C] (+0) +<C7037>[C] (+0) +<C7038>[C] (+0) +<C7039>[C] (+0) +<C7040>[C] (+0) +<C7041>[C] (+0) +<C7042>[C] (+0) +<C7043>[C] (+0) +<C7044>[C] (+0) +<C7045>[C] (+0) +<C7046>[C] (+0) +<C7047>[C] (+0) +<C7048>[C] (+0) +<C7049>[C] (+0) +<C7050>[C] (+0) +<C7051>[C] (+0) +<C7052>[C] (+0) +<C7053>[C] (+0) +<C7054>[C] (+0) +<C7055>[C] (+0) +<C7056>[C] (+0) +<C7057>[C] (+0) +<C7058>[C] (+0) +<C7059>[C] (+0) +<C7060>[C] (+0) +<C7061>[C] (+0) +<C7062>[C] (+0) +<C7063>[C] (+0) +<C7064>[C] (+0) +<C7065>[C] (+0) +<C7066>[C] (+0) +<C7067>[C] (+0) +<C7068>[C] (+0) +<C7069>[C] (+0) +<C7070>[C] (+0) +<C7071>[C] (+0) +<C7072>[C] (+0) +<C7073>[C] (+0) +<C7074>[C] (+0) +<C7075>[C] (+0) +<C7076>[C] (+0) +<C7077>[C] (+0) +<C7078>[C] (+0) +<C7079>[C] (+0) +<C7080>[C] (+0) +<C7081>[C] (+0) +<C7082>[C] (+0) +<C7083>[C] (+0) +<C7084>[C] (+0) +<C7085>[C] (+0) +<C7086>[C] (+0) +<C7087>[C] (+0) +<C7088>[C] (+0) +<C7089>[C] (+0) +<C7090>[C] (+0) +<C7091>[C] (+0) +<C7092>[C] (+0) +<C7093>[C] (+0) +<C7094>[C] (+0) +<C7095>[C] (+0) +<C7096>[C] (+0) +<C7097>[C] (+0) +<C7098>[C] (+0) +<C7099>[C] (+0) +<C7100>[C] (+0) +<C7101>[C] (+0) +<C7102>[C] (+0) +<C7103>[C] (+0) +<C7104>[C] (+0) +<C7105>[C] (+0) +<C7106>[C] (+0) +<C7107>[C] (+0) +<C7108>[C] (+0) +<C7109>[C] (+0) +<C7110>[C] (+0) +<C7111>[C] (+0) +<C7112>[C] (+0) +<C7113>[C] (+0) +<C7114>[C] (+0) +<C7115>[C] (+0) +<C7116>[C] (+0) +<C7117>[C] (+0) +<C7118>[C] (+0) +<C7119>[C] (+0) +<C7120>[C] (+0) +<C7121>[C] (+0) +<C7122>[C] (+0) +<C7123>[C] (+0) +<C7124>[C] (+0) +<C7125>[C] (+0) +<C7126>[C] (+0) +<C7127>[C] (+0) +<C7128>[C] (+0) +<C7129>[C] (+0) +<C7130>[C] (+0) +<C7131>[C] (+0) +<C7132>[C] (+1) +<C7133>[C] (+1) +<C7134>[C] (+1) +<C7135>[C] (+0) +<C7136>[C] (+1) +<C7137>[C] (+0) +<C7138>[C] (+0) +<C7139>[C] (+0) +<C7140>[C] (+0) +<C7141>[C] (+0) +<C7142>[C] (+0) +<C7143>[C] (+0) +<C7144>[C] (+0) +<C7145>[C] (+0) +<C7146>[C] (+0) +<C7147>[C] (+0) +<C7148>[C] (+0) +<C7149>[C] (+1) +<C7150>[C] (+0) +<C7151>[C] (+0) +<C7152>[C] (+0) +<C7153>[C] (+0) +<C7154>[C] (+0) +<C7155>[C] (+0) +<C7156>[C] (+0) +<C7157>[C] (+0) +<C7158>[C] (+0) +<C7159>[C] (+0) +<C7160>[C] (+0) +<C7161>[C] (+0) +<C7162>[C] (+0) +<C7163>[C] (+0) +<C7164>[C] (+0) +<C7165>[C] (+0) +<C7166>[C] (+0) +<C7167>[C] (+0) +<C7168>[C] (+1) +<C7169>[C] (+0) +<C7170>[C] (+0) +<C7171>[C] (+0) +<C7172>[C] (+0) +<C7173>[C] (+0) +<C7174>[C] (+0) +<C7175>[C] (+0) +<C7176>[C] (+0) +<C7177>[C] (+0) +<C7178>[C] (+0) +<C7179>[C] (+1) +<C7180>[C] (+0) +<C7181>[C] (+0) +<C7182>[C] (+0) +<C7183>[C] (+0) +<C7184>[C] (+0) +<C7185>[C] (+0) +<C7186>[C] (+0) +<C7187>[C] (+0) +<C7188>[C] (+0) +<C7189>[C] (+0) +<C7190>[C] (+1) +<C7191>[C] (+0) +<C7192>[C] (+0) +<C7193>[C] (+0) +<C7194>[C] (+0) +<C7195>[C] (+0) +<C7196>[C] (+0) +<C7197>[C] (+0) +<C7198>[C] (+0) +<C7199>[C] (+0) +<C7200>[C] (+0) +<C7201>[C] (+0) +<C7202>[C] (+1) +<C7203>[C] (+0) +<C7204>[C] (+1) +<C7205>[C] (+0) +<C7206>[C] (+0) +<C7207>[C] (+1) +<C7208>[C] (+0) +<C7209>[C] (+0) +<C7210>[C] (+0) +<C7211>[C] (+0) +<C7212>[C] (+0) +<C7213>[C] (+0) +<C7214>[C] (+0) +<C7215>[C] (+0) +<C7216>[C] (+0) +<C7217>[C] (+0) +<C7218>[C] (+0) +<C7219>[C] (+0) +<C7220>[C] (+0) +<C7221>[C] (+0) +<C7222>[C] (+1) +<C7223>[C] (+0) +<C7224>[C] (+0) +<C7225>[C] (+0) +<C7226>[C] (+0) +<C7227>[C] (+0) +<C7228>[C] (+0) +<C7229>[C] (+1) +<C7230>[C] (+0) +<C7231>[C] (+0) +<C7232>[C] (+1) +<C7233>[C] (+0) +<C7234>[C] (+0) +<C7235>[C] (+0) +<C7236>[C] (+0) +<C7237>[C] (+0) +<C7238>[C] (+0) +<C7239>[C] (+1) +<C7240>[C] (+0) +<C7241>[C] (+0) +<C7242>[C] (+0) +<C7243>[C] (+0) +<C7244>[C] (+0) +<C7245>[C] (+0) +<C7246>[C] (+0) +<C7247>[C] (+0) +<C7248>[C] (+0) +<C7249>[C] (+0) +<C7250>[C] (+0) +<C7251>[C] (+0) +<C7252>[C] (+0) +<C7253>[C] (+1) +<C7254>[C] (+0) +<C7255>[C] (+0) +<C7256>[C] (+0) +<C7257>[C] (+0) +<C7258>[C] (+0) +<C7259>[C] (+1) +<C7260>[C] (+0) +<C7261>[C] (+0) +<C7262>[C] (+0) +<C7263>[C] (+0) +<C7264>[C] (+1) +<C7265>[C] (+0) +<C7266>[C] (+0) +<C7267>[C] (+0) +<C7268>[C] (+1) +<C7269>[C] (+1) +<C7270>[C] (+0) +<C7271>[C] (+0) +<C7272>[C] (+0) +<C7273>[C] (+1) +<C7274>[C] (+0) +<C7275>[C] (+1) +<C7276>[C] (+0) +<C7277>[C] (+1) +<C7278>[C] (+0) +<C7279>[C] (+1) +<C7280>[C] (+0) +<C7281>[C] (+1) +<C7282>[C] (+0) +<C7283>[C] (+0) +<C7284>[C] (+1) +<C7285>[C] (+0) +<C7286>[C] (+0) +<C7287>[C] (+1) +<C7288>[C] (+0) +<C7289>[C] (+0) +<C7290>[C] (+0) +<C7291>[C] (+1) +<C7292>[C] (+0) +<C7293>[C] (+0) +<C7294>[C] (+0) +<C7295>[C] (+0) +<C7296>[C] (+0) +<C7297>[C] (+0) +<C7298>[C] (+0) +<C7299>[C] (+0) +<C7300>[C] (+0) +<C7301>[C] (+0) +<C7302>[C] (+0) +<C7303>[C] (+0) +<C7304>[C] (+0) +<C7305>[C] (+0) +<C7306>[C] (+0) +<C7307>[C] (+1) +<C7308>[C] (+1) +<C7309>[C] (+0) +<C7310>[C] (+1) +<C7311>[C] (+0) +<C7312>[C] (+0) +<C7313>[C] (+0) +<C7314>[C] (+0) +<C7315>[C] (+0) +<C7316>[C] (+0) +<C7317>[C] (+1) +<C7318>[C] (+1) +<C7319>[C] (+0) +<C7320>[C] (+0) +<C7321>[C] (+1) +<C7322>[C] (+1) +<C7323>[C] (+0) +<C7324>[C] (+0) +<C7325>[C] (+0) +<C7326>[C] (+0) +<C7327>[C] (+1) +<C7328>[C] (+0) +<C7329>[C] (+0) +<C7330>[C] (+0) +<C7331>[C] (+0) +<C7332>[C] (+0) +<C7333>[C] (+0) +<C7334>[C] (+0) +<C7335>[C] (+0) +<C7336>[C] (+0) +<C7337>[C] (+0) +<C7338>[C] (+1) +<C7339>[C] (+0) +<C7340>[C] (+1) +<C7341>[C] (+0) +<C7342>[C] (+0) +<C7343>[C] (+0) +<C7344>[C] (+0) +<C7345>[C] (+0) +<C7346>[C] (+1) +<C7347>[C] (+0) +<C7348>[C] (+0) +<C7349>[C] (+1) +<C7350>[C] (+0) +<C7351>[C] (+0) +<C7352>[C] (+0) +<C7353>[C] (+1) +<C7354>[C] (+0) +<C7355>[C] (+0) +<C7356>[C] (+0) +<C7357>[C] (+0) +<C7358>[C] (+0) +<C7359>[C] (+0) +<C7360>[C] (+1) +<C7361>[C] (+0) +<C7362>[C] (+0) +<C7363>[C] (+0) +<C7364>[C] (+0) +<C7365>[C] (+0) +<C7366>[C] (+0) +<C7367>[C] (+0) +<C7368>[C] (+0) +<C7369>[C] (+0) +<C7370>[C] (+1) +<C7371>[C] (+0) +<C7372>[C] (+1) +<C7373>[C] (+0) +<C7374>[C] (+0) +<C7375>[C] (+0) +<C7376>[C] (+0) +<C7377>[C] (+0) +<C7378>[C] (+0) +<C7379>[C] (+0) +<C7380>[C] (+0) +<C7381>[C] (+0) +<C7382>[C] (+0) +<C7383>[C] (+0) +<C7384>[C] (+0) +<C7385>[C] (+0) +<C7386>[C] (+0) +<C7387>[C] (+0) +<C7388>[C] (+0) +<C7389>[C] (+0) +<C7390>[C] (+0) +<C7391>[C] (+0) +<C7392>[C] (+0) +<C7393>[C] (+0) +<C7394>[C] (+0) +<C7395>[C] (+0) +<C7396>[C] (+0) +<C7397>[C] (+0) +<C7398>[C] (+0) +<C7399>[C] (+0) +<C7400>[C] (+0) +<C7401>[C] (+0) +<C7402>[C] (+0) +<C7403>[C] (+0) +<C7404>[C] (+0) +<C7405>[C] (+0) +<C7406>[C] (+0) +<C7407>[C] (+0) +<C7408>[C] (+0) +<C7409>[C] (+0) +<C7410>[C] (+0) +<C7411>[C] (+0) +<C7412>[C] (+0) +<C7413>[C] (+0) +<C7414>[C] (+0) +<C7415>[C] (+0) +<C7416>[C] (+0) +<C7417>[C] (+0) +<C7418>[C] (+0) +<C7419>[C] (+0) +<C7420>[C] (+0) +<C7421>[C] (+0) +<C7422>[C] (+0) +<C7423>[C] (+0) +<C7424>[C] (+0) +<C7425>[C] (+0) +<C7426>[C] (+0) +<C7427>[C] (+0) +<C7428>[C] (+0) +<C7429>[C] (+0) +<C7430>[C] (+0) +<C7431>[C] (+0) +<C7432>[C] (+0) +<C7433>[C] (+0) +<C7434>[C] (+0) +<C7435>[C] (+0) +<C7436>[C] (+0) +<C7437>[C] (+0) +<C7438>[C] (+0) +<C7439>[C] (+0) +<C7440>[C] (+0) +<C7441>[C] (+0) +<C7442>[C] (+0) +<C7443>[C] (+0) +<C7444>[C] (+0) +<C7445>[C] (+0) +<C7446>[C] (+0) +<C7447>[C] (+0) +<C7448>[C] (+0) +<C7449>[C] (+0) +<C7450>[C] (+0) +<C7451>[C] (+0) +<C7452>[C] (+0) +<C7453>[C] (+0) +<C7454>[C] (+0) +<C7455>[C] (+0) +<C7456>[C] (+0) +<C7457>[C] (+0) +<C7458>[C] (+0) +<C7459>[C] (+0) +<C7460>[C] (+0) +<C7461>[C] (+0) +<C7462>[C] (+0) +<C7463>[C] (+0) +<C7464>[C] (+0) +<C7465>[C] (+0) +<C7466>[C] (+0) +<C7467>[C] (+0) +<C7468>[C] (+0) +<C7469>[C] (+0) +<C7470>[C] (+0) +<C7471>[C] (+0) +<C7472>[C] (+0) +<C7473>[C] (+0) +<C7474>[C] (+0) +<C7475>[C] (+0) +<C7476>[C] (+0) +<C7477>[C] (+0) +<C7478>[C] (+0) +<C7479>[C] (+0) +<C7480>[C] (+0) +<C7481>[C] (+0) +<C7482>[C] (+0) +<C7483>[C] (+0) +<C7484>[C] (+0) +<C7485>[C] (+0) +<C7486>[C] (+0) +<C7487>[C] (+0) +<C7488>[C] (+0) +<C7489>[C] (+0) +<C7490>[C] (+0) +<C7491>[C] (+0) +<C7492>[C] (+0) +<C7493>[C] (+0) +<C7494>[C] (+0) -<C22135>[B] (+1) -<C22136>[B] (+1) -<C22137>[B] (+1) -<C22138>[B] (+1) -<C22139>[B] (+1) -<C22140>[B] (+1) -<C22141>[B] (+0) -<C22142>[B] (+1) -<C22143>[B] (+1) -<C22144>[B] (+0) -<C22145>[B] (+1) -<C22146>[B] (+1) -<C22147>[B] (+1) -<C22148>[B] (+1) -<C22149>[B] (+0) -<C22150>[B] (+1) -<C22151>[B] (+0) -<C22152>[B] (+1) -<C22153>[B] (+1) -<C22154>[B] (+1) -<C22155>[B] (+1) -<C22156>[B] (+0) -<C22157>[B] (+1) -<C22158>[B] (+1) -<C22159>[B] (+1) -<C22160>[B] (+0) -<C22161>[B] (+1) -<C22162>[B] (+1) -<C22163>[B] (+1) -<C22164>[B] (+1) -<C22165>[B] (+1) -<C22166>[B] (+1) -<C22167>[B] (+1) -<C22168>[B] (+1) -<C22169>[B] (+1) -<C22170>[B] (+1) -<C22171>[B] (+1) -<C22172>[B] (+1) -<C22173>[B] (+1) -<C22174>[B] (+1) -<C22175>[B] (+1) -<C22176>[B] (+1) -<C22177>[B] (+1) -<C22178>[B] (+1) -<C22179>[B] (+0) -<C22180>[B] (+1) -<C22181>[B] (+1) -<C22182>[B] (+1) -<C22183>[B] (+0) -<C22184>[B] (+1) -<C22185>[B] (+1) -<C22186>[B] (+1) -<C22187>[B] (+1) -<C22188>[B] (+1) -<C22189>[B] (+1) -<C22190>[B] (+1) -<C22191>[B] (+1) -<C22192>[B] (+1) -<C22193>[B] (+1) -<C22194>[B] (+1) -<C22195>[B] (+1) -<C22196>[B] (+1) -<C22197>[B] (+1) -<C22198>[B] (+1) -<C22199>[B] (+1) -<C22200>[B] (+1) -<C22201>[B] (+0) -<C22202>[B] (+1) -<C22203>[B] (+1) -<C22204>[B] (+1) -<C22205>[B] (+1) -<C22206>[B] (+1) -<C22207>[B] (+1) -<C22208>[B] (+1) -<C22209>[B] (+1) -<C22210>[B] (+0) -<C22211>[B] (+1) -<C22212>[B] (+1) -<C22213>[B] (+1) -<C22214>[B] (+1) -<C22215>[B] (+1) -<C22216>[B] (+0) -<C22217>[B] (+0) -<C22218>[B] (+1) -<C22219>[B] (+1) -<C22220>[B] (+0) -<C22221>[B] (+1) -<C22222>[B] (+1) -<C22223>[B] (+1) -<C22224>[B] (+0) -<C22225>[B] (+1) -<C22226>[B] (+1) -<C22227>[B] (+1) -<C22228>[B] (+1) -<C22229>[B] (+1) -<C22230>[B] (+0) -<C22231>[B] (+0) -<C22232>[B] (+0) -<C22233>[B] (+1) -<C22234>[B] (+1) -<C22235>[B] (+0) -<C22236>[B] (+1) -<C22237>[B] (+1) -<C22238>[B] (+0) -<C22239>[B] (+1) -<C22240>[B] (+1) -<C22241>[B] (+1) -<C22242>[B] (+1) -<C22243>[B] (+1) -<C22244>[B] (+0) -<C22245>[B] (+1) -<C22246>[B] (+1) -<C22247>[B] (+1) -<C22248>[B] (+0) -<C22249>[B] (+1) -<C22250>[B] (+1) -<C22251>[B] (+1) -<C22252>[B] (+1) -<C22253>[B] (+1) -<C22254>[B] (+1) -<C22255>[B] (+1) -<C22256>[B] (+1) <= -24;
;
violation: right hand side is violated by 11
  [linear] <R0011>: <C7495>[C] (+0) +<C7496>[C] (+0) +<C7497>[C] (+0) +<C7498>[C] (+0) +<C7499>[C] (+0) +<C7500>[C] (+0) +<C7501>[C] (+0) +<C7502>[C] (+0) +<C7503>[C] (+0) +<C7504>[C] (+0) +<C7505>[C] (+0) +<C7506>[C] (+0) +<C7507>[C] (+0) +<C7508>[C] (+0) +<C7509>[C] (+0) +<C7510>[C] (+0) +<C7511>[C] (+0) +<C7512>[C] (+0) +<C7513>[C] (+0) +<C7514>[C] (+0) +<C7515>[C] (+0) +<C7516>[C] (+0) +<C7517>[C] (+0) +<C7518>[C] (+0) +<C7519>[C] (+0) +<C7520>[C] (+0) +<C7521>[C] (+0) +<C7522>[C] (+0) +<C7523>[C] (+0) +<C7524>[C] (+0) +<C7525>[C] (+0) +<C7526>[C] (+0) +<C7527>[C] (+0) +<C7528>[C] (+0) +<C7529>[C] (+0) +<C7530>[C] (+0) +<C7531>[C] (+0) +<C7532>[C] (+0) +<C7533>[C] (+0) +<C7534>[C] (+0) +<C7535>[C] (+0) +<C7536>[C] (+0) +<C7537>[C] (+0) +<C7538>[C] (+0) +<C7539>[C] (+0) +<C7540>[C] (+0) +<C7541>[C] (+0) +<C7542>[C] (+0) +<C7543>[C] (+0) +<C7544>[C] (+0) +<C7545>[C] (+0) +<C7546>[C] (+0) +<C7547>[C] (+0) +<C7548>[C] (+0) +<C7549>[C] (+0) +<C7550>[C] (+0) +<C7551>[C] (+0) +<C7552>[C] (+0) +<C7553>[C] (+0) +<C7554>[C] (+0) +<C7555>[C] (+0) +<C7556>[C] (+0) +<C7557>[C] (+0) +<C7558>[C] (+0) +<C7559>[C] (+0) +<C7560>[C] (+0) +<C7561>[C] (+0) +<C7562>[C] (+0) +<C7563>[C] (+0) +<C7564>[C] (+0) +<C7565>[C] (+0) +<C7566>[C] (+0) +<C7567>[C] (+0) +<C7568>[C] (+0) +<C7569>[C] (+0) +<C7570>[C] (+0) +<C7571>[C] (+0) +<C7572>[C] (+0) +<C7573>[C] (+0) +<C7574>[C] (+0) +<C7575>[C] (+0) +<C7576>[C] (+0) +<C7577>[C] (+0) +<C7578>[C] (+0) +<C7579>[C] (+0) +<C7580>[C] (+0) +<C7581>[C] (+0) +<C7582>[C] (+0) +<C7583>[C] (+0) +<C7584>[C] (+0) +<C7585>[C] (+0) +<C7586>[C] (+0) +<C7587>[C] (+0) +<C7588>[C] (+0) +<C7589>[C] (+0) +<C7590>[C] (+0) +<C7591>[C] (+0) +<C7592>[C] (+0) +<C7593>[C] (+0) +<C7594>[C] (+0) +<C7595>[C] (+0) +<C7596>[C] (+0) +<C7597>[C] (+0) +<C7598>[C] (+0) +<C7599>[C] (+0) +<C7600>[C] (+0) +<C7601>[C] (+0) +<C7602>[C] (+0) +<C7603>[C] (+0) +<C7604>[C] (+0) +<C7605>[C] (+0) +<C7606>[C] (+0) +<C7607>[C] (+0) +<C7608>[C] (+0) +<C7609>[C] (+0) +<C7610>[C] (+0) +<C7611>[C] (+0) +<C7612>[C] (+0) +<C7613>[C] (+0) +<C7614>[C] (+0) +<C7615>[C] (+0) +<C7616>[C] (+0) +<C7617>[C] (+0) +<C7618>[C] (+0) +<C7619>[C] (+0) +<C7620>[C] (+0) +<C7621>[C] (+0) +<C7622>[C] (+0) +<C7623>[C] (+0) +<C7624>[C] (+0) +<C7625>[C] (+0) +<C7626>[C] (+0) +<C7627>[C] (+0) +<C7628>[C] (+0) +<C7629>[C] (+0) +<C7630>[C] (+0) +<C7631>[C] (+0) +<C7632>[C] (+0) +<C7633>[C] (+0) +<C7634>[C] (+0) +<C7635>[C] (+0) +<C7636>[C] (+0) +<C7637>[C] (+0) +<C7638>[C] (+0) +<C7639>[C] (+0) +<C7640>[C] (+0) +<C7641>[C] (+0) +<C7642>[C] (+0) +<C7643>[C] (+0) +<C7644>[C] (+0) +<C7645>[C] (+0) +<C7646>[C] (+0) +<C7647>[C] (+0) +<C7648>[C] (+0) +<C7649>[C] (+0) +<C7650>[C] (+0) +<C7651>[C] (+0) +<C7652>[C] (+0) +<C7653>[C] (+0) +<C7654>[C] (+0) +<C7655>[C] (+0) +<C7656>[C] (+0) +<C7657>[C] (+0) +<C7658>[C] (+0) +<C7659>[C] (+0) +<C7660>[C] (+0) +<C7661>[C] (+0) +<C7662>[C] (+0) +<C7663>[C] (+0) +<C7664>[C] (+0) +<C7665>[C] (+0) +<C7666>[C] (+0) +<C7667>[C] (+0) +<C7668>[C] (+0) +<C7669>[C] (+0) +<C7670>[C] (+0) +<C7671>[C] (+0) +<C7672>[C] (+0) +<C7673>[C] (+0) +<C7674>[C] (+0) +<C7675>[C] (+0) +<C7676>[C] (+0) +<C7677>[C] (+0) +<C7678>[C] (+0) +<C7679>[C] (+0) +<C7680>[C] (+0) +<C7681>[C] (+0) +<C7682>[C] (+0) +<C7683>[C] (+0) +<C7684>[C] (+0) +<C7685>[C] (+0) +<C7686>[C] (+0) +<C7687>[C] (+0) +<C7688>[C] (+0) +<C7689>[C] (+0) +<C7690>[C] (+0) +<C7691>[C] (+0) +<C7692>[C] (+0) +<C7693>[C] (+0) +<C7694>[C] (+0) +<C7695>[C] (+0) +<C7696>[C] (+0) +<C7697>[C] (+0) +<C7698>[C] (+0) +<C7699>[C] (+0) +<C7700>[C] (+0) +<C7701>[C] (+0) +<C7702>[C] (+0) +<C7703>[C] (+0) +<C7704>[C] (+0) +<C7705>[C] (+0) +<C7706>[C] (+0) +<C7707>[C] (+0) +<C7708>[C] (+0) +<C7709>[C] (+0) +<C7710>[C] (+0) +<C7711>[C] (+0) +<C7712>[C] (+0) +<C7713>[C] (+0) +<C7714>[C] (+0) +<C7715>[C] (+0) +<C7716>[C] (+0) +<C7717>[C] (+0) +<C7718>[C] (+0) +<C7719>[C] (+0) +<C7720>[C] (+0) +<C7721>[C] (+0) +<C7722>[C] (+0) +<C7723>[C] (+0) +<C7724>[C] (+0) +<C7725>[C] (+0) +<C7726>[C] (+0) +<C7727>[C] (+0) +<C7728>[C] (+0) +<C7729>[C] (+0) +<C7730>[C] (+0) +<C7731>[C] (+0) +<C7732>[C] (+0) +<C7733>[C] (+0) +<C7734>[C] (+0) +<C7735>[C] (+0) +<C7736>[C] (+0) +<C7737>[C] (+0) +<C7738>[C] (+0) +<C7739>[C] (+0) +<C7740>[C] (+0) +<C7741>[C] (+0) +<C7742>[C] (+0) +<C7743>[C] (+0) +<C7744>[C] (+0) +<C7745>[C] (+0) +<C7746>[C] (+0) +<C7747>[C] (+0) +<C7748>[C] (+0) +<C7749>[C] (+0) +<C7750>[C] (+0) +<C7751>[C] (+0) +<C7752>[C] (+0) +<C7753>[C] (+0) +<C7754>[C] (+0) +<C7755>[C] (+0) +<C7756>[C] (+0) +<C7757>[C] (+0) +<C7758>[C] (+0) +<C7759>[C] (+0) +<C7760>[C] (+0) +<C7761>[C] (+0) +<C7762>[C] (+0) +<C7763>[C] (+0) +<C7764>[C] (+0) +<C7765>[C] (+0) +<C7766>[C] (+0) +<C7767>[C] (+0) +<C7768>[C] (+0) +<C7769>[C] (+0) +<C7770>[C] (+0) +<C7771>[C] (+0) +<C7772>[C] (+0) +<C7773>[C] (+0) +<C7774>[C] (+0) +<C7775>[C] (+0) +<C7776>[C] (+0) +<C7777>[C] (+0) +<C7778>[C] (+0) +<C7779>[C] (+0) +<C7780>[C] (+0) +<C7781>[C] (+0) +<C7782>[C] (+0) +<C7783>[C] (+0) +<C7784>[C] (+0) +<C7785>[C] (+0) +<C7786>[C] (+0) +<C7787>[C] (+0) +<C7788>[C] (+0) +<C7789>[C] (+0) +<C7790>[C] (+0) +<C7791>[C] (+0) +<C7792>[C] (+0) +<C7793>[C] (+0) +<C7794>[C] (+0) +<C7795>[C] (+0) +<C7796>[C] (+0) +<C7797>[C] (+0) +<C7798>[C] (+0) +<C7799>[C] (+0) +<C7800>[C] (+0) +<C7801>[C] (+0) +<C7802>[C] (+0) +<C7803>[C] (+0) +<C7804>[C] (+0) +<C7805>[C] (+0) +<C7806>[C] (+0) +<C7807>[C] (+0) +<C7808>[C] (+0) +<C7809>[C] (+0) +<C7810>[C] (+0) +<C7811>[C] (+0) +<C7812>[C] (+0) +<C7813>[C] (+0) +<C7814>[C] (+0) +<C7815>[C] (+0) +<C7816>[C] (+0) +<C7817>[C] (+0) +<C7818>[C] (+0) +<C7819>[C] (+0) +<C7820>[C] (+0) +<C7821>[C] (+0) +<C7822>[C] (+0) +<C7823>[C] (+0) +<C7824>[C] (+0) +<C7825>[C] (+0) +<C7826>[C] (+0) +<C7827>[C] (+0) +<C7828>[C] (+0) +<C7829>[C] (+0) +<C7830>[C] (+0) +<C7831>[C] (+0) +<C7832>[C] (+0) +<C7833>[C] (+0) +<C7834>[C] (+0) +<C7835>[C] (+0) +<C7836>[C] (+0) +<C7837>[C] (+0) +<C7838>[C] (+0) +<C7839>[C] (+0) +<C7840>[C] (+0) +<C7841>[C] (+0) +<C7842>[C] (+0) +<C7843>[C] (+0) +<C7844>[C] (+0) +<C7845>[C] (+0) +<C7846>[C] (+0) +<C7847>[C] (+0) +<C7848>[C] (+0) +<C7849>[C] (+0) +<C7850>[C] (+0) +<C7851>[C] (+0) +<C7852>[C] (+0) +<C7853>[C] (+0) +<C7854>[C] (+0) +<C7855>[C] (+0) +<C7856>[C] (+0) +<C7857>[C] (+0) +<C7858>[C] (+0) +<C7859>[C] (+0) +<C7860>[C] (+0) +<C7861>[C] (+0) +<C7862>[C] (+0) +<C7863>[C] (+0) +<C7864>[C] (+0) +<C7865>[C] (+0) +<C7866>[C] (+0) +<C7867>[C] (+0) +<C7868>[C] (+0) +<C7869>[C] (+0) +<C7870>[C] (+0) +<C7871>[C] (+0) +<C7872>[C] (+0) +<C7873>[C] (+0) +<C7874>[C] (+0) +<C7875>[C] (+0) +<C7876>[C] (+0) +<C7877>[C] (+0) +<C7878>[C] (+0) +<C7879>[C] (+0) +<C7880>[C] (+0) +<C7881>[C] (+0) +<C7882>[C] (+0) +<C7883>[C] (+0) +<C7884>[C] (+0) +<C7885>[C] (+0) +<C7886>[C] (+0) +<C7887>[C] (+0) +<C7888>[C] (+0) +<C7889>[C] (+0) +<C7890>[C] (+0) +<C7891>[C] (+0) +<C7892>[C] (+0) +<C7893>[C] (+0) +<C7894>[C] (+0) +<C7895>[C] (+0) +<C7896>[C] (+0) +<C7897>[C] (+0) +<C7898>[C] (+0) +<C7899>[C] (+0) +<C7900>[C] (+0) +<C7901>[C] (+0) +<C7902>[C] (+0) +<C7903>[C] (+0) +<C7904>[C] (+0) +<C7905>[C] (+0) +<C7906>[C] (+0) +<C7907>[C] (+0) +<C7908>[C] (+0) +<C7909>[C] (+0) +<C7910>[C] (+0) +<C7911>[C] (+0) +<C7912>[C] (+0) +<C7913>[C] (+0) +<C7914>[C] (+0) +<C7915>[C] (+0) +<C7916>[C] (+0) +<C7917>[C] (+0) +<C7918>[C] (+0) +<C7919>[C] (+0) +<C7920>[C] (+0) +<C7921>[C] (+0) +<C7922>[C] (+0) +<C7923>[C] (+0) +<C7924>[C] (+0) +<C7925>[C] (+0) +<C7926>[C] (+0) +<C7927>[C] (+0) +<C7928>[C] (+0) +<C7929>[C] (+0) +<C7930>[C] (+0) +<C7931>[C] (+0) +<C7932>[C] (+0) +<C7933>[C] (+0) +<C7934>[C] (+0) +<C7935>[C] (+0) +<C7936>[C] (+0) +<C7937>[C] (+0) +<C7938>[C] (+0) +<C7939>[C] (+0) +<C7940>[C] (+0) +<C7941>[C] (+0) +<C7942>[C] (+0) +<C7943>[C] (+0) +<C7944>[C] (+0) +<C7945>[C] (+0) +<C7946>[C] (+0) +<C7947>[C] (+0) +<C7948>[C] (+0) +<C7949>[C] (+0) +<C7950>[C] (+0) +<C7951>[C] (+0) +<C7952>[C] (+0) +<C7953>[C] (+0) +<C7954>[C] (+0) +<C7955>[C] (+0) +<C7956>[C] (+0) +<C7957>[C] (+0) +<C7958>[C] (+0) +<C7959>[C] (+0) +<C7960>[C] (+0) +<C7961>[C] (+0) +<C7962>[C] (+0) +<C7963>[C] (+0) +<C7964>[C] (+0) +<C7965>[C] (+0) +<C7966>[C] (+0) +<C7967>[C] (+0) +<C7968>[C] (+0) +<C7969>[C] (+0) +<C7970>[C] (+0) +<C7971>[C] (+0) +<C7972>[C] (+0) +<C7973>[C] (+0) +<C7974>[C] (+0) +<C7975>[C] (+0) +<C7976>[C] (+0) +<C7977>[C] (+0) +<C7978>[C] (+0) +<C7979>[C] (+0) +<C7980>[C] (+0) +<C7981>[C] (+0) +<C7982>[C] (+0) +<C7983>[C] (+0) +<C7984>[C] (+0) +<C7985>[C] (+0) +<C7986>[C] (+0) +<C7987>[C] (+0) +<C7988>[C] (+0) +<C7989>[C] (+0) +<C7990>[C] (+0) +<C7991>[C] (+0) +<C7992>[C] (+0) +<C7993>[C] (+0) +<C7994>[C] (+0) +<C7995>[C] (+0) +<C7996>[C] (+0) +<C7997>[C] (+0) +<C7998>[C] (+0) +<C7999>[C] (+0) +<C8000>[C] (+0) +<C8001>[C] (+0) +<C8002>[C] (+0) +<C8003>[C] (+0) +<C8004>[C] (+0) +<C8005>[C] (+0) +<C8006>[C] (+0) +<C8007>[C] (+0) +<C8008>[C] (+0) +<C8009>[C] (+0) +<C8010>[C] (+0) +<C8011>[C] (+0) +<C8012>[C] (+0) +<C8013>[C] (+0) +<C8014>[C] (+0) +<C8015>[C] (+0) +<C8016>[C] (+0) +<C8017>[C] (+0) +<C8018>[C] (+0) +<C8019>[C] (+0) +<C8020>[C] (+0) +<C8021>[C] (+0) +<C8022>[C] (+0) +<C8023>[C] (+0) +<C8024>[C] (+0) +<C8025>[C] (+0) +<C8026>[C] (+0) +<C8027>[C] (+0) +<C8028>[C] (+0) +<C8029>[C] (+0) +<C8030>[C] (+0) +<C8031>[C] (+0) +<C8032>[C] (+0) +<C8033>[C] (+0) +<C8034>[C] (+0) +<C8035>[C] (+0) +<C8036>[C] (+0) +<C8037>[C] (+0) +<C8038>[C] (+0) +<C8039>[C] (+0) +<C8040>[C] (+0) +<C8041>[C] (+0) +<C8042>[C] (+0) +<C8043>[C] (+0) +<C8044>[C] (+0) +<C8045>[C] (+0) +<C8046>[C] (+0) +<C8047>[C] (+0) +<C8048>[C] (+0) +<C8049>[C] (+0) +<C8050>[C] (+0) +<C8051>[C] (+0) +<C8052>[C] (+0) +<C8053>[C] (+0) +<C8054>[C] (+0) +<C8055>[C] (+0) +<C8056>[C] (+0) +<C8057>[C] (+0) +<C8058>[C] (+0) +<C8059>[C] (+0) +<C8060>[C] (+0) +<C8061>[C] (+0) +<C8062>[C] (+0) +<C8063>[C] (+0) +<C8064>[C] (+0) +<C8065>[C] (+0) +<C8066>[C] (+0) +<C8067>[C] (+0) +<C8068>[C] (+0) +<C8069>[C] (+0) +<C8070>[C] (+0) +<C8071>[C] (+0) +<C8072>[C] (+0) +<C8073>[C] (+0) +<C8074>[C] (+0) +<C8075>[C] (+0) +<C8076>[C] (+0) +<C8077>[C] (+0) +<C8078>[C] (+0) +<C8079>[C] (+0) +<C8080>[C] (+0) +<C8081>[C] (+0) +<C8082>[C] (+0) +<C8083>[C] (+0) +<C8084>[C] (+0) +<C8085>[C] (+0) +<C8086>[C] (+0) +<C8087>[C] (+0) +<C8088>[C] (+0) +<C8089>[C] (+0) +<C8090>[C] (+0) +<C8091>[C] (+0) +<C8092>[C] (+0) +<C8093>[C] (+0) +<C8094>[C] (+0) +<C8095>[C] (+0) +<C8096>[C] (+0) +<C8097>[C] (+0) +<C8098>[C] (+0) +<C8099>[C] (+0) +<C8100>[C] (+0) +<C8101>[C] (+0) +<C8102>[C] (+0) +<C8103>[C] (+0) +<C8104>[C] (+0) +<C8105>[C] (+0) +<C8106>[C] (+0) +<C8107>[C] (+0) +<C8108>[C] (+0) +<C8109>[C] (+0) +<C8110>[C] (+0) +<C8111>[C] (+0) +<C8112>[C] (+0) +<C8113>[C] (+0) +<C8114>[C] (+0) +<C8115>[C] (+0) +<C8116>[C] (+0) +<C8117>[C] (+0) +<C8118>[C] (+0) +<C8119>[C] (+0) +<C8120>[C] (+0) +<C8121>[C] (+0) +<C8122>[C] (+0) +<C8123>[C] (+0) +<C8124>[C] (+0) +<C8125>[C] (+0) +<C8126>[C] (+0) +<C8127>[C] (+0) +<C8128>[C] (+0) +<C8129>[C] (+0) +<C8130>[C] (+0) +<C8131>[C] (+0) +<C8132>[C] (+0) +<C8133>[C] (+0) +<C8134>[C] (+0) +<C8135>[C] (+0) +<C8136>[C] (+0) +<C8137>[C] (+0) +<C8138>[C] (+0) +<C8139>[C] (+0) +<C8140>[C] (+0) +<C8141>[C] (+0) +<C8142>[C] (+0) +<C8143>[C] (+0) +<C8144>[C] (+0) +<C8145>[C] (+0) +<C8146>[C] (+0) +<C8147>[C] (+0) +<C8148>[C] (+0) +<C8149>[C] (+0) +<C8150>[C] (+0) +<C8151>[C] (+0) +<C8152>[C] (+0) +<C8153>[C] (+0) +<C8154>[C] (+0) +<C8155>[C] (+0) +<C8156>[C] (+0) +<C8157>[C] (+0) +<C8158>[C] (+0) +<C8159>[C] (+0) +<C8160>[C] (+0) +<C8161>[C] (+0) +<C8162>[C] (+0) +<C8163>[C] (+0) +<C8164>[C] (+0) +<C8165>[C] (+0) +<C8166>[C] (+0) +<C8167>[C] (+0) +<C8168>[C] (+0) +<C8169>[C] (+0) +<C8170>[C] (+0) +<C8171>[C] (+0) +<C8172>[C] (+0) +<C8173>[C] (+0) +<C8174>[C] (+0) +<C8175>[C] (+0) +<C8176>[C] (+0) +<C8177>[C] (+0) +<C8178>[C] (+0) +<C8179>[C] (+0) +<C8180>[C] (+0) +<C8181>[C] (+0) +<C8182>[C] (+0) +<C8183>[C] (+0) +<C8184>[C] (+0) +<C8185>[C] (+0) +<C8186>[C] (+0) +<C8187>[C] (+0) +<C8188>[C] (+0) +<C8189>[C] (+0) +<C8190>[C] (+0) +<C8191>[C] (+0) +<C8192>[C] (+0) +<C8193>[C] (+0) +<C8194>[C] (+0) +<C8195>[C] (+0) +<C8196>[C] (+0) +<C8197>[C] (+0) +<C8198>[C] (+0) +<C8199>[C] (+0) +<C8200>[C] (+0) +<C8201>[C] (+0) +<C8202>[C] (+0) +<C8203>[C] (+0) +<C8204>[C] (+0) +<C8205>[C] (+0) +<C8206>[C] (+0) +<C8207>[C] (+0) +<C8208>[C] (+0) +<C8209>[C] (+0) +<C8210>[C] (+0) +<C8211>[C] (+0) +<C8212>[C] (+0) +<C8213>[C] (+0) +<C8214>[C] (+0) +<C8215>[C] (+0) +<C8216>[C] (+0) +<C8217>[C] (+0) +<C8218>[C] (+0) +<C8219>[C] (+0) +<C8220>[C] (+0) +<C8221>[C] (+0) +<C8222>[C] (+0) +<C8223>[C] (+0) +<C8224>[C] (+0) +<C8225>[C] (+0) +<C8226>[C] (+0) -<C22135>[B] (+1) -<C22136>[B] (+1) -<C22137>[B] (+1) -<C22138>[B] (+1) -<C22139>[B] (+1) -<C22140>[B] (+1) -<C22141>[B] (+0) -<C22142>[B] (+1) -<C22143>[B] (+1) -<C22144>[B] (+0) -<C22145>[B] (+1) -<C22146>[B] (+1) -<C22147>[B] (+1) -<C22148>[B] (+1) -<C22149>[B] (+0) -<C22150>[B] (+1) -<C22151>[B] (+0) -<C22152>[B] (+1) -<C22153>[B] (+1) -<C22154>[B] (+1) -<C22155>[B] (+1) -<C22156>[B] (+0) -<C22157>[B] (+1) -<C22158>[B] (+1) -<C22159>[B] (+1) -<C22160>[B] (+0) -<C22161>[B] (+1) -<C22162>[B] (+1) -<C22163>[B] (+1) -<C22164>[B] (+1) -<C22165>[B] (+1) -<C22166>[B] (+1) -<C22167>[B] (+1) -<C22168>[B] (+1) -<C22169>[B] (+1) -<C22170>[B] (+1) -<C22171>[B] (+1) -<C22172>[B] (+1) -<C22173>[B] (+1) -<C22174>[B] (+1) -<C22175>[B] (+1) -<C22176>[B] (+1) -<C22177>[B] (+1) -<C22178>[B] (+1) -<C22179>[B] (+0) -<C22180>[B] (+1) -<C22181>[B] (+1) -<C22182>[B] (+1) -<C22183>[B] (+0) -<C22184>[B] (+1) -<C22185>[B] (+1) -<C22186>[B] (+1) -<C22187>[B] (+1) -<C22188>[B] (+1) -<C22189>[B] (+1) -<C22190>[B] (+1) -<C22191>[B] (+1) -<C22192>[B] (+1) -<C22193>[B] (+1) -<C22194>[B] (+1) -<C22195>[B] (+1) -<C22196>[B] (+1) -<C22197>[B] (+1) -<C22198>[B] (+1) -<C22199>[B] (+1) -<C22200>[B] (+1) -<C22201>[B] (+0) -<C22202>[B] (+1) -<C22203>[B] (+1) -<C22204>[B] (+1) -<C22205>[B] (+1) -<C22206>[B] (+1) -<C22207>[B] (+1) -<C22208>[B] (+1) -<C22209>[B] (+1) -<C22210>[B] (+0) -<C22211>[B] (+1) -<C22212>[B] (+1) -<C22213>[B] (+1) -<C22214>[B] (+1) -<C22215>[B] (+1) -<C22216>[B] (+0) -<C22217>[B] (+0) -<C22218>[B] (+1) -<C22219>[B] (+1) -<C22220>[B] (+0) -<C22221>[B] (+1) -<C22222>[B] (+1) -<C22223>[B] (+1) -<C22224>[B] (+0) -<C22225>[B] (+1) -<C22226>[B] (+1) -<C22227>[B] (+1) -<C22228>[B] (+1) -<C22229>[B] (+1) -<C22230>[B] (+0) -<C22231>[B] (+0) -<C22232>[B] (+0) -<C22233>[B] (+1) -<C22234>[B] (+1) -<C22235>[B] (+0) -<C22236>[B] (+1) -<C22237>[B] (+1) -<C22238>[B] (+0) -<C22239>[B] (+1) -<C22240>[B] (+1) -<C22241>[B] (+1) -<C22242>[B] (+1) -<C22243>[B] (+1) -<C22244>[B] (+0) -<C22245>[B] (+1) -<C22246>[B] (+1) -<C22247>[B] (+1) -<C22248>[B] (+0) -<C22249>[B] (+1) -<C22250>[B] (+1) -<C22251>[B] (+1) -<C22252>[B] (+1) -<C22253>[B] (+1) -<C22254>[B] (+1) -<C22255>[B] (+1) -<C22256>[B] (+1) <= -110;
;
violation: right hand side is violated by 9
  [linear] <R10582>: <C11299>[B] (+0) +<C13129>[B] (+0) +<C14959>[B] (+1) +<C16789>[B] (+0) +<C18619>[B] (+0) +<C20449>[B] (+0) -1000<C22144>[B] (+0) <= 0;
;
violation: right hand side is violated by 1
  [linear] <R10583>: <C11300>[B] (+0) +<C13130>[B] (+0) +<C14960>[B] (+1) +<C16790>[B] (+0) +<C18620>[B] (+0) +<C20450>[B] (+0) -1000<C22144>[B] (+0) <= 0;
;
violation: right hand side is violated by 1
  [linear] <R11168>: <C11885>[B] (+1) +<C13715>[B] (+0) +<C15545>[B] (+0) +<C17375>[B] (+0) +<C19205>[B] (+0) +<C21035>[B] (+0) -1000<C22183>[B] (+0) <= 0;
;
violation: right hand side is violated by 1
  [linear] <R11431>: <C12148>[B] (+0) +<C13978>[B] (+0) +<C15808>[B] (+0) +<C17638>[B] (+0) +<C19468>[B] (+1) +<C21298>[B] (+0) -1000<C22201>[B] (+0) <= 0;
;
violation: right hand side is violated by 1
  [linear] <R11438>: <C12155>[B] (+0) +<C13985>[B] (+0) +<C15815>[B] (+0) +<C17645>[B] (+0) +<C19475>[B] (+1) +<C21305>[B] (+0) -1000<C22201>[B] (+0) <= 0;
;
violation: right hand side is violated by 1
  [linear] <R11441>: <C12158>[B] (+0) +<C13988>[B] (+0) +<C15818>[B] (+0) +<C17648>[B] (+0) +<C19478>[B] (+1) +<C21308>[B] (+0) -1000<C22201>[B] (+0) <= 0;
;
violation: right hand side is violated by 1
  [linear] <R11442>: <C12159>[B] (+0) +<C13989>[B] (+0) +<C15819>[B] (+0) +<C17649>[B] (+0) +<C19479>[B] (+1) +<C21309>[B] (+0) -1000<C22201>[B] (+0) <= 0;
;
violation: right hand side is violated by 1
  [linear] <R11567>: <C12284>[B] (+0) +<C14114>[B] (+1) +<C15944>[B] (+0) +<C17774>[B] (+0) +<C19604>[B] (+0) +<C21434>[B] (+0) -1000<C22210>[B] (+0) <= 0;
;
violation: right hand side is violated by 1
  [linear] <R11573>: <C12290>[B] (+0) +<C14120>[B] (+0) +<C15950>[B] (+0) +<C17780>[B] (+1) +<C19610>[B] (+0) +<C21440>[B] (+0) -1000<C22210>[B] (+0) <= 0;
;
violation: right hand side is violated by 1
  [linear] <R11576>: <C12293>[B] (+0) +<C14123>[B] (+0) +<C15953>[B] (+0) +<C17783>[B] (+0) +<C19613>[B] (+1) +<C21443>[B] (+0) -1000<C22210>[B] (+0) <= 0;
;
violation: right hand side is violated by 1
  [linear] <R11720>: <C12437>[B] (+0) +<C14267>[B] (+0) +<C16097>[B] (+1) +<C17927>[B] (+0) +<C19757>[B] (+0) +<C21587>[B] (+0) -1000<C22220>[B] (+0) <= 0;
;
violation: right hand side is violated by 1
  [linear] <R11721>: <C12438>[B] (+0) +<C14268>[B] (+0) +<C16098>[B] (+1) +<C17928>[B] (+0) +<C19758>[B] (+0) +<C21588>[B] (+0) -1000<C22220>[B] (+0) <= 0;
;
violation: right hand side is violated by 1
  [linear] <R11722>: <C12439>[B] (+0) +<C14269>[B] (+0) +<C16099>[B] (+1) +<C17929>[B] (+0) +<C19759>[B] (+0) +<C21589>[B] (+0) -1000<C22220>[B] (+0) <= 0;
;
violation: right hand side is violated by 1
  [linear] <R11723>: <C12440>[B] (+0) +<C14270>[B] (+0) +<C16100>[B] (+1) +<C17930>[B] (+0) +<C19760>[B] (+0) +<C21590>[B] (+0) -1000<C22220>[B] (+0) <= 0;
;
violation: right hand side is violated by 1
  [linear] <R11783>: <C12500>[B] (+0) +<C14330>[B] (+0) +<C16160>[B] (+0) +<C17990>[B] (+0) +<C19820>[B] (+1) +<C21650>[B] (+0) -1000<C22224>[B] (+0) <= 0;
;
violation: right hand side is violated by 1
  [linear] <R11863>: <C12580>[B] (+0) +<C14410>[B] (+0) +<C16240>[B] (+0) +<C18070>[B] (+1) +<C19900>[B] (+0) +<C21730>[B] (+0) -1000<C22230>[B] (+0) <= 0;
;
violation: right hand side is violated by 1
  [linear] <R11864>: <C12581>[B] (+0) +<C14411>[B] (+0) +<C16241>[B] (+0) +<C18071>[B] (+1) +<C19901>[B] (+0) +<C21731>[B] (+0) -1000<C22230>[B] (+0) <= 0;
;
violation: right hand side is violated by 1
  [linear] <R11865>: <C12582>[B] (+0) +<C14412>[B] (+0) +<C16242>[B] (+0) +<C18072>[B] (+1) +<C19902>[B] (+0) +<C21732>[B] (+0) -1000<C22230>[B] (+0) <= 0;
;
violation: right hand side is violated by 1
  [linear] <R11866>: <C12583>[B] (+0) +<C14413>[B] (+0) +<C16243>[B] (+0) +<C18073>[B] (+1) +<C19903>[B] (+0) +<C21733>[B] (+0) -1000<C22230>[B] (+0) <= 0;
;
violation: right hand side is violated by 1
  [linear] <R11867>: <C12584>[B] (+0) +<C14414>[B] (+0) +<C16244>[B] (+0) +<C18074>[B] (+1) +<C19904>[B] (+0) +<C21734>[B] (+0) -1000<C22230>[B] (+0) <= 0;
;
violation: right hand side is violated by 1
  [linear] <R11873>: <C12590>[B] (+0) +<C14420>[B] (+0) +<C16250>[B] (+0) +<C18080>[B] (+0) +<C19910>[B] (+1) +<C21740>[B] (+0) -1000<C22230>[B] (+0) <= 0;
;
violation: right hand side is violated by 1
  [linear] <R11941>: <C12658>[B] (+1) +<C14488>[B] (+0) +<C16318>[B] (+0) +<C18148>[B] (+0) +<C19978>[B] (+0) +<C21808>[B] (+0) -1000<C22235>[B] (+0) <= 0;
;
violation: right hand side is violated by 1
  [linear] <R11948>: <C12665>[B] (+0) +<C14495>[B] (+0) +<C16325>[B] (+0) +<C18155>[B] (+1) +<C19985>[B] (+0) +<C21815>[B] (+0) -1000<C22235>[B] (+0) <= 0;
;
violation: right hand side is violated by 1
  [linear] <R11993>: <C12710>[B] (+0) +<C14540>[B] (+0) +<C16370>[B] (+0) +<C18200>[B] (+1) +<C20030>[B] (+0) +<C21860>[B] (+0) -1000<C22238>[B] (+0) <= 0;
;
violation: right hand side is violated by 1
  [linear] <R12083>: <C12800>[B] (+0) +<C14630>[B] (+0) +<C16460>[B] (+0) +<C18290>[B] (+0) +<C20120>[B] (+1) +<C21950>[B] (+0) -1000<C22244>[B] (+0) <= 0;
;
violation: right hand side is violated by 1
  [linear] <R12142>: <C12859>[B] (+0) +<C14689>[B] (+0) +<C16519>[B] (+1) +<C18349>[B] (+0) +<C20179>[B] (+0) +<C22009>[B] (+0) -1000<C22248>[B] (+0) <= 0;
;
violation: right hand side is violated by 1
  [linear] <R12143>: <C12860>[B] (+0) +<C14690>[B] (+0) +<C16520>[B] (+1) +<C18350>[B] (+0) +<C20180>[B] (+0) +<C22010>[B] (+0) -1000<C22248>[B] (+0) <= 0;
;
violation: right hand side is violated by 1
The solution <10solution/neos-827175_1.sol> is not feasible to <instances/neos-827175.mps> 

Tring to reoptimize the problem <instances/neos-827175.mps> ...  

obj = 101.001520, k = 5, alpha = 101.001520 

n = 32504 

Start to add variable y and new constraints 

y have been released ! 

Finish to create the y and constraint ! 

n = 32504,  j = 21350 ! 

set all parameters to default! 

Reoptimization is enabled! 

Reoptimization parameter have been setted ! 

Stop parameter have been setted ! 

Memory for coefs have allocated ! 

Coefficients have been captured ! 

alpha = 101.001520, n = 53854, j = 21350, m = 5 
This is the 1-th iteration ! 

presolving:
(round 1, fast)       84 del vars, 21434 del conss, 0 add conss, 32348 chg bounds, 0 chg sides, 1830 chg coeffs, 0 upgd conss, 0 impls, 1858 clqs
(round 2, exhaustive) 84 del vars, 21434 del conss, 0 add conss, 32438 chg bounds, 0 chg sides, 1830 chg coeffs, 24930 upgd conss, 0 impls, 1858 clqs
(round 3, medium)     84 del vars, 23264 del conss, 1830 add conss, 32438 chg bounds, 0 chg sides, 1830 chg coeffs, 24930 upgd conss, 21350 impls, 14667 clqs
   (1.0s) probing: 51/31598 (0.2%) - 0 fixings, 0 aggregations, 0 implications, 0 bound changes
   (1.0s) probing aborted: 50/50 successive totally useless probings
presolving (4 rounds: 4 fast, 3 medium, 2 exhaustive):
 84 deleted vars, 23264 deleted constraints, 1830 added constraints, 32438 tightened bounds, 0 added holes, 0 changed sides, 1830 changed coefficients
 21350 implications, 14667 cliques
presolved problem has 53770 variables (21350 bin, 0 int, 10332 impl, 22088 cont) and 35453 constraints
  21350 constraints of type <varbound>
     14 constraints of type <knapsack>
   3566 constraints of type <setppc>
  10523 constraints of type <linear>
Presolving Time: 0.85

 time | node  | left  |LP iter|LP it/n| mem |mdpt |frac |vars |cons |cols |rows |cuts |confs|strbr|  dualbound   | primalbound  |  gap   
k 1.5s|     1 |     0 |     0 |     - | 333M|   0 |   - |  53k|  35k|  53k|  35k|   0 |   0 |   0 | 0.000000e+00 | 9.425542e+04 |    Inf 
b 1.6s|     1 |     0 |     0 |     - | 332M|   0 |   - |  53k|  35k|  53k|  35k|   0 |   0 |   0 | 0.000000e+00 | 9.425342e+04 |    Inf 
* 1.9s|     1 |     0 |  3117 |     - | 332M|   0 |   - |  53k|  35k|  53k|  35k|   0 |   0 |   0 | 1.223018e+03 | 1.223018e+03 |   0.00%
  1.9s|     1 |     0 |  3117 |     - | 332M|   0 |   - |  53k|  35k|  53k|  35k|   0 |   0 |   0 | 1.223018e+03 | 1.223018e+03 |   0.00%

SCIP Status        : problem is solved [optimal solution found]
Solving Time (sec) : 1.98 (over 1 runs: 1.98)
Solving Nodes      : 1 (0 reactivated)
Primal Bound       : +1.22301824000001e+03 (3 solutions)
Dual Bound         : +1.22301824000001e+03
Gap                : 0.00 %
Coefs have been resetted!! 

Problem have been changed !! 

alpha = 80.801216, n = 53854, j = 21350, m = 4 
This is the 2-th iteration ! 

new objective has similarity of 1 compared to previous.

 time | node  | left  |LP iter|LP it/n| mem |mdpt |frac |vars |cons |cols |rows |cuts |confs|strbr|  dualbound   | primalbound  |  gap   
J 0.1s|     1 |     0 |     0 |     - | 313M|   0 |   - |  53k|  35k|   0 |   0 |   0 |   0 |   0 | 0.000000e+00 | 1.000815e+03 |    Inf 
  0.9s|     1 |     0 |  2965 |     - | 340M|   0 |   - |  53k|  35k|  53k|  35k|   0 |   0 |   0 | 1.000815e+03 | 1.000815e+03 |   0.00%

SCIP Status        : problem is solved [optimal solution found]
Solving Time (sec) : 0.88 (over 2 runs: 2.86)
Solving Nodes      : 1 (0 reactivated)
Primal Bound       : +1.00081489600000e+03 (1 solutions)
Dual Bound         : +1.00081489600000e+03
Gap                : 0.00 %
Coefs have been resetted!! 

Problem have been changed !! 

alpha = 48.480730, n = 53854, j = 21350, m = 3 
This is the 3-th iteration ! 

new objective has similarity of 1 compared to previous.

 time | node  | left  |LP iter|LP it/n| mem |mdpt |frac |vars |cons |cols |rows |cuts |confs|strbr|  dualbound   | primalbound  |  gap   
J 0.1s|     1 |     0 |     0 |     - | 315M|   0 |   - |  53k|  35k|   0 |   0 |   0 |   0 |   0 | 0.000000e+00 | 6.452895e+02 |    Inf 
  0.9s|     1 |     0 |  2822 |     - | 340M|   0 |   - |  53k|  35k|  53k|  35k|   0 |   0 |   0 | 6.452895e+02 | 6.452895e+02 |   0.00%

SCIP Status        : problem is solved [optimal solution found]
Solving Time (sec) : 0.91 (over 3 runs: 3.77)
Solving Nodes      : 1 (0 reactivated)
Primal Bound       : +6.45289545600003e+02 (1 solutions)
Dual Bound         : +6.45289545600003e+02
Gap                : 0.00 %
Coefs have been resetted!! 

Problem have been changed !! 

alpha = 19.392292, n = 53854, j = 21350, m = 2 
This is the 4-th iteration ! 

new objective has similarity of 0.999997 compared to previous.

 time | node  | left  |LP iter|LP it/n| mem |mdpt |frac |vars |cons |cols |rows |cuts |confs|strbr|  dualbound   | primalbound  |  gap   
J 0.1s|     1 |     0 |     0 |     - | 312M|   0 |   - |  53k|  35k|   0 |   0 |   0 |   0 |   0 | 0.000000e+00 | 3.253167e+02 |    Inf 
  0.8s|     1 |     0 |  2724 |     - | 342M|   0 |   - |  53k|  35k|  53k|  35k|   0 |   0 |   0 | 3.253167e+02 | 3.253167e+02 |   0.00%

SCIP Status        : problem is solved [optimal solution found]
Solving Time (sec) : 0.86 (over 4 runs: 4.63)
Solving Nodes      : 1 (0 reactivated)
Primal Bound       : +3.25316730240002e+02 (1 solutions)
Dual Bound         : +3.25316730240002e+02
Gap                : 0.00 %
Coefs have been resetted!! 

Problem have been changed !! 

alpha = 3.878458, n = 53854, j = 21350, m = 1 
This is the 5-th iteration ! 

new objective has similarity of 0.999878 compared to previous.

 time | node  | left  |LP iter|LP it/n| mem |mdpt |frac |vars |cons |cols |rows |cuts |confs|strbr|  dualbound   | primalbound  |  gap   
J 0.1s|     1 |     0 |     0 |     - | 316M|   0 |   - |  53k|  35k|   0 |   0 |   0 |   0 |   0 | 0.000000e+00 | 1.546646e+02 |    Inf 
  0.8s|     1 |     0 |  2510 |     - | 342M|   0 |   - |  53k|  35k|  53k|  35k|   0 |   0 |   0 | 1.546646e+02 | 1.546646e+02 |   0.00%

SCIP Status        : problem is solved [optimal solution found]
Solving Time (sec) : 0.83 (over 5 runs: 5.46)
Solving Nodes      : 1 (0 reactivated)
Primal Bound       : +1.54664562048001e+02 (1 solutions)
Dual Bound         : +1.54664562048001e+02
Gap                : 0.00 %
Coefs have been resetted!! 

Problem have been changed !! 

This is the last iteration 


alpha = 0.000000  
new objective has similarity of 0.0194867 compared to previous.

 time | node  | left  |LP iter|LP it/n| mem |mdpt |frac |vars |cons |cols |rows |cuts |confs|strbr|  dualbound   | primalbound  |  gap   
J 0.1s|     1 |     0 |     0 |     - | 314M|   0 |   - |  53k|  35k|   0 |   0 |   0 |   0 |   0 | 0.000000e+00 | 1.120015e+02 |    Inf 
 19.1s|     1 |     0 | 18951 |     - | 342M|   0 |   - |  53k|  35k|  53k|  35k|   0 |   0 |   0 | 1.120015e+02 | 1.120015e+02 |   0.00%

SCIP Status        : problem is solved [optimal solution found]
Solving Time (sec) : 19.13 (over 6 runs: 24.59)
Solving Nodes      : 1 (0 reactivated)
Primal Bound       : +1.12001520000000e+02 (1 solutions)
Dual Bound         : +1.12001520000000e+02
Gap                : 0.00 %
SCIP Status        : problem is solved [optimal solution found]
Total Time         :      19.23
  solving          :      19.13
  presolving       :       0.00 (included in solving)
  reading          :       0.10
  copying          :       0.00 (0 times copied the problem)
Original Problem   :
  Problem name     : neos-827175
  Variables        : 53854 (21350 binary, 0 integer, 0 implicit integer, 32504 continuous)
  Constraints      : 56887 initial, 56887 maximal
  Objective        : minimize, 11102 non-zeros (abs.min = 1e-05, abs.max = 1)
Presolved Problem  :
  Problem name     : t_neos-827175
  Variables        : 53770 (21350 binary, 0 integer, 10332 implicit integer, 22088 continuous)
  Constraints      : 35453 initial, 35453 maximal
  Objective        : minimize, 11102 non-zeros (abs.min = 1e-05, abs.max = 1)
Presolvers         :   ExecTime  SetupTime  Calls  FixedVars   AggrVars   ChgTypes  ChgBounds   AddHoles    DelCons    AddCons   ChgSides   ChgCoefs
  boundshift       :       0.00       0.00      0          0          0          0          0          0          0          0          0          0
  convertinttobin  :       0.00       0.00      0          0          0          0          0          0          0          0          0          0
  domcol           :       0.00       0.00      0          0          0          0          0          0          0          0          0          0
  dualagg          :       0.00       0.00      0          0          0          0          0          0          0          0          0          0
  dualcomp         :       0.00       0.00      0          0          0          0          0          0          0          0          0          0
  dualinfer        :       0.00       0.00      0          0          0          0          0          0          0          0          0          0
  gateextraction   :       0.00       0.00      0          0          0          0          0          0          0          0          0          0
  implics          :       0.00       0.00      0          0          0          0          0          0          0          0          0          0
  inttobinary      :       0.00       0.00      0          0          0          0          0          0          0          0          0          0
  qpkktref         :       0.00       0.00      0          0          0          0          0          0          0          0          0          0
  redvub           :       0.00       0.00      0          0          0          0          0          0          0          0          0          0
  sparsify         :       0.00       0.00      0          0          0          0          0          0          0          0          0          0
  stuffing         :       0.00       0.00      0          0          0          0          0          0          0          0          0          0
  symbreak         :       0.00       0.00      0          0          0          0          0          0          0          0          0          0
  symmetry         :       0.00       0.00      0          0          0          0          0          0          0          0          0          0
  trivial          :       0.00       0.00      0          0          0          0          0          0          0          0          0          0
  tworowbnd        :       0.00       0.00      0          0          0          0          0          0          0          0          0          0
  dualfix          :       0.00       0.00      0          0          0          0          0          0          0          0          0          0
  genvbounds       :       0.00       0.00      0          0          0          0          0          0          0          0          0          0
  orbitalfixing    :       0.00       0.00      0          0          0          0          0          0          0          0          0          0
  probing          :       0.00       0.00      0          0          0          0          0          0          0          0          0          0
  pseudoobj        :       0.00       0.00      0          0          0          0          0          0          0          0          0          0
  vbounds          :       0.00       0.00      0          0          0          0          0          0          0          0          0          0
  varbound         :       0.00       0.00      0          0          0          0          0          0          0          0          0          0
  knapsack         :       0.00       0.00      0          0          0          0          0          0          0          0          0          0
  setppc           :       0.00       0.00      0          0          0          0          0          0          0          0          0          0
  linear           :       0.00       0.01      0          0          0          0          0          0          0          0          0          0
  benders          :       0.00       0.00      0          0          0          0          0          0          0          0          0          0
  components       :       0.00       0.00      0          0          0          0          0          0          0          0          0          0
  root node        :          -          -      -          0          -          -          0          -          -          -          -          -
Constraints        :     Number  MaxNumber  #Separate #Propagate    #EnfoLP    #EnfoRelax  #EnfoPS    #Check   #ResProp    Cutoffs    DomReds       Cuts    Applied      Conss   Children
  benderslp        :          0          0          0          0          0          0          0          5          0          0          0          0          0          0          0
  integral         :          0          0          0          0          0          0          0          5          0          0          0          0          0          0          0
  varbound         :          0+     21350          0      23762          0          0          0          4          0          0          0          0          0          0          0
  knapsack         :          0+        14          0      23417          0          0          0          3          0          0          0          0          0          0          0
  setppc           :          0+      3566          0      23629          0          0          0          2          0          1          0          0          0          0          0
  linear           :          0+     10523          0      23762          0          0          0          1          0         10          0          0          0          0          0
  benders          :          0          0          0          0          0          0          0          2          0          0          0          0          0          0          0
  countsols        :          0          0          0          0          0          0          0          2          0          0          0          0          0          0          0
  components       :          0          0          0          0          0          0          0          0          0          0          0          0          0          0          0
Constraint Timings :  TotalTime  SetupTime   Separate  Propagate     EnfoLP     EnfoPS     EnfoRelax   Check    ResProp    SB-Prop
  benderslp        :       0.00       0.00       0.00       0.00       0.00       0.00       0.00       0.00       0.00       0.00
  integral         :       0.01       0.00       0.00       0.00       0.00       0.00       0.00       0.01       0.00       0.00
  varbound         :       0.05       0.00       0.02       0.01       0.00       0.00       0.00       0.02       0.00       0.00
  knapsack         :       0.01       0.00       0.00       0.01       0.00       0.00       0.00       0.00       0.00       0.00
  setppc           :       0.02       0.00       0.01       0.01       0.00       0.00       0.00       0.00       0.00       0.00
  linear           :       0.08       0.01       0.02       0.05       0.00       0.00       0.00       0.00       0.00       0.00
  benders          :       0.00       0.00       0.00       0.00       0.00       0.00       0.00       0.00       0.00       0.00
  countsols        :       0.00       0.00       0.00       0.00       0.00       0.00       0.00       0.00       0.00       0.00
  components       :       0.00       0.00       0.00       0.00       0.00       0.00       0.00       0.00       0.00       0.00
Propagators        : #Propagate   #ResProp    Cutoffs    DomReds
  dualfix          :          0          0          0          0
  genvbounds       :          0          0          0          0
  nlobbt           :          0          0          0          0
  obbt             :          0          0          0          0
  orbitalfixing    :          0          0          0          0
  probing          :          0          0          0          0
  pseudoobj        :          0          0          0          0
  redcost          :          0          0          0          0
  rootredcost      :          0          0          0          0
  vbounds          :      23763          0          0          0
Propagator Timings :  TotalTime  SetupTime   Presolve  Propagate    ResProp    SB-Prop
  dualfix          :       0.00       0.00       0.00       0.00       0.00       0.00
  genvbounds       :       0.00       0.00       0.00       0.00       0.00       0.00
  nlobbt           :       0.00       0.00       0.00       0.00       0.00       0.00
  obbt             :       0.00       0.00       0.00       0.00       0.00       0.00
  orbitalfixing    :       0.00       0.00       0.00       0.00       0.00       0.00
  probing          :       0.00       0.00       0.00       0.00       0.00       0.00
  pseudoobj        :       0.00       0.00       0.00       0.00       0.00       0.00
  redcost          :       0.00       0.00       0.00       0.00       0.00       0.00
  rootredcost      :       0.00       0.00       0.00       0.00       0.00       0.00
  vbounds          :       0.02       0.00       0.00       0.02       0.00       0.00
Conflict Analysis  :       Time      Calls    Success    DomReds  Conflicts   Literals    Reconvs ReconvLits   Dualrays   Nonzeros   LP Iters   (pool size: [--,--])
  propagation      :       0.00          0          0          -          0        0.0          0        0.0          -          -          -
  infeasible LP    :       0.00          0          0          -          0        0.0          0        0.0          0        0.0          0
  bound exceed. LP :       0.00          0          0          -          0        0.0          0        0.0          0        0.0          0
  strong branching :       0.00          0          0          -          0        0.0          0        0.0          -          -          0
  pseudo solution  :       0.00          0          0          -          0        0.0          0        0.0          -          -          -
  applied globally :       0.00          -          -          0          0        0.0          -          -          0          -          -
  applied locally  :          -          -          -          0          0        0.0          -          -          0          -          -
Separators         :   ExecTime  SetupTime      Calls    Cutoffs    DomReds       Cuts    Applied      Conss
  cut pool         :       0.00                     0          -          -          0          -          -    (maximal pool size: 0)
  aggregation      :       0.00       0.00          0          0          0          0          0          0
  cgmip            :       0.00       0.00          0          0          0          0          0          0
  clique           :       0.00       0.00          0          0          0          0          0          0
  closecuts        :       0.00       0.00          0          0          0          0          0          0
  cmir             :       0.00       0.00          0          0          0          0          0          0
  convexproj       :       0.00       0.00          0          0          0          0          0          0
  disjunctive      :       0.00       0.00          0          0          0          0          0          0
  eccuts           :       0.00       0.00          0          0          0          0          0          0
  flowcover        :       0.00       0.00          0          0          0          0          0          0
  gauge            :       0.00       0.00          0          0          0          0          0          0
  gomory           :       0.00       0.00          0          0          0          0          0          0
  impliedbounds    :       0.00       0.00          0          0          0          0          0          0
  intobj           :       0.00       0.00          0          0          0          0          0          0
  mcf              :       0.00       0.00          0          0          0          0          0          0
  oddcycle         :       0.00       0.00          0          0          0          0          0          0
  rapidlearning    :       0.00       0.00          0          0          0          0          0          0
  strongcg         :       0.00       0.00          0          0          0          0          0          0
  zerohalf         :       0.00       0.00          0          0          0          0          0          0
Pricers            :   ExecTime  SetupTime      Calls       Vars
  problem variables:       0.00          -          0          0
Branching Rules    :   ExecTime  SetupTime   BranchLP  BranchExt   BranchPS    Cutoffs    DomReds       Cuts      Conss   Children
  allfullstrong    :       0.00       0.00          0          0          0          0          0          0          0          0
  cloud            :       0.00       0.00          0          0          0          0          0          0          0          0
  distribution     :       0.00       0.00          0          0          0          0          0          0          0          0
  fullstrong       :       0.00       0.00          0          0          0          0          0          0          0          0
  inference        :       0.00       0.00          0          0          0          0          0          0          0          0
  leastinf         :       0.00       0.00          0          0          0          0          0          0          0          0
  lookahead        :       0.00       0.00          0          0          0          0          0          0          0          0
  mostinf          :       0.00       0.00          0          0          0          0          0          0          0          0
  multaggr         :       0.00       0.00          0          0          0          0          0          0          0          0
  nodereopt        :       0.00       0.00          0          0          0          0          0          0          0          0
  pscost           :       0.00       0.00          0          0          0          0          0          0          0          0
  random           :       0.00       0.00          0          0          0          0          0          0          0          0
  relpscost        :       0.00       0.00          0          0          0          0          0          0          0          0
Primal Heuristics  :   ExecTime  SetupTime      Calls      Found       Best
  LP solutions     :       0.00          -          -          0          0
  relax solutions  :       0.00          -          -          0          0
  pseudo solutions :       0.00          -          -          0          0
  strong branching :       0.00          -          -          0          0
  actconsdiving    :       0.00       0.00          0          0          0
  alns             :       0.00       0.00          0          0          0
  bound            :       0.00       0.00          0          0          0
  clique           :       0.17       0.00          1          0          0
  coefdiving       :       0.00       0.00          0          0          0
  completesol      :       0.00       0.00          0          0          0
  conflictdiving   :       0.00       0.00          0          0          0
  crossover        :       0.00       0.00          0          0          0
  dins             :       0.00       0.00          0          0          0
  distributiondivin:       0.00       0.00          0          0          0
  dualval          :       0.00       0.00          0          0          0
  farkasdiving     :       0.00       0.00          0          0          0
  feaspump         :       0.00       0.00          0          0          0
  fixandinfer      :       0.00       0.00          0          0          0
  fracdiving       :       0.00       0.00          0          0          0
  gins             :       0.00       0.00          0          0          0
  guideddiving     :       0.00       0.00          0          0          0
  indicator        :       0.00       0.00          0          0          0
  intdiving        :       0.00       0.00          0          0          0
  intshifting      :       0.00       0.00          0          0          0
  linesearchdiving :       0.00       0.00          0          0          0
  localbranching   :       0.00       0.00          0          0          0
  locks            :       0.25       0.00          1          0          0
  lpface           :       0.00       0.00          0          0          0
  mpec             :       0.00       0.00          0          0          0
  multistart       :       0.00       0.00          0          0          0
  mutation         :       0.00       0.00          0          0          0
  nlpdiving        :       0.00       0.00          0          0          0
  objpscostdiving  :       0.00       0.00          0          0          0
  octane           :       0.00       0.00          0          0          0
  ofins            :       0.00       0.00          0          0          0
  oneopt           :       0.02       0.00          1          0          0
  proximity        :       0.00       0.00          0          0          0
  pscostdiving     :       0.00       0.00          0          0          0
  randrounding     :       0.00       0.00          0          0          0
  rens             :       0.00       0.00          0          0          0
  reoptsols        :       0.03       0.00          1          1          1
  repair           :       0.00       0.00          0          0          0
  rins             :       0.00       0.00          0          0          0
  rootsoldiving    :       0.00       0.00          0          0          0
  rounding         :       0.00       0.00          0          0          0
  shiftandpropagate:       0.00       0.00          0          0          0
  shifting         :       0.00       0.00          0          0          0
  simplerounding   :       0.00       0.00          0          0          0
  subnlp           :       0.00       0.00          0          0          0
  trivial          :       0.02       0.00          1          0          0
  trivialnegation  :       0.00       0.00          0          0          0
  trysol           :       0.00       0.00          0          0          0
  twoopt           :       0.00       0.00          0          0          0
  undercover       :       0.00       0.00          0          0          0
  vbounds          :       0.01       0.00          0          0          0
  veclendiving     :       0.00       0.00          0          0          0
  zeroobj          :       0.00       0.00          0          0          0
  zirounding       :       0.00       0.00          0          0          0
  other solutions  :          -          -          -          0          -
Diving Statistics  :      Calls      Nodes   LP Iters Backtracks  Conflicts   MinDepth   MaxDepth   AvgDepth  RoundSols  NLeafSols  MinSolDpt  MaxSolDpt  AvgSolDpt
  actconsdiving    :          0          -          -          -          -          -          -          -          -          -          -          -          -
  coefdiving       :          0          -          -          -          -          -          -          -          -          -          -          -          -
  conflictdiving   :          0          -          -          -          -          -          -          -          -          -          -          -          -
  distributiondivin:          0          -          -          -          -          -          -          -          -          -          -          -          -
  farkasdiving     :          0          -          -          -          -          -          -          -          -          -          -          -          -
  fracdiving       :          0          -          -          -          -          -          -          -          -          -          -          -          -
  guideddiving     :          0          -          -          -          -          -          -          -          -          -          -          -          -
  linesearchdiving :          0          -          -          -          -          -          -          -          -          -          -          -          -
  pscostdiving     :          0          -          -          -          -          -          -          -          -          -          -          -          -
  veclendiving     :          0          -          -          -          -          -          -          -          -          -          -          -          -
Neighborhoods      :      Calls  SetupTime  SolveTime SolveNodes       Sols       Best       Exp3  EpsGreedy        UCB TgtFixRate  Opt  Inf Node Stal  Sol  Usr Othr Actv
  rens             :          0       0.00       0.00          0          0          0    0.00000   -1.00000    1.00000      0.900    0    0    0    0    0    0    0    1
  rins             :          0       0.00       0.00          0          0          0    0.00000   -1.00000    1.00000      0.900    0    0    0    0    0    0    0    1
  mutation         :          0       0.00       0.00          0          0          0    0.00000   -1.00000    1.00000      0.900    0    0    0    0    0    0    0    1
  localbranching   :          0       0.00       0.00          0          0          0    0.00000   -1.00000    1.00000      0.900    0    0    0    0    0    0    0    1
  crossover        :          0       0.00       0.00          0          0          0    0.00000   -1.00000    1.00000      0.900    0    0    0    0    0    0    0    1
  proximity        :          0       0.00       0.00          0          0          0    0.00000   -1.00000    1.00000      0.900    0    0    0    0    0    0    0    1
  zeroobjective    :          0       0.00       0.00          0          0          0    0.00000   -1.00000    1.00000      0.900    0    0    0    0    0    0    0    1
  dins             :          0       0.00       0.00          0          0          0    0.00000   -1.00000    1.00000      0.900    0    0    0    0    0    0    0    1
Tree Compressions  :   ExecTime  SetupTime      Calls      Found
  largestrepr      :       0.00       0.00          0          0
  weakcompr        :       0.00       0.00          0          0
LP                 :       Time      Calls Iterations  Iter/call   Iter/sec  Time-0-It Calls-0-It    ItLimit
  primal LP        :       0.00          0          0       0.00          -       0.00          0
  dual LP          :      18.56          1      18951   18951.00    1021.16       0.00          0
  lex dual LP      :       0.00          0          0       0.00          -
  barrier LP       :       0.00          0          0       0.00          -       0.00          0
  resolve instable :       0.00          0          0       0.00          -
  diving/probing LP:       0.01          0          0       0.00          -
  strong branching :       0.00          0          0       0.00          -          -          -          0
    (at root node) :          -          0          0       0.00          -
  conflict analysis:       0.00          0          0       0.00          -
B&B Tree           :
  number of runs   :          0
  nodes            :          1 (0 internal, 1 leaves)
  feasible leaves  :          0
  infeas. leaves   :          0
  objective leaves :          1
  nodes (total)    :          1 (0 internal, 1 leaves)
  nodes left       :          0
  max depth        :          0
  max depth (total):          0
  backtracks       :          0 (0.0%)
  early backtracks :          0 (0.0%)
  nodes exc. ref.  :          0 (0.0%)
  delayed cutoffs  :          0
  repropagations   :          0 (0 domain reductions, 0 cutoffs)
  avg switch length:       2.00
  switching time   :       0.00
Root Node          :
  First LP value   :          -
  First LP Iters   :      18951 (1021.16 Iter/sec)
  First LP Time    :      18.56
  Final Dual Bound : +1.12001520000000e+02
  Final Root Iters :      18951
  Root LP Estimate :                     -
Solution           :
  Solutions found  :          1 (1 improvements)
  First Solution   : +1.12001520000000e+02   (in run 0, after 1 nodes, 0.06 seconds, depth 0, found by <reoptsols>)
  Gap First Sol.   :   infinite
  Gap Last Sol.    :   infinite
  Primal Bound     : +1.12001520000000e+02   (in run 0, after 1 nodes, 0.06 seconds, depth 0, found by <reoptsols>)
  Dual Bound       : +1.12001520000000e+02
  Gap              :       0.00 %
  Avg. Gap         :      99.94 % (1911.95 primal-dual integral)
NoError here ! 
./script6: line 19: 19324 Segmentation fault      (core dumped) ./repair/build/repair $file $i $u $k $gap

real	0m26.380s
user	0m25.159s
sys	0m0.662s
