Detecting C [-std=c11] compiler features failed to compile with the following output:
Change Dir: /home/arthur/Documents/scip/repair/build/CMakeFiles/CMakeTmp

Run Build Command:"/usr/bin/make" "cmTC_5a965/fast"
/usr/bin/make -f CMakeFiles/cmTC_5a965.dir/build.make CMakeFiles/cmTC_5a965.dir/build
make[1]: Entering directory '/home/arthur/Documents/scip/repair/build/CMakeFiles/CMakeTmp'
Building C object CMakeFiles/cmTC_5a965.dir/feature_tests.c.o
/usr/bin/c99-gcc   -std=c11 -o CMakeFiles/cmTC_5a965.dir/feature_tests.c.o   -c /home/arthur/Documents/scip/repair/build/CMakeFiles/feature_tests.c
c99-gcc called with non ISO C99 option -std=c11
CMakeFiles/cmTC_5a965.dir/build.make:65: recipe for target 'CMakeFiles/cmTC_5a965.dir/feature_tests.c.o' failed
make[1]: *** [CMakeFiles/cmTC_5a965.dir/feature_tests.c.o] Error 1
make[1]: Leaving directory '/home/arthur/Documents/scip/repair/build/CMakeFiles/CMakeTmp'
Makefile:126: recipe for target 'cmTC_5a965/fast' failed
make: *** [cmTC_5a965/fast] Error 2



Compiling the C compiler identification source file "CMakeCCompilerId.c" failed.
Compiler: /usr/bin/c99-gcc 
Build flags: 
Id flags:  

The output was:
No such file or directory


Compiling the C compiler identification source file "CMakeCCompilerId.c" failed.
Compiler: /usr/bin/c99-gcc 
Build flags: 
Id flags: -c 

The output was:
No such file or directory


Compiling the C compiler identification source file "CMakeCCompilerId.c" failed.
Compiler: /usr/bin/c99-gcc 
Build flags: 
Id flags: -Aa 

The output was:
No such file or directory


Compiling the C compiler identification source file "CMakeCCompilerId.c" failed.
Compiler: /usr/bin/c99-gcc 
Build flags: 
Id flags: -D__CLASSIC_C__ 

The output was:
No such file or directory


Compiling the C compiler identification source file "CMakeCCompilerId.c" failed.
Compiler: /usr/bin/c99-gcc 
Build flags: 
Id flags:  

The output was:
No such file or directory


Compiling the C compiler identification source file "CMakeCCompilerId.c" failed.
Compiler: /usr/bin/c99-gcc 
Build flags: 
Id flags: -c 

The output was:
No such file or directory


Compiling the C compiler identification source file "CMakeCCompilerId.c" failed.
Compiler: /usr/bin/c99-gcc 
Build flags: 
Id flags: -Aa 

The output was:
No such file or directory


Compiling the C compiler identification source file "CMakeCCompilerId.c" failed.
Compiler: /usr/bin/c99-gcc 
Build flags: 
Id flags: -D__CLASSIC_C__ 

The output was:
No such file or directory


Checking whether the C compiler is IAR using "" did not match "IAR .+ Compiler":
Checking whether the C compiler is IAR using "" did not match "IAR .+ Compiler":
Compiling the C compiler identification source file "CMakeCCompilerId.c" failed.
Compiler: /usr/bin/c99-gcc 
Build flags: 
Id flags:  

The output was:
No such file or directory


Compiling the C compiler identification source file "CMakeCCompilerId.c" failed.
Compiler: /usr/bin/c99-gcc 
Build flags: 
Id flags: -c 

The output was:
No such file or directory


Compiling the C compiler identification source file "CMakeCCompilerId.c" failed.
Compiler: /usr/bin/c99-gcc 
Build flags: 
Id flags: -Aa 

The output was:
No such file or directory


Compiling the C compiler identification source file "CMakeCCompilerId.c" failed.
Compiler: /usr/bin/c99-gcc 
Build flags: 
Id flags: -D__CLASSIC_C__ 

The output was:
No such file or directory


Compiling the C compiler identification source file "CMakeCCompilerId.c" failed.
Compiler: /usr/bin/c99-gcc 
Build flags: 
Id flags:  

The output was:
No such file or directory


Compiling the C compiler identification source file "CMakeCCompilerId.c" failed.
Compiler: /usr/bin/c99-gcc 
Build flags: 
Id flags: -c 

The output was:
No such file or directory


Compiling the C compiler identification source file "CMakeCCompilerId.c" failed.
Compiler: /usr/bin/c99-gcc 
Build flags: 
Id flags: -Aa 

The output was:
No such file or directory


Compiling the C compiler identification source file "CMakeCCompilerId.c" failed.
Compiler: /usr/bin/c99-gcc 
Build flags: 
Id flags: -D__CLASSIC_C__ 

The output was:
No such file or directory


Checking whether the C compiler is IAR using "" did not match "IAR .+ Compiler":
Checking whether the C compiler is IAR using "" did not match "IAR .+ Compiler":
Compiling the C compiler identification source file "CMakeCCompilerId.c" failed.
Compiler: /usr/bin/c99-gcc 
Build flags: 
Id flags:  

The output was:
No such file or directory


Compiling the C compiler identification source file "CMakeCCompilerId.c" failed.
Compiler: /usr/bin/c99-gcc 
Build flags: 
Id flags: -c 

The output was:
No such file or directory


Compiling the C compiler identification source file "CMakeCCompilerId.c" failed.
Compiler: /usr/bin/c99-gcc 
Build flags: 
Id flags: -Aa 

The output was:
No such file or directory


Compiling the C compiler identification source file "CMakeCCompilerId.c" failed.
Compiler: /usr/bin/c99-gcc 
Build flags: 
Id flags: -D__CLASSIC_C__ 

The output was:
No such file or directory


Compiling the C compiler identification source file "CMakeCCompilerId.c" failed.
Compiler: /usr/bin/c99-gcc 
Build flags: 
Id flags:  

The output was:
No such file or directory


Compiling the C compiler identification source file "CMakeCCompilerId.c" failed.
Compiler: /usr/bin/c99-gcc 
Build flags: 
Id flags: -c 

The output was:
No such file or directory


Compiling the C compiler identification source file "CMakeCCompilerId.c" failed.
Compiler: /usr/bin/c99-gcc 
Build flags: 
Id flags: -Aa 

The output was:
No such file or directory


Compiling the C compiler identification source file "CMakeCCompilerId.c" failed.
Compiler: /usr/bin/c99-gcc 
Build flags: 
Id flags: -D__CLASSIC_C__ 

The output was:
No such file or directory


Checking whether the C compiler is IAR using "" did not match "IAR .+ Compiler":
Checking whether the C compiler is IAR using "" did not match "IAR .+ Compiler":
Compiling the C compiler identification source file "CMakeCCompilerId.c" failed.
Compiler: /usr/bin/c99-gcc 
Build flags: 
Id flags:  

The output was:
No such file or directory


Compiling the C compiler identification source file "CMakeCCompilerId.c" failed.
Compiler: /usr/bin/c99-gcc 
Build flags: 
Id flags: -c 

The output was:
No such file or directory


Compiling the C compiler identification source file "CMakeCCompilerId.c" failed.
Compiler: /usr/bin/c99-gcc 
Build flags: 
Id flags: -Aa 

The output was:
No such file or directory


Compiling the C compiler identification source file "CMakeCCompilerId.c" failed.
Compiler: /usr/bin/c99-gcc 
Build flags: 
Id flags: -D__CLASSIC_C__ 

The output was:
No such file or directory


Compiling the C compiler identification source file "CMakeCCompilerId.c" failed.
Compiler: /usr/bin/c99-gcc 
Build flags: 
Id flags:  

The output was:
No such file or directory


Compiling the C compiler identification source file "CMakeCCompilerId.c" failed.
Compiler: /usr/bin/c99-gcc 
Build flags: 
Id flags: -c 

The output was:
No such file or directory


Compiling the C compiler identification source file "CMakeCCompilerId.c" failed.
Compiler: /usr/bin/c99-gcc 
Build flags: 
Id flags: -Aa 

The output was:
No such file or directory


Compiling the C compiler identification source file "CMakeCCompilerId.c" failed.
Compiler: /usr/bin/c99-gcc 
Build flags: 
Id flags: -D__CLASSIC_C__ 

The output was:
No such file or directory


Checking whether the C compiler is IAR using "" did not match "IAR .+ Compiler":
Checking whether the C compiler is IAR using "" did not match "IAR .+ Compiler":
