This is pdfTeX, Version 3.14159265-2.6-1.40.19 (TeX Live 2018/Arch Linux) (preloaded format=pdflatex 2019.4.13)  20 APR 2019 19:40
entering extended mode
 restricted \write18 enabled.
 %&-line parsing enabled.
**dataExploration.tex
(./dataExploration.tex
LaTeX2e <2018-12-01>
(/usr/share/texmf-dist/tex/latex/base/article.cls
Document Class: article 2018/09/03 v1.4i Standard LaTeX document class
(/usr/share/texmf-dist/tex/latex/base/size10.clo
File: size10.clo 2018/09/03 v1.4i Standard LaTeX file (size option)
)
\c@part=\count80
\c@section=\count81
\c@subsection=\count82
\c@subsubsection=\count83
\c@paragraph=\count84
\c@subparagraph=\count85
\c@figure=\count86
\c@table=\count87
\abovecaptionskip=\skip41
\belowcaptionskip=\skip42
\bibindent=\dimen102
)
(/usr/share/texmf-dist/tex/latex/base/inputenc.sty
Package: inputenc 2018/08/11 v1.3c Input encoding file
\inpenc@prehook=\toks14
\inpenc@posthook=\toks15
)
(/usr/share/texmf-dist/tex/latex/amsfonts/amssymb.sty
Package: amssymb 2013/01/14 v3.01 AMS font symbols

(/usr/share/texmf-dist/tex/latex/amsfonts/amsfonts.sty
Package: amsfonts 2013/01/14 v3.01 Basic AMSFonts support
\@emptytoks=\toks16
\symAMSa=\mathgroup4
\symAMSb=\mathgroup5
LaTeX Font Info:    Overwriting math alphabet `\mathfrak' in version `bold'
(Font)                  U/euf/m/n --> U/euf/b/n on input line 106.
))
(/usr/share/texmf-dist/tex/latex/amsmath/amsmath.sty
Package: amsmath 2018/12/01 v2.17b AMS math features
\@mathmargin=\skip43

For additional information on amsmath, use the `?' option.
(/usr/share/texmf-dist/tex/latex/amsmath/amstext.sty
Package: amstext 2000/06/29 v2.01 AMS text

(/usr/share/texmf-dist/tex/latex/amsmath/amsgen.sty
File: amsgen.sty 1999/11/30 v2.0 generic functions
\@emptytoks=\toks17
\ex@=\dimen103
))
(/usr/share/texmf-dist/tex/latex/amsmath/amsbsy.sty
Package: amsbsy 1999/11/29 v1.2d Bold Symbols
\pmbraise@=\dimen104
)
(/usr/share/texmf-dist/tex/latex/amsmath/amsopn.sty
Package: amsopn 2016/03/08 v2.02 operator names
)
\inf@bad=\count88
LaTeX Info: Redefining \frac on input line 223.
\uproot@=\count89
\leftroot@=\count90
LaTeX Info: Redefining \overline on input line 385.
\classnum@=\count91
\DOTSCASE@=\count92
LaTeX Info: Redefining \ldots on input line 482.
LaTeX Info: Redefining \dots on input line 485.
LaTeX Info: Redefining \cdots on input line 606.
\Mathstrutbox@=\box27
\strutbox@=\box28
\big@size=\dimen105
LaTeX Font Info:    Redeclaring font encoding OML on input line 729.
LaTeX Font Info:    Redeclaring font encoding OMS on input line 730.
\macc@depth=\count93
\c@MaxMatrixCols=\count94
\dotsspace@=\muskip10
\c@parentequation=\count95
\dspbrk@lvl=\count96
\tag@help=\toks18
\row@=\count97
\column@=\count98
\maxfields@=\count99
\andhelp@=\toks19
\eqnshift@=\dimen106
\alignsep@=\dimen107
\tagshift@=\dimen108
\tagwidth@=\dimen109
\totwidth@=\dimen110
\lineht@=\dimen111
\@envbody=\toks20
\multlinegap=\skip44
\multlinetaggap=\skip45
\mathdisplay@stack=\toks21
LaTeX Info: Redefining \[ on input line 2844.
LaTeX Info: Redefining \] on input line 2845.
)
(/usr/share/texmf-dist/tex/latex/amscls/amsthm.sty
Package: amsthm 2017/10/31 v2.20.4
\thm@style=\toks22
\thm@bodyfont=\toks23
\thm@headfont=\toks24
\thm@notefont=\toks25
\thm@headpunct=\toks26
\thm@preskip=\skip46
\thm@postskip=\skip47
\thm@headsep=\skip48
\dth@everypar=\toks27
)
(/usr/share/texmf-dist/tex/latex/graphics/graphicx.sty
Package: graphicx 2017/06/01 v1.1a Enhanced LaTeX Graphics (DPC,SPQR)

(/usr/share/texmf-dist/tex/latex/graphics/keyval.sty
Package: keyval 2014/10/28 v1.15 key=value parser (DPC)
\KV@toks@=\toks28
)
(/usr/share/texmf-dist/tex/latex/graphics/graphics.sty
Package: graphics 2017/06/25 v1.2c Standard LaTeX Graphics (DPC,SPQR)

(/usr/share/texmf-dist/tex/latex/graphics/trig.sty
Package: trig 2016/01/03 v1.10 sin cos tan (DPC)
)
(/usr/share/texmf-dist/tex/latex/graphics-cfg/graphics.cfg
File: graphics.cfg 2016/06/04 v1.11 sample graphics configuration
)
Package graphics Info: Driver file: pdftex.def on input line 99.

(/usr/share/texmf-dist/tex/latex/graphics-def/pdftex.def
File: pdftex.def 2018/01/08 v1.0l Graphics/color driver for pdftex
))
\Gin@req@height=\dimen112
\Gin@req@width=\dimen113
)
(/usr/share/texmf-dist/tex/latex/preprint/fullpage.sty
Package: fullpage 1999/02/23 1.1 (PWD)
\FP@margin=\skip49
)
(/usr/share/texmf-dist/tex/latex/algorithm2e/algorithm2e.sty
Package: algorithm2e 2017/07/18 v5.2 algorithms environments
\c@AlgoLine=\count100

(/usr/share/texmf-dist/tex/latex/base/ifthen.sty
Package: ifthen 2014/09/29 v1.1c Standard LaTeX ifthen package (DPC)
)
\algocf@hangindent=\skip50

(/usr/share/texmf-dist/tex/latex/ifoddpage/ifoddpage.sty
Package: ifoddpage 2016/04/23 v1.1 Conditionals for odd/even page detection
\c@checkoddpage=\count101
)
(/usr/share/texmf-dist/tex/latex/tools/xspace.sty
Package: xspace 2014/10/28 v1.13 Space after command names (DPC,MH)
)
(/usr/share/texmf-dist/tex/latex/relsize/relsize.sty
Package: relsize 2013/03/29 ver 4.1
)
\skiptotal=\skip51
\skiplinenumber=\skip52
\skiprule=\skip53
\skiphlne=\skip54
\skiptext=\skip55
\skiplength=\skip56
\algomargin=\skip57
\skipalgocfslide=\skip58
\algowidth=\dimen114
\inoutsize=\dimen115
\inoutindent=\dimen116
\interspacetitleruled=\dimen117
\interspacealgoruled=\dimen118
\interspacetitleboxruled=\dimen119
\algocf@ruledwidth=\skip59
\algocf@inoutbox=\box29
\algocf@inputbox=\box30
\AlCapSkip=\skip60
\AlCapHSkip=\skip61
\algoskipindent=\skip62
\algocf@nlbox=\box31
\algocf@hangingbox=\box32
\algocf@untilbox=\box33
\algocf@skipuntil=\skip63
\algocf@capbox=\box34
\algocf@lcaptionbox=\skip64
\algoheightruledefault=\skip65
\algoheightrule=\skip66
\algotitleheightruledefault=\skip67
\algotitleheightrule=\skip68
\c@algocfline=\count102
\c@algocfproc=\count103
\c@algocf=\count104
\algocf@algoframe=\box35
\algocf@algobox=\box36
)
(/usr/share/texmf-dist/tex/latex/wrapfig/wrapfig.sty
\wrapoverhang=\dimen120
\WF@size=\dimen121
\c@WF@wrappedlines=\count105
\WF@box=\box37
\WF@everypar=\toks29
Package: wrapfig 2003/01/31  v 3.6
)
(/usr/share/texmf-dist/tex/latex/float/float.sty
Package: float 2001/11/08 v1.3d Float enhancements (AL)
\c@float@type=\count106
\float@exts=\toks30
\float@box=\box38
\@float@everytoks=\toks31
\@floatcapt=\box39
)
(/usr/share/texmf-dist/tex/latex/apacite/apacite.sty
Package: apacite 2013/07/21 v6.03 APA citation
\c@BibCnt=\count107
\bibleftmargin=\skip69
\bibindent=\skip70
\bibparsep=\skip71
\bibitemsep=\skip72
\biblabelsep=\skip73
)
\c@definition=\count108
 (./dataExploration.aux)
\openout1 = `dataExploration.aux'.

LaTeX Font Info:    Checking defaults for OML/cmm/m/it on input line 25.
LaTeX Font Info:    ... okay on input line 25.
LaTeX Font Info:    Checking defaults for T1/cmr/m/n on input line 25.
LaTeX Font Info:    ... okay on input line 25.
LaTeX Font Info:    Checking defaults for OT1/cmr/m/n on input line 25.
LaTeX Font Info:    ... okay on input line 25.
LaTeX Font Info:    Checking defaults for OMS/cmsy/m/n on input line 25.
LaTeX Font Info:    ... okay on input line 25.
LaTeX Font Info:    Checking defaults for OMX/cmex/m/n on input line 25.
LaTeX Font Info:    ... okay on input line 25.
LaTeX Font Info:    Checking defaults for U/cmr/m/n on input line 25.
LaTeX Font Info:    ... okay on input line 25.

(/usr/share/texmf-dist/tex/context/base/mkii/supp-pdf.mkii
[Loading MPS to PDF converter (version 2006.09.02).]
\scratchcounter=\count109
\scratchdimen=\dimen122
\scratchbox=\box40
\nofMPsegments=\count110
\nofMParguments=\count111
\everyMPshowfont=\toks32
\MPscratchCnt=\count112
\MPscratchDim=\dimen123
\MPnumerator=\count113
\makeMPintoPDFobject=\count114
\everyMPtoPDFconversion=\toks33
) (/usr/share/texmf-dist/tex/latex/oberdiek/epstopdf-base.sty
Package: epstopdf-base 2016/05/15 v2.6 Base part for package epstopdf

(/usr/share/texmf-dist/tex/generic/oberdiek/infwarerr.sty
Package: infwarerr 2016/05/16 v1.4 Providing info/warning/error messages (HO)
)
(/usr/share/texmf-dist/tex/latex/oberdiek/grfext.sty
Package: grfext 2016/05/16 v1.2 Manage graphics extensions (HO)

(/usr/share/texmf-dist/tex/generic/oberdiek/kvdefinekeys.sty
Package: kvdefinekeys 2016/05/16 v1.4 Define keys (HO)

(/usr/share/texmf-dist/tex/generic/oberdiek/ltxcmds.sty
Package: ltxcmds 2016/05/16 v1.23 LaTeX kernel commands for general use (HO)
)))
(/usr/share/texmf-dist/tex/latex/oberdiek/kvoptions.sty
Package: kvoptions 2016/05/16 v3.12 Key value format for package options (HO)

(/usr/share/texmf-dist/tex/generic/oberdiek/kvsetkeys.sty
Package: kvsetkeys 2016/05/16 v1.17 Key value parser (HO)

(/usr/share/texmf-dist/tex/generic/oberdiek/etexcmds.sty
Package: etexcmds 2016/05/16 v1.6 Avoid name clashes with e-TeX commands (HO)

(/usr/share/texmf-dist/tex/generic/oberdiek/ifluatex.sty
Package: ifluatex 2016/05/16 v1.4 Provides the ifluatex switch (HO)
Package ifluatex Info: LuaTeX not detected.
)
Package etexcmds Info: Could not find \expanded.
(etexcmds)             That can mean that you are not using pdfTeX 1.50 or
(etexcmds)             that some package has redefined \expanded.
(etexcmds)             In the latter case, load this package earlier.
)))
(/usr/share/texmf-dist/tex/generic/oberdiek/pdftexcmds.sty
Package: pdftexcmds 2018/09/10 v0.29 Utility functions of pdfTeX for LuaTeX (HO
)

(/usr/share/texmf-dist/tex/generic/oberdiek/ifpdf.sty
Package: ifpdf 2018/09/07 v3.3 Provides the ifpdf switch
)
Package pdftexcmds Info: LuaTeX not detected.
Package pdftexcmds Info: \pdf@primitive is available.
Package pdftexcmds Info: \pdf@ifprimitive is available.
Package pdftexcmds Info: \pdfdraftmode found.
)
Package epstopdf-base Info: Redefining graphics rule for `.eps' on input line 4
38.
Package grfext Info: Graphics extension search list:
(grfext)             [.pdf,.png,.jpg,.mps,.jpeg,.jbig2,.jb2,.PDF,.PNG,.JPG,.JPE
G,.JBIG2,.JB2,.eps]
(grfext)             \AppendGraphicsExtensions on input line 456.

(/usr/share/texmf-dist/tex/latex/latexconfig/epstopdf-sys.cfg
File: epstopdf-sys.cfg 2010/07/13 v1.3 Configuration of (r)epstopdf for TeX Liv
e
))
\c@maskedRefs=\count115

(/usr/share/texmf-dist/tex/latex/apacite/english.apc
File: english.apc 2013/07/21 v6.03 apacite language file
LaTeX Info: Redefining \BPBI on input line 129.
LaTeX Info: Redefining \BHBI on input line 130.
)
LaTeX Font Info:    Try loading font information for U+msa on input line 26.

(/usr/share/texmf-dist/tex/latex/amsfonts/umsa.fd
File: umsa.fd 2013/01/14 v3.01 AMS symbols A
)
LaTeX Font Info:    Try loading font information for U+msb on input line 26.

(/usr/share/texmf-dist/tex/latex/amsfonts/umsb.fd
File: umsb.fd 2013/01/14 v3.01 AMS symbols B
) [1

{/var/lib/texmf/fonts/map/pdftex/updmap/pdftex.map}] [2]
LaTeX Font Info:    Try loading font information for OMS+cmr on input line 86.
 (/usr/share/texmf-dist/tex/latex/base/omscmr.fd
File: omscmr.fd 2014/09/29 v2.5h Standard LaTeX font definitions
)
LaTeX Font Info:    Font shape `OMS/cmr/m/n' in size <10> not available
(Font)              Font shape `OMS/cmsy/m/n' tried instead on input line 86.
<images/IdentifyMissingValue.png, id=15, 359.46797pt x 254.82703pt>
File: images/IdentifyMissingValue.png Graphic file (type png)
<use images/IdentifyMissingValue.png>
Package pdftex.def Info: images/IdentifyMissingValue.png  used on input line 99
.
(pdftex.def)             Requested size: 187.89914pt x 133.20682pt.

Underfull \hbox (badness 10000) in paragraph at lines 91--106

 []

[3 <./images/IdentifyMissingValue.png>]
<images/totalCrashOverYears.png, id=23, 367.87437pt x 185.19188pt>
File: images/totalCrashOverYears.png Graphic file (type png)
<use images/totalCrashOverYears.png>
Package pdftex.def Info: images/totalCrashOverYears.png  used on input line 119
.
(pdftex.def)             Requested size: 225.4804pt x 113.51224pt.
<images/totalKilledOverYears.png, id=24, 364.36125pt x 179.16937pt>
File: images/totalKilledOverYears.png Graphic file (type png)
<use images/totalKilledOverYears.png>
Package pdftex.def Info: images/totalKilledOverYears.png  used on input line 12
7.
(pdftex.def)             Requested size: 225.4804pt x 110.87608pt.
<images/accidentType.png, id=25, 741.26938pt x 215.30438pt>
File: images/accidentType.png Graphic file (type png)
<use images/accidentType.png>
Package pdftex.def Info: images/accidentType.png  used on input line 140.
(pdftex.def)             Requested size: 469.75502pt x 136.44408pt.
 [4 <./images/totalCrashOverYears.png> <./images/totalKilledOverYears.png>]
Underfull \hbox (badness 1371) in paragraph at lines 150--151
[]\OT1/cmr/m/n/10 The fig-ure 5[] shows that the
 []


Underfull \hbox (badness 1377) in paragraph at lines 150--151
\OT1/cmr/m/n/10 drop rapidly in the last two
 []

<images/accidentTypeTrend.png, id=31, 387.94937pt x 202.7575pt>
File: images/accidentTypeTrend.png Graphic file (type png)
<use images/accidentTypeTrend.png>
Package pdftex.def Info: images/accidentTypeTrend.png  used on input line 155.
(pdftex.def)             Requested size: 310.04002pt x 162.04224pt.
<images/mapTotal.png, id=32, 438.63875pt x 337.26pt>
File: images/mapTotal.png Graphic file (type png)
<use images/mapTotal.png>
Package pdftex.def Info: images/mapTotal.png  used on input line 174.
(pdftex.def)             Requested size: 277.15373pt x 213.10275pt.

Underfull \hbox (badness 1701) in paragraph at lines 181--182
[]\OT1/cmr/m/n/10 It is clearly shown in fig-ure 6[], that
 []


Underfull \hbox (badness 2644) in paragraph at lines 181--182
\OT1/cmr/bx/n/10 Bendigo\OT1/cmr/m/n/10 , \OT1/cmr/bx/n/10 Co-coroc \OT1/cmr/m/
n/10 and \OT1/cmr/bx/n/10 Bangholme
 []

[5 <./images/accidentType.png> <./images/accidentTypeTrend.png>]
<images/mapTypeVehicle.png, id=38, 442.15187pt x 338.76563pt>
File: images/mapTypeVehicle.png Graphic file (type png)
<use images/mapTypeVehicle.png>
Package pdftex.def Info: images/mapTypeVehicle.png  used on input line 191.
(pdftex.def)             Requested size: 230.18253pt x 176.36072pt.
<images/mapTypeObj.png, id=39, 443.15562pt x 339.76938pt>
File: images/mapTypeObj.png Graphic file (type png)
<use images/mapTypeObj.png>
Package pdftex.def Info: images/mapTypeObj.png  used on input line 199.
(pdftex.def)             Requested size: 230.18253pt x 176.48407pt.
<images/darkNoLight.png, id=40, 442.65375pt x 339.2675pt>
File: images/darkNoLight.png Graphic file (type png)
<use images/darkNoLight.png>
Package pdftex.def Info: images/darkNoLight.png  used on input line 212.
(pdftex.def)             Requested size: 230.18253pt x 176.42528pt.
<images/darkLightON.png, id=41, 444.66125pt x 340.77313pt>
File: images/darkLightON.png Graphic file (type png)
<use images/darkLightON.png>
Package pdftex.def Info: images/darkLightON.png  used on input line 220.
(pdftex.def)             Requested size: 230.18253pt x 176.40228pt.
 [6 <./images/mapTotal.png> <./images/mapTypeVehicle.png> <./images/mapTypeObj.
png>]
<images/day.png, id=48, 442.65375pt x 340.27126pt>
File: images/day.png Graphic file (type png)
<use images/day.png>
Package pdftex.def Info: images/day.png  used on input line 231.
(pdftex.def)             Requested size: 328.82707pt x 252.78328pt.
<images/speedZone.png, id=49, 435.12563pt x 335.2525pt>
File: images/speedZone.png Graphic file (type png)
<use images/speedZone.png>
Package pdftex.def Info: images/speedZone.png  used on input line 241.
(pdftex.def)             Requested size: 211.38832pt x 162.8735pt.
<images/speedKillRateOfPeople.png, id=50, 397.485pt x 299.61937pt>
File: images/speedKillRateOfPeople.png Graphic file (type png)
<use images/speedKillRateOfPeople.png>
Package pdftex.def Info: images/speedKillRateOfPeople.png  used on input line 2
49.
(pdftex.def)             Requested size: 248.96957pt x 187.67311pt.
 [7 <./images/darkNoLight.png> <./images/darkLightON.png> <./images/day.png>]
<images/cluster3.png, id=58, 507.8975pt x 372.39125pt>
File: images/cluster3.png Graphic file (type png)
<use images/cluster3.png>
Package pdftex.def Info: images/cluster3.png  used on input line 262.
(pdftex.def)             Requested size: 230.18253pt x 168.76778pt.
<images/cluster3_NoPostcode.png, id=59, 492.84125pt x 359.3425pt>
File: images/cluster3_NoPostcode.png Graphic file (type png)
<use images/cluster3_NoPostcode.png>
Package pdftex.def Info: images/cluster3_NoPostcode.png  used on input line 270
.
(pdftex.def)             Requested size: 230.18253pt x 167.83275pt.
 [8 <./images/speedZone.png> <./images/speedKillRateOfPeople.png> <./images/clu
ster3.png> <./images/cluster3_NoPostcode.png>]
<images/cluster3_NoPostcode_CBD.png, id=67, 600.2425pt x 451.18562pt>
File: images/cluster3_NoPostcode_CBD.png Graphic file (type png)
<use images/cluster3_NoPostcode_CBD.png>
Package pdftex.def Info: images/cluster3_NoPostcode_CBD.png  used on input line
 288.
(pdftex.def)             Requested size: 230.18253pt x 173.02199pt.

Underfull \hbox (badness 10000) in paragraph at lines 284--299

 []


Underfull \hbox (badness 10000) in paragraph at lines 303--304
\OT1/cmr/m/n/10 "Day.Week.Description", "Day.Week.Description",
 []


Underfull \hbox (badness 2343) in paragraph at lines 303--304
\OT1/cmr/m/n/10 "Light.Condition.Desc", "Sur-face.Cond.Desc" and
 []

<images/wordCloud.png, id=68, 283.55937pt x 257.96375pt>
File: images/wordCloud.png Graphic file (type png)
<use images/wordCloud.png>
Package pdftex.def Info: images/wordCloud.png  used on input line 308.
(pdftex.def)             Requested size: 230.18253pt x 209.41002pt.

Underfull \hbox (badness 10000) in paragraph at lines 300--314

 []

[9 <./images/cluster3_NoPostcode_CBD.png> <./images/wordCloud.png>]
(./dataExploration.bbl
Underfull \hbox (badness 10000) in paragraph at lines 14--26
[]\OT1/cmr/m/n/10 TAC.  (2019).  \OT1/cmr/m/it/10 Lives lost - year to date.  \
OT1/cmr/m/n/10 Re-trieved 2019-4-20, from
 []


Underfull \hbox (badness 4096) in paragraph at lines 63--76
[]\OT1/cmr/m/n/10 VicRoads.  (2019).  \OT1/cmr/m/it/10 Crash stats - data ex-tr
act - open data.  \OT1/cmr/m/n/10 Re-trieved 2019-4-20, from
 []


Overfull \hbox (69.74052pt too wide) in paragraph at lines 63--76
\OT1/cmtt/m/n/10 http://data.vicroads.vic.gov.au/metadata/Crash%20Stats%20-%20D
ata%20Extract%20-%20Open%20Data.html
 []


Underfull \hbox (badness 10000) in paragraph at lines 63--76

 []


Underfull \hbox (badness 10000) in paragraph at lines 88--100
[]\OT1/cmr/m/n/10 WHO.  (2019).  \OT1/cmr/m/it/10 The top 10 causes of death.  
\OT1/cmr/m/n/10 Re-trieved 2018-05-24, from
 []

) [10] (./dataExploration.aux) ) 
Here is how much of TeX's memory you used:
 4153 strings out of 492616
 57892 string characters out of 6135177
 136791 words of memory out of 5000000
 7965 multiletter control sequences out of 15000+600000
 12636 words of font info for 49 fonts, out of 8000000 for 9000
 1141 hyphenation exceptions out of 8191
 41i,9n,27p,1014b,310s stack positions out of 5000i,500n,10000p,200000b,80000s
</usr/share/texmf-dist/fonts/type1/public/amsfo
nts/cm/cmbx10.pfb></usr/share/texmf-dist/fonts/type1/public/amsfonts/cm/cmbx12.
pfb></usr/share/texmf-dist/fonts/type1/public/amsfonts/cm/cmmi10.pfb></usr/shar
e/texmf-dist/fonts/type1/public/amsfonts/cm/cmr10.pfb></usr/share/texmf-dist/fo
nts/type1/public/amsfonts/cm/cmr12.pfb></usr/share/texmf-dist/fonts/type1/publi
c/amsfonts/cm/cmr17.pfb></usr/share/texmf-dist/fonts/type1/public/amsfonts/cm/c
msy10.pfb></usr/share/texmf-dist/fonts/type1/public/amsfonts/cm/cmti10.pfb></us
r/share/texmf-dist/fonts/type1/public/amsfonts/cm/cmtt10.pfb>
Output written on dataExploration.pdf (10 pages, 4221521 bytes).
PDF statistics:
 108 PDF objects out of 1000 (max. 8388607)
 52 compressed objects within 1 object stream
 0 named destinations out of 1000 (max. 500000)
 86 words of extra memory for PDF output out of 10000 (max. 10000000)

