SCIP version 6.0.1 [precision: 8 byte] [memory: block] [mode: optimized] [LP solver: SoPlex 4.0.1] [GitHash: a27ecc0]
Copyright (C) 2002-2019 Konrad-Zuse-Zentrum fuer Informationstechnik Berlin (ZIB)

External codes: 
  Readline 8.0         GNU library for command line editing (gnu.org/s/readline)
  SoPlex 4.0.1         Linear Programming Solver developed at Zuse Institute Berlin (soplex.zib.de) [GitHash: e89d7d5]
  CppAD 20180000.0     Algorithmic Differentiation of C++ algorithms developed by B. Bell (www.coin-or.org/CppAD)
  ZLIB 1.2.11          General purpose compression library by J. Gailly and M. Adler (zlib.net)
  GMP 6.1.2            GNU Multiple Precision Arithmetic Library developed by T. Granlund (gmplib.org)

user parameter file <scip.set> not found - using default parameters


read problem <neos-1122047.mps>
============

original problem has 5100 variables (100 bin, 0 int, 0 impl, 5000 cont) and 57791 constraints

presolving:
(round 1, fast)       2 del vars, 4 del conss, 0 add conss, 9501 chg bounds, 2 chg sides, 2 chg coeffs, 0 upgd conss, 0 impls, 0 clqs
(round 2, fast)       6 del vars, 19 del conss, 0 add conss, 9528 chg bounds, 20 chg sides, 20 chg coeffs, 0 upgd conss, 0 impls, 0 clqs
(round 3, fast)       8 del vars, 34 del conss, 0 add conss, 9568 chg bounds, 44 chg sides, 44 chg coeffs, 0 upgd conss, 0 impls, 0 clqs
(round 4, fast)       10 del vars, 52 del conss, 0 add conss, 9623 chg bounds, 75 chg sides, 75 chg coeffs, 0 upgd conss, 0 impls, 0 clqs
(round 5, fast)       12 del vars, 71 del conss, 0 add conss, 9694 chg bounds, 119 chg sides, 119 chg coeffs, 0 upgd conss, 0 impls, 0 clqs
(round 6, fast)       14 del vars, 91 del conss, 0 add conss, 9783 chg bounds, 176 chg sides, 176 chg coeffs, 0 upgd conss, 0 impls, 0 clqs
(round 7, fast)       16 del vars, 115 del conss, 0 add conss, 9889 chg bounds, 250 chg sides, 250 chg coeffs, 0 upgd conss, 0 impls, 0 clqs
(round 8, fast)       18 del vars, 143 del conss, 0 add conss, 10015 chg bounds, 345 chg sides, 345 chg coeffs, 0 upgd conss, 0 impls, 0 clqs
(round 9, fast)       20 del vars, 173 del conss, 0 add conss, 10180 chg bounds, 516 chg sides, 516 chg coeffs, 0 upgd conss, 0 impls, 0 clqs
(round 10, fast)       20 del vars, 181 del conss, 0 add conss, 10407 chg bounds, 831 chg sides, 831 chg coeffs, 0 upgd conss, 0 impls, 0 clqs
(round 11, fast)       20 del vars, 181 del conss, 0 add conss, 10695 chg bounds, 1071 chg sides, 1071 chg coeffs, 0 upgd conss, 0 impls, 0 clqs
(round 12, fast)       20 del vars, 181 del conss, 0 add conss, 11066 chg bounds, 1331 chg sides, 1331 chg coeffs, 0 upgd conss, 0 impls, 0 clqs
(round 13, fast)       20 del vars, 181 del conss, 0 add conss, 11535 chg bounds, 1621 chg sides, 1621 chg coeffs, 0 upgd conss, 0 impls, 0 clqs
(round 14, fast)       20 del vars, 181 del conss, 0 add conss, 12090 chg bounds, 1941 chg sides, 1941 chg coeffs, 0 upgd conss, 0 impls, 0 clqs
(round 15, fast)       20 del vars, 181 del conss, 0 add conss, 12708 chg bounds, 2261 chg sides, 2261 chg coeffs, 0 upgd conss, 0 impls, 0 clqs
(round 16, fast)       20 del vars, 181 del conss, 0 add conss, 13325 chg bounds, 2601 chg sides, 2601 chg coeffs, 0 upgd conss, 0 impls, 0 clqs
(round 17, fast)       20 del vars, 181 del conss, 0 add conss, 13932 chg bounds, 2961 chg sides, 2961 chg coeffs, 0 upgd conss, 0 impls, 0 clqs
(round 18, fast)       20 del vars, 181 del conss, 0 add conss, 14560 chg bounds, 3339 chg sides, 3339 chg coeffs, 0 upgd conss, 0 impls, 0 clqs
(round 19, fast)       20 del vars, 181 del conss, 0 add conss, 15171 chg bounds, 3951 chg sides, 3951 chg coeffs, 0 upgd conss, 0 impls, 0 clqs
(round 20, fast)       20 del vars, 181 del conss, 0 add conss, 15785 chg bounds, 4401 chg sides, 4401 chg coeffs, 0 upgd conss, 0 impls, 0 clqs
(round 21, fast)       20 del vars, 181 del conss, 0 add conss, 16413 chg bounds, 4860 chg sides, 4860 chg coeffs, 0 upgd conss, 0 impls, 0 clqs
(round 22, fast)       20 del vars, 181 del conss, 0 add conss, 17054 chg bounds, 5341 chg sides, 5341 chg coeffs, 0 upgd conss, 0 impls, 0 clqs
(round 23, fast)       20 del vars, 181 del conss, 0 add conss, 17711 chg bounds, 5841 chg sides, 5841 chg coeffs, 0 upgd conss, 0 impls, 0 clqs
(round 24, fast)       20 del vars, 181 del conss, 0 add conss, 18384 chg bounds, 6371 chg sides, 6371 chg coeffs, 0 upgd conss, 0 impls, 0 clqs
(round 25, fast)       20 del vars, 181 del conss, 0 add conss, 19076 chg bounds, 6941 chg sides, 6941 chg coeffs, 0 upgd conss, 0 impls, 0 clqs
(round 26, fast)       20 del vars, 181 del conss, 0 add conss, 19778 chg bounds, 7521 chg sides, 7521 chg coeffs, 0 upgd conss, 0 impls, 0 clqs
(round 27, fast)       20 del vars, 181 del conss, 0 add conss, 20485 chg bounds, 7995 chg sides, 7995 chg coeffs, 0 upgd conss, 0 impls, 0 clqs
(round 28, fast)       20 del vars, 181 del conss, 0 add conss, 21148 chg bounds, 8621 chg sides, 8621 chg coeffs, 0 upgd conss, 0 impls, 0 clqs
(round 29, fast)       20 del vars, 181 del conss, 0 add conss, 21801 chg bounds, 9082 chg sides, 9082 chg coeffs, 0 upgd conss, 0 impls, 0 clqs
(round 30, fast)       21 del vars, 182 del conss, 0 add conss, 22427 chg bounds, 9540 chg sides, 9540 chg coeffs, 0 upgd conss, 0 impls, 0 clqs
(round 31, fast)       22 del vars, 183 del conss, 0 add conss, 23041 chg bounds, 10006 chg sides, 10006 chg coeffs, 0 upgd conss, 0 impls, 0 clqs
(round 32, fast)       23 del vars, 184 del conss, 0 add conss, 23634 chg bounds, 10484 chg sides, 10484 chg coeffs, 0 upgd conss, 0 impls, 0 clqs
(round 33, fast)       23 del vars, 184 del conss, 0 add conss, 24197 chg bounds, 10946 chg sides, 10946 chg coeffs, 0 upgd conss, 0 impls, 0 clqs
(round 34, fast)       23 del vars, 184 del conss, 0 add conss, 24727 chg bounds, 11410 chg sides, 11410 chg coeffs, 0 upgd conss, 0 impls, 0 clqs
(round 35, fast)       24 del vars, 185 del conss, 0 add conss, 25222 chg bounds, 11867 chg sides, 11867 chg coeffs, 0 upgd conss, 0 impls, 0 clqs
(round 36, fast)       25 del vars, 205 del conss, 0 add conss, 25678 chg bounds, 12168 chg sides, 12168 chg coeffs, 0 upgd conss, 0 impls, 0 clqs
(round 37, fast)       25 del vars, 207 del conss, 0 add conss, 26091 chg bounds, 12518 chg sides, 12518 chg coeffs, 0 upgd conss, 0 impls, 0 clqs
(round 38, fast)       25 del vars, 207 del conss, 0 add conss, 26495 chg bounds, 12878 chg sides, 12878 chg coeffs, 0 upgd conss, 0 impls, 0 clqs
(round 39, fast)       25 del vars, 207 del conss, 0 add conss, 26893 chg bounds, 13228 chg sides, 13228 chg coeffs, 0 upgd conss, 0 impls, 0 clqs
(round 40, fast)       25 del vars, 207 del conss, 0 add conss, 27262 chg bounds, 13598 chg sides, 13598 chg coeffs, 0 upgd conss, 0 impls, 0 clqs
(round 41, fast)       25 del vars, 207 del conss, 0 add conss, 27629 chg bounds, 13938 chg sides, 13938 chg coeffs, 0 upgd conss, 0 impls, 0 clqs
(round 42, fast)       25 del vars, 207 del conss, 0 add conss, 27995 chg bounds, 14288 chg sides, 14288 chg coeffs, 0 upgd conss, 0 impls, 0 clqs
(round 43, fast)       25 del vars, 207 del conss, 0 add conss, 28364 chg bounds, 14628 chg sides, 14628 chg coeffs, 0 upgd conss, 0 impls, 0 clqs
(round 44, fast)       25 del vars, 207 del conss, 0 add conss, 28740 chg bounds, 14978 chg sides, 14978 chg coeffs, 0 upgd conss, 0 impls, 0 clqs
(round 45, fast)       25 del vars, 207 del conss, 0 add conss, 29110 chg bounds, 15338 chg sides, 15338 chg coeffs, 0 upgd conss, 0 impls, 0 clqs
(round 46, fast)       25 del vars, 207 del conss, 0 add conss, 29475 chg bounds, 15678 chg sides, 15678 chg coeffs, 0 upgd conss, 0 impls, 0 clqs
(round 47, fast)       25 del vars, 207 del conss, 0 add conss, 29843 chg bounds, 16018 chg sides, 16018 chg coeffs, 0 upgd conss, 0 impls, 0 clqs
(round 48, fast)       25 del vars, 207 del conss, 0 add conss, 30210 chg bounds, 16368 chg sides, 16368 chg coeffs, 0 upgd conss, 0 impls, 0 clqs
(round 49, fast)       25 del vars, 207 del conss, 0 add conss, 30579 chg bounds, 16728 chg sides, 16728 chg coeffs, 0 upgd conss, 0 impls, 0 clqs
(round 50, fast)       25 del vars, 207 del conss, 0 add conss, 30916 chg bounds, 17068 chg sides, 17068 chg coeffs, 0 upgd conss, 0 impls, 0 clqs
(round 51, fast)       25 del vars, 207 del conss, 0 add conss, 31256 chg bounds, 17458 chg sides, 17458 chg coeffs, 0 upgd conss, 0 impls, 0 clqs
(round 52, fast)       25 del vars, 207 del conss, 0 add conss, 31609 chg bounds, 17848 chg sides, 17848 chg coeffs, 0 upgd conss, 0 impls, 0 clqs
(round 53, fast)       25 del vars, 207 del conss, 0 add conss, 31950 chg bounds, 18218 chg sides, 18218 chg coeffs, 0 upgd conss, 0 impls, 0 clqs
(round 54, fast)       25 del vars, 207 del conss, 0 add conss, 32286 chg bounds, 18558 chg sides, 18558 chg coeffs, 0 upgd conss, 0 impls, 0 clqs
(round 55, fast)       25 del vars, 207 del conss, 0 add conss, 32619 chg bounds, 18858 chg sides, 18858 chg coeffs, 0 upgd conss, 0 impls, 0 clqs
(round 56, fast)       25 del vars, 207 del conss, 0 add conss, 32952 chg bounds, 19158 chg sides, 19158 chg coeffs, 0 upgd conss, 0 impls, 0 clqs
(round 57, fast)       25 del vars, 207 del conss, 0 add conss, 33286 chg bounds, 19458 chg sides, 19458 chg coeffs, 0 upgd conss, 0 impls, 0 clqs
(round 58, fast)       25 del vars, 207 del conss, 0 add conss, 33620 chg bounds, 19758 chg sides, 19758 chg coeffs, 0 upgd conss, 0 impls, 0 clqs
(round 59, fast)       25 del vars, 207 del conss, 0 add conss, 33957 chg bounds, 20058 chg sides, 20058 chg coeffs, 0 upgd conss, 0 impls, 0 clqs
(round 60, fast)       25 del vars, 207 del conss, 0 add conss, 34267 chg bounds, 20368 chg sides, 20368 chg coeffs, 0 upgd conss, 0 impls, 0 clqs
(round 61, fast)       25 del vars, 207 del conss, 0 add conss, 34580 chg bounds, 20688 chg sides, 20688 chg coeffs, 0 upgd conss, 0 impls, 0 clqs
(round 62, fast)       25 del vars, 207 del conss, 0 add conss, 34888 chg bounds, 20988 chg sides, 20988 chg coeffs, 0 upgd conss, 0 impls, 0 clqs
(round 63, fast)       25 del vars, 207 del conss, 0 add conss, 35197 chg bounds, 21288 chg sides, 21288 chg coeffs, 0 upgd conss, 0 impls, 0 clqs
(round 64, fast)       25 del vars, 207 del conss, 0 add conss, 35502 chg bounds, 21598 chg sides, 21598 chg coeffs, 0 upgd conss, 0 impls, 0 clqs
(round 65, fast)       25 del vars, 207 del conss, 0 add conss, 35810 chg bounds, 21918 chg sides, 21918 chg coeffs, 0 upgd conss, 0 impls, 0 clqs
(round 66, fast)       25 del vars, 207 del conss, 0 add conss, 36117 chg bounds, 22228 chg sides, 22228 chg coeffs, 0 upgd conss, 0 impls, 0 clqs
(round 67, fast)       25 del vars, 207 del conss, 0 add conss, 36423 chg bounds, 22528 chg sides, 22528 chg coeffs, 0 upgd conss, 0 impls, 0 clqs
(round 68, fast)       25 del vars, 207 del conss, 0 add conss, 36728 chg bounds, 22838 chg sides, 22838 chg coeffs, 0 upgd conss, 0 impls, 0 clqs
(round 69, fast)       25 del vars, 207 del conss, 0 add conss, 37033 chg bounds, 23158 chg sides, 23158 chg coeffs, 0 upgd conss, 0 impls, 0 clqs
(round 70, fast)       25 del vars, 207 del conss, 0 add conss, 37305 chg bounds, 23458 chg sides, 23458 chg coeffs, 0 upgd conss, 0 impls, 0 clqs
(round 71, fast)       25 del vars, 207 del conss, 0 add conss, 37578 chg bounds, 23758 chg sides, 23758 chg coeffs, 0 upgd conss, 0 impls, 0 clqs
(round 72, fast)       25 del vars, 207 del conss, 0 add conss, 37856 chg bounds, 24058 chg sides, 24058 chg coeffs, 0 upgd conss, 0 impls, 0 clqs
(round 73, fast)       25 del vars, 207 del conss, 0 add conss, 38133 chg bounds, 24358 chg sides, 24358 chg coeffs, 0 upgd conss, 0 impls, 0 clqs
(round 74, fast)       25 del vars, 207 del conss, 0 add conss, 38406 chg bounds, 24658 chg sides, 24658 chg coeffs, 0 upgd conss, 0 impls, 0 clqs
(round 75, fast)       25 del vars, 207 del conss, 0 add conss, 38681 chg bounds, 24958 chg sides, 24958 chg coeffs, 0 upgd conss, 0 impls, 0 clqs
(round 76, fast)       25 del vars, 207 del conss, 0 add conss, 38966 chg bounds, 25328 chg sides, 25328 chg coeffs, 0 upgd conss, 0 impls, 0 clqs
(round 77, fast)       25 del vars, 207 del conss, 0 add conss, 39266 chg bounds, 25728 chg sides, 25728 chg coeffs, 0 upgd conss, 0 impls, 0 clqs
(round 78, fast)       25 del vars, 207 del conss, 0 add conss, 39563 chg bounds, 26098 chg sides, 26098 chg coeffs, 0 upgd conss, 0 impls, 0 clqs
(round 79, fast)       25 del vars, 207 del conss, 0 add conss, 39849 chg bounds, 26488 chg sides, 26488 chg coeffs, 0 upgd conss, 0 impls, 0 clqs
(round 80, fast)       25 del vars, 207 del conss, 0 add conss, 40097 chg bounds, 26818 chg sides, 26818 chg coeffs, 0 upgd conss, 0 impls, 0 clqs
(round 81, fast)       25 del vars, 207 del conss, 0 add conss, 40347 chg bounds, 27158 chg sides, 27158 chg coeffs, 0 upgd conss, 0 impls, 0 clqs
(round 82, fast)       25 del vars, 207 del conss, 0 add conss, 40597 chg bounds, 27508 chg sides, 27508 chg coeffs, 0 upgd conss, 0 impls, 0 clqs
(round 83, fast)       25 del vars, 207 del conss, 0 add conss, 40847 chg bounds, 27848 chg sides, 27848 chg coeffs, 0 upgd conss, 0 impls, 0 clqs
(round 84, fast)       25 del vars, 207 del conss, 0 add conss, 41098 chg bounds, 28198 chg sides, 28198 chg coeffs, 0 upgd conss, 0 impls, 0 clqs
(round 85, fast)       25 del vars, 207 del conss, 0 add conss, 41350 chg bounds, 28538 chg sides, 28538 chg coeffs, 0 upgd conss, 0 impls, 0 clqs
(round 86, fast)       25 del vars, 207 del conss, 0 add conss, 41598 chg bounds, 28858 chg sides, 28858 chg coeffs, 0 upgd conss, 0 impls, 0 clqs
(round 87, fast)       25 del vars, 207 del conss, 0 add conss, 41845 chg bounds, 29178 chg sides, 29178 chg coeffs, 0 upgd conss, 0 impls, 0 clqs
(round 88, fast)       25 del vars, 207 del conss, 0 add conss, 42093 chg bounds, 29498 chg sides, 29498 chg coeffs, 0 upgd conss, 0 impls, 0 clqs
(round 89, fast)       25 del vars, 207 del conss, 0 add conss, 42346 chg bounds, 29878 chg sides, 29878 chg coeffs, 0 upgd conss, 0 impls, 0 clqs
(round 90, fast)       25 del vars, 207 del conss, 0 add conss, 42573 chg bounds, 30288 chg sides, 30288 chg coeffs, 0 upgd conss, 0 impls, 0 clqs
(round 91, fast)       25 del vars, 207 del conss, 0 add conss, 42794 chg bounds, 30628 chg sides, 30628 chg coeffs, 0 upgd conss, 0 impls, 0 clqs
(round 92, fast)       25 del vars, 207 del conss, 0 add conss, 43030 chg bounds, 30978 chg sides, 30978 chg coeffs, 0 upgd conss, 0 impls, 0 clqs
(round 93, fast)       25 del vars, 207 del conss, 0 add conss, 43259 chg bounds, 31338 chg sides, 31338 chg coeffs, 0 upgd conss, 0 impls, 0 clqs
(round 94, fast)       25 del vars, 207 del conss, 0 add conss, 43483 chg bounds, 31638 chg sides, 31638 chg coeffs, 0 upgd conss, 0 impls, 0 clqs
(round 95, fast)       25 del vars, 207 del conss, 0 add conss, 43701 chg bounds, 31938 chg sides, 31938 chg coeffs, 0 upgd conss, 0 impls, 0 clqs
(round 96, fast)       25 del vars, 207 del conss, 0 add conss, 43915 chg bounds, 32238 chg sides, 32238 chg coeffs, 0 upgd conss, 0 impls, 0 clqs
(round 97, fast)       25 del vars, 207 del conss, 0 add conss, 44132 chg bounds, 32538 chg sides, 32538 chg coeffs, 0 upgd conss, 0 impls, 0 clqs
(round 98, fast)       25 del vars, 207 del conss, 0 add conss, 44347 chg bounds, 32848 chg sides, 32848 chg coeffs, 0 upgd conss, 0 impls, 0 clqs
(round 99, fast)       25 del vars, 207 del conss, 0 add conss, 44565 chg bounds, 33168 chg sides, 33168 chg coeffs, 0 upgd conss, 0 impls, 0 clqs
(round 100, fast)       25 del vars, 207 del conss, 0 add conss, 44754 chg bounds, 33478 chg sides, 33478 chg coeffs, 0 upgd conss, 0 impls, 0 clqs
(round 101, fast)       25 del vars, 207 del conss, 0 add conss, 44943 chg bounds, 33798 chg sides, 33798 chg coeffs, 0 upgd conss, 0 impls, 0 clqs
(round 102, fast)       25 del vars, 207 del conss, 0 add conss, 45126 chg bounds, 34128 chg sides, 34128 chg coeffs, 0 upgd conss, 0 impls, 0 clqs
(round 103, fast)       25 del vars, 207 del conss, 0 add conss, 45310 chg bounds, 34428 chg sides, 34428 chg coeffs, 0 upgd conss, 0 impls, 0 clqs
(round 104, fast)       25 del vars, 207 del conss, 0 add conss, 45494 chg bounds, 34738 chg sides, 34738 chg coeffs, 0 upgd conss, 0 impls, 0 clqs
(round 105, fast)       25 del vars, 207 del conss, 0 add conss, 45683 chg bounds, 35038 chg sides, 35038 chg coeffs, 0 upgd conss, 0 impls, 0 clqs
(round 106, fast)       25 del vars, 207 del conss, 0 add conss, 45876 chg bounds, 35338 chg sides, 35338 chg coeffs, 0 upgd conss, 0 impls, 0 clqs
(round 107, fast)       25 del vars, 207 del conss, 0 add conss, 46063 chg bounds, 35638 chg sides, 35638 chg coeffs, 0 upgd conss, 0 impls, 0 clqs
(round 108, fast)       25 del vars, 207 del conss, 0 add conss, 46248 chg bounds, 35948 chg sides, 35948 chg coeffs, 0 upgd conss, 0 impls, 0 clqs
(round 109, fast)       25 del vars, 207 del conss, 0 add conss, 46437 chg bounds, 36268 chg sides, 36268 chg coeffs, 0 upgd conss, 0 impls, 0 clqs
(round 110, fast)       25 del vars, 207 del conss, 0 add conss, 46602 chg bounds, 36568 chg sides, 36568 chg coeffs, 0 upgd conss, 0 impls, 0 clqs
(round 111, fast)       25 del vars, 207 del conss, 0 add conss, 46769 chg bounds, 36868 chg sides, 36868 chg coeffs, 0 upgd conss, 0 impls, 0 clqs
(round 112, fast)       25 del vars, 207 del conss, 0 add conss, 46926 chg bounds, 37168 chg sides, 37168 chg coeffs, 0 upgd conss, 0 impls, 0 clqs
(round 113, fast)       25 del vars, 207 del conss, 0 add conss, 47082 chg bounds, 37468 chg sides, 37468 chg coeffs, 0 upgd conss, 0 impls, 0 clqs
(round 114, fast)       25 del vars, 207 del conss, 0 add conss, 47243 chg bounds, 37828 chg sides, 37828 chg coeffs, 0 upgd conss, 0 impls, 0 clqs
(round 115, fast)       25 del vars, 207 del conss, 0 add conss, 47417 chg bounds, 38228 chg sides, 38228 chg coeffs, 0 upgd conss, 0 impls, 0 clqs
(round 116, fast)       25 del vars, 207 del conss, 0 add conss, 47612 chg bounds, 38638 chg sides, 38638 chg coeffs, 0 upgd conss, 0 impls, 0 clqs
(round 117, fast)       25 del vars, 207 del conss, 0 add conss, 47797 chg bounds, 39058 chg sides, 39058 chg coeffs, 0 upgd conss, 0 impls, 0 clqs
(round 118, fast)       25 del vars, 207 del conss, 0 add conss, 47968 chg bounds, 39478 chg sides, 39478 chg coeffs, 0 upgd conss, 0 impls, 0 clqs
(round 119, fast)       25 del vars, 207 del conss, 0 add conss, 48141 chg bounds, 39918 chg sides, 39918 chg coeffs, 0 upgd conss, 0 impls, 0 clqs
(round 120, fast)       25 del vars, 207 del conss, 0 add conss, 48295 chg bounds, 40368 chg sides, 40368 chg coeffs, 0 upgd conss, 0 impls, 0 clqs
(round 121, fast)       25 del vars, 207 del conss, 0 add conss, 48442 chg bounds, 40838 chg sides, 40838 chg coeffs, 0 upgd conss, 0 impls, 0 clqs
(round 122, fast)       25 del vars, 207 del conss, 0 add conss, 48579 chg bounds, 41198 chg sides, 41198 chg coeffs, 0 upgd conss, 0 impls, 0 clqs
(round 123, fast)       25 del vars, 207 del conss, 0 add conss, 48718 chg bounds, 41558 chg sides, 41558 chg coeffs, 0 upgd conss, 0 impls, 0 clqs
(round 124, fast)       25 del vars, 207 del conss, 0 add conss, 48856 chg bounds, 41928 chg sides, 41928 chg coeffs, 0 upgd conss, 0 impls, 0 clqs
(round 125, fast)       25 del vars, 207 del conss, 0 add conss, 48995 chg bounds, 42308 chg sides, 42308 chg coeffs, 0 upgd conss, 0 impls, 0 clqs
(round 126, fast)       25 del vars, 207 del conss, 0 add conss, 49137 chg bounds, 42668 chg sides, 42668 chg coeffs, 0 upgd conss, 0 impls, 0 clqs
(round 127, fast)       25 del vars, 207 del conss, 0 add conss, 49285 chg bounds, 43088 chg sides, 43088 chg coeffs, 0 upgd conss, 0 impls, 0 clqs
(round 128, fast)       25 del vars, 207 del conss, 0 add conss, 49437 chg bounds, 43518 chg sides, 43518 chg coeffs, 0 upgd conss, 0 impls, 0 clqs
(round 129, fast)       25 del vars, 207 del conss, 0 add conss, 49579 chg bounds, 43878 chg sides, 43878 chg coeffs, 0 upgd conss, 0 impls, 0 clqs
(round 130, fast)       25 del vars, 207 del conss, 0 add conss, 49690 chg bounds, 44228 chg sides, 44228 chg coeffs, 0 upgd conss, 0 impls, 0 clqs
(round 131, fast)       25 del vars, 207 del conss, 0 add conss, 49796 chg bounds, 44568 chg sides, 44568 chg coeffs, 0 upgd conss, 0 impls, 0 clqs
(round 132, fast)       25 del vars, 207 del conss, 0 add conss, 49899 chg bounds, 44898 chg sides, 44898 chg coeffs, 0 upgd conss, 0 impls, 0 clqs
(round 133, fast)       25 del vars, 207 del conss, 0 add conss, 50002 chg bounds, 45228 chg sides, 45228 chg coeffs, 0 upgd conss, 0 impls, 0 clqs
(round 134, fast)       25 del vars, 207 del conss, 0 add conss, 50103 chg bounds, 45558 chg sides, 45558 chg coeffs, 0 upgd conss, 0 impls, 0 clqs
(round 135, fast)       25 del vars, 207 del conss, 0 add conss, 50198 chg bounds, 45858 chg sides, 45858 chg coeffs, 0 upgd conss, 0 impls, 0 clqs
(round 136, fast)       25 del vars, 207 del conss, 0 add conss, 50293 chg bounds, 46158 chg sides, 46158 chg coeffs, 0 upgd conss, 0 impls, 0 clqs
(round 137, fast)       25 del vars, 207 del conss, 0 add conss, 50386 chg bounds, 46458 chg sides, 46458 chg coeffs, 0 upgd conss, 0 impls, 0 clqs
(round 138, fast)       25 del vars, 207 del conss, 0 add conss, 50484 chg bounds, 46758 chg sides, 46758 chg coeffs, 0 upgd conss, 0 impls, 0 clqs
(round 139, fast)       25 del vars, 207 del conss, 0 add conss, 50580 chg bounds, 47058 chg sides, 47058 chg coeffs, 0 upgd conss, 0 impls, 0 clqs
(round 140, fast)       25 del vars, 207 del conss, 0 add conss, 50647 chg bounds, 47368 chg sides, 47368 chg coeffs, 0 upgd conss, 0 impls, 0 clqs
(round 141, fast)       25 del vars, 207 del conss, 0 add conss, 50719 chg bounds, 47708 chg sides, 47708 chg coeffs, 0 upgd conss, 0 impls, 0 clqs
(round 142, fast)       25 del vars, 207 del conss, 0 add conss, 50789 chg bounds, 48038 chg sides, 48038 chg coeffs, 0 upgd conss, 0 impls, 0 clqs
(round 143, fast)       25 del vars, 207 del conss, 0 add conss, 50857 chg bounds, 48348 chg sides, 48348 chg coeffs, 0 upgd conss, 0 impls, 0 clqs
(round 144, fast)       25 del vars, 207 del conss, 0 add conss, 50937 chg bounds, 48668 chg sides, 48668 chg coeffs, 0 upgd conss, 0 impls, 0 clqs
(round 145, fast)       25 del vars, 207 del conss, 0 add conss, 51011 chg bounds, 48968 chg sides, 48968 chg coeffs, 0 upgd conss, 0 impls, 0 clqs
(round 146, fast)       25 del vars, 207 del conss, 0 add conss, 51080 chg bounds, 49268 chg sides, 49268 chg coeffs, 0 upgd conss, 0 impls, 0 clqs
(round 147, fast)       25 del vars, 207 del conss, 0 add conss, 51147 chg bounds, 49568 chg sides, 49568 chg coeffs, 0 upgd conss, 0 impls, 0 clqs
(round 148, fast)       25 del vars, 207 del conss, 0 add conss, 51212 chg bounds, 49868 chg sides, 49868 chg coeffs, 0 upgd conss, 0 impls, 0 clqs
(round 149, fast)       25 del vars, 207 del conss, 0 add conss, 51276 chg bounds, 50168 chg sides, 50168 chg coeffs, 0 upgd conss, 0 impls, 0 clqs
(round 150, fast)       25 del vars, 207 del conss, 0 add conss, 51312 chg bounds, 50478 chg sides, 50478 chg coeffs, 0 upgd conss, 0 impls, 0 clqs
(round 151, fast)       25 del vars, 207 del conss, 0 add conss, 51353 chg bounds, 50798 chg sides, 50798 chg coeffs, 0 upgd conss, 0 impls, 0 clqs
(round 152, fast)       25 del vars, 207 del conss, 0 add conss, 51390 chg bounds, 51098 chg sides, 51098 chg coeffs, 0 upgd conss, 0 impls, 0 clqs
(round 153, fast)       25 del vars, 207 del conss, 0 add conss, 51424 chg bounds, 51398 chg sides, 51398 chg coeffs, 0 upgd conss, 0 impls, 0 clqs
(round 154, fast)       25 del vars, 207 del conss, 0 add conss, 51462 chg bounds, 51738 chg sides, 51738 chg coeffs, 0 upgd conss, 0 impls, 0 clqs
(round 155, fast)       25 del vars, 207 del conss, 0 add conss, 51498 chg bounds, 52078 chg sides, 52078 chg coeffs, 0 upgd conss, 0 impls, 0 clqs
(round 156, fast)       25 del vars, 207 del conss, 0 add conss, 51534 chg bounds, 52428 chg sides, 52428 chg coeffs, 0 upgd conss, 0 impls, 0 clqs
(round 157, fast)       25 del vars, 207 del conss, 0 add conss, 51572 chg bounds, 52798 chg sides, 52798 chg coeffs, 0 upgd conss, 0 impls, 0 clqs
(round 158, fast)       25 del vars, 207 del conss, 0 add conss, 51608 chg bounds, 53138 chg sides, 53138 chg coeffs, 0 upgd conss, 0 impls, 0 clqs
(round 159, fast)       25 del vars, 207 del conss, 0 add conss, 51644 chg bounds, 53478 chg sides, 53478 chg coeffs, 0 upgd conss, 0 impls, 0 clqs
(round 160, fast)       25 del vars, 207 del conss, 0 add conss, 51683 chg bounds, 53828 chg sides, 53828 chg coeffs, 0 upgd conss, 0 impls, 0 clqs
(round 161, fast)       25 del vars, 207 del conss, 0 add conss, 51721 chg bounds, 54188 chg sides, 54188 chg coeffs, 0 upgd conss, 0 impls, 0 clqs
(round 162, fast)       25 del vars, 207 del conss, 0 add conss, 51756 chg bounds, 54528 chg sides, 54528 chg coeffs, 0 upgd conss, 0 impls, 0 clqs
(round 163, fast)       25 del vars, 207 del conss, 0 add conss, 51792 chg bounds, 54868 chg sides, 54868 chg coeffs, 0 upgd conss, 0 impls, 0 clqs
(round 164, fast)       25 del vars, 207 del conss, 0 add conss, 51832 chg bounds, 55228 chg sides, 55228 chg coeffs, 0 upgd conss, 0 impls, 0 clqs
(round 165, fast)       25 del vars, 207 del conss, 0 add conss, 51872 chg bounds, 55598 chg sides, 55598 chg coeffs, 0 upgd conss, 0 impls, 0 clqs
(round 166, fast)       25 del vars, 207 del conss, 0 add conss, 51916 chg bounds, 55988 chg sides, 55988 chg coeffs, 0 upgd conss, 0 impls, 0 clqs
(round 167, fast)       25 del vars, 207 del conss, 0 add conss, 51960 chg bounds, 56418 chg sides, 56418 chg coeffs, 0 upgd conss, 0 impls, 0 clqs
(round 168, fast)       25 del vars, 207 del conss, 0 add conss, 52000 chg bounds, 56798 chg sides, 56798 chg coeffs, 0 upgd conss, 0 impls, 0 clqs
(round 169, fast)       25 del vars, 207 del conss, 0 add conss, 52038 chg bounds, 57148 chg sides, 57148 chg coeffs, 0 upgd conss, 0 impls, 0 clqs
(round 170, fast)       25 del vars, 207 del conss, 0 add conss, 52077 chg bounds, 57498 chg sides, 57498 chg coeffs, 0 upgd conss, 0 impls, 0 clqs
(round 171, fast)       25 del vars, 207 del conss, 0 add conss, 52111 chg bounds, 57818 chg sides, 57818 chg coeffs, 0 upgd conss, 0 impls, 0 clqs
(round 172, fast)       25 del vars, 207 del conss, 0 add conss, 52143 chg bounds, 58118 chg sides, 58118 chg coeffs, 0 upgd conss, 0 impls, 0 clqs
(round 173, fast)       25 del vars, 207 del conss, 0 add conss, 52174 chg bounds, 58418 chg sides, 58418 chg coeffs, 0 upgd conss, 0 impls, 0 clqs
(round 174, fast)       25 del vars, 207 del conss, 0 add conss, 52206 chg bounds, 58718 chg sides, 58718 chg coeffs, 0 upgd conss, 0 impls, 0 clqs
(round 175, fast)       25 del vars, 207 del conss, 0 add conss, 52238 chg bounds, 59018 chg sides, 59018 chg coeffs, 0 upgd conss, 0 impls, 0 clqs
(round 176, fast)       25 del vars, 207 del conss, 0 add conss, 52269 chg bounds, 59318 chg sides, 59318 chg coeffs, 0 upgd conss, 0 impls, 0 clqs
(round 177, fast)       26 del vars, 208 del conss, 0 add conss, 52300 chg bounds, 59618 chg sides, 59618 chg coeffs, 0 upgd conss, 0 impls, 0 clqs
(round 178, fast)       26 del vars, 208 del conss, 0 add conss, 52325 chg bounds, 59898 chg sides, 59898 chg coeffs, 0 upgd conss, 0 impls, 0 clqs
(round 179, fast)       26 del vars, 208 del conss, 0 add conss, 52349 chg bounds, 60118 chg sides, 60118 chg coeffs, 0 upgd conss, 0 impls, 0 clqs
(round 180, fast)       26 del vars, 208 del conss, 0 add conss, 52376 chg bounds, 60348 chg sides, 60348 chg coeffs, 0 upgd conss, 0 impls, 0 clqs
(round 181, fast)       26 del vars, 208 del conss, 0 add conss, 52401 chg bounds, 60607 chg sides, 60607 chg coeffs, 0 upgd conss, 0 impls, 0 clqs
(round 182, fast)       26 del vars, 208 del conss, 0 add conss, 52423 chg bounds, 60825 chg sides, 60825 chg coeffs, 0 upgd conss, 0 impls, 0 clqs
(round 183, fast)       26 del vars, 208 del conss, 0 add conss, 52444 chg bounds, 61032 chg sides, 61032 chg coeffs, 0 upgd conss, 0 impls, 0 clqs
(round 184, fast)       26 del vars, 208 del conss, 0 add conss, 52466 chg bounds, 61238 chg sides, 61238 chg coeffs, 0 upgd conss, 0 impls, 0 clqs
(round 185, fast)       26 del vars, 208 del conss, 0 add conss, 52487 chg bounds, 61443 chg sides, 61443 chg coeffs, 0 upgd conss, 0 impls, 0 clqs
(round 186, fast)       26 del vars, 208 del conss, 0 add conss, 52508 chg bounds, 61647 chg sides, 61647 chg coeffs, 0 upgd conss, 0 impls, 0 clqs
(round 187, fast)       26 del vars, 208 del conss, 0 add conss, 52529 chg bounds, 61850 chg sides, 61850 chg coeffs, 0 upgd conss, 0 impls, 0 clqs
(round 188, fast)       26 del vars, 208 del conss, 0 add conss, 52550 chg bounds, 62052 chg sides, 62052 chg coeffs, 0 upgd conss, 0 impls, 0 clqs
(round 189, fast)       26 del vars, 208 del conss, 0 add conss, 52572 chg bounds, 62253 chg sides, 62253 chg coeffs, 0 upgd conss, 0 impls, 0 clqs
(round 190, fast)       26 del vars, 208 del conss, 0 add conss, 52597 chg bounds, 62463 chg sides, 62463 chg coeffs, 0 upgd conss, 0 impls, 0 clqs
(round 191, fast)       26 del vars, 208 del conss, 0 add conss, 52621 chg bounds, 62683 chg sides, 62683 chg coeffs, 0 upgd conss, 0 impls, 0 clqs
(round 192, fast)       26 del vars, 208 del conss, 0 add conss, 52642 chg bounds, 62883 chg sides, 62883 chg coeffs, 0 upgd conss, 0 impls, 0 clqs
(round 193, fast)       26 del vars, 208 del conss, 0 add conss, 52664 chg bounds, 63073 chg sides, 63073 chg coeffs, 0 upgd conss, 0 impls, 0 clqs
(round 194, fast)       26 del vars, 208 del conss, 0 add conss, 52688 chg bounds, 63313 chg sides, 63313 chg coeffs, 0 upgd conss, 0 impls, 0 clqs
(round 195, fast)       26 del vars, 208 del conss, 0 add conss, 52713 chg bounds, 63553 chg sides, 63553 chg coeffs, 0 upgd conss, 0 impls, 0 clqs
(round 196, fast)       26 del vars, 208 del conss, 0 add conss, 52738 chg bounds, 63793 chg sides, 63793 chg coeffs, 0 upgd conss, 0 impls, 0 clqs
(round 197, fast)       26 del vars, 208 del conss, 0 add conss, 52766 chg bounds, 64053 chg sides, 64053 chg coeffs, 0 upgd conss, 0 impls, 0 clqs
(round 198, fast)       26 del vars, 208 del conss, 0 add conss, 52791 chg bounds, 64283 chg sides, 64283 chg coeffs, 0 upgd conss, 0 impls, 0 clqs
(round 199, fast)       26 del vars, 208 del conss, 0 add conss, 52819 chg bounds, 64523 chg sides, 64523 chg coeffs, 0 upgd conss, 0 impls, 0 clqs
(round 200, fast)       26 del vars, 208 del conss, 0 add conss, 52845 chg bounds, 64753 chg sides, 64753 chg coeffs, 0 upgd conss, 0 impls, 0 clqs
(round 201, fast)       26 del vars, 208 del conss, 0 add conss, 52871 chg bounds, 64993 chg sides, 64993 chg coeffs, 0 upgd conss, 0 impls, 0 clqs
(round 202, fast)       26 del vars, 208 del conss, 0 add conss, 52893 chg bounds, 65203 chg sides, 65203 chg coeffs, 0 upgd conss, 0 impls, 0 clqs
(round 203, fast)       26 del vars, 208 del conss, 0 add conss, 52915 chg bounds, 65413 chg sides, 65413 chg coeffs, 0 upgd conss, 0 impls, 0 clqs
(round 204, fast)       26 del vars, 208 del conss, 0 add conss, 52938 chg bounds, 65623 chg sides, 65623 chg coeffs, 0 upgd conss, 0 impls, 0 clqs
(round 205, fast)       26 del vars, 208 del conss, 0 add conss, 52961 chg bounds, 65833 chg sides, 65833 chg coeffs, 0 upgd conss, 0 impls, 0 clqs
(round 206, fast)       26 del vars, 208 del conss, 0 add conss, 52985 chg bounds, 66043 chg sides, 66043 chg coeffs, 0 upgd conss, 0 impls, 0 clqs
(round 207, fast)       26 del vars, 208 del conss, 0 add conss, 53012 chg bounds, 66283 chg sides, 66283 chg coeffs, 0 upgd conss, 0 impls, 0 clqs
(round 208, fast)       26 del vars, 208 del conss, 0 add conss, 53043 chg bounds, 66573 chg sides, 66573 chg coeffs, 0 upgd conss, 0 impls, 0 clqs
(round 209, fast)       26 del vars, 208 del conss, 0 add conss, 53072 chg bounds, 66823 chg sides, 66823 chg coeffs, 0 upgd conss, 0 impls, 0 clqs
(round 210, fast)       26 del vars, 208 del conss, 0 add conss, 53098 chg bounds, 67053 chg sides, 67053 chg coeffs, 0 upgd conss, 0 impls, 0 clqs
(round 211, fast)       26 del vars, 208 del conss, 0 add conss, 53121 chg bounds, 67263 chg sides, 67263 chg coeffs, 0 upgd conss, 0 impls, 0 clqs
(round 212, fast)       26 del vars, 208 del conss, 0 add conss, 53141 chg bounds, 67453 chg sides, 67453 chg coeffs, 0 upgd conss, 0 impls, 0 clqs
(round 213, fast)       26 del vars, 208 del conss, 0 add conss, 53161 chg bounds, 67643 chg sides, 67643 chg coeffs, 0 upgd conss, 0 impls, 0 clqs
(round 214, fast)       26 del vars, 208 del conss, 0 add conss, 53183 chg bounds, 67833 chg sides, 67833 chg coeffs, 0 upgd conss, 0 impls, 0 clqs
(round 215, fast)       26 del vars, 208 del conss, 0 add conss, 53203 chg bounds, 68023 chg sides, 68023 chg coeffs, 0 upgd conss, 0 impls, 0 clqs
(round 216, fast)       26 del vars, 208 del conss, 0 add conss, 53223 chg bounds, 68213 chg sides, 68213 chg coeffs, 0 upgd conss, 0 impls, 0 clqs
(round 217, fast)       26 del vars, 208 del conss, 0 add conss, 53243 chg bounds, 68403 chg sides, 68403 chg coeffs, 0 upgd conss, 0 impls, 0 clqs
(round 218, fast)       26 del vars, 208 del conss, 0 add conss, 53263 chg bounds, 68593 chg sides, 68593 chg coeffs, 0 upgd conss, 0 impls, 0 clqs
(round 219, fast)       26 del vars, 208 del conss, 0 add conss, 53284 chg bounds, 68783 chg sides, 68783 chg coeffs, 0 upgd conss, 0 impls, 0 clqs
(round 220, fast)       26 del vars, 208 del conss, 0 add conss, 53308 chg bounds, 68983 chg sides, 68983 chg coeffs, 0 upgd conss, 0 impls, 0 clqs
(round 221, fast)       26 del vars, 208 del conss, 0 add conss, 53332 chg bounds, 69223 chg sides, 69223 chg coeffs, 0 upgd conss, 0 impls, 0 clqs
(round 222, fast)       26 del vars, 208 del conss, 0 add conss, 53353 chg bounds, 69423 chg sides, 69423 chg coeffs, 0 upgd conss, 0 impls, 0 clqs
(round 223, fast)       26 del vars, 208 del conss, 0 add conss, 53374 chg bounds, 69613 chg sides, 69613 chg coeffs, 0 upgd conss, 0 impls, 0 clqs
(round 224, fast)       26 del vars, 208 del conss, 0 add conss, 53395 chg bounds, 69803 chg sides, 69803 chg coeffs, 0 upgd conss, 0 impls, 0 clqs
(round 225, fast)       26 del vars, 208 del conss, 0 add conss, 53415 chg bounds, 69993 chg sides, 69993 chg coeffs, 0 upgd conss, 0 impls, 0 clqs
(round 226, fast)       26 del vars, 208 del conss, 0 add conss, 53435 chg bounds, 70183 chg sides, 70183 chg coeffs, 0 upgd conss, 0 impls, 0 clqs
(round 227, fast)       26 del vars, 208 del conss, 0 add conss, 53455 chg bounds, 70373 chg sides, 70373 chg coeffs, 0 upgd conss, 0 impls, 0 clqs
(round 228, fast)       26 del vars, 208 del conss, 0 add conss, 53475 chg bounds, 70563 chg sides, 70563 chg coeffs, 0 upgd conss, 0 impls, 0 clqs
(round 229, fast)       26 del vars, 208 del conss, 0 add conss, 53496 chg bounds, 70753 chg sides, 70753 chg coeffs, 0 upgd conss, 0 impls, 0 clqs
(round 230, fast)       26 del vars, 208 del conss, 0 add conss, 53518 chg bounds, 70953 chg sides, 70953 chg coeffs, 0 upgd conss, 0 impls, 0 clqs
(round 231, fast)       26 del vars, 208 del conss, 0 add conss, 53543 chg bounds, 71163 chg sides, 71163 chg coeffs, 0 upgd conss, 0 impls, 0 clqs
(round 232, fast)       26 del vars, 208 del conss, 0 add conss, 53565 chg bounds, 71363 chg sides, 71363 chg coeffs, 0 upgd conss, 0 impls, 0 clqs
(round 233, fast)       26 del vars, 208 del conss, 0 add conss, 53590 chg bounds, 71573 chg sides, 71573 chg coeffs, 0 upgd conss, 0 impls, 0 clqs
(round 234, fast)       26 del vars, 208 del conss, 0 add conss, 53613 chg bounds, 71803 chg sides, 71803 chg coeffs, 0 upgd conss, 0 impls, 0 clqs
(round 235, fast)       26 del vars, 208 del conss, 0 add conss, 53637 chg bounds, 72033 chg sides, 72033 chg coeffs, 0 upgd conss, 0 impls, 0 clqs
(round 236, fast)       26 del vars, 208 del conss, 0 add conss, 53662 chg bounds, 72273 chg sides, 72273 chg coeffs, 0 upgd conss, 0 impls, 0 clqs
(round 237, fast)       26 del vars, 208 del conss, 0 add conss, 53689 chg bounds, 72533 chg sides, 72533 chg coeffs, 0 upgd conss, 0 impls, 0 clqs
(round 238, fast)       26 del vars, 208 del conss, 0 add conss, 53718 chg bounds, 72813 chg sides, 72813 chg coeffs, 0 upgd conss, 0 impls, 0 clqs
(round 239, fast)       26 del vars, 208 del conss, 0 add conss, 53751 chg bounds, 73113 chg sides, 73113 chg coeffs, 0 upgd conss, 0 impls, 0 clqs
(round 240, fast)       26 del vars, 208 del conss, 0 add conss, 53786 chg bounds, 73443 chg sides, 73443 chg coeffs, 0 upgd conss, 0 impls, 0 clqs
(round 241, fast)       26 del vars, 208 del conss, 0 add conss, 53825 chg bounds, 73803 chg sides, 73803 chg coeffs, 0 upgd conss, 0 impls, 0 clqs
(round 242, fast)       26 del vars, 208 del conss, 0 add conss, 53853 chg bounds, 74073 chg sides, 74073 chg coeffs, 0 upgd conss, 0 impls, 0 clqs
(round 243, fast)       26 del vars, 208 del conss, 0 add conss, 53881 chg bounds, 74343 chg sides, 74343 chg coeffs, 0 upgd conss, 0 impls, 0 clqs
(round 244, fast)       26 del vars, 208 del conss, 0 add conss, 53910 chg bounds, 74613 chg sides, 74613 chg coeffs, 0 upgd conss, 0 impls, 0 clqs
(round 245, fast)       26 del vars, 208 del conss, 0 add conss, 53938 chg bounds, 74883 chg sides, 74883 chg coeffs, 0 upgd conss, 0 impls, 0 clqs
(round 246, fast)       26 del vars, 208 del conss, 0 add conss, 53969 chg bounds, 75153 chg sides, 75153 chg coeffs, 0 upgd conss, 0 impls, 0 clqs
(round 247, fast)       26 del vars, 208 del conss, 0 add conss, 54001 chg bounds, 75473 chg sides, 75473 chg coeffs, 0 upgd conss, 0 impls, 0 clqs
(round 248, fast)       26 del vars, 208 del conss, 0 add conss, 54035 chg bounds, 75783 chg sides, 75783 chg coeffs, 0 upgd conss, 0 impls, 0 clqs
(round 249, fast)       26 del vars, 208 del conss, 0 add conss, 54066 chg bounds, 76063 chg sides, 76063 chg coeffs, 0 upgd conss, 0 impls, 0 clqs
(round 250, fast)       26 del vars, 208 del conss, 0 add conss, 54097 chg bounds, 76343 chg sides, 76343 chg coeffs, 0 upgd conss, 0 impls, 0 clqs
(round 251, fast)       26 del vars, 208 del conss, 0 add conss, 54127 chg bounds, 76623 chg sides, 76623 chg coeffs, 0 upgd conss, 0 impls, 0 clqs
(round 252, fast)       26 del vars, 208 del conss, 0 add conss, 54154 chg bounds, 76883 chg sides, 76883 chg coeffs, 0 upgd conss, 0 impls, 0 clqs
(round 253, fast)       26 del vars, 208 del conss, 0 add conss, 54181 chg bounds, 77143 chg sides, 77143 chg coeffs, 0 upgd conss, 0 impls, 0 clqs
(round 254, fast)       26 del vars, 208 del conss, 0 add conss, 54210 chg bounds, 77403 chg sides, 77403 chg coeffs, 0 upgd conss, 0 impls, 0 clqs
(round 255, fast)       26 del vars, 208 del conss, 0 add conss, 54234 chg bounds, 77633 chg sides, 77633 chg coeffs, 0 upgd conss, 0 impls, 0 clqs
(round 256, fast)       26 del vars, 208 del conss, 0 add conss, 54258 chg bounds, 77863 chg sides, 77863 chg coeffs, 0 upgd conss, 0 impls, 0 clqs
(round 257, fast)       26 del vars, 208 del conss, 0 add conss, 54282 chg bounds, 78093 chg sides, 78093 chg coeffs, 0 upgd conss, 0 impls, 0 clqs
(round 258, fast)       26 del vars, 208 del conss, 0 add conss, 54306 chg bounds, 78323 chg sides, 78323 chg coeffs, 0 upgd conss, 0 impls, 0 clqs
(round 259, fast)       26 del vars, 208 del conss, 0 add conss, 54331 chg bounds, 78553 chg sides, 78553 chg coeffs, 0 upgd conss, 0 impls, 0 clqs
(round 260, fast)       26 del vars, 208 del conss, 0 add conss, 54360 chg bounds, 78793 chg sides, 78793 chg coeffs, 0 upgd conss, 0 impls, 0 clqs
(round 261, fast)       26 del vars, 208 del conss, 0 add conss, 54388 chg bounds, 79063 chg sides, 79063 chg coeffs, 0 upgd conss, 0 impls, 0 clqs
(round 262, fast)       26 del vars, 208 del conss, 0 add conss, 54413 chg bounds, 79313 chg sides, 79313 chg coeffs, 0 upgd conss, 0 impls, 0 clqs
(round 263, fast)       26 del vars, 208 del conss, 0 add conss, 54437 chg bounds, 79543 chg sides, 79543 chg coeffs, 0 upgd conss, 0 impls, 0 clqs
(round 264, fast)       26 del vars, 208 del conss, 0 add conss, 54462 chg bounds, 79773 chg sides, 79773 chg coeffs, 0 upgd conss, 0 impls, 0 clqs
(round 265, fast)       26 del vars, 208 del conss, 0 add conss, 54487 chg bounds, 80003 chg sides, 80003 chg coeffs, 0 upgd conss, 0 impls, 0 clqs
(round 266, fast)       26 del vars, 208 del conss, 0 add conss, 54513 chg bounds, 80233 chg sides, 80233 chg coeffs, 0 upgd conss, 0 impls, 0 clqs
(round 267, fast)       26 del vars, 208 del conss, 0 add conss, 54538 chg bounds, 80463 chg sides, 80463 chg coeffs, 0 upgd conss, 0 impls, 0 clqs
(round 268, fast)       26 del vars, 208 del conss, 0 add conss, 54563 chg bounds, 80703 chg sides, 80703 chg coeffs, 0 upgd conss, 0 impls, 0 clqs
(round 269, fast)       26 del vars, 208 del conss, 0 add conss, 54588 chg bounds, 80933 chg sides, 80933 chg coeffs, 0 upgd conss, 0 impls, 0 clqs
(round 270, fast)       26 del vars, 208 del conss, 0 add conss, 54614 chg bounds, 81173 chg sides, 81173 chg coeffs, 0 upgd conss, 0 impls, 0 clqs
(round 271, fast)       26 del vars, 208 del conss, 0 add conss, 54641 chg bounds, 81423 chg sides, 81423 chg coeffs, 0 upgd conss, 0 impls, 0 clqs
(round 272, fast)       26 del vars, 208 del conss, 0 add conss, 54665 chg bounds, 81653 chg sides, 81653 chg coeffs, 0 upgd conss, 0 impls, 0 clqs
(round 273, fast)       26 del vars, 208 del conss, 0 add conss, 54691 chg bounds, 81883 chg sides, 81883 chg coeffs, 0 upgd conss, 0 impls, 0 clqs
(round 274, fast)       26 del vars, 208 del conss, 0 add conss, 54717 chg bounds, 82143 chg sides, 82143 chg coeffs, 0 upgd conss, 0 impls, 0 clqs
(round 275, fast)       26 del vars, 208 del conss, 0 add conss, 54742 chg bounds, 82373 chg sides, 82373 chg coeffs, 0 upgd conss, 0 impls, 0 clqs
(round 276, fast)       26 del vars, 208 del conss, 0 add conss, 54767 chg bounds, 82623 chg sides, 82623 chg coeffs, 0 upgd conss, 0 impls, 0 clqs
(round 277, fast)       26 del vars, 208 del conss, 0 add conss, 54794 chg bounds, 82883 chg sides, 82883 chg coeffs, 0 upgd conss, 0 impls, 0 clqs
(round 278, fast)       26 del vars, 208 del conss, 0 add conss, 54823 chg bounds, 83163 chg sides, 83163 chg coeffs, 0 upgd conss, 0 impls, 0 clqs
(round 279, fast)       26 del vars, 208 del conss, 0 add conss, 54856 chg bounds, 83463 chg sides, 83463 chg coeffs, 0 upgd conss, 0 impls, 0 clqs
(round 280, fast)       26 del vars, 208 del conss, 0 add conss, 54887 chg bounds, 83743 chg sides, 83743 chg coeffs, 0 upgd conss, 0 impls, 0 clqs
(round 281, fast)       26 del vars, 208 del conss, 0 add conss, 54918 chg bounds, 84033 chg sides, 84033 chg coeffs, 0 upgd conss, 0 impls, 0 clqs
(round 282, fast)       26 del vars, 208 del conss, 0 add conss, 54946 chg bounds, 84303 chg sides, 84303 chg coeffs, 0 upgd conss, 0 impls, 0 clqs
(round 283, fast)       26 del vars, 208 del conss, 0 add conss, 54975 chg bounds, 84573 chg sides, 84573 chg coeffs, 0 upgd conss, 0 impls, 0 clqs
(round 284, fast)       26 del vars, 208 del conss, 0 add conss, 55003 chg bounds, 84843 chg sides, 84843 chg coeffs, 0 upgd conss, 0 impls, 0 clqs
(round 285, fast)       26 del vars, 208 del conss, 0 add conss, 55032 chg bounds, 85113 chg sides, 85113 chg coeffs, 0 upgd conss, 0 impls, 0 clqs
(round 286, fast)       26 del vars, 208 del conss, 0 add conss, 55062 chg bounds, 85383 chg sides, 85383 chg coeffs, 0 upgd conss, 0 impls, 0 clqs
(round 287, fast)       26 del vars, 208 del conss, 0 add conss, 55094 chg bounds, 85703 chg sides, 85703 chg coeffs, 0 upgd conss, 0 impls, 0 clqs
(round 288, fast)       26 del vars, 208 del conss, 0 add conss, 55127 chg bounds, 86013 chg sides, 86013 chg coeffs, 0 upgd conss, 0 impls, 0 clqs
(round 289, fast)       26 del vars, 208 del conss, 0 add conss, 55158 chg bounds, 86293 chg sides, 86293 chg coeffs, 0 upgd conss, 0 impls, 0 clqs
(round 290, fast)       26 del vars, 208 del conss, 0 add conss, 55187 chg bounds, 86563 chg sides, 86563 chg coeffs, 0 upgd conss, 0 impls, 0 clqs
(round 291, fast)       26 del vars, 208 del conss, 0 add conss, 55213 chg bounds, 86793 chg sides, 86793 chg coeffs, 0 upgd conss, 0 impls, 0 clqs
(round 292, fast)       26 del vars, 208 del conss, 0 add conss, 55240 chg bounds, 87023 chg sides, 87023 chg coeffs, 0 upgd conss, 0 impls, 0 clqs
(round 293, fast)       26 del vars, 208 del conss, 0 add conss, 55266 chg bounds, 87253 chg sides, 87253 chg coeffs, 0 upgd conss, 0 impls, 0 clqs
(round 294, fast)       26 del vars, 208 del conss, 0 add conss, 55289 chg bounds, 87453 chg sides, 87453 chg coeffs, 0 upgd conss, 0 impls, 0 clqs
(round 295, fast)       26 del vars, 208 del conss, 0 add conss, 55309 chg bounds, 87643 chg sides, 87643 chg coeffs, 0 upgd conss, 0 impls, 0 clqs
(round 296, fast)       26 del vars, 208 del conss, 0 add conss, 55329 chg bounds, 87833 chg sides, 87833 chg coeffs, 0 upgd conss, 0 impls, 0 clqs
(round 297, fast)       26 del vars, 208 del conss, 0 add conss, 55350 chg bounds, 88023 chg sides, 88023 chg coeffs, 0 upgd conss, 0 impls, 0 clqs
(round 298, fast)       26 del vars, 208 del conss, 0 add conss, 55370 chg bounds, 88213 chg sides, 88213 chg coeffs, 0 upgd conss, 0 impls, 0 clqs
(round 299, fast)       26 del vars, 208 del conss, 0 add conss, 55390 chg bounds, 88403 chg sides, 88403 chg coeffs, 0 upgd conss, 0 impls, 0 clqs
(round 300, fast)       26 del vars, 208 del conss, 0 add conss, 55412 chg bounds, 88593 chg sides, 88593 chg coeffs, 0 upgd conss, 0 impls, 0 clqs
(round 301, fast)       26 del vars, 208 del conss, 0 add conss, 55434 chg bounds, 88813 chg sides, 88813 chg coeffs, 0 upgd conss, 0 impls, 0 clqs
(round 302, fast)       26 del vars, 208 del conss, 0 add conss, 55455 chg bounds, 89013 chg sides, 89013 chg coeffs, 0 upgd conss, 0 impls, 0 clqs
(round 303, fast)       26 del vars, 208 del conss, 0 add conss, 55476 chg bounds, 89203 chg sides, 89203 chg coeffs, 0 upgd conss, 0 impls, 0 clqs
(round 304, fast)       26 del vars, 208 del conss, 0 add conss, 55499 chg bounds, 89403 chg sides, 89403 chg coeffs, 0 upgd conss, 0 impls, 0 clqs
(round 305, fast)       26 del vars, 208 del conss, 0 add conss, 55522 chg bounds, 89613 chg sides, 89613 chg coeffs, 0 upgd conss, 0 impls, 0 clqs
(round 306, fast)       26 del vars, 208 del conss, 0 add conss, 55542 chg bounds, 89803 chg sides, 89803 chg coeffs, 0 upgd conss, 0 impls, 0 clqs
(round 307, fast)       26 del vars, 208 del conss, 0 add conss, 55562 chg bounds, 89993 chg sides, 89993 chg coeffs, 0 upgd conss, 0 impls, 0 clqs
(round 308, fast)       26 del vars, 208 del conss, 0 add conss, 55584 chg bounds, 90183 chg sides, 90183 chg coeffs, 0 upgd conss, 0 impls, 0 clqs
(round 309, fast)       26 del vars, 208 del conss, 0 add conss, 55604 chg bounds, 90373 chg sides, 90373 chg coeffs, 0 upgd conss, 0 impls, 0 clqs
(round 310, fast)       26 del vars, 208 del conss, 0 add conss, 55624 chg bounds, 90563 chg sides, 90563 chg coeffs, 0 upgd conss, 0 impls, 0 clqs
(round 311, fast)       26 del vars, 208 del conss, 0 add conss, 55644 chg bounds, 90753 chg sides, 90753 chg coeffs, 0 upgd conss, 0 impls, 0 clqs
(round 312, fast)       26 del vars, 208 del conss, 0 add conss, 55664 chg bounds, 90943 chg sides, 90943 chg coeffs, 0 upgd conss, 0 impls, 0 clqs
(round 313, fast)       26 del vars, 208 del conss, 0 add conss, 55685 chg bounds, 91133 chg sides, 91133 chg coeffs, 0 upgd conss, 0 impls, 0 clqs
(round 314, fast)       26 del vars, 208 del conss, 0 add conss, 55709 chg bounds, 91333 chg sides, 91333 chg coeffs, 0 upgd conss, 0 impls, 0 clqs
(round 315, fast)       26 del vars, 208 del conss, 0 add conss, 55733 chg bounds, 91573 chg sides, 91573 chg coeffs, 0 upgd conss, 0 impls, 0 clqs
(round 316, fast)       26 del vars, 208 del conss, 0 add conss, 55754 chg bounds, 91773 chg sides, 91773 chg coeffs, 0 upgd conss, 0 impls, 0 clqs
(round 317, fast)       26 del vars, 208 del conss, 0 add conss, 55774 chg bounds, 91963 chg sides, 91963 chg coeffs, 0 upgd conss, 0 impls, 0 clqs
(round 318, fast)       26 del vars, 208 del conss, 0 add conss, 55794 chg bounds, 92153 chg sides, 92153 chg coeffs, 0 upgd conss, 0 impls, 0 clqs
(round 319, fast)       26 del vars, 208 del conss, 0 add conss, 55816 chg bounds, 92343 chg sides, 92343 chg coeffs, 0 upgd conss, 0 impls, 0 clqs
(round 320, fast)       26 del vars, 208 del conss, 0 add conss, 55836 chg bounds, 92533 chg sides, 92533 chg coeffs, 0 upgd conss, 0 impls, 0 clqs
(round 321, fast)       26 del vars, 208 del conss, 0 add conss, 55856 chg bounds, 92723 chg sides, 92723 chg coeffs, 0 upgd conss, 0 impls, 0 clqs
(round 322, fast)       26 del vars, 208 del conss, 0 add conss, 55876 chg bounds, 92913 chg sides, 92913 chg coeffs, 0 upgd conss, 0 impls, 0 clqs
(round 323, fast)       26 del vars, 208 del conss, 0 add conss, 55897 chg bounds, 93103 chg sides, 93103 chg coeffs, 0 upgd conss, 0 impls, 0 clqs
(round 324, fast)       26 del vars, 208 del conss, 0 add conss, 55918 chg bounds, 93293 chg sides, 93293 chg coeffs, 0 upgd conss, 0 impls, 0 clqs
(round 325, fast)       26 del vars, 208 del conss, 0 add conss, 55942 chg bounds, 93493 chg sides, 93493 chg coeffs, 0 upgd conss, 0 impls, 0 clqs
(round 326, fast)       26 del vars, 208 del conss, 0 add conss, 55967 chg bounds, 93713 chg sides, 93713 chg coeffs, 0 upgd conss, 0 impls, 0 clqs
(round 327, fast)       26 del vars, 208 del conss, 0 add conss, 55992 chg bounds, 93923 chg sides, 93923 chg coeffs, 0 upgd conss, 0 impls, 0 clqs
(round 328, fast)       26 del vars, 208 del conss, 0 add conss, 56017 chg bounds, 94173 chg sides, 94173 chg coeffs, 0 upgd conss, 0 impls, 0 clqs
(round 329, fast)       26 del vars, 208 del conss, 0 add conss, 56045 chg bounds, 94423 chg sides, 94423 chg coeffs, 0 upgd conss, 0 impls, 0 clqs
(round 330, fast)       26 del vars, 208 del conss, 0 add conss, 56072 chg bounds, 94683 chg sides, 94683 chg coeffs, 0 upgd conss, 0 impls, 0 clqs
(round 331, fast)       26 del vars, 208 del conss, 0 add conss, 56101 chg bounds, 94943 chg sides, 94943 chg coeffs, 0 upgd conss, 0 impls, 0 clqs
(round 332, fast)       26 del vars, 208 del conss, 0 add conss, 56121 chg bounds, 95133 chg sides, 95133 chg coeffs, 0 upgd conss, 0 impls, 0 clqs
(round 333, fast)       26 del vars, 208 del conss, 0 add conss, 56141 chg bounds, 95323 chg sides, 95323 chg coeffs, 0 upgd conss, 0 impls, 0 clqs
(round 334, fast)       26 del vars, 208 del conss, 0 add conss, 56161 chg bounds, 95513 chg sides, 95513 chg coeffs, 0 upgd conss, 0 impls, 0 clqs
(round 335, fast)       26 del vars, 208 del conss, 0 add conss, 56181 chg bounds, 95703 chg sides, 95703 chg coeffs, 0 upgd conss, 0 impls, 0 clqs
(round 336, fast)       26 del vars, 208 del conss, 0 add conss, 56201 chg bounds, 95893 chg sides, 95893 chg coeffs, 0 upgd conss, 0 impls, 0 clqs
(round 337, fast)       26 del vars, 208 del conss, 0 add conss, 56221 chg bounds, 96083 chg sides, 96083 chg coeffs, 0 upgd conss, 0 impls, 0 clqs
(round 338, fast)       26 del vars, 208 del conss, 0 add conss, 56237 chg bounds, 96263 chg sides, 96263 chg coeffs, 0 upgd conss, 0 impls, 0 clqs
(round 339, fast)       26 del vars, 208 del conss, 0 add conss, 56251 chg bounds, 96393 chg sides, 96393 chg coeffs, 0 upgd conss, 0 impls, 0 clqs
(round 340, fast)       26 del vars, 208 del conss, 0 add conss, 56262 chg bounds, 96493 chg sides, 96493 chg coeffs, 0 upgd conss, 0 impls, 0 clqs
(round 341, fast)       26 del vars, 208 del conss, 0 add conss, 56272 chg bounds, 96592 chg sides, 96592 chg coeffs, 0 upgd conss, 0 impls, 0 clqs
(round 342, fast)       26 del vars, 208 del conss, 0 add conss, 56283 chg bounds, 96690 chg sides, 96690 chg coeffs, 0 upgd conss, 0 impls, 0 clqs
(round 343, fast)       26 del vars, 208 del conss, 0 add conss, 56294 chg bounds, 96797 chg sides, 96797 chg coeffs, 0 upgd conss, 0 impls, 0 clqs
(round 344, fast)       26 del vars, 208 del conss, 0 add conss, 56304 chg bounds, 96892 chg sides, 96892 chg coeffs, 0 upgd conss, 0 impls, 0 clqs
(round 345, fast)       26 del vars, 208 del conss, 0 add conss, 56314 chg bounds, 96985 chg sides, 96985 chg coeffs, 0 upgd conss, 0 impls, 0 clqs
(round 346, fast)       26 del vars, 208 del conss, 0 add conss, 56325 chg bounds, 97076 chg sides, 97076 chg coeffs, 0 upgd conss, 0 impls, 0 clqs
(round 347, fast)       26 del vars, 208 del conss, 0 add conss, 56335 chg bounds, 97165 chg sides, 97165 chg coeffs, 0 upgd conss, 0 impls, 0 clqs
(round 348, fast)       26 del vars, 208 del conss, 0 add conss, 56345 chg bounds, 97252 chg sides, 97252 chg coeffs, 0 upgd conss, 0 impls, 0 clqs
(round 349, fast)       26 del vars, 208 del conss, 0 add conss, 56356 chg bounds, 97337 chg sides, 97337 chg coeffs, 0 upgd conss, 0 impls, 0 clqs
(round 350, fast)       26 del vars, 208 del conss, 0 add conss, 56369 chg bounds, 97430 chg sides, 97430 chg coeffs, 0 upgd conss, 0 impls, 0 clqs
(round 351, fast)       26 del vars, 208 del conss, 0 add conss, 56382 chg bounds, 97532 chg sides, 97532 chg coeffs, 0 upgd conss, 0 impls, 0 clqs
(round 352, fast)       26 del vars, 208 del conss, 0 add conss, 56392 chg bounds, 97613 chg sides, 97613 chg coeffs, 0 upgd conss, 0 impls, 0 clqs
(round 353, fast)       26 del vars, 208 del conss, 0 add conss, 56402 chg bounds, 97693 chg sides, 97693 chg coeffs, 0 upgd conss, 0 impls, 0 clqs
(round 354, fast)       26 del vars, 208 del conss, 0 add conss, 56412 chg bounds, 97773 chg sides, 97773 chg coeffs, 0 upgd conss, 0 impls, 0 clqs
(round 355, fast)       26 del vars, 208 del conss, 0 add conss, 56423 chg bounds, 97853 chg sides, 97853 chg coeffs, 0 upgd conss, 0 impls, 0 clqs
(round 356, fast)       26 del vars, 208 del conss, 0 add conss, 56433 chg bounds, 97933 chg sides, 97933 chg coeffs, 0 upgd conss, 0 impls, 0 clqs
(round 357, fast)       26 del vars, 208 del conss, 0 add conss, 56443 chg bounds, 98013 chg sides, 98013 chg coeffs, 0 upgd conss, 0 impls, 0 clqs
(round 358, fast)       26 del vars, 208 del conss, 0 add conss, 56453 chg bounds, 98093 chg sides, 98093 chg coeffs, 0 upgd conss, 0 impls, 0 clqs
(round 359, fast)       26 del vars, 208 del conss, 0 add conss, 56463 chg bounds, 98173 chg sides, 98173 chg coeffs, 0 upgd conss, 0 impls, 0 clqs
(round 360, fast)       26 del vars, 208 del conss, 0 add conss, 56473 chg bounds, 98253 chg sides, 98253 chg coeffs, 0 upgd conss, 0 impls, 0 clqs
(round 361, fast)       26 del vars, 208 del conss, 0 add conss, 56484 chg bounds, 98333 chg sides, 98333 chg coeffs, 0 upgd conss, 0 impls, 0 clqs
(round 362, fast)       26 del vars, 208 del conss, 0 add conss, 56497 chg bounds, 98423 chg sides, 98423 chg coeffs, 0 upgd conss, 0 impls, 0 clqs
(round 363, fast)       26 del vars, 208 del conss, 0 add conss, 56510 chg bounds, 98523 chg sides, 98523 chg coeffs, 0 upgd conss, 0 impls, 0 clqs
(round 364, fast)       26 del vars, 208 del conss, 0 add conss, 56520 chg bounds, 98603 chg sides, 98603 chg coeffs, 0 upgd conss, 0 impls, 0 clqs
(round 365, fast)       26 del vars, 208 del conss, 0 add conss, 56530 chg bounds, 98683 chg sides, 98683 chg coeffs, 0 upgd conss, 0 impls, 0 clqs
(round 366, fast)       26 del vars, 208 del conss, 0 add conss, 56540 chg bounds, 98763 chg sides, 98763 chg coeffs, 0 upgd conss, 0 impls, 0 clqs
(round 367, fast)       26 del vars, 208 del conss, 0 add conss, 56551 chg bounds, 98843 chg sides, 98843 chg coeffs, 0 upgd conss, 0 impls, 0 clqs
(round 368, fast)       26 del vars, 208 del conss, 0 add conss, 56561 chg bounds, 98923 chg sides, 98923 chg coeffs, 0 upgd conss, 0 impls, 0 clqs
(round 369, fast)       26 del vars, 208 del conss, 0 add conss, 56571 chg bounds, 99003 chg sides, 99003 chg coeffs, 0 upgd conss, 0 impls, 0 clqs
(round 370, fast)       26 del vars, 208 del conss, 0 add conss, 56581 chg bounds, 99083 chg sides, 99083 chg coeffs, 0 upgd conss, 0 impls, 0 clqs
(round 371, fast)       26 del vars, 208 del conss, 0 add conss, 56592 chg bounds, 99163 chg sides, 99163 chg coeffs, 0 upgd conss, 0 impls, 0 clqs
(round 372, fast)       26 del vars, 208 del conss, 0 add conss, 56602 chg bounds, 99243 chg sides, 99243 chg coeffs, 0 upgd conss, 0 impls, 0 clqs
(round 373, fast)       26 del vars, 208 del conss, 0 add conss, 56613 chg bounds, 99323 chg sides, 99323 chg coeffs, 0 upgd conss, 0 impls, 0 clqs
(round 374, fast)       26 del vars, 208 del conss, 0 add conss, 56626 chg bounds, 99413 chg sides, 99413 chg coeffs, 0 upgd conss, 0 impls, 0 clqs
(round 375, fast)       26 del vars, 208 del conss, 0 add conss, 56639 chg bounds, 99513 chg sides, 99513 chg coeffs, 0 upgd conss, 0 impls, 0 clqs
(round 376, fast)       26 del vars, 208 del conss, 0 add conss, 56649 chg bounds, 99593 chg sides, 99593 chg coeffs, 0 upgd conss, 0 impls, 0 clqs
(round 377, fast)       26 del vars, 208 del conss, 0 add conss, 56659 chg bounds, 99673 chg sides, 99673 chg coeffs, 0 upgd conss, 0 impls, 0 clqs
(round 378, fast)       26 del vars, 208 del conss, 0 add conss, 56669 chg bounds, 99753 chg sides, 99753 chg coeffs, 0 upgd conss, 0 impls, 0 clqs
(round 379, fast)       26 del vars, 208 del conss, 0 add conss, 56680 chg bounds, 99833 chg sides, 99833 chg coeffs, 0 upgd conss, 0 impls, 0 clqs
(round 380, fast)       26 del vars, 208 del conss, 0 add conss, 56690 chg bounds, 99913 chg sides, 99913 chg coeffs, 0 upgd conss, 0 impls, 0 clqs
(round 381, fast)       26 del vars, 208 del conss, 0 add conss, 56700 chg bounds, 99993 chg sides, 99993 chg coeffs, 0 upgd conss, 0 impls, 0 clqs
(round 382, fast)       26 del vars, 208 del conss, 0 add conss, 56710 chg bounds, 100073 chg sides, 100073 chg coeffs, 0 upgd conss, 0 impls, 0 clqs
(round 383, fast)       26 del vars, 208 del conss, 0 add conss, 56720 chg bounds, 100153 chg sides, 100153 chg coeffs, 0 upgd conss, 0 impls, 0 clqs
(round 384, fast)       26 del vars, 208 del conss, 0 add conss, 56730 chg bounds, 100233 chg sides, 100233 chg coeffs, 0 upgd conss, 0 impls, 0 clqs
(round 385, fast)       26 del vars, 208 del conss, 0 add conss, 56741 chg bounds, 100313 chg sides, 100313 chg coeffs, 0 upgd conss, 0 impls, 0 clqs
(round 386, fast)       26 del vars, 208 del conss, 0 add conss, 56753 chg bounds, 100403 chg sides, 100403 chg coeffs, 0 upgd conss, 0 impls, 0 clqs
(round 387, fast)       26 del vars, 208 del conss, 0 add conss, 56766 chg bounds, 100503 chg sides, 100503 chg coeffs, 0 upgd conss, 0 impls, 0 clqs
(round 388, fast)       26 del vars, 208 del conss, 0 add conss, 56776 chg bounds, 100583 chg sides, 100583 chg coeffs, 0 upgd conss, 0 impls, 0 clqs
(round 389, fast)       26 del vars, 208 del conss, 0 add conss, 56786 chg bounds, 100663 chg sides, 100663 chg coeffs, 0 upgd conss, 0 impls, 0 clqs
(round 390, fast)       26 del vars, 208 del conss, 0 add conss, 56796 chg bounds, 100743 chg sides, 100743 chg coeffs, 0 upgd conss, 0 impls, 0 clqs
(round 391, fast)       26 del vars, 208 del conss, 0 add conss, 56807 chg bounds, 100823 chg sides, 100823 chg coeffs, 0 upgd conss, 0 impls, 0 clqs
(round 392, fast)       26 del vars, 208 del conss, 0 add conss, 56817 chg bounds, 100903 chg sides, 100903 chg coeffs, 0 upgd conss, 0 impls, 0 clqs
(round 393, fast)       26 del vars, 208 del conss, 0 add conss, 56827 chg bounds, 100983 chg sides, 100983 chg coeffs, 0 upgd conss, 0 impls, 0 clqs
(round 394, fast)       26 del vars, 208 del conss, 0 add conss, 56837 chg bounds, 101063 chg sides, 101063 chg coeffs, 0 upgd conss, 0 impls, 0 clqs
(round 395, fast)       26 del vars, 208 del conss, 0 add conss, 56847 chg bounds, 101143 chg sides, 101143 chg coeffs, 0 upgd conss, 0 impls, 0 clqs
(round 396, fast)       26 del vars, 208 del conss, 0 add conss, 56857 chg bounds, 101223 chg sides, 101223 chg coeffs, 0 upgd conss, 0 impls, 0 clqs
(round 397, fast)       26 del vars, 208 del conss, 0 add conss, 56869 chg bounds, 101303 chg sides, 101303 chg coeffs, 0 upgd conss, 0 impls, 0 clqs
(round 398, fast)       26 del vars, 208 del conss, 0 add conss, 56882 chg bounds, 101393 chg sides, 101393 chg coeffs, 0 upgd conss, 0 impls, 0 clqs
(round 399, fast)       26 del vars, 208 del conss, 0 add conss, 56895 chg bounds, 101493 chg sides, 101493 chg coeffs, 0 upgd conss, 0 impls, 0 clqs
(round 400, fast)       26 del vars, 208 del conss, 0 add conss, 56905 chg bounds, 101573 chg sides, 101573 chg coeffs, 0 upgd conss, 0 impls, 0 clqs
(round 401, fast)       26 del vars, 208 del conss, 0 add conss, 56915 chg bounds, 101653 chg sides, 101653 chg coeffs, 0 upgd conss, 0 impls, 0 clqs
(round 402, fast)       26 del vars, 208 del conss, 0 add conss, 56925 chg bounds, 101733 chg sides, 101733 chg coeffs, 0 upgd conss, 0 impls, 0 clqs
(round 403, fast)       26 del vars, 208 del conss, 0 add conss, 56936 chg bounds, 101813 chg sides, 101813 chg coeffs, 0 upgd conss, 0 impls, 0 clqs
(round 404, fast)       26 del vars, 208 del conss, 0 add conss, 56946 chg bounds, 101893 chg sides, 101893 chg coeffs, 0 upgd conss, 0 impls, 0 clqs
(round 405, fast)       26 del vars, 208 del conss, 0 add conss, 56956 chg bounds, 101973 chg sides, 101973 chg coeffs, 0 upgd conss, 0 impls, 0 clqs
(round 406, fast)       26 del vars, 208 del conss, 0 add conss, 56966 chg bounds, 102053 chg sides, 102053 chg coeffs, 0 upgd conss, 0 impls, 0 clqs
(round 407, fast)       26 del vars, 208 del conss, 0 add conss, 56976 chg bounds, 102133 chg sides, 102133 chg coeffs, 0 upgd conss, 0 impls, 0 clqs
(round 408, fast)       26 del vars, 208 del conss, 0 add conss, 56986 chg bounds, 102213 chg sides, 102213 chg coeffs, 0 upgd conss, 0 impls, 0 clqs
(round 409, fast)       26 del vars, 208 del conss, 0 add conss, 56997 chg bounds, 102293 chg sides, 102293 chg coeffs, 0 upgd conss, 0 impls, 0 clqs
(round 410, fast)       26 del vars, 208 del conss, 0 add conss, 57009 chg bounds, 102383 chg sides, 102383 chg coeffs, 0 upgd conss, 0 impls, 0 clqs
(round 411, fast)       26 del vars, 208 del conss, 0 add conss, 57022 chg bounds, 102483 chg sides, 102483 chg coeffs, 0 upgd conss, 0 impls, 0 clqs
(round 412, fast)       26 del vars, 208 del conss, 0 add conss, 57032 chg bounds, 102563 chg sides, 102563 chg coeffs, 0 upgd conss, 0 impls, 0 clqs
(round 413, fast)       26 del vars, 208 del conss, 0 add conss, 57042 chg bounds, 102643 chg sides, 102643 chg coeffs, 0 upgd conss, 0 impls, 0 clqs
(round 414, fast)       26 del vars, 208 del conss, 0 add conss, 57052 chg bounds, 102723 chg sides, 102723 chg coeffs, 0 upgd conss, 0 impls, 0 clqs
(round 415, fast)       26 del vars, 208 del conss, 0 add conss, 57063 chg bounds, 102803 chg sides, 102803 chg coeffs, 0 upgd conss, 0 impls, 0 clqs
(round 416, fast)       26 del vars, 208 del conss, 0 add conss, 57073 chg bounds, 102883 chg sides, 102883 chg coeffs, 0 upgd conss, 0 impls, 0 clqs
(round 417, fast)       26 del vars, 208 del conss, 0 add conss, 57083 chg bounds, 102963 chg sides, 102963 chg coeffs, 0 upgd conss, 0 impls, 0 clqs
(round 418, fast)       26 del vars, 208 del conss, 0 add conss, 57093 chg bounds, 103043 chg sides, 103043 chg coeffs, 0 upgd conss, 0 impls, 0 clqs
(round 419, fast)       26 del vars, 208 del conss, 0 add conss, 57103 chg bounds, 103123 chg sides, 103123 chg coeffs, 0 upgd conss, 0 impls, 0 clqs
(round 420, fast)       26 del vars, 208 del conss, 0 add conss, 57113 chg bounds, 103203 chg sides, 103203 chg coeffs, 0 upgd conss, 0 impls, 0 clqs
(round 421, fast)       26 del vars, 208 del conss, 0 add conss, 57124 chg bounds, 103283 chg sides, 103283 chg coeffs, 0 upgd conss, 0 impls, 0 clqs
(round 422, fast)       26 del vars, 208 del conss, 0 add conss, 57136 chg bounds, 103373 chg sides, 103373 chg coeffs, 0 upgd conss, 0 impls, 0 clqs
(round 423, fast)       26 del vars, 208 del conss, 0 add conss, 57149 chg bounds, 103473 chg sides, 103473 chg coeffs, 0 upgd conss, 0 impls, 0 clqs
(round 424, fast)       26 del vars, 208 del conss, 0 add conss, 57160 chg bounds, 103553 chg sides, 103553 chg coeffs, 0 upgd conss, 0 impls, 0 clqs
(round 425, fast)       26 del vars, 208 del conss, 0 add conss, 57170 chg bounds, 103633 chg sides, 103633 chg coeffs, 0 upgd conss, 0 impls, 0 clqs
(round 426, fast)       26 del vars, 208 del conss, 0 add conss, 57180 chg bounds, 103713 chg sides, 103713 chg coeffs, 0 upgd conss, 0 impls, 0 clqs
(round 427, fast)       26 del vars, 208 del conss, 0 add conss, 57190 chg bounds, 103793 chg sides, 103793 chg coeffs, 0 upgd conss, 0 impls, 0 clqs
(round 428, fast)       26 del vars, 208 del conss, 0 add conss, 57201 chg bounds, 103873 chg sides, 103873 chg coeffs, 0 upgd conss, 0 impls, 0 clqs
(round 429, fast)       26 del vars, 208 del conss, 0 add conss, 57211 chg bounds, 103953 chg sides, 103953 chg coeffs, 0 upgd conss, 0 impls, 0 clqs
(round 430, fast)       26 del vars, 208 del conss, 0 add conss, 57221 chg bounds, 104033 chg sides, 104033 chg coeffs, 0 upgd conss, 0 impls, 0 clqs
(round 431, fast)       26 del vars, 208 del conss, 0 add conss, 57231 chg bounds, 104113 chg sides, 104113 chg coeffs, 0 upgd conss, 0 impls, 0 clqs
(round 432, exhaustive) 26 del vars, 208 del conss, 0 add conss, 57243 chg bounds, 104193 chg sides, 104193 chg coeffs, 0 upgd conss, 0 impls, 0 clqs
(round 433, exhaustive) 26 del vars, 208 del conss, 0 add conss, 57256 chg bounds, 104273 chg sides, 104273 chg coeffs, 0 upgd conss, 0 impls, 0 clqs
(round 434, fast)       26 del vars, 208 del conss, 0 add conss, 57265 chg bounds, 104323 chg sides, 104323 chg coeffs, 0 upgd conss, 0 impls, 0 clqs
(round 435, fast)       26 del vars, 208 del conss, 0 add conss, 57274 chg bounds, 104383 chg sides, 104383 chg coeffs, 0 upgd conss, 0 impls, 0 clqs
(round 436, exhaustive) 26 del vars, 208 del conss, 0 add conss, 57286 chg bounds, 104463 chg sides, 104463 chg coeffs, 0 upgd conss, 0 impls, 0 clqs
(round 437, exhaustive) 26 del vars, 208 del conss, 0 add conss, 57298 chg bounds, 104543 chg sides, 104543 chg coeffs, 0 upgd conss, 0 impls, 0 clqs
(round 438, exhaustive) 26 del vars, 208 del conss, 0 add conss, 57311 chg bounds, 104623 chg sides, 104623 chg coeffs, 0 upgd conss, 0 impls, 0 clqs
(round 439, exhaustive) 26 del vars, 208 del conss, 0 add conss, 57323 chg bounds, 104703 chg sides, 104703 chg coeffs, 0 upgd conss, 0 impls, 0 clqs
(round 440, exhaustive) 26 del vars, 208 del conss, 0 add conss, 57335 chg bounds, 104783 chg sides, 104783 chg coeffs, 0 upgd conss, 0 impls, 0 clqs
(round 441, exhaustive) 26 del vars, 208 del conss, 0 add conss, 57348 chg bounds, 104863 chg sides, 104863 chg coeffs, 0 upgd conss, 0 impls, 0 clqs
(round 442, fast)       26 del vars, 208 del conss, 0 add conss, 57356 chg bounds, 104913 chg sides, 104913 chg coeffs, 0 upgd conss, 0 impls, 0 clqs
(round 443, fast)       26 del vars, 208 del conss, 0 add conss, 57365 chg bounds, 104973 chg sides, 104973 chg coeffs, 0 upgd conss, 0 impls, 0 clqs
(round 444, exhaustive) 26 del vars, 208 del conss, 0 add conss, 57377 chg bounds, 105053 chg sides, 105053 chg coeffs, 0 upgd conss, 0 impls, 0 clqs
(round 445, exhaustive) 26 del vars, 208 del conss, 0 add conss, 57389 chg bounds, 105133 chg sides, 105133 chg coeffs, 0 upgd conss, 0 impls, 0 clqs
(round 446, exhaustive) 26 del vars, 208 del conss, 0 add conss, 57402 chg bounds, 105213 chg sides, 105213 chg coeffs, 0 upgd conss, 0 impls, 0 clqs
(round 447, exhaustive) 26 del vars, 208 del conss, 0 add conss, 57414 chg bounds, 105293 chg sides, 105293 chg coeffs, 0 upgd conss, 0 impls, 0 clqs
(round 448, exhaustive) 26 del vars, 208 del conss, 0 add conss, 57426 chg bounds, 105373 chg sides, 105373 chg coeffs, 0 upgd conss, 0 impls, 0 clqs
(round 449, exhaustive) 26 del vars, 208 del conss, 0 add conss, 57439 chg bounds, 105453 chg sides, 105453 chg coeffs, 0 upgd conss, 0 impls, 0 clqs
(round 450, fast)       26 del vars, 208 del conss, 0 add conss, 57447 chg bounds, 105503 chg sides, 105503 chg coeffs, 0 upgd conss, 0 impls, 0 clqs
(round 451, fast)       26 del vars, 208 del conss, 0 add conss, 57456 chg bounds, 105563 chg sides, 105563 chg coeffs, 0 upgd conss, 0 impls, 0 clqs
(round 452, exhaustive) 26 del vars, 208 del conss, 0 add conss, 57468 chg bounds, 105643 chg sides, 105643 chg coeffs, 0 upgd conss, 0 impls, 0 clqs
(round 453, exhaustive) 26 del vars, 208 del conss, 0 add conss, 57480 chg bounds, 105723 chg sides, 105723 chg coeffs, 0 upgd conss, 0 impls, 0 clqs
(round 454, exhaustive) 26 del vars, 208 del conss, 0 add conss, 57493 chg bounds, 105803 chg sides, 105803 chg coeffs, 0 upgd conss, 0 impls, 0 clqs
(round 455, exhaustive) 26 del vars, 208 del conss, 0 add conss, 57505 chg bounds, 105883 chg sides, 105883 chg coeffs, 0 upgd conss, 0 impls, 0 clqs
(round 456, exhaustive) 26 del vars, 208 del conss, 0 add conss, 57517 chg bounds, 105963 chg sides, 105963 chg coeffs, 0 upgd conss, 0 impls, 0 clqs
(round 457, exhaustive) 26 del vars, 208 del conss, 0 add conss, 57531 chg bounds, 106043 chg sides, 106043 chg coeffs, 0 upgd conss, 0 impls, 0 clqs
(round 458, fast)       26 del vars, 208 del conss, 0 add conss, 57539 chg bounds, 106093 chg sides, 106093 chg coeffs, 0 upgd conss, 0 impls, 0 clqs
(round 459, fast)       26 del vars, 208 del conss, 0 add conss, 57548 chg bounds, 106153 chg sides, 106153 chg coeffs, 0 upgd conss, 0 impls, 0 clqs
(round 460, exhaustive) 26 del vars, 208 del conss, 0 add conss, 57560 chg bounds, 106233 chg sides, 106233 chg coeffs, 0 upgd conss, 0 impls, 0 clqs
(round 461, exhaustive) 26 del vars, 208 del conss, 0 add conss, 57572 chg bounds, 106313 chg sides, 106313 chg coeffs, 0 upgd conss, 0 impls, 0 clqs
(round 462, exhaustive) 26 del vars, 208 del conss, 0 add conss, 57585 chg bounds, 106393 chg sides, 106393 chg coeffs, 0 upgd conss, 0 impls, 0 clqs
(round 463, exhaustive) 26 del vars, 208 del conss, 0 add conss, 57597 chg bounds, 106473 chg sides, 106473 chg coeffs, 0 upgd conss, 0 impls, 0 clqs
(round 464, exhaustive) 26 del vars, 208 del conss, 0 add conss, 57609 chg bounds, 106553 chg sides, 106553 chg coeffs, 0 upgd conss, 0 impls, 0 clqs
(round 465, exhaustive) 26 del vars, 208 del conss, 0 add conss, 57622 chg bounds, 106633 chg sides, 106633 chg coeffs, 0 upgd conss, 0 impls, 0 clqs
(round 466, fast)       26 del vars, 208 del conss, 0 add conss, 57631 chg bounds, 106683 chg sides, 106683 chg coeffs, 0 upgd conss, 0 impls, 0 clqs
(round 467, fast)       26 del vars, 208 del conss, 0 add conss, 57640 chg bounds, 106743 chg sides, 106743 chg coeffs, 0 upgd conss, 0 impls, 0 clqs
(round 468, exhaustive) 26 del vars, 208 del conss, 0 add conss, 57652 chg bounds, 106823 chg sides, 106823 chg coeffs, 0 upgd conss, 0 impls, 0 clqs
(round 469, exhaustive) 26 del vars, 208 del conss, 0 add conss, 57663 chg bounds, 106903 chg sides, 106903 chg coeffs, 0 upgd conss, 0 impls, 0 clqs
(round 470, fast)       26 del vars, 208 del conss, 0 add conss, 57666 chg bounds, 106953 chg sides, 106953 chg coeffs, 0 upgd conss, 0 impls, 0 clqs
   (3.1s) probing cycle finished: starting next cycle
presolving (471 rounds: 471 fast, 29 medium, 29 exhaustive):
 26 deleted vars, 208 deleted constraints, 0 added constraints, 57668 tightened bounds, 0 added holes, 106963 changed sides, 106963 changed coefficients
 31197 implications, 100 cliques
presolved problem has 5074 variables (100 bin, 0 int, 0 impl, 4974 cont) and 57583 constraints
     19 constraints of type <varbound>
      1 constraints of type <knapsack>
  57563 constraints of type <linear>
transformed objective value is always integral (scale: 1)
Presolving Time: 3.08

 time | node  | left  |LP iter|LP it/n| mem |mdpt |frac |vars |cons |cols |rows |cuts |confs|strbr|  dualbound   | primalbound  |  gap   
k 3.3s|     1 |     0 |  1491 |     - | 140M|   0 |   - |5074 |  57k|5074 |  57k|   0 |   0 |   0 | 1.610000e+02 | 1.610000e+02 |   0.00%

SCIP Status        : problem is solved [optimal solution found]
Solving Time (sec) : 3.35
Solving Nodes      : 1
Primal Bound       : +1.61000000000000e+02 (1 solutions)
Dual Bound         : +1.61000000000000e+02
Gap                : 0.00 %


