SCIP version 6.0.1 [precision: 8 byte] [memory: block] [mode: optimized] [LP solver: SoPlex 4.0.1] [GitHash: a27ecc0]
Copyright (C) 2002-2019 Konrad-Zuse-Zentrum fuer Informationstechnik Berlin (ZIB)

External codes: 
  Readline 8.0         GNU library for command line editing (gnu.org/s/readline)
  SoPlex 4.0.1         Linear Programming Solver developed at Zuse Institute Berlin (soplex.zib.de) [GitHash: e89d7d5]
  CppAD 20180000.0     Algorithmic Differentiation of C++ algorithms developed by B. Bell (www.coin-or.org/CppAD)
  ZLIB 1.2.11          General purpose compression library by J. Gailly and M. Adler (zlib.net)
  GMP 6.1.2            GNU Multiple Precision Arithmetic Library developed by T. Granlund (gmplib.org)

user parameter file <scip.set> not found - using default parameters


read problem <p200x1188c.mps>
============

original problem has 2376 variables (1188 bin, 0 int, 0 impl, 1188 cont) and 1388 constraints

presolving:
(round 1, exhaustive) 0 del vars, 0 del conss, 0 add conss, 0 chg bounds, 0 chg sides, 0 chg coeffs, 1188 upgd conss, 0 impls, 0 clqs
   (0.0s) probing: 51/1188 (4.3%) - 0 fixings, 0 aggregations, 0 implications, 0 bound changes
   (0.0s) probing aborted: 50/50 successive totally useless probings
presolving (2 rounds: 2 fast, 2 medium, 2 exhaustive):
 0 deleted vars, 0 deleted constraints, 0 added constraints, 0 tightened bounds, 0 added holes, 0 changed sides, 0 changed coefficients
 1188 implications, 0 cliques
presolved problem has 2376 variables (1188 bin, 0 int, 0 impl, 1188 cont) and 1388 constraints
   1188 constraints of type <varbound>
    200 constraints of type <linear>
transformed objective value is always integral (scale: 1)
Presolving Time: 0.02

 time | node  | left  |LP iter|LP it/n| mem |mdpt |frac |vars |cons |cols |rows |cuts |confs|strbr|  dualbound   | primalbound  |  gap   
k 0.0s|     1 |     0 |    26 |     - |  15M|   0 |   - |2376 |1388 |2376 |1388 |   0 |   0 |   0 | 0.000000e+00 | 3.584430e+06 |    Inf 
b 0.0s|     1 |     0 |    26 |     - |  15M|   0 |   - |2376 |1388 |2376 |1388 |   0 |   0 |   0 | 0.000000e+00 | 1.968300e+04 |    Inf 
  0.1s|     1 |     0 |   579 |     - |  15M|   0 |   5 |2376 |1388 |2376 |1388 |   0 |   0 |   0 | 5.678607e+03 | 1.968300e+04 | 246.62%
r 0.1s|     1 |     0 |   579 |     - |  15M|   0 |   5 |2376 |1388 |2376 |1388 |   0 |   0 |   0 | 5.678607e+03 | 1.574700e+04 | 177.30%
  0.1s|     1 |     0 |   888 |     - |  16M|   0 |   8 |2376 |1388 |2376 |1392 |   4 |   0 |   0 | 6.766828e+03 | 1.574700e+04 | 132.71%
  0.1s|     1 |     0 |  1175 |     - |  16M|   0 |  13 |2376 |1388 |2376 |1398 |  10 |   0 |   0 | 9.381735e+03 | 1.574700e+04 |  67.85%
  0.1s|     1 |     0 |  1259 |     - |  16M|   0 |  13 |2376 |1388 |2376 |1402 |  14 |   0 |   0 | 9.834469e+03 | 1.574700e+04 |  60.12%
  0.1s|     1 |     0 |  1418 |     - |  16M|   0 |  21 |2376 |1388 |2376 |1406 |  18 |   0 |   0 | 9.848224e+03 | 1.574700e+04 |  59.90%
  0.1s|     1 |     0 |  1470 |     - |  17M|   0 |  15 |2376 |1388 |2376 |1410 |  22 |   0 |   0 | 9.856092e+03 | 1.574700e+04 |  59.77%
  0.1s|     1 |     0 |  1493 |     - |  17M|   0 |  12 |2376 |1388 |2376 |1415 |  27 |   0 |   0 | 9.858547e+03 | 1.574700e+04 |  59.73%
  0.2s|     1 |     0 |  1583 |     - |  17M|   0 |  17 |2376 |1388 |2376 |1420 |  32 |   0 |   0 | 9.868635e+03 | 1.574700e+04 |  59.57%
  0.2s|     1 |     0 |  1618 |     - |  18M|   0 |  26 |2376 |1388 |2376 |1424 |  36 |   0 |   0 | 9.872503e+03 | 1.574700e+04 |  59.50%
  0.2s|     1 |     0 |  1634 |     - |  18M|   0 |  16 |2376 |1388 |2376 |1428 |  40 |   0 |   0 | 9.874361e+03 | 1.574700e+04 |  59.47%
  0.2s|     1 |     0 |  1655 |     - |  18M|   0 |  27 |2376 |1388 |2376 |1432 |  44 |   0 |   0 | 9.877294e+03 | 1.574700e+04 |  59.43%
  0.2s|     1 |     0 |  1702 |     - |  18M|   0 |  31 |2376 |1388 |2376 |1438 |  50 |   0 |   0 | 9.881693e+03 | 1.574700e+04 |  59.36%
 time | node  | left  |LP iter|LP it/n| mem |mdpt |frac |vars |cons |cols |rows |cuts |confs|strbr|  dualbound   | primalbound  |  gap   
  0.2s|     1 |     0 |  1716 |     - |  18M|   0 |  24 |2376 |1388 |2376 |1441 |  53 |   0 |   0 | 9.885647e+03 | 1.574700e+04 |  59.29%
  0.2s|     1 |     0 |  1741 |     - |  19M|   0 |  30 |2376 |1388 |2376 |1445 |  57 |   0 |   0 | 9.889813e+03 | 1.574700e+04 |  59.22%
  0.2s|     1 |     0 |  1763 |     - |  19M|   0 |  27 |2376 |1388 |2376 |1449 |  61 |   0 |   0 | 9.892745e+03 | 1.574700e+04 |  59.18%
  0.2s|     1 |     0 |  1791 |     - |  20M|   0 |  26 |2376 |1388 |2376 |1453 |  65 |   0 |   0 | 9.895126e+03 | 1.574700e+04 |  59.14%
  0.2s|     1 |     0 |  1810 |     - |  20M|   0 |  19 |2376 |1388 |2376 |1452 |  69 |   0 |   0 | 9.898864e+03 | 1.574700e+04 |  59.08%
  0.3s|     1 |     0 |  1829 |     - |  20M|   0 |  29 |2376 |1388 |2376 |1457 |  74 |   0 |   0 | 9.899816e+03 | 1.574700e+04 |  59.06%
  0.3s|     1 |     0 |  1863 |     - |  20M|   0 |  43 |2376 |1388 |2376 |1462 |  79 |   0 |   0 | 9.902432e+03 | 1.574700e+04 |  59.02%
  0.3s|     1 |     0 |  1887 |     - |  21M|   0 |  36 |2376 |1388 |2376 |1465 |  82 |   0 |   0 | 9.907557e+03 | 1.574700e+04 |  58.94%
  0.3s|     1 |     0 |  1917 |     - |  22M|   0 |  24 |2376 |1388 |2376 |1471 |  88 |   0 |   0 | 9.909585e+03 | 1.574700e+04 |  58.91%
  0.3s|     1 |     0 |  2005 |     - |  22M|   0 |  30 |2376 |1388 |2376 |1478 |  95 |   0 |   0 | 1.027885e+04 | 1.574700e+04 |  53.20%
  0.3s|     1 |     0 |  2035 |     - |  22M|   0 |  18 |2376 |1388 |2376 |1470 | 101 |   0 |   0 | 1.028354e+04 | 1.574700e+04 |  53.13%
  0.3s|     1 |     0 |  2051 |     - |  22M|   0 |  34 |2376 |1388 |2376 |1479 | 110 |   0 |   0 | 1.028563e+04 | 1.574700e+04 |  53.10%
  0.3s|     1 |     0 |  2083 |     - |  22M|   0 |  35 |2376 |1388 |2376 |1483 | 114 |   0 |   0 | 1.028751e+04 | 1.574700e+04 |  53.07%
  0.4s|     1 |     0 |  2127 |     - |  22M|   0 |  37 |2376 |1388 |2376 |1487 | 118 |   0 |   0 | 1.029170e+04 | 1.574700e+04 |  53.01%
  0.4s|     1 |     0 |  2175 |     - |  22M|   0 |  30 |2376 |1388 |2376 |1491 | 122 |   0 |   0 | 1.029437e+04 | 1.574700e+04 |  52.97%
 time | node  | left  |LP iter|LP it/n| mem |mdpt |frac |vars |cons |cols |rows |cuts |confs|strbr|  dualbound   | primalbound  |  gap   
  0.4s|     1 |     0 |  2197 |     - |  23M|   0 |  20 |2376 |1388 |2376 |1495 | 126 |   0 |   0 | 1.029720e+04 | 1.574700e+04 |  52.93%
  0.4s|     1 |     0 |  2267 |     - |  23M|   0 |  33 |2376 |1388 |2376 |1487 | 136 |   0 |   0 | 1.040249e+04 | 1.574700e+04 |  51.38%
  0.4s|     1 |     0 |  2307 |     - |  24M|   0 |  28 |2376 |1388 |2376 |1491 | 140 |   0 |   0 | 1.040933e+04 | 1.574700e+04 |  51.28%
  0.4s|     1 |     0 |  2431 |     - |  24M|   0 |  21 |2376 |1388 |2376 |1497 | 146 |   0 |   0 | 1.043684e+04 | 1.574700e+04 |  50.88%
  0.5s|     1 |     0 |  2548 |     - |  24M|   0 |  30 |2376 |1388 |2376 |1502 | 151 |   0 |   0 | 1.046469e+04 | 1.574700e+04 |  50.48%
  0.5s|     1 |     0 |  2578 |     - |  24M|   0 |  34 |2376 |1388 |2376 |1507 | 156 |   0 |   0 | 1.046825e+04 | 1.574700e+04 |  50.43%
  0.5s|     1 |     0 |  2696 |     - |  25M|   0 |  31 |2376 |1388 |2376 |1513 | 162 |   0 |   0 | 1.048632e+04 | 1.574700e+04 |  50.17%
  0.5s|     1 |     0 |  2727 |     - |  26M|   0 |  19 |2376 |1388 |2376 |1492 | 170 |   0 |   0 | 1.049583e+04 | 1.574700e+04 |  50.03%
  0.5s|     1 |     0 |  2755 |     - |  26M|   0 |  28 |2376 |1388 |2376 |1502 | 180 |   0 |   0 | 1.050324e+04 | 1.574700e+04 |  49.93%
  0.5s|     1 |     0 |  2786 |     - |  26M|   0 |  42 |2376 |1388 |2376 |1507 | 185 |   0 |   0 | 1.051036e+04 | 1.574700e+04 |  49.82%
  0.5s|     1 |     0 |  2828 |     - |  26M|   0 |  45 |2376 |1388 |2376 |1511 | 189 |   0 |   0 | 1.051594e+04 | 1.574700e+04 |  49.74%
  0.6s|     1 |     0 |  2860 |     - |  26M|   0 |  25 |2376 |1388 |2376 |1516 | 194 |   0 |   0 | 1.052011e+04 | 1.574700e+04 |  49.68%
  0.6s|     1 |     0 |  2937 |     - |  27M|   0 |  42 |2376 |1388 |2376 |1522 | 200 |   0 |   0 | 1.055247e+04 | 1.574700e+04 |  49.23%
  0.6s|     1 |     0 |  3038 |     - |  27M|   0 |  45 |2376 |1388 |2376 |1493 | 204 |   0 |   0 | 1.057742e+04 | 1.574700e+04 |  48.87%
  0.6s|     1 |     0 |  3067 |     - |  27M|   0 |  30 |2376 |1388 |2376 |1497 | 208 |   0 |   0 | 1.058918e+04 | 1.574700e+04 |  48.71%
 time | node  | left  |LP iter|LP it/n| mem |mdpt |frac |vars |cons |cols |rows |cuts |confs|strbr|  dualbound   | primalbound  |  gap   
  0.6s|     1 |     0 |  3143 |     - |  27M|   0 |  33 |2376 |1388 |2376 |1507 | 218 |   0 |   0 | 1.060080e+04 | 1.574700e+04 |  48.55%
  0.7s|     1 |     0 |  3247 |     - |  28M|   0 |  25 |2376 |1388 |2376 |1512 | 223 |   0 |   0 | 1.079302e+04 | 1.574700e+04 |  45.90%
  0.7s|     1 |     0 |  3247 |     - |  28M|   0 |  25 |2376 |1388 |2376 |1512 | 223 |   0 |   0 | 1.079302e+04 | 1.574700e+04 |  45.90%
  0.7s|     1 |     0 |  3379 |     - |  28M|   0 |  34 |2376 |1388 |2376 |1511 | 230 |   0 |   0 | 1.079959e+04 | 1.574700e+04 |  45.81%
  0.7s|     1 |     0 |  3497 |     - |  28M|   0 |  38 |2376 |1388 |2376 |1518 | 237 |   0 |   0 | 1.084097e+04 | 1.574700e+04 |  45.25%
  0.7s|     1 |     0 |  3497 |     - |  28M|   0 |  38 |2376 |1388 |2376 |1518 | 237 |   0 |   0 | 1.084097e+04 | 1.574700e+04 |  45.25%
  0.8s|     1 |     0 |  3671 |     - |  28M|   0 |  32 |2376 |1388 |2376 |1488 | 244 |   0 |   0 | 1.089380e+04 | 1.574700e+04 |  44.55%
  0.8s|     1 |     0 |  3671 |     - |  28M|   0 |  32 |2376 |1388 |2376 |1488 | 244 |   0 |   0 | 1.089380e+04 | 1.574700e+04 |  44.55%
  0.8s|     1 |     0 |  3857 |     - |  28M|   0 |  49 |2376 |1388 |2376 |1485 | 250 |   0 |   0 | 1.091782e+04 | 1.574700e+04 |  44.23%
  0.8s|     1 |     0 |  3857 |     - |  28M|   0 |  49 |2376 |1388 |2376 |1485 | 250 |   0 |   0 | 1.091782e+04 | 1.574700e+04 |  44.23%
  0.8s|     1 |     0 |  3951 |     - |  28M|   0 |  17 |2376 |1388 |2376 |1490 | 256 |   0 |   0 | 1.093948e+04 | 1.574700e+04 |  43.95%
  0.8s|     1 |     0 |  3951 |     - |  28M|   0 |  17 |2376 |1388 |2376 |1489 | 256 |   0 |   0 | 1.093948e+04 | 1.574700e+04 |  43.95%
  0.8s|     1 |     0 |  4091 |     - |  28M|   0 |  37 |2376 |1388 |2376 |1495 | 266 |   0 |   0 | 1.095471e+04 | 1.574700e+04 |  43.75%
  0.8s|     1 |     0 |  4091 |     - |  28M|   0 |  37 |2376 |1388 |2376 |1495 | 266 |   0 |   0 | 1.095471e+04 | 1.574700e+04 |  43.75%
  0.9s|     1 |     0 |  4228 |     - |  29M|   0 |  25 |2376 |1388 |2376 |1504 | 276 |   0 |   0 | 1.149462e+04 | 1.574700e+04 |  36.99%
 time | node  | left  |LP iter|LP it/n| mem |mdpt |frac |vars |cons |cols |rows |cuts |confs|strbr|  dualbound   | primalbound  |  gap   
  0.9s|     1 |     0 |  4228 |     - |  29M|   0 |  25 |2376 |1388 |2376 |1504 | 276 |   0 |   0 | 1.149462e+04 | 1.574700e+04 |  36.99%
  0.9s|     1 |     0 |  4319 |     - |  29M|   0 |  37 |2376 |1388 |2376 |1441 | 289 |   0 |   0 | 1.154552e+04 | 1.574700e+04 |  36.39%
  0.9s|     1 |     0 |  4319 |     - |  29M|   0 |  37 |2376 |1388 |2376 |1441 | 289 |   0 |   0 | 1.154552e+04 | 1.574700e+04 |  36.39%
  0.9s|     1 |     0 |  4423 |     - |  29M|   0 |  50 |2376 |1388 |2376 |1413 | 303 |   0 |   0 | 1.158789e+04 | 1.574700e+04 |  35.89%
  0.9s|     1 |     0 |  4423 |     - |  29M|   0 |  50 |2376 |1388 |2376 |1412 | 303 |   0 |   0 | 1.158789e+04 | 1.574700e+04 |  35.89%
  1.0s|     1 |     0 |  4503 |     - |  29M|   0 |  37 |2376 |1388 |2376 |1410 | 312 |   0 |   0 | 1.179988e+04 | 1.574700e+04 |  33.45%
  1.0s|     1 |     0 |  4503 |     - |  29M|   0 |  37 |2376 |1388 |2376 |1408 | 312 |   0 |   0 | 1.179988e+04 | 1.574700e+04 |  33.45%
  1.0s|     1 |     0 |  4527 |     - |  29M|   0 |  17 |2376 |1388 |2376 |1380 | 315 |   0 |   0 | 1.180255e+04 | 1.574700e+04 |  33.42%
  1.0s|     1 |     0 |  4527 |     - |  29M|   0 |  17 |2376 |1388 |2376 |1380 | 315 |   0 |   0 | 1.180255e+04 | 1.574700e+04 |  33.42%
  1.0s|     1 |     0 |  4554 |     - |  29M|   0 |  17 |2376 |1388 |2376 |1387 | 323 |   0 |   0 | 1.180316e+04 | 1.574700e+04 |  33.41%
  1.0s|     1 |     0 |  4554 |     - |  29M|   0 |  17 |2376 |1388 |2376 |1386 | 323 |   0 |   0 | 1.180316e+04 | 1.574700e+04 |  33.41%
  1.0s|     1 |     0 |  4602 |     - |  29M|   0 |  28 |2376 |1388 |2376 |1391 | 329 |   0 |   0 | 1.180450e+04 | 1.574700e+04 |  33.40%
  1.0s|     1 |     0 |  4602 |     - |  29M|   0 |  28 |2376 |1388 |2376 |1391 | 329 |   0 |   0 | 1.180450e+04 | 1.574700e+04 |  33.40%
  1.0s|     1 |     0 |  4683 |     - |  29M|   0 |  28 |2376 |1388 |2376 |1395 | 334 |   0 |   0 | 1.182009e+04 | 1.574700e+04 |  33.22%
  1.0s|     1 |     0 |  4683 |     - |  29M|   0 |  28 |2376 |1388 |2376 |1394 | 334 |   0 |   0 | 1.182009e+04 | 1.574700e+04 |  33.22%
 time | node  | left  |LP iter|LP it/n| mem |mdpt |frac |vars |cons |cols |rows |cuts |confs|strbr|  dualbound   | primalbound  |  gap   
  1.1s|     1 |     0 |  4731 |     - |  29M|   0 |  18 |2376 |1388 |2376 |1364 | 339 |   0 |   0 | 1.200251e+04 | 1.574700e+04 |  31.20%
  1.1s|     1 |     0 |  4731 |     - |  29M|   0 |  18 |2376 |1388 |2376 |1364 | 339 |   0 |   0 | 1.200251e+04 | 1.574700e+04 |  31.20%
  1.1s|     1 |     0 |  4765 |     - |  29M|   0 |  26 |2376 |1388 |2376 |1341 | 342 |   0 |   0 | 1.200650e+04 | 1.574700e+04 |  31.15%
  1.1s|     1 |     0 |  4765 |     - |  29M|   0 |  26 |2376 |1388 |2376 |1340 | 342 |   0 |   0 | 1.200650e+04 | 1.574700e+04 |  31.15%
  1.1s|     1 |     0 |  4819 |     - |  29M|   0 |  34 |2376 |1388 |2376 |1341 | 345 |   0 |   0 | 1.200859e+04 | 1.574700e+04 |  31.13%
  1.1s|     1 |     0 |  4819 |     - |  29M|   0 |  34 |2376 |1388 |2376 |1341 | 345 |   0 |   0 | 1.200859e+04 | 1.574700e+04 |  31.13%
  1.1s|     1 |     0 |  4858 |     - |  29M|   0 |  35 |2376 |1388 |2376 |1343 | 348 |   0 |   0 | 1.200905e+04 | 1.574700e+04 |  31.13%
  1.1s|     1 |     0 |  4858 |     - |  29M|   0 |  35 |2376 |1388 |2376 |1343 | 348 |   0 |   0 | 1.200905e+04 | 1.574700e+04 |  31.13%
  1.1s|     1 |     0 |  4913 |     - |  29M|   0 |  44 |2376 |1388 |2376 |1349 | 354 |   0 |   0 | 1.201388e+04 | 1.574700e+04 |  31.07%
  1.1s|     1 |     0 |  4913 |     - |  29M|   0 |  44 |2376 |1388 |2376 |1348 | 354 |   0 |   0 | 1.201388e+04 | 1.574700e+04 |  31.07%
  1.2s|     1 |     0 |  4994 |     - |  29M|   0 |  30 |2376 |1388 |2376 |1354 | 361 |   0 |   0 | 1.202322e+04 | 1.574700e+04 |  30.97%
  1.2s|     1 |     0 |  4994 |     - |  29M|   0 |  30 |2376 |1388 |2376 |1353 | 361 |   0 |   0 | 1.202322e+04 | 1.574700e+04 |  30.97%
  1.2s|     1 |     0 |  5082 |     - |  30M|   0 |  23 |2376 |1388 |2376 |1307 | 367 |   0 |   0 | 1.203720e+04 | 1.574700e+04 |  30.82%
  1.2s|     1 |     0 |  5082 |     - |  30M|   0 |  23 |2376 |1388 |2376 |1305 | 367 |   0 |   0 | 1.203720e+04 | 1.574700e+04 |  30.82%
  1.2s|     1 |     0 |  5161 |     - |  31M|   0 |  30 |2376 |1388 |2376 |1313 | 375 |   0 |   0 | 1.204514e+04 | 1.574700e+04 |  30.73%
 time | node  | left  |LP iter|LP it/n| mem |mdpt |frac |vars |cons |cols |rows |cuts |confs|strbr|  dualbound   | primalbound  |  gap   
  1.2s|     1 |     0 |  5161 |     - |  31M|   0 |  30 |2376 |1388 |2376 |1313 | 375 |   0 |   0 | 1.204514e+04 | 1.574700e+04 |  30.73%
  1.2s|     1 |     0 |  5271 |     - |  31M|   0 |  31 |2376 |1388 |2376 |1318 | 382 |   0 |   0 | 1.211792e+04 | 1.574700e+04 |  29.95%
  1.2s|     1 |     0 |  5271 |     - |  31M|   0 |  31 |2376 |1388 |2376 |1318 | 382 |   0 |   0 | 1.211792e+04 | 1.574700e+04 |  29.95%
  1.3s|     1 |     0 |  5393 |     - |  31M|   0 |  35 |2376 |1388 |2376 |1321 | 394 |   0 |   0 | 1.213676e+04 | 1.574700e+04 |  29.75%
  1.3s|     1 |     0 |  5393 |     - |  31M|   0 |  35 |2376 |1388 |2376 |1318 | 394 |   0 |   0 | 1.213676e+04 | 1.574700e+04 |  29.75%
  1.3s|     1 |     0 |  5505 |     - |  32M|   0 |  47 |2376 |1388 |2376 |1326 | 404 |   0 |   0 | 1.214453e+04 | 1.574700e+04 |  29.66%
  1.3s|     1 |     0 |  5505 |     - |  32M|   0 |  47 |2376 |1388 |2376 |1325 | 404 |   0 |   0 | 1.214453e+04 | 1.574700e+04 |  29.66%
  1.3s|     1 |     0 |  5582 |     - |  32M|   0 |  38 |2376 |1388 |2376 |1329 | 411 |   0 |   0 | 1.214942e+04 | 1.574700e+04 |  29.61%
  1.3s|     1 |     0 |  5582 |     - |  32M|   0 |  38 |2376 |1388 |2376 |1329 | 411 |   0 |   0 | 1.214942e+04 | 1.574700e+04 |  29.61%
  1.4s|     1 |     0 |  5655 |     - |  32M|   0 |  43 |2376 |1388 |2376 |1309 | 422 |   0 |   0 | 1.217035e+04 | 1.574700e+04 |  29.39%
  1.4s|     1 |     0 |  5655 |     - |  32M|   0 |  43 |2376 |1388 |2376 |1308 | 422 |   0 |   0 | 1.217035e+04 | 1.574700e+04 |  29.39%
  1.4s|     1 |     0 |  5736 |     - |  32M|   0 |  48 |2376 |1388 |2376 |1311 | 430 |   0 |   0 | 1.241945e+04 | 1.574700e+04 |  26.79%
  1.4s|     1 |     0 |  5736 |     - |  32M|   0 |  48 |2376 |1388 |2376 |1311 | 430 |   0 |   0 | 1.241945e+04 | 1.574700e+04 |  26.79%
  1.4s|     1 |     0 |  5779 |     - |  32M|   0 |  20 |2376 |1388 |2376 |1286 | 441 |   0 |   0 | 1.242620e+04 | 1.574700e+04 |  26.72%
  1.4s|     1 |     0 |  5803 |     - |  32M|   0 |  19 |2376 |1388 |2376 |1291 | 446 |   0 |   0 | 1.242768e+04 | 1.574700e+04 |  26.71%
 time | node  | left  |LP iter|LP it/n| mem |mdpt |frac |vars |cons |cols |rows |cuts |confs|strbr|  dualbound   | primalbound  |  gap   
  1.4s|     1 |     0 |  5803 |     - |  32M|   0 |  19 |2376 |1388 |2376 |1290 | 446 |   0 |   0 | 1.242768e+04 | 1.574700e+04 |  26.71%
  1.4s|     1 |     0 |  5822 |     - |  32M|   0 |  19 |2376 |1388 |2376 |1295 | 451 |   0 |   0 | 1.242862e+04 | 1.574700e+04 |  26.70%
  1.4s|     1 |     0 |  5822 |     - |  32M|   0 |  19 |2376 |1388 |2376 |1295 | 451 |   0 |   0 | 1.242862e+04 | 1.574700e+04 |  26.70%
  1.5s|     1 |     0 |  5851 |     - |  32M|   0 |  28 |2376 |1388 |2376 |1299 | 455 |   0 |   0 | 1.242950e+04 | 1.574700e+04 |  26.69%
  1.5s|     1 |     0 |  5931 |     - |  32M|   0 |  32 |2376 |1388 |2376 |1265 | 459 |   0 |   0 | 1.243103e+04 | 1.574700e+04 |  26.67%
  1.5s|     1 |     0 |  5931 |     - |  32M|   0 |  32 |2376 |1388 |2376 |1264 | 459 |   0 |   0 | 1.243103e+04 | 1.574700e+04 |  26.67%
  1.5s|     1 |     0 |  5982 |     - |  32M|   0 |  10 |2376 |1388 |2376 |1265 | 462 |   0 |   0 | 1.258041e+04 | 1.574700e+04 |  25.17%
  1.5s|     1 |     0 |  5982 |     - |  32M|   0 |  10 |2376 |1388 |2376 |1265 | 462 |   0 |   0 | 1.258041e+04 | 1.574700e+04 |  25.17%
  1.5s|     1 |     0 |  5986 |     - |  32M|   0 |  12 |2376 |1388 |2376 |1246 | 463 |   0 |   0 | 1.258051e+04 | 1.574700e+04 |  25.17%
  1.5s|     1 |     0 |  6033 |     - |  32M|   0 |  13 |2376 |1388 |2376 |1252 | 469 |   0 |   0 | 1.258078e+04 | 1.574700e+04 |  25.17%
  1.6s|     1 |     0 |  6049 |     - |  32M|   0 |   7 |2376 |1388 |2376 |1258 | 475 |   0 |   0 | 1.258121e+04 | 1.574700e+04 |  25.16%
  1.6s|     1 |     0 |  6049 |     - |  32M|   0 |   7 |2376 |1388 |2376 |1256 | 475 |   0 |   0 | 1.258121e+04 | 1.574700e+04 |  25.16%
  1.6s|     1 |     0 |  6116 |     - |  32M|   0 |  30 |2376 |1388 |2376 |1258 | 477 |   0 |   0 | 1.258526e+04 | 1.574700e+04 |  25.12%
  1.6s|     1 |     0 |  6116 |     - |  32M|   0 |  30 |2376 |1388 |2376 |1257 | 477 |   0 |   0 | 1.258526e+04 | 1.574700e+04 |  25.12%
  1.6s|     1 |     0 |  6311 |     - |  32M|   0 |  41 |2376 |1388 |2376 |1223 | 486 |   0 |   0 | 1.260457e+04 | 1.574700e+04 |  24.93%
 time | node  | left  |LP iter|LP it/n| mem |mdpt |frac |vars |cons |cols |rows |cuts |confs|strbr|  dualbound   | primalbound  |  gap   
  1.6s|     1 |     0 |  6311 |     - |  32M|   0 |  41 |2376 |1388 |2376 |1222 | 486 |   0 |   0 | 1.260457e+04 | 1.574700e+04 |  24.93%
  1.6s|     1 |     0 |  6370 |     - |  32M|   0 |  32 |2376 |1388 |2376 |1229 | 495 |   0 |   0 | 1.260956e+04 | 1.574700e+04 |  24.88%
  1.6s|     1 |     0 |  6370 |     - |  32M|   0 |  32 |2376 |1388 |2376 |1228 | 495 |   0 |   0 | 1.260956e+04 | 1.574700e+04 |  24.88%
  1.7s|     1 |     0 |  6456 |     - |  32M|   0 |  27 |2376 |1388 |2376 |1236 | 503 |   0 |   0 | 1.261445e+04 | 1.574700e+04 |  24.83%
  1.7s|     1 |     0 |  6456 |     - |  32M|   0 |  27 |2376 |1388 |2376 |1235 | 503 |   0 |   0 | 1.261445e+04 | 1.574700e+04 |  24.83%
  1.7s|     1 |     0 |  6602 |     - |  32M|   0 |  40 |2376 |1388 |2376 |1244 | 513 |   0 |   0 | 1.262046e+04 | 1.574700e+04 |  24.77%
  1.7s|     1 |     0 |  6602 |     - |  33M|   0 |  40 |2376 |1388 |2376 |1240 | 513 |   0 |   0 | 1.262046e+04 | 1.574700e+04 |  24.77%
  1.7s|     1 |     0 |  6643 |     - |  33M|   0 |  45 |2376 |1388 |2376 |1248 | 522 |   0 |   0 | 1.262534e+04 | 1.574700e+04 |  24.73%
  1.7s|     1 |     0 |  6643 |     - |  33M|   0 |  45 |2376 |1388 |2376 |1247 | 522 |   0 |   0 | 1.262534e+04 | 1.574700e+04 |  24.73%
  1.8s|     1 |     0 |  6689 |     - |  33M|   0 |  34 |2376 |1388 |2376 |1254 | 530 |   0 |   0 | 1.263340e+04 | 1.574700e+04 |  24.65%
  1.8s|     1 |     0 |  6689 |     - |  33M|   0 |  34 |2376 |1388 |2376 |1254 | 530 |   0 |   0 | 1.263340e+04 | 1.574700e+04 |  24.65%
  1.8s|     1 |     0 |  6793 |     - |  33M|   0 |  35 |2376 |1388 |2376 |1239 | 538 |   0 |   0 | 1.264078e+04 | 1.574700e+04 |  24.57%
  1.8s|     1 |     0 |  6793 |     - |  33M|   0 |  35 |2376 |1388 |2376 |1238 | 538 |   0 |   0 | 1.264078e+04 | 1.574700e+04 |  24.57%
  1.8s|     1 |     0 |  6858 |     - |  33M|   0 |  44 |2376 |1388 |2376 |1246 | 547 |   0 |   0 | 1.264403e+04 | 1.574700e+04 |  24.54%
  1.8s|     1 |     0 |  6858 |     - |  33M|   0 |  44 |2376 |1388 |2376 |1244 | 547 |   0 |   0 | 1.264403e+04 | 1.574700e+04 |  24.54%
 time | node  | left  |LP iter|LP it/n| mem |mdpt |frac |vars |cons |cols |rows |cuts |confs|strbr|  dualbound   | primalbound  |  gap   
  1.8s|     1 |     0 |  6886 |     - |  33M|   0 |  16 |2376 |1388 |2376 |1253 | 556 |   0 |   0 | 1.264822e+04 | 1.574700e+04 |  24.50%
  1.8s|     1 |     0 |  6886 |     - |  33M|   0 |  16 |2376 |1388 |2376 |1253 | 556 |   0 |   0 | 1.264822e+04 | 1.574700e+04 |  24.50%
  1.9s|     1 |     0 |  6937 |     - |  33M|   0 |  37 |2376 |1388 |2376 |1257 | 560 |   0 |   0 | 1.264896e+04 | 1.574700e+04 |  24.49%
  1.9s|     1 |     0 |  6973 |     - |  33M|   0 |  19 |2376 |1388 |2376 |1261 | 564 |   0 |   0 | 1.279025e+04 | 1.574700e+04 |  23.12%
  1.9s|     1 |     0 |  6973 |     - |  33M|   0 |  19 |2376 |1388 |2376 |1260 | 564 |   0 |   0 | 1.279025e+04 | 1.574700e+04 |  23.12%
  1.9s|     1 |     0 |  7049 |     - |  33M|   0 |  12 |2376 |1388 |2376 |1242 | 566 |   0 |   0 | 1.279803e+04 | 1.574700e+04 |  23.04%
  1.9s|     1 |     0 |  7049 |     - |  33M|   0 |  12 |2376 |1388 |2376 |1241 | 566 |   0 |   0 | 1.279803e+04 | 1.574700e+04 |  23.04%
  1.9s|     1 |     0 |  7083 |     - |  33M|   0 |  22 |2376 |1388 |2376 |1197 | 569 |   0 |   0 | 1.279896e+04 | 1.574700e+04 |  23.03%
  1.9s|     1 |     0 |  7151 |     - |  33M|   0 |  33 |2376 |1388 |2376 |1201 | 573 |   0 |   0 | 1.280195e+04 | 1.574700e+04 |  23.00%
  1.9s|     1 |     0 |  7151 |     - |  33M|   0 |  33 |2376 |1388 |2376 |1198 | 573 |   0 |   0 | 1.280195e+04 | 1.574700e+04 |  23.00%
  2.0s|     1 |     0 |  7171 |     - |  33M|   0 |  30 |2376 |1388 |2376 |1205 | 581 |   0 |   0 | 1.280224e+04 | 1.574700e+04 |  23.00%
  2.0s|     1 |     0 |  7171 |     - |  33M|   0 |  30 |2376 |1388 |2376 |1205 | 581 |   0 |   0 | 1.280224e+04 | 1.574700e+04 |  23.00%
  2.0s|     1 |     0 |  7198 |     - |  33M|   0 |  27 |2376 |1388 |2376 |1208 | 585 |   0 |   0 | 1.280305e+04 | 1.574700e+04 |  22.99%
  2.0s|     1 |     0 |  7215 |     - |  33M|   0 |  23 |2376 |1388 |2376 |1212 | 589 |   0 |   0 | 1.280402e+04 | 1.574700e+04 |  22.98%
  2.0s|     1 |     0 |  7222 |     - |  33M|   0 |  20 |2376 |1388 |2376 |1216 | 593 |   0 |   0 | 1.280422e+04 | 1.574700e+04 |  22.98%
 time | node  | left  |LP iter|LP it/n| mem |mdpt |frac |vars |cons |cols |rows |cuts |confs|strbr|  dualbound   | primalbound  |  gap   
  2.0s|     1 |     0 |  7237 |     - |  33M|   0 |  34 |2376 |1388 |2376 |1165 | 597 |   0 |   0 | 1.280451e+04 | 1.574700e+04 |  22.98%
  2.0s|     1 |     0 |  7252 |     - |  33M|   0 |  25 |2376 |1388 |2376 |1170 | 602 |   0 |   0 | 1.280491e+04 | 1.574700e+04 |  22.98%
  2.0s|     1 |     0 |  7289 |     - |  33M|   0 |  24 |2376 |1388 |2376 |1175 | 607 |   0 |   0 | 1.290830e+04 | 1.574700e+04 |  21.99%
  2.0s|     1 |     0 |  7289 |     - |  33M|   0 |  24 |2376 |1388 |2376 |1173 | 607 |   0 |   0 | 1.290830e+04 | 1.574700e+04 |  21.99%
  2.1s|     1 |     0 |  7305 |     - |  33M|   0 |  38 |2376 |1388 |2376 |1157 | 613 |   0 |   0 | 1.290982e+04 | 1.574700e+04 |  21.98%
  2.1s|     1 |     0 |  7305 |     - |  33M|   0 |  38 |2376 |1388 |2376 |1157 | 613 |   0 |   0 | 1.290982e+04 | 1.574700e+04 |  21.98%
  2.1s|     1 |     0 |  7340 |     - |  33M|   0 |  37 |2376 |1388 |2376 |1161 | 618 |   0 |   0 | 1.291107e+04 | 1.574700e+04 |  21.97%
  2.1s|     1 |     0 |  7340 |     - |  33M|   0 |  37 |2376 |1388 |2376 |1161 | 618 |   0 |   0 | 1.291107e+04 | 1.574700e+04 |  21.97%
  2.1s|     1 |     0 |  7384 |     - |  33M|   0 |  33 |2376 |1388 |2376 |1167 | 624 |   0 |   0 | 1.291318e+04 | 1.574700e+04 |  21.95%
  2.1s|     1 |     0 |  7389 |     - |  33M|   0 |  30 |2376 |1388 |2376 |1138 | 628 |   0 |   0 | 1.291373e+04 | 1.574700e+04 |  21.94%
  2.1s|     1 |     0 |  7422 |     - |  33M|   0 |  34 |2376 |1388 |2376 |1144 | 634 |   0 |   0 | 1.291470e+04 | 1.574700e+04 |  21.93%
  2.1s|     1 |     0 |  7431 |     - |  33M|   0 |  37 |2376 |1388 |2376 |1148 | 638 |   0 |   0 | 1.291524e+04 | 1.574700e+04 |  21.93%
  2.2s|     1 |     0 |  7460 |     - |  33M|   0 |  33 |2376 |1388 |2376 |1151 | 641 |   0 |   0 | 1.291556e+04 | 1.574700e+04 |  21.92%
  2.2s|     1 |     0 |  7482 |     - |  33M|   0 |  18 |2376 |1388 |2376 |1156 | 646 |   0 |   0 | 1.304798e+04 | 1.574700e+04 |  20.69%
  2.2s|     1 |     0 |  7482 |     - |  35M|   0 |  18 |2376 |1388 |2376 |1155 | 646 |   0 |   0 | 1.304798e+04 | 1.574700e+04 |  20.69%
 time | node  | left  |LP iter|LP it/n| mem |mdpt |frac |vars |cons |cols |rows |cuts |confs|strbr|  dualbound   | primalbound  |  gap   
  2.2s|     1 |     0 |  7523 |     - |  35M|   0 |  37 |2376 |1388 |2376 |1128 | 650 |   0 |   0 | 1.304922e+04 | 1.574700e+04 |  20.67%
  2.2s|     1 |     0 |  7530 |     - |  35M|   0 |  17 |2376 |1388 |2376 |1119 | 655 |   0 |   0 | 1.304940e+04 | 1.574700e+04 |  20.67%
  2.2s|     1 |     0 |  7551 |     - |  35M|   0 |  30 |2376 |1388 |2376 |1123 | 659 |   0 |   0 | 1.304971e+04 | 1.574700e+04 |  20.67%
  2.2s|     1 |     0 |  7573 |     - |  35M|   0 |  18 |2376 |1388 |2376 |1127 | 663 |   0 |   0 | 1.304993e+04 | 1.574700e+04 |  20.67%
  2.2s|     1 |     0 |  7573 |     - |  35M|   0 |  18 |2376 |1388 |2376 |1126 | 663 |   0 |   0 | 1.304993e+04 | 1.574700e+04 |  20.67%
  2.3s|     1 |     0 |  7635 |     - |  35M|   0 |  37 |2376 |1388 |2376 |1130 | 667 |   0 |   0 | 1.305065e+04 | 1.574700e+04 |  20.66%
  2.3s|     1 |     0 |  7635 |     - |  35M|   0 |  37 |2376 |1388 |2376 |1129 | 667 |   0 |   0 | 1.305065e+04 | 1.574700e+04 |  20.66%
  2.3s|     1 |     0 |  7653 |     - |  35M|   0 |  29 |2376 |1388 |2376 |1131 | 669 |   0 |   0 | 1.305127e+04 | 1.574700e+04 |  20.65%
  2.3s|     1 |     0 |  7653 |     - |  35M|   0 |  29 |2376 |1388 |2376 |1131 | 669 |   0 |   0 | 1.305127e+04 | 1.574700e+04 |  20.65%
  2.3s|     1 |     0 |  7686 |     - |  35M|   0 |  28 |2376 |1388 |2376 |1135 | 673 |   0 |   0 | 1.305219e+04 | 1.574700e+04 |  20.65%
  2.3s|     1 |     0 |  7686 |     - |  35M|   0 |  28 |2376 |1388 |2376 |1134 | 673 |   0 |   0 | 1.305219e+04 | 1.574700e+04 |  20.65%
  2.3s|     1 |     0 |  7706 |     - |  35M|   0 |  34 |2376 |1388 |2376 |1102 | 677 |   0 |   0 | 1.305277e+04 | 1.574700e+04 |  20.64%
  2.3s|     1 |     0 |  7729 |     - |  35M|   0 |  33 |2376 |1388 |2376 |1106 | 681 |   0 |   0 | 1.305348e+04 | 1.574700e+04 |  20.63%
  2.3s|     1 |     0 |  7738 |     - |  35M|   0 |  32 |2376 |1388 |2376 |1110 | 685 |   0 |   0 | 1.305411e+04 | 1.574700e+04 |  20.63%
  2.3s|     1 |     0 |  7738 |     - |  35M|   0 |  32 |2376 |1388 |2376 |1110 | 685 |   0 |   0 | 1.305411e+04 | 1.574700e+04 |  20.63%
 time | node  | left  |LP iter|LP it/n| mem |mdpt |frac |vars |cons |cols |rows |cuts |confs|strbr|  dualbound   | primalbound  |  gap   
  2.4s|     1 |     0 |  7743 |     - |  35M|   0 |  30 |2376 |1388 |2376 |1112 | 688 |   0 |   0 | 1.305427e+04 | 1.574700e+04 |  20.63%
  2.4s|     1 |     0 |  7762 |     - |  35M|   0 |  44 |2376 |1388 |2376 |1117 | 693 |   0 |   0 | 1.305439e+04 | 1.574700e+04 |  20.63%
  2.4s|     1 |     0 |  7776 |     - |  35M|   0 |  39 |2376 |1388 |2376 |1119 | 695 |   0 |   0 | 1.305476e+04 | 1.574700e+04 |  20.62%
  2.4s|     1 |     0 |  7789 |     - |  35M|   0 |  31 |2376 |1388 |2376 |1104 | 697 |   0 |   0 | 1.305505e+04 | 1.574700e+04 |  20.62%
  2.4s|     1 |     0 |  7813 |     - |  35M|   0 |  52 |2376 |1388 |2376 |1106 | 699 |   0 |   0 | 1.305533e+04 | 1.574700e+04 |  20.62%
  2.4s|     1 |     0 |  7864 |     - |  35M|   0 |  35 |2376 |1388 |2376 |1108 | 701 |   0 |   0 | 1.305616e+04 | 1.574700e+04 |  20.61%
  2.4s|     1 |     0 |  7864 |     - |  35M|   0 |  35 |2376 |1388 |2376 |1108 | 701 |   0 |   0 | 1.305616e+04 | 1.574700e+04 |  20.61%
  2.4s|     1 |     0 |  7864 |     - |  35M|   0 |  35 |2376 | 799 |2376 |1108 | 701 |   0 |   0 | 1.305616e+04 | 1.574700e+04 |  20.61%
  2.4s|     1 |     0 |  7876 |     - |  35M|   0 |  41 |2376 | 799 |2376 |1110 | 703 |   0 |   0 | 1.305629e+04 | 1.574700e+04 |  20.61%
  2.4s|     1 |     0 |  7876 |     - |  35M|   0 |  41 |2376 | 799 |2376 |1081 | 703 |   0 |   0 | 1.305629e+04 | 1.574700e+04 |  20.61%
  2.5s|     1 |     0 |  7898 |     - |  35M|   0 |  44 |2376 | 799 |2376 |1083 | 705 |   0 |   0 | 1.305650e+04 | 1.574700e+04 |  20.61%
  2.5s|     1 |     0 |  7909 |     - |  35M|   0 |  39 |2376 | 799 |2376 |1086 | 708 |   0 |   0 | 1.305670e+04 | 1.574700e+04 |  20.60%
  2.5s|     1 |     0 |  7909 |     - |  35M|   0 |  39 |2376 | 799 |2376 |1086 | 708 |   0 |   0 | 1.305670e+04 | 1.574700e+04 |  20.60%
  2.5s|     1 |     0 |  7925 |     - |  35M|   0 |  42 |2376 | 799 |2376 |1054 | 710 |   0 |   0 | 1.305686e+04 | 1.574700e+04 |  20.60%
  2.5s|     1 |     0 |  7950 |     - |  35M|   0 |  42 |2376 | 799 |2376 |1057 | 713 |   0 |   0 | 1.305709e+04 | 1.574700e+04 |  20.60%
 time | node  | left  |LP iter|LP it/n| mem |mdpt |frac |vars |cons |cols |rows |cuts |confs|strbr|  dualbound   | primalbound  |  gap   
  2.5s|     1 |     0 |  7962 |     - |  35M|   0 |  43 |2376 | 799 |2376 |1059 | 715 |   0 |   0 | 1.305719e+04 | 1.574700e+04 |  20.60%
  2.5s|     1 |     0 |  7962 |     - |  35M|   0 |  43 |2376 | 799 |2376 |1059 | 715 |   0 |   0 | 1.305719e+04 | 1.574700e+04 |  20.60%
  2.5s|     1 |     0 |  7976 |     - |  36M|   0 |  45 |2376 | 799 |2376 |1061 | 717 |   0 |   0 | 1.305751e+04 | 1.574700e+04 |  20.60%
  2.5s|     1 |     0 |  8010 |     - |  36M|   0 |  54 |2376 | 799 |2376 |1063 | 719 |   0 |   0 | 1.305776e+04 | 1.574700e+04 |  20.59%
  2.6s|     1 |     0 |  8044 |     - |  36M|   0 |  52 |2376 | 799 |2376 |1065 | 721 |   0 |   0 | 1.305795e+04 | 1.574700e+04 |  20.59%
  2.6s|     1 |     0 |  8044 |     - |  36M|   0 |  52 |2376 | 799 |2376 |1063 | 721 |   0 |   0 | 1.305795e+04 | 1.574700e+04 |  20.59%
  2.6s|     1 |     0 |  8071 |     - |  36M|   0 |  29 |2376 | 799 |2376 |1051 | 724 |   0 |   0 | 1.305814e+04 | 1.574700e+04 |  20.59%
  2.6s|     1 |     0 |  8091 |     - |  36M|   0 |  44 |2376 | 799 |2376 |1054 | 727 |   0 |   0 | 1.305864e+04 | 1.574700e+04 |  20.59%
E 2.9s|     1 |     0 |  9192 |     - |  37M|   0 |  44 |2376 | 797 |2376 |1054 | 727 |   2 |   0 | 1.305864e+04 | 1.507800e+04 |  15.46%
(run 1, node 1) restarting after 563 global fixings of integer variables

(restart) converted 106 cuts from the global cut pool into linear constraints

presolving:
(round 1, fast)       1140 del vars, 14 del conss, 0 add conss, 0 chg bounds, 0 chg sides, 0 chg coeffs, 0 upgd conss, 1202 impls, 0 clqs
(round 2, fast)       1142 del vars, 15 del conss, 0 add conss, 2 chg bounds, 0 chg sides, 0 chg coeffs, 0 upgd conss, 1202 impls, 0 clqs
(round 3, fast)       1147 del vars, 27 del conss, 0 add conss, 2 chg bounds, 0 chg sides, 0 chg coeffs, 0 upgd conss, 1202 impls, 0 clqs
(round 4, fast)       1159 del vars, 27 del conss, 0 add conss, 2 chg bounds, 0 chg sides, 0 chg coeffs, 0 upgd conss, 1202 impls, 0 clqs
(round 5, exhaustive) 1159 del vars, 27 del conss, 0 add conss, 2 chg bounds, 0 chg sides, 0 chg coeffs, 18 upgd conss, 1202 impls, 0 clqs
presolving (6 rounds: 6 fast, 2 medium, 2 exhaustive):
 1159 deleted vars, 27 deleted constraints, 0 added constraints, 2 tightened bounds, 0 added holes, 0 changed sides, 0 changed coefficients
 1202 implications, 0 cliques
presolved problem has 1217 variables (613 bin, 0 int, 0 impl, 604 cont) and 876 constraints
    613 constraints of type <varbound>
    243 constraints of type <linear>
     20 constraints of type <logicor>
transformed objective value is always integral (scale: 1)
Presolving Time: 0.05
transformed 99/100 original solutions to the transformed problem space

 time | node  | left  |LP iter|LP it/n| mem |mdpt |frac |vars |cons |cols |rows |cuts |confs|strbr|  dualbound   | primalbound  |  gap   
  3.0s|     1 |     0 | 10006 |     - |  41M|   0 |  44 |1217 | 876 |1217 | 873 |   0 |   2 |   0 | 1.305864e+04 | 1.507800e+04 |  15.46%
  3.0s|     1 |     0 | 10006 |     - |  41M|   0 |  44 |1217 | 876 |1217 | 873 |   0 |   2 |   0 | 1.305864e+04 | 1.507800e+04 |  15.46%
  3.0s|     1 |     0 | 10054 |     - |  41M|   0 |  33 |1217 | 876 |1217 | 751 |   4 |   2 |   0 | 1.309607e+04 | 1.507800e+04 |  15.13%
  3.0s|     1 |     0 | 10054 |     - |  41M|   0 |  33 |1217 | 876 |1217 | 745 |   4 |   2 |   0 | 1.309607e+04 | 1.507800e+04 |  15.13%
  3.0s|     1 |     0 | 10109 |     - |  41M|   0 |  26 |1217 | 876 |1217 | 739 |   7 |   2 |   0 | 1.319477e+04 | 1.507800e+04 |  14.27%
  3.0s|     1 |     0 | 10109 |     - |  41M|   0 |  26 |1217 | 876 |1217 | 737 |   7 |   2 |   0 | 1.319477e+04 | 1.507800e+04 |  14.27%
  3.0s|     1 |     0 | 10145 |     - |  41M|   0 |  16 |1217 | 876 |1217 | 728 |  13 |   2 |   0 | 1.341235e+04 | 1.507800e+04 |  12.42%
  3.1s|     1 |     0 | 10145 |     - |  41M|   0 |  16 |1217 | 876 |1217 | 728 |  13 |   2 |   0 | 1.341235e+04 | 1.507800e+04 |  12.42%
  3.1s|     1 |     0 | 10236 |     - |  41M|   0 |  44 |1217 | 876 |1217 | 702 |  20 |   2 |   0 | 1.341623e+04 | 1.507800e+04 |  12.39%
  3.1s|     1 |     0 | 10236 |     - |  41M|   0 |  44 |1217 | 876 |1217 | 697 |  20 |   2 |   0 | 1.341623e+04 | 1.507800e+04 |  12.39%
  3.1s|     1 |     0 | 10283 |     - |  41M|   0 |  29 |1217 | 876 |1217 | 703 |  28 |   2 |   0 | 1.342017e+04 | 1.507800e+04 |  12.35%
  3.1s|     1 |     0 | 10283 |     - |  41M|   0 |  29 |1217 | 876 |1217 | 703 |  28 |   2 |   0 | 1.342017e+04 | 1.507800e+04 |  12.35%
  3.1s|     1 |     0 | 10349 |     - |  41M|   0 |  23 |1217 | 876 |1217 | 705 |  32 |   2 |   0 | 1.380385e+04 | 1.507800e+04 |   9.23%
  3.1s|     1 |     0 | 10349 |     - |  41M|   0 |  23 |1217 | 876 |1217 | 704 |  32 |   2 |   0 | 1.380385e+04 | 1.507800e+04 |   9.23%
  3.1s|     1 |     0 | 10355 |     - |  41M|   0 |  24 |1217 | 876 |1217 | 669 |  37 |   2 |   0 | 1.380460e+04 | 1.507800e+04 |   9.22%
 time | node  | left  |LP iter|LP it/n| mem |mdpt |frac |vars |cons |cols |rows |cuts |confs|strbr|  dualbound   | primalbound  |  gap   
  3.1s|     1 |     0 | 10417 |     - |  42M|   0 |  37 |1217 | 876 |1217 | 673 |  41 |   2 |   0 | 1.385722e+04 | 1.507800e+04 |   8.81%
  3.1s|     1 |     0 | 10417 |     - |  42M|   0 |  37 |1217 | 876 |1217 | 662 |  41 |   2 |   0 | 1.385722e+04 | 1.507800e+04 |   8.81%
  3.1s|     1 |     0 | 10439 |     - |  42M|   0 |  29 |1217 | 876 |1217 | 655 |  47 |   2 |   0 | 1.386382e+04 | 1.507800e+04 |   8.76%
  3.1s|     1 |     0 | 10439 |     - |  42M|   0 |  29 |1217 | 876 |1217 | 654 |  47 |   2 |   0 | 1.386382e+04 | 1.507800e+04 |   8.76%
  3.2s|     1 |     0 | 10493 |     - |  42M|   0 |  28 |1217 | 876 |1217 | 658 |  52 |   2 |   0 | 1.386538e+04 | 1.507800e+04 |   8.75%
  3.2s|     1 |     0 | 10493 |     - |  42M|   0 |  28 |1217 | 876 |1217 | 656 |  52 |   2 |   0 | 1.386538e+04 | 1.507800e+04 |   8.75%
  3.2s|     1 |     0 | 10588 |     - |  42M|   0 |  37 |1217 | 876 |1217 | 622 |  59 |   2 |   0 | 1.387648e+04 | 1.507800e+04 |   8.66%
  3.2s|     1 |     0 | 10588 |     - |  42M|   0 |  37 |1217 | 876 |1217 | 610 |  59 |   2 |   0 | 1.387648e+04 | 1.507800e+04 |   8.66%
  3.2s|     1 |     0 | 10661 |     - |  42M|   0 |  23 |1217 | 876 |1217 | 615 |  67 |   2 |   0 | 1.389524e+04 | 1.507800e+04 |   8.51%
  3.2s|     1 |     0 | 10661 |     - |  42M|   0 |  23 |1217 | 876 |1217 | 611 |  67 |   2 |   0 | 1.389524e+04 | 1.507800e+04 |   8.51%
  3.2s|     1 |     0 | 10683 |     - |  42M|   0 |  24 |1217 | 876 |1217 | 619 |  75 |   2 |   0 | 1.389969e+04 | 1.507800e+04 |   8.48%
  3.2s|     1 |     0 | 10683 |     - |  42M|   0 |  24 |1217 | 876 |1217 | 618 |  75 |   2 |   0 | 1.389969e+04 | 1.507800e+04 |   8.48%
  3.2s|     1 |     0 | 10710 |     - |  42M|   0 |  40 |1217 | 876 |1217 | 626 |  85 |   2 |   0 | 1.390555e+04 | 1.507800e+04 |   8.43%
  3.2s|     1 |     0 | 10710 |     - |  42M|   0 |  40 |1217 | 876 |1217 | 626 |  85 |   2 |   0 | 1.390555e+04 | 1.507800e+04 |   8.43%
  3.2s|     1 |     0 | 10742 |     - |  42M|   0 |  41 |1217 | 876 |1217 | 634 |  93 |   2 |   0 | 1.390865e+04 | 1.507800e+04 |   8.41%
 time | node  | left  |LP iter|LP it/n| mem |mdpt |frac |vars |cons |cols |rows |cuts |confs|strbr|  dualbound   | primalbound  |  gap   
  3.2s|     1 |     0 | 10742 |     - |  42M|   0 |  41 |1217 | 876 |1217 | 634 |  93 |   2 |   0 | 1.390865e+04 | 1.507800e+04 |   8.41%
  3.3s|     1 |     0 | 10775 |     - |  42M|   0 |  27 |1217 | 876 |1217 | 643 | 102 |   2 |   0 | 1.391409e+04 | 1.507800e+04 |   8.36%
  3.3s|     1 |     0 | 10775 |     - |  42M|   0 |  27 |1217 | 876 |1217 | 643 | 102 |   2 |   0 | 1.391409e+04 | 1.507800e+04 |   8.36%
  3.3s|     1 |     0 | 10819 |     - |  42M|   0 |  40 |1217 | 876 |1217 | 625 | 108 |   2 |   0 | 1.391951e+04 | 1.507800e+04 |   8.32%
  3.3s|     1 |     0 | 10819 |     - |  42M|   0 |  40 |1217 | 876 |1217 | 625 | 108 |   2 |   0 | 1.391951e+04 | 1.507800e+04 |   8.32%
  3.3s|     1 |     0 | 10870 |     - |  42M|   0 |  31 |1217 | 876 |1217 | 637 | 121 |   2 |   0 | 1.401433e+04 | 1.507800e+04 |   7.59%
  3.3s|     1 |     0 | 10870 |     - |  42M|   0 |  31 |1217 | 876 |1217 | 635 | 121 |   2 |   0 | 1.401433e+04 | 1.507800e+04 |   7.59%
  3.3s|     1 |     0 | 10900 |     - |  42M|   0 |  40 |1217 | 876 |1217 | 624 | 127 |   2 |   0 | 1.401955e+04 | 1.507800e+04 |   7.55%
  3.3s|     1 |     0 | 10940 |     - |  42M|   0 |  33 |1217 | 876 |1217 | 631 | 134 |   2 |   0 | 1.406945e+04 | 1.507800e+04 |   7.17%
  3.3s|     1 |     0 | 10940 |     - |  42M|   0 |  33 |1217 | 876 |1217 | 630 | 134 |   2 |   0 | 1.406945e+04 | 1.507800e+04 |   7.17%
  3.3s|     1 |     0 | 10959 |     - |  42M|   0 |  42 |1217 | 876 |1217 | 630 | 141 |   2 |   0 | 1.407089e+04 | 1.507800e+04 |   7.16%
  3.4s|     1 |     0 | 11018 |     - |  42M|   0 |  47 |1217 | 876 |1217 | 635 | 146 |   2 |   0 | 1.410626e+04 | 1.507800e+04 |   6.89%
  3.4s|     1 |     0 | 11018 |     - |  42M|   0 |  47 |1217 | 876 |1217 | 635 | 146 |   2 |   0 | 1.410626e+04 | 1.507800e+04 |   6.89%
  3.4s|     1 |     0 | 11104 |     - |  42M|   0 |  30 |1217 | 876 |1217 | 606 | 157 |   2 |   0 | 1.414098e+04 | 1.507800e+04 |   6.63%
  3.4s|     1 |     0 | 11104 |     - |  42M|   0 |  30 |1217 | 876 |1217 | 606 | 157 |   2 |   0 | 1.414098e+04 | 1.507800e+04 |   6.63%
 time | node  | left  |LP iter|LP it/n| mem |mdpt |frac |vars |cons |cols |rows |cuts |confs|strbr|  dualbound   | primalbound  |  gap   
  3.4s|     1 |     0 | 11137 |     - |  42M|   0 |  42 |1217 | 876 |1217 | 613 | 166 |   2 |   0 | 1.414454e+04 | 1.507800e+04 |   6.60%
  3.4s|     1 |     0 | 11194 |     - |  42M|   0 |  32 |1217 | 876 |1217 | 620 | 173 |   2 |   0 | 1.415135e+04 | 1.507800e+04 |   6.55%
  3.4s|     1 |     0 | 11233 |     - |  42M|   0 |  46 |1217 | 876 |1217 | 625 | 178 |   2 |   0 | 1.416698e+04 | 1.507800e+04 |   6.43%
  3.5s|     1 |     0 | 11326 |     - |  42M|   0 |  53 |1217 | 876 |1217 | 635 | 188 |   2 |   0 | 1.421196e+04 | 1.507800e+04 |   6.09%
  3.5s|     1 |     0 | 11326 |     - |  42M|   0 |  53 |1217 | 876 |1217 | 632 | 188 |   2 |   0 | 1.421196e+04 | 1.507800e+04 |   6.09%
  3.5s|     1 |     0 | 11358 |     - |  42M|   0 |  61 |1217 | 876 |1217 | 640 | 196 |   2 |   0 | 1.421766e+04 | 1.507800e+04 |   6.05%
  3.5s|     1 |     0 | 11358 |     - |  42M|   0 |  61 |1217 | 876 |1217 | 639 | 196 |   2 |   0 | 1.421766e+04 | 1.507800e+04 |   6.05%
  3.5s|     1 |     0 | 11413 |     - |  42M|   0 |  56 |1217 | 876 |1217 | 602 | 205 |   2 |   0 | 1.422339e+04 | 1.507800e+04 |   6.01%
  3.5s|     1 |     0 | 11504 |     - |  42M|   0 |  61 |1217 | 876 |1217 | 612 | 215 |   2 |   0 | 1.422654e+04 | 1.507800e+04 |   5.99%
  3.5s|     1 |     0 | 11504 |     - |  42M|   0 |  61 |1217 | 876 |1217 | 610 | 215 |   2 |   0 | 1.422654e+04 | 1.507800e+04 |   5.99%
  3.6s|     1 |     0 | 11579 |     - |  42M|   0 |  64 |1217 | 876 |1217 | 615 | 220 |   2 |   0 | 1.423138e+04 | 1.507800e+04 |   5.95%
  3.6s|     1 |     0 | 11621 |     - |  42M|   0 |  61 |1217 | 876 |1217 | 620 | 225 |   2 |   0 | 1.423351e+04 | 1.507800e+04 |   5.93%
  3.6s|     1 |     0 | 11621 |     - |  42M|   0 |  61 |1217 | 876 |1217 | 620 | 225 |   2 |   0 | 1.423351e+04 | 1.507800e+04 |   5.93%
  3.6s|     1 |     0 | 11689 |     - |  42M|   0 |  60 |1217 | 876 |1217 | 624 | 229 |   2 |   0 | 1.434196e+04 | 1.507800e+04 |   5.13%
  3.6s|     1 |     0 | 11689 |     - |  42M|   0 |  60 |1217 | 876 |1217 | 624 | 229 |   2 |   0 | 1.434196e+04 | 1.507800e+04 |   5.13%
 time | node  | left  |LP iter|LP it/n| mem |mdpt |frac |vars |cons |cols |rows |cuts |confs|strbr|  dualbound   | primalbound  |  gap   
  3.6s|     1 |     0 | 11745 |     - |  42M|   0 |  64 |1217 | 876 |1217 | 629 | 236 |   2 |   0 | 1.434571e+04 | 1.507800e+04 |   5.10%
  3.6s|     1 |     0 | 11793 |     - |  42M|   0 |  55 |1217 | 876 |1217 | 588 | 242 |   2 |   0 | 1.434912e+04 | 1.507800e+04 |   5.08%
  3.7s|     1 |     0 | 11804 |     - |  42M|   0 |  36 |1217 | 876 |1217 | 593 | 247 |   2 |   0 | 1.435166e+04 | 1.507800e+04 |   5.06%
  3.7s|     1 |     0 | 11804 |     - |  42M|   0 |  36 |1217 | 876 |1217 | 590 | 247 |   2 |   0 | 1.435166e+04 | 1.507800e+04 |   5.06%
  3.7s|     1 |     0 | 11821 |     - |  42M|   0 |  57 |1217 | 876 |1217 | 594 | 252 |   2 |   0 | 1.435291e+04 | 1.507800e+04 |   5.05%
  3.7s|     1 |     0 | 11889 |     - |  42M|   0 |  71 |1217 | 876 |1217 | 601 | 259 |   2 |   0 | 1.436005e+04 | 1.507800e+04 |   5.00%
  3.7s|     1 |     0 | 11931 |     - |  42M|   0 |  51 |1217 | 876 |1217 | 605 | 263 |   2 |   0 | 1.436707e+04 | 1.507800e+04 |   4.95%
  3.8s|     1 |     0 | 11980 |     - |  43M|   0 |  46 |1217 | 876 |1217 | 613 | 271 |   2 |   0 | 1.437206e+04 | 1.507800e+04 |   4.91%
  3.8s|     1 |     0 | 11980 |     - |  43M|   0 |  46 |1217 | 876 |1217 | 613 | 271 |   2 |   0 | 1.437206e+04 | 1.507800e+04 |   4.91%
  3.8s|     1 |     0 | 12022 |     - |  43M|   0 |  41 |1217 | 876 |1217 | 562 | 276 |   2 |   0 | 1.462499e+04 | 1.507800e+04 |   3.10%
  3.8s|     1 |     0 | 12022 |     - |  43M|   0 |  41 |1217 | 876 |1217 | 562 | 276 |   2 |   0 | 1.462499e+04 | 1.507800e+04 |   3.10%
  3.8s|     1 |     0 | 12076 |     - |  43M|   0 |  45 |1217 | 876 |1217 | 561 | 281 |   2 |   0 | 1.466309e+04 | 1.507800e+04 |   2.83%
  3.8s|     1 |     0 | 12076 |     - |  43M|   0 |  45 |1217 | 876 |1217 | 561 | 281 |   2 |   0 | 1.466309e+04 | 1.507800e+04 |   2.83%
  3.8s|     1 |     0 | 12139 |     - |  43M|   0 |  46 |1217 | 876 |1217 | 570 | 291 |   2 |   0 | 1.466822e+04 | 1.507800e+04 |   2.79%
  3.8s|     1 |     0 | 12190 |     - |  44M|   0 |  57 |1217 | 876 |1217 | 576 | 297 |   2 |   0 | 1.467986e+04 | 1.507800e+04 |   2.71%
 time | node  | left  |LP iter|LP it/n| mem |mdpt |frac |vars |cons |cols |rows |cuts |confs|strbr|  dualbound   | primalbound  |  gap   
  3.9s|     1 |     0 | 12335 |     - |  44M|   0 |  54 |1217 | 876 |1217 | 586 | 307 |   2 |   0 | 1.468930e+04 | 1.507800e+04 |   2.65%
  3.9s|     1 |     0 | 12384 |     - |  44M|   0 |  49 |1217 | 876 |1217 | 590 | 311 |   2 |   0 | 1.469373e+04 | 1.507800e+04 |   2.62%
  3.9s|     1 |     0 | 12442 |     - |  44M|   0 |  59 |1217 | 876 |1217 | 575 | 315 |   2 |   0 | 1.469631e+04 | 1.507800e+04 |   2.60%
  3.9s|     1 |     0 | 12525 |     - |  44M|   0 |  60 |1217 | 876 |1217 | 582 | 322 |   2 |   0 | 1.474290e+04 | 1.507800e+04 |   2.27%
  3.9s|     1 |     0 | 12670 |     - |  44M|   0 |  58 |1217 | 876 |1217 | 590 | 330 |   2 |   0 | 1.479685e+04 | 1.507800e+04 |   1.90%
  3.9s|     1 |     0 | 12670 |     - |  44M|   0 |  58 |1217 | 876 |1217 | 584 | 330 |   2 |   0 | 1.479685e+04 | 1.507800e+04 |   1.90%
  4.0s|     1 |     0 | 12679 |     - |  44M|   0 |  38 |1217 | 876 |1217 | 586 | 333 |   2 |   0 | 1.480574e+04 | 1.507800e+04 |   1.84%
  4.0s|     1 |     0 | 12729 |     - |  44M|   0 |  28 |1217 | 876 |1217 | 588 | 335 |   2 |   0 | 1.480596e+04 | 1.507800e+04 |   1.84%
  4.0s|     1 |     0 | 12756 |     - |  45M|   0 |   4 |1217 | 876 |1217 | 591 | 338 |   2 |   0 | 1.501743e+04 | 1.507800e+04 |   0.40%
  4.0s|     1 |     0 | 12756 |     - |  45M|   0 |   4 |1217 | 876 |1217 | 591 | 338 |   2 |   0 | 1.501743e+04 | 1.507800e+04 |   0.40%
  4.0s|     1 |     0 | 12756 |     - |  45M|   0 |   4 |1217 | 876 |1217 | 590 | 338 |   2 |   0 | 1.501743e+04 | 1.507800e+04 |   0.40%
  4.0s|     1 |     0 | 12759 |     - |  45M|   0 |  10 |1217 | 876 |1217 | 557 | 341 |   2 |   0 | 1.501755e+04 | 1.507800e+04 |   0.40%
  4.0s|     1 |     0 | 12759 |     - |  45M|   0 |  10 |1217 | 876 |1217 | 556 | 341 |   2 |   0 | 1.501755e+04 | 1.507800e+04 |   0.40%
  4.0s|     1 |     0 | 12760 |     - |  45M|   0 |   7 |1217 | 876 |1217 | 556 | 342 |   2 |   0 | 1.501755e+04 | 1.507800e+04 |   0.40%
  4.0s|     1 |     0 | 12773 |     - |  45M|   0 |  15 |1217 | 876 |1217 | 557 | 343 |   2 |   0 | 1.501757e+04 | 1.507800e+04 |   0.40%
 time | node  | left  |LP iter|LP it/n| mem |mdpt |frac |vars |cons |cols |rows |cuts |confs|strbr|  dualbound   | primalbound  |  gap   
  4.0s|     1 |     0 | 12776 |     - |  45M|   0 |   9 |1217 | 876 |1217 | 559 | 345 |   2 |   0 | 1.501763e+04 | 1.507800e+04 |   0.40%
  4.0s|     1 |     0 | 12828 |     - |  45M|   0 |  18 |1217 | 876 |1217 | 564 | 350 |   2 |   0 | 1.501776e+04 | 1.507800e+04 |   0.40%
  4.1s|     1 |     0 | 12897 |     - |  45M|   0 |  25 |1217 | 876 |1217 | 567 | 353 |   2 |   0 | 1.501918e+04 | 1.507800e+04 |   0.39%
  4.1s|     1 |     0 | 12920 |     - |  45M|   0 |  21 |1217 | 876 |1217 | 518 | 355 |   2 |   0 | 1.507424e+04 | 1.507800e+04 |   0.02%
  4.1s|     1 |     0 | 13003 |     - |  45M|   0 |  35 |1217 | 876 |1217 | 526 | 363 |   2 |   0 | 1.507620e+04 | 1.507800e+04 |   0.01%
  4.1s|     1 |     0 | 13004 |     - |  45M|   0 |   - |1217 | 876 |1217 | 532 | 369 |   2 |   0 | 1.507800e+04 | 1.507800e+04 |   0.00%
  4.1s|     1 |     0 | 13004 |     - |  45M|   0 |   - |1217 | 876 |1217 | 532 | 369 |   2 |   0 | 1.507800e+04 | 1.507800e+04 |   0.00%

SCIP Status        : problem is solved [optimal solution found]
Solving Time (sec) : 4.10
Solving Nodes      : 1 (total of 2 nodes in 2 runs)
Primal Bound       : +1.50780000000000e+04 (160 solutions)
Dual Bound         : +1.50780000000000e+04
Gap                : 0.00 %


