SCIP version 6.0.1 [precision: 8 byte] [memory: block] [mode: optimized] [LP solver: SoPlex 4.0.1] [GitHash: a27ecc0]
Copyright (C) 2002-2019 Konrad-Zuse-Zentrum fuer Informationstechnik Berlin (ZIB)

External codes: 
  Readline 8.0         GNU library for command line editing (gnu.org/s/readline)
  SoPlex 4.0.1         Linear Programming Solver developed at Zuse Institute Berlin (soplex.zib.de) [GitHash: e89d7d5]
  CppAD 20180000.0     Algorithmic Differentiation of C++ algorithms developed by B. Bell (www.coin-or.org/CppAD)
  ZLIB 1.2.11          General purpose compression library by J. Gailly and M. Adler (zlib.net)
  GMP 6.1.2            GNU Multiple Precision Arithmetic Library developed by T. Granlund (gmplib.org)

user parameter file <scip.set> not found - using default parameters


read problem <timtab1.mps>
============

original problem has 397 variables (77 bin, 94 int, 0 impl, 226 cont) and 171 constraints

presolving:
(round 1, fast)       184 del vars, 3 del conss, 0 add conss, 13 chg bounds, 0 chg sides, 0 chg coeffs, 0 upgd conss, 6 impls, 0 clqs
(round 2, fast)       185 del vars, 3 del conss, 0 add conss, 18 chg bounds, 53 chg sides, 53 chg coeffs, 0 upgd conss, 6 impls, 0 clqs
(round 3, fast)       186 del vars, 3 del conss, 0 add conss, 18 chg bounds, 53 chg sides, 53 chg coeffs, 0 upgd conss, 6 impls, 0 clqs
(round 4, exhaustive) 186 del vars, 3 del conss, 0 add conss, 18 chg bounds, 53 chg sides, 53 chg coeffs, 29 upgd conss, 6 impls, 0 clqs
(round 5, medium)     188 del vars, 3 del conss, 0 add conss, 18 chg bounds, 53 chg sides, 53 chg coeffs, 29 upgd conss, 61 impls, 6 clqs
(round 6, medium)     188 del vars, 5 del conss, 0 add conss, 18 chg bounds, 54 chg sides, 53 chg coeffs, 29 upgd conss, 61 impls, 6 clqs
   (0.0s) probing cycle finished: starting next cycle
(round 7, exhaustive) 198 del vars, 5 del conss, 0 add conss, 18 chg bounds, 54 chg sides, 53 chg coeffs, 29 upgd conss, 703 impls, 23 clqs
   (0.0s) probing: 51/54 (94.4%) - 0 fixings, 10 aggregations, 660 implications, 0 bound changes
   (0.0s) probing aborted: 50/50 successive totally useless probings
presolving (8 rounds: 8 fast, 5 medium, 3 exhaustive):
 198 deleted vars, 5 deleted constraints, 0 added constraints, 18 tightened bounds, 0 added holes, 54 changed sides, 53 changed coefficients
 703 implications, 23 cliques
presolved problem has 201 variables (54 bin, 92 int, 0 impl, 55 cont) and 166 constraints
     27 constraints of type <varbound>
    139 constraints of type <linear>
Presolving Time: 0.01

 time | node  | left  |LP iter|LP it/n| mem |mdpt |frac |vars |cons |cols |rows |cuts |confs|strbr|  dualbound   | primalbound  |  gap   
  0.0s|     1 |     0 |   367 |     - |3036k|   0 | 103 | 201 | 180 | 201 | 166 |   0 |  11 |   0 | 1.578960e+05 |      --      |    Inf 
  0.0s|     1 |     0 |   573 |     - |3566k|   0 | 101 | 201 | 180 | 201 | 180 |  14 |  11 |   0 | 2.105346e+05 |      --      |    Inf 
  0.0s|     1 |     0 |   582 |     - |3616k|   0 |  98 | 201 | 180 | 201 | 184 |  18 |  11 |   0 | 2.291211e+05 |      --      |    Inf 
  0.0s|     1 |     0 |   598 |     - |3920k|   0 | 104 | 201 | 180 | 201 | 196 |  30 |  11 |   0 | 2.674042e+05 |      --      |    Inf 
  0.1s|     1 |     0 |   617 |     - |3948k|   0 | 102 | 201 | 180 | 201 | 212 |  46 |  11 |   0 | 2.756950e+05 |      --      |    Inf 
  0.1s|     1 |     0 |   632 |     - |4126k|   0 | 107 | 201 | 180 | 201 | 221 |  55 |  11 |   0 | 2.796672e+05 |      --      |    Inf 
  0.1s|     1 |     0 |   644 |     - |4286k|   0 | 111 | 201 | 180 | 201 | 227 |  61 |  11 |   0 | 2.927862e+05 |      --      |    Inf 
  0.1s|     1 |     0 |   684 |     - |4988k|   0 | 104 | 201 | 180 | 201 | 243 |  77 |  11 |   0 | 3.165536e+05 |      --      |    Inf 
  0.1s|     1 |     0 |   715 |     - |5151k|   0 | 109 | 201 | 180 | 201 | 255 |  89 |  11 |   0 | 3.188322e+05 |      --      |    Inf 
  0.1s|     1 |     0 |   747 |     - |5382k|   0 | 113 | 201 | 180 | 201 | 264 |  98 |  11 |   0 | 3.239901e+05 |      --      |    Inf 
  0.1s|     1 |     0 |   804 |     - |5822k|   0 | 111 | 201 | 180 | 201 | 275 | 109 |  11 |   0 | 3.395768e+05 |      --      |    Inf 
  0.1s|     1 |     0 |   849 |     - |5973k|   0 | 114 | 201 | 180 | 201 | 283 | 117 |  11 |   0 | 3.503251e+05 |      --      |    Inf 
  0.1s|     1 |     0 |   873 |     - |6004k|   0 | 113 | 201 | 180 | 201 | 292 | 126 |  11 |   0 | 3.561638e+05 |      --      |    Inf 
  0.2s|     1 |     0 |   896 |     - |6037k|   0 | 113 | 201 | 180 | 201 | 298 | 132 |  11 |   0 | 3.621186e+05 |      --      |    Inf 
  0.2s|     1 |     0 |   956 |     - |6135k|   0 | 110 | 201 | 180 | 201 | 299 | 153 |  11 |   0 | 4.127460e+05 |      --      |    Inf 
 time | node  | left  |LP iter|LP it/n| mem |mdpt |frac |vars |cons |cols |rows |cuts |confs|strbr|  dualbound   | primalbound  |  gap   
  0.2s|     1 |     0 |   988 |     - |6164k|   0 | 112 | 201 | 180 | 201 | 312 | 166 |  11 |   0 | 4.166282e+05 |      --      |    Inf 
  0.2s|     1 |     0 |  1025 |     - |7417k|   0 | 114 | 201 | 180 | 201 | 326 | 180 |  11 |   0 | 4.215689e+05 |      --      |    Inf 
  0.2s|     1 |     0 |  1104 |     - |7453k|   0 | 107 | 201 | 180 | 201 | 340 | 194 |  11 |   0 | 4.401807e+05 |      --      |    Inf 
  0.2s|     1 |     0 |  1128 |     - |7490k|   0 | 104 | 201 | 180 | 201 | 355 | 209 |  11 |   0 | 4.418468e+05 |      --      |    Inf 
  0.3s|     1 |     0 |  1162 |     - |7529k|   0 | 111 | 201 | 180 | 201 | 366 | 220 |  11 |   0 | 4.430964e+05 |      --      |    Inf 
  0.3s|     1 |     0 |  1218 |     - |7586k|   0 | 114 | 201 | 180 | 201 | 335 | 227 |  11 |   0 | 4.523773e+05 |      --      |    Inf 
  0.3s|     1 |     0 |  1238 |     - |7586k|   0 | 115 | 201 | 180 | 201 | 343 | 235 |  11 |   0 | 4.527277e+05 |      --      |    Inf 
  0.3s|     1 |     0 |  1264 |     - |7591k|   0 | 118 | 201 | 180 | 201 | 351 | 243 |  11 |   0 | 4.535423e+05 |      --      |    Inf 
  0.3s|     1 |     0 |  1321 |     - |7591k|   0 | 121 | 201 | 180 | 201 | 363 | 255 |  11 |   0 | 4.569306e+05 |      --      |    Inf 
  0.4s|     1 |     0 |  1377 |     - |7858k|   0 | 116 | 201 | 180 | 201 | 371 | 263 |  11 |   0 | 4.597013e+05 |      --      |    Inf 
  0.4s|     1 |     0 |  1390 |     - |7864k|   0 | 123 | 201 | 180 | 201 | 382 | 274 |  11 |   0 | 4.597013e+05 |      --      |    Inf 
  0.4s|     1 |     0 |  1412 |     - |7869k|   0 | 123 | 201 | 180 | 201 | 343 | 279 |  11 |   0 | 4.602110e+05 |      --      |    Inf 
  0.4s|     1 |     0 |  1435 |     - |7871k|   0 | 123 | 201 | 180 | 201 | 348 | 284 |  11 |   0 | 4.613701e+05 |      --      |    Inf 
  0.5s|     1 |     0 |  1470 |     - |7875k|   0 | 124 | 201 | 180 | 201 | 358 | 294 |  11 |   0 | 4.630008e+05 |      --      |    Inf 
  0.5s|     1 |     0 |  1509 |     - |7880k|   0 | 122 | 201 | 180 | 201 | 369 | 305 |  11 |   0 | 4.645801e+05 |      --      |    Inf 
 time | node  | left  |LP iter|LP it/n| mem |mdpt |frac |vars |cons |cols |rows |cuts |confs|strbr|  dualbound   | primalbound  |  gap   
  0.5s|     1 |     0 |  1520 |     - |8016k|   0 | 125 | 201 | 180 | 201 | 379 | 315 |  11 |   0 | 4.645801e+05 |      --      |    Inf 
  0.6s|     1 |     0 |  1570 |     - |8021k|   0 | 125 | 201 | 180 | 201 | 386 | 322 |  11 |   0 | 4.669924e+05 |      --      |    Inf 
  0.6s|     1 |     0 |  1600 |     - |8027k|   0 | 126 | 201 | 181 | 201 | 338 | 327 |  12 |   0 | 4.684664e+05 |      --      |    Inf 
  0.6s|     1 |     0 |  1620 |     - |8027k|   0 | 125 | 201 | 181 | 201 | 344 | 333 |  12 |   0 | 4.687199e+05 |      --      |    Inf 
  0.7s|     1 |     0 |  1658 |     - |8032k|   0 | 126 | 201 | 181 | 201 | 350 | 339 |  12 |   0 | 4.692830e+05 |      --      |    Inf 
  0.7s|     1 |     0 |  1679 |     - |8032k|   0 | 126 | 201 | 181 | 201 | 354 | 343 |  12 |   0 | 4.698371e+05 |      --      |    Inf 
  0.7s|     1 |     0 |  1707 |     - |8037k|   0 | 124 | 201 | 181 | 201 | 360 | 349 |  12 |   0 | 4.708888e+05 |      --      |    Inf 
  0.8s|     1 |     0 |  1737 |     - |8041k|   0 | 119 | 201 | 181 | 201 | 368 | 357 |  12 |   0 | 4.744278e+05 |      --      |    Inf 
  0.8s|     1 |     0 |  1760 |     - |8048k|   0 | 120 | 201 | 181 | 201 | 341 | 367 |  12 |   0 | 4.748038e+05 |      --      |    Inf 
  0.8s|     1 |     0 |  1779 |     - |8053k|   0 | 123 | 201 | 181 | 201 | 347 | 373 |  12 |   0 | 4.751199e+05 |      --      |    Inf 
  0.9s|     1 |     0 |  1804 |     - |8058k|   0 | 123 | 201 | 181 | 201 | 350 | 376 |  12 |   0 | 4.757996e+05 |      --      |    Inf 
  0.9s|     1 |     0 |  1817 |     - |8058k|   0 | 121 | 201 | 181 | 201 | 357 | 383 |  12 |   0 | 4.761872e+05 |      --      |    Inf 
  0.9s|     1 |     0 |  1826 |     - |8063k|   0 | 120 | 201 | 181 | 201 | 361 | 387 |  12 |   0 | 4.763252e+05 |      --      |    Inf 
  1.0s|     1 |     0 |  1844 |     - |8067k|   0 | 121 | 201 | 181 | 201 | 365 | 391 |  12 |   0 | 4.768966e+05 |      --      |    Inf 
  1.0s|     1 |     0 |  1863 |     - |8072k|   0 | 122 | 201 | 181 | 201 | 341 | 399 |  12 |   0 | 4.772929e+05 |      --      |    Inf 
 time | node  | left  |LP iter|LP it/n| mem |mdpt |frac |vars |cons |cols |rows |cuts |confs|strbr|  dualbound   | primalbound  |  gap   
  1.0s|     1 |     0 |  1882 |     - |8072k|   0 | 120 | 201 | 181 | 201 | 348 | 406 |  12 |   0 | 4.776748e+05 |      --      |    Inf 
  1.0s|     1 |     0 |  1910 |     - |8072k|   0 | 120 | 201 | 182 | 201 | 356 | 414 |  13 |   0 | 4.780970e+05 |      --      |    Inf 
  1.1s|     1 |     0 |  1978 |     - |8076k|   0 | 125 | 201 | 182 | 201 | 364 | 422 |  13 |   0 | 4.906668e+05 |      --      |    Inf 
  1.1s|     1 |     0 |  2029 |     - |8134k|   0 | 127 | 201 | 183 | 201 | 371 | 429 |  14 |   0 | 4.914939e+05 |      --      |    Inf 
  1.2s|     1 |     0 |  2094 |     - |8134k|   0 | 128 | 201 | 183 | 201 | 377 | 435 |  14 |   0 | 4.924675e+05 |      --      |    Inf 
  1.2s|     1 |     0 |  2109 |     - |8139k|   0 | 125 | 201 | 183 | 201 | 349 | 441 |  14 |   0 | 4.926814e+05 |      --      |    Inf 
  1.2s|     1 |     0 |  2131 |     - |8139k|   0 | 126 | 201 | 183 | 201 | 352 | 444 |  14 |   0 | 4.928355e+05 |      --      |    Inf 
  1.3s|     1 |     0 |  2141 |     - |8144k|   0 | 126 | 201 | 185 | 201 | 356 | 448 |  16 |   0 | 4.932289e+05 |      --      |    Inf 
  1.3s|     1 |     0 |  2166 |     - |8144k|   0 | 125 | 201 | 185 | 201 | 360 | 452 |  16 |   0 | 4.934098e+05 |      --      |    Inf 
  1.4s|     1 |     0 |  2172 |     - |8144k|   0 | 125 | 201 | 185 | 201 | 364 | 456 |  16 |   0 | 4.934240e+05 |      --      |    Inf 
  1.4s|     1 |     0 |  2182 |     - |8144k|   0 | 124 | 201 | 185 | 201 | 370 | 462 |  16 |   0 | 4.934420e+05 |      --      |    Inf 
  1.4s|     1 |     0 |  2199 |     - |8164k|   0 | 123 | 201 | 185 | 201 | 348 | 467 |  16 |   0 | 4.936542e+05 |      --      |    Inf 
  1.4s|     1 |     0 |  2214 |     - |8164k|   0 | 126 | 201 | 185 | 201 | 353 | 472 |  16 |   0 | 4.939942e+05 |      --      |    Inf 
  1.5s|     1 |     0 |  2221 |     - |8168k|   0 | 123 | 201 | 186 | 201 | 357 | 476 |  17 |   0 | 4.940918e+05 |      --      |    Inf 
  1.5s|     1 |     0 |  2225 |     - |8168k|   0 | 123 | 201 | 186 | 201 | 360 | 479 |  17 |   0 | 4.941073e+05 |      --      |    Inf 
 time | node  | left  |LP iter|LP it/n| mem |mdpt |frac |vars |cons |cols |rows |cuts |confs|strbr|  dualbound   | primalbound  |  gap   
  1.5s|     1 |     0 |  2226 |     - |8168k|   0 | 123 | 201 | 186 | 201 | 361 | 480 |  17 |   0 | 4.941073e+05 |      --      |    Inf 
  1.5s|     1 |     0 |  2252 |     - |8168k|   0 | 125 | 201 | 186 | 201 | 368 | 487 |  17 |   0 | 4.943920e+05 |      --      |    Inf 
  1.6s|     1 |     0 |  2296 |     - |8175k|   0 | 127 | 201 | 186 | 201 | 344 | 495 |  17 |   0 | 4.948042e+05 |      --      |    Inf 
  1.6s|     1 |     0 |  2325 |     - |8175k|   0 | 125 | 201 | 187 | 201 | 349 | 500 |  18 |   0 | 4.949341e+05 |      --      |    Inf 
  1.6s|     1 |     0 |  2332 |     - |8180k|   0 | 124 | 201 | 187 | 201 | 356 | 507 |  18 |   0 | 4.949823e+05 |      --      |    Inf 
  1.7s|     1 |     0 |  2338 |     - |8180k|   0 | 125 | 201 | 187 | 201 | 359 | 510 |  18 |   0 | 4.949885e+05 |      --      |    Inf 
  1.7s|     1 |     0 |  2340 |     - |8184k|   0 | 125 | 201 | 187 | 201 | 362 | 513 |  18 |   0 | 4.949885e+05 |      --      |    Inf 
  1.7s|     1 |     0 |  2342 |     - |8189k|   0 | 125 | 201 | 187 | 201 | 363 | 514 |  18 |   0 | 4.949904e+05 |      --      |    Inf 
  1.7s|     1 |     0 |  2343 |     - |8189k|   0 | 125 | 201 | 187 | 201 | 340 | 515 |  18 |   0 | 4.949904e+05 |      --      |    Inf 
  1.8s|     1 |     2 |  3213 |     - |8235k|   0 | 119 | 201 | 201 | 201 | 340 | 515 |  27 |  20 | 5.004291e+05 |      --      |    Inf 
   Deactivated symmetry handling methods, since SCIP was built without symmetry detector (SYM=none).
  3.3s|   100 |    89 | 10046 |  79.1 |9923k|  16 |  69 | 201 | 247 | 201 | 293 |1079 |  59 | 734 | 5.037002e+05 |      --      |    Inf 
  3.7s|   200 |   167 | 14377 |  61.1 |  11M|  21 |  53 | 201 | 281 | 201 | 318 |1336 |  81 | 734 | 5.037002e+05 |      --      |    Inf 
  4.1s|   300 |   259 | 19446 |  57.6 |  13M|  21 |  42 | 201 | 304 | 201 | 313 |1712 |  93 | 734 | 5.037002e+05 |      --      |    Inf 
  4.9s|   400 |   355 | 34734 |  81.5 |  15M|  21 |  61 | 201 | 353 | 201 | 295 |2130 | 127 | 736 | 5.216723e+05 |      --      |    Inf 
e 5.4s|   457 |   410 | 43221 |  89.9 |  16M|  21 |   - | 201 | 402 | 201 | 348 |   0 | 161 | 738 | 5.393992e+05 | 1.398947e+06 | 159.35%
 time | node  | left  |LP iter|LP it/n| mem |mdpt |frac |vars |cons |cols |rows |cuts |confs|strbr|  dualbound   | primalbound  |  gap   
  5.6s|   500 |   443 | 47335 |  90.4 |  16M|  21 |  58 | 201 | 438 | 201 | 307 |2514 | 184 | 738 | 5.546425e+05 | 1.398947e+06 | 152.23%
L 6.1s|   559 |   493 | 54680 |  94.0 |  16M|  21 |  53 | 201 | 481 | 201 | 325 |2819 | 216 | 738 | 5.555738e+05 | 1.381423e+06 | 148.65%
L 6.1s|   559 |   493 | 54680 |  94.0 |  16M|  21 |  53 | 201 | 481 | 201 | 325 |2819 | 216 | 738 | 5.555738e+05 | 1.378748e+06 | 148.17%
L 6.1s|   559 |   493 | 54680 |  94.0 |  16M|  21 |  53 | 201 | 481 | 201 | 325 |2819 | 216 | 738 | 5.555738e+05 | 1.333550e+06 | 140.03%
f 6.1s|   564 |   498 | 55475 |  94.6 |  16M|  22 |   - | 201 | 481 | 201 | 329 |   0 | 220 | 738 | 5.555738e+05 | 1.031385e+06 |  85.64%
  6.2s|   600 |   524 | 57948 |  93.0 |  16M|  22 |  46 | 201 | 497 | 201 | 322 |2835 | 236 | 738 | 5.585746e+05 | 1.031385e+06 |  84.65%
L 6.4s|   642 |   562 | 61910 |  93.1 |  17M|  22 |  22 | 201 | 521 | 201 | 324 |2953 | 260 | 738 | 5.622612e+05 | 1.021780e+06 |  81.73%
L 6.4s|   642 |   562 | 61910 |  93.1 |  17M|  22 |  22 | 201 | 521 | 201 | 324 |2953 | 260 | 738 | 5.622612e+05 | 1.007356e+06 |  79.16%
L 6.4s|   642 |   562 | 61910 |  93.1 |  17M|  22 |  22 | 201 | 521 | 201 | 324 |2953 | 260 | 738 | 5.622612e+05 | 1.003841e+06 |  78.54%
  6.7s|   700 |   618 | 67781 |  93.8 |  17M|  22 |  38 | 201 | 543 | 201 | 308 |3153 | 282 | 738 | 5.658978e+05 | 1.003841e+06 |  77.39%
  7.4s|   800 |   704 | 78875 |  95.9 |  17M|  22 |  68 | 201 | 571 | 201 | 325 |3507 | 313 | 738 | 5.719364e+05 | 1.003841e+06 |  75.52%
  7.9s|   900 |   798 | 88061 |  95.5 |  17M|  23 |  65 | 201 | 616 | 201 | 319 |3810 | 358 | 738 | 5.746126e+05 | 1.003841e+06 |  74.70%
K 8.2s|   957 |   852 | 93296 |  95.3 |  17M|  23 |  59 | 201 | 637 | 201 | 322 |4158 | 379 | 738 | 5.788310e+05 | 1.002708e+06 |  73.23%
K 8.3s|   957 |   852 | 93296 |  95.3 |  17M|  23 |  59 | 201 | 637 | 201 | 322 |4158 | 379 | 738 | 5.788310e+05 | 9.763940e+05 |  68.68%
  8.6s|  1000 |   888 | 97734 |  95.6 |  18M|  23 |  23 | 201 | 640 | 201 | 337 |4390 | 383 | 738 | 5.788404e+05 | 9.763940e+05 |  68.68%
 time | node  | left  |LP iter|LP it/n| mem |mdpt |frac |vars |cons |cols |rows |cuts |confs|strbr|  dualbound   | primalbound  |  gap   
  9.0s|  1100 |   968 |104229 |  92.8 |  19M|  23 |  46 | 201 | 658 | 201 | 353 |4641 | 401 | 738 | 5.811661e+05 | 9.763940e+05 |  68.01%
o 9.0s|  1104 |   972 |104513 |  92.7 |  19M|  25 |   0 | 201 | 658 | 201 | 328 |4641 | 401 | 738 | 5.811661e+05 | 9.720490e+05 |  67.26%
* 9.2s|  1176 |   921 |107388 |  89.5 |  19M|  33 |   - | 201 | 664 | 201 | 321 |4772 | 408 | 738 | 5.826997e+05 | 8.573660e+05 |  47.14%
  9.2s|  1200 |   919 |107521 |  87.8 |  19M|  33 |   8 | 201 | 665 | 201 | 321 |4772 | 409 | 738 | 5.826997e+05 | 8.573660e+05 |  47.14%
* 9.3s|  1219 |   906 |107574 |  86.5 |  19M|  33 |   - | 201 | 666 | 201 | 321 |4772 | 410 | 738 | 5.826997e+05 | 8.485950e+05 |  45.63%
  9.6s|  1300 |   943 |113196 |  85.4 |  19M|  33 |  13 | 201 | 679 | 201 | 322 |4967 | 424 | 738 | 5.855170e+05 | 8.485950e+05 |  44.93%
  9.7s|  1400 |   949 |116123 |  81.4 |  19M|  33 |   - | 201 | 680 | 201 | 322 |5026 | 425 | 738 | 5.856763e+05 | 8.485950e+05 |  44.89%
N 9.9s|  1447 |   954 |117645 |  79.8 |  19M|  34 |   7 | 201 | 680 | 201 | 323 |5143 | 425 | 738 | 5.868691e+05 | 8.485950e+05 |  44.60%
* 9.9s|  1458 |   955 |117673 |  79.2 |  19M|  34 |   - | 201 | 680 | 201 | 323 |5143 | 425 | 738 | 5.868691e+05 | 8.484610e+05 |  44.57%
 10.0s|  1500 |   959 |119010 |  77.9 |  19M|  34 |  21 | 201 | 680 | 201 | 324 |5239 | 425 | 738 | 5.882686e+05 | 8.484610e+05 |  44.23%
 10.4s|  1600 |   993 |124694 |  76.6 |  19M|  34 |  38 | 201 | 691 | 201 | 323 |5580 | 438 | 738 | 5.895141e+05 | 8.484610e+05 |  43.93%
 10.7s|  1700 |  1019 |127584 |  73.8 |  19M|  36 |   4 | 201 | 701 | 201 | 322 |5792 | 449 | 738 | 5.963130e+05 | 8.484610e+05 |  42.28%
N10.8s|  1786 |   981 |128704 |  70.9 |  19M|  36 |   - | 201 | 703 | 201 | 327 |5863 | 451 | 738 | 5.964144e+05 | 8.369370e+05 |  40.33%
 10.9s|  1800 |   985 |129258 |  70.6 |  19M|  36 |  20 | 201 | 702 | 201 | 324 |5899 | 451 | 738 | 5.964144e+05 | 8.369370e+05 |  40.33%
 11.0s|  1900 |   993 |130268 |  67.4 |  19M|  38 |  13 | 201 | 711 | 201 | 323 |5969 | 460 | 738 | 5.964144e+05 | 8.369370e+05 |  40.33%
 time | node  | left  |LP iter|LP it/n| mem |mdpt |frac |vars |cons |cols |rows |cuts |confs|strbr|  dualbound   | primalbound  |  gap   
 11.2s|  2000 |   991 |132150 |  65.0 |  19M|  38 |   - | 201 | 717 | 201 | 347 |6121 | 467 | 738 | 5.964144e+05 | 8.369370e+05 |  40.33%
 11.5s|  2100 |  1003 |135391 |  63.4 |  20M|  38 |  51 | 201 | 723 | 201 | 322 |6302 | 476 | 739 | 5.990148e+05 | 8.369370e+05 |  39.72%
 11.9s|  2200 |  1043 |139218 |  62.3 |  20M|  38 |  17 | 201 | 728 | 201 | 324 |6561 | 486 | 739 | 6.027651e+05 | 8.369370e+05 |  38.85%
 12.0s|  2300 |  1057 |142421 |  61.0 |  20M|  38 |   - | 201 | 728 | 201 | 326 |6698 | 491 | 740 | 6.052951e+05 | 8.369370e+05 |  38.27%
 12.2s|  2400 |  1069 |143345 |  58.8 |  20M|  38 |  16 | 201 | 730 | 201 | 328 |6770 | 493 | 740 | 6.059938e+05 | 8.369370e+05 |  38.11%
 12.3s|  2500 |  1083 |145217 |  57.2 |  20M|  39 |   - | 201 | 733 |   0 |   0 |6921 | 499 | 740 | 6.067624e+05 | 8.369370e+05 |  37.93%
 12.6s|  2600 |  1095 |148067 |  56.1 |  21M|  39 |   - | 201 | 734 | 201 | 327 |7080 | 503 | 740 | 6.072889e+05 | 8.369370e+05 |  37.82%
 12.8s|  2700 |  1095 |149896 |  54.7 |  21M|  39 |  21 | 201 | 736 | 201 | 325 |7176 | 507 | 740 | 6.077418e+05 | 8.369370e+05 |  37.71%
 13.0s|  2800 |  1105 |152353 |  53.6 |  21M|  39 |   - | 201 | 735 | 201 | 326 |7347 | 507 | 742 | 6.078935e+05 | 8.369370e+05 |  37.68%
 13.0s|  2900 |  1103 |152985 |  52.0 |  21M|  39 |  16 | 201 | 740 | 201 | 326 |7347 | 512 | 742 | 6.078935e+05 | 8.369370e+05 |  37.68%
*13.2s|  2971 |  1081 |154901 |  51.4 |  21M|  47 |   - | 201 | 739 | 201 | 328 |7471 | 512 | 742 | 6.080801e+05 | 8.305370e+05 |  36.58%
 13.3s|  3000 |  1078 |155823 |  51.2 |  21M|  47 |   - | 201 | 739 |   0 |   0 |7591 | 512 | 742 | 6.097564e+05 | 8.305370e+05 |  36.21%
 13.4s|  3100 |  1082 |156814 |  49.9 |  21M|  47 |   - | 201 | 735 | 201 | 333 |7655 | 512 | 742 | 6.108521e+05 | 8.305370e+05 |  35.96%
 13.5s|  3200 |  1082 |158642 |  48.9 |  21M|  47 |   - | 201 | 738 | 201 | 362 |7810 | 517 | 742 | 6.114842e+05 | 8.305370e+05 |  35.82%
 13.8s|  3300 |  1102 |161575 |  48.3 |  21M|  47 |   - | 201 | 739 | 201 | 339 |8083 | 523 | 742 | 6.124614e+05 | 8.305370e+05 |  35.61%
 time | node  | left  |LP iter|LP it/n| mem |mdpt |frac |vars |cons |cols |rows |cuts |confs|strbr|  dualbound   | primalbound  |  gap   
 14.0s|  3400 |  1114 |163558 |  47.5 |  21M|  47 |  33 | 201 | 739 | 201 | 362 |8242 | 523 | 742 | 6.132421e+05 | 8.305370e+05 |  35.43%
 14.1s|  3500 |  1112 |165666 |  46.7 |  21M|  47 |   - | 201 | 738 | 201 | 366 |8372 | 523 | 742 | 6.136412e+05 | 8.305370e+05 |  35.35%
 14.2s|  3600 |  1122 |167523 |  45.9 |  21M|  47 |   - | 201 | 743 | 201 | 373 |8465 | 529 | 742 | 6.136412e+05 | 8.305370e+05 |  35.35%
 14.4s|  3700 |  1138 |170604 |  45.5 |  21M|  47 |  33 | 201 | 741 | 201 | 335 |8662 | 535 | 742 | 6.146978e+05 | 8.305370e+05 |  35.11%
 14.6s|  3800 |  1172 |172940 |  44.9 |  22M|  47 |  11 | 201 | 739 | 201 | 336 |8864 | 537 | 742 | 6.162401e+05 | 8.305370e+05 |  34.77%
*14.6s|  3811 |  1169 |172970 |  44.8 |  22M|  47 |   - | 201 | 739 | 201 | 339 |8867 | 537 | 742 | 6.162401e+05 | 8.298350e+05 |  34.66%
*14.7s|  3821 |  1162 |172999 |  44.7 |  22M|  47 |   - | 201 | 739 | 201 | 340 |8870 | 537 | 742 | 6.162401e+05 | 8.286730e+05 |  34.47%
*14.7s|  3854 |  1164 |173087 |  44.3 |  22M|  47 |   - | 201 | 738 | 201 | 340 |8879 | 537 | 742 | 6.162401e+05 | 8.286680e+05 |  34.47%
 14.8s|  3900 |  1180 |175358 |  44.4 |  22M|  47 |   4 | 201 | 738 | 201 | 338 |9007 | 537 | 742 | 6.162716e+05 | 8.286680e+05 |  34.46%
*14.9s|  3953 |  1183 |176040 |  44.0 |  22M|  47 |   - | 201 | 737 | 201 | 338 |9069 | 537 | 742 | 6.174215e+05 | 8.282590e+05 |  34.15%
*14.9s|  3966 |  1183 |176058 |  43.8 |  22M|  47 |   - | 201 | 737 | 201 | 338 |9069 | 537 | 742 | 6.174215e+05 | 8.280680e+05 |  34.12%
*14.9s|  3976 |  1175 |176071 |  43.7 |  22M|  47 |   - | 201 | 737 | 201 | 338 |9069 | 537 | 742 | 6.174215e+05 | 8.269060e+05 |  33.93%
 15.0s|  4000 |  1181 |176675 |  43.6 |  22M|  47 |   - | 201 | 733 | 201 | 338 |9132 | 537 | 742 | 6.184796e+05 | 8.269060e+05 |  33.70%
*15.0s|  4016 |  1187 |177140 |  43.6 |  22M|  47 |   - | 201 | 736 | 201 | 338 |9155 | 540 | 742 | 6.186256e+05 | 8.263190e+05 |  33.57%
 15.4s|  4100 |  1199 |180475 |  43.5 |  22M|  47 |   - | 201 | 734 |   0 |   0 |9402 | 546 | 742 | 6.201135e+05 | 8.263190e+05 |  33.25%
 time | node  | left  |LP iter|LP it/n| mem |mdpt |frac |vars |cons |cols |rows |cuts |confs|strbr|  dualbound   | primalbound  |  gap   
*15.6s|  4171 |  1204 |182928 |  43.3 |  22M|  47 |   - | 201 | 737 | 201 | 337 |9632 | 552 | 742 | 6.239142e+05 | 8.259160e+05 |  32.38%
 15.6s|  4200 |  1209 |182977 |  43.0 |  22M|  47 |   - | 201 | 737 | 201 | 337 |9632 | 552 | 742 | 6.239142e+05 | 8.259160e+05 |  32.38%
*15.6s|  4209 |  1203 |183102 |  43.0 |  22M|  47 |   - | 201 | 740 | 201 | 337 |9656 | 555 | 742 | 6.239715e+05 | 8.252960e+05 |  32.27%
 15.9s|  4300 |  1228 |186030 |  42.8 |  22M|  47 |  13 | 201 | 737 | 201 | 338 |9840 | 556 | 742 | 6.267379e+05 | 8.252960e+05 |  31.68%
 16.1s|  4400 |  1234 |188139 |  42.3 |  22M|  47 |   - | 201 | 736 | 201 | 338 |9953 | 558 | 742 | 6.275806e+05 | 8.252960e+05 |  31.50%
*16.2s|  4480 |  1246 |188795 |  41.7 |  22M|  47 |   - | 201 | 735 | 201 | 338 |9995 | 558 | 742 | 6.276381e+05 | 8.252920e+05 |  31.49%
 16.3s|  4500 |  1242 |189807 |  41.7 |  22M|  47 |   - | 201 | 732 | 201 | 361 |  10k| 558 | 742 | 6.280621e+05 | 8.252920e+05 |  31.40%
*16.5s|  4592 |  1244 |191616 |  41.3 |  22M|  48 |   - | 201 | 726 | 201 | 334 |  10k| 558 | 742 | 6.281787e+05 | 8.232710e+05 |  31.06%
 16.5s|  4600 |  1244 |191651 |  41.2 |  22M|  48 |   7 | 201 | 726 | 201 | 334 |  10k| 558 | 742 | 6.281787e+05 | 8.232710e+05 |  31.06%
*16.5s|  4604 |  1233 |191659 |  41.2 |  22M|  48 |   - | 201 | 726 | 201 | 334 |  10k| 558 | 742 | 6.281787e+05 | 8.205340e+05 |  30.62%
*16.6s|  4673 |  1238 |192666 |  40.8 |  22M|  52 |   - | 201 | 724 | 201 | 334 |  10k| 558 | 742 | 6.283648e+05 | 8.194370e+05 |  30.41%
 16.6s|  4700 |  1231 |193044 |  40.6 |  22M|  52 |   - | 201 | 720 | 201 | 335 |  10k| 558 | 742 | 6.292307e+05 | 8.194370e+05 |  30.23%
*16.6s|  4707 |  1194 |193061 |  40.6 |  22M|  52 |   - | 201 | 712 | 201 | 335 |  10k| 558 | 742 | 6.292307e+05 | 8.146690e+05 |  29.47%
 16.8s|  4800 |  1205 |195520 |  40.3 |  22M|  52 |   8 | 201 | 709 | 201 | 335 |  10k| 560 | 742 | 6.309740e+05 | 8.146690e+05 |  29.11%
 16.9s|  4900 |  1213 |196292 |  39.6 |  22M|  52 |  13 | 201 | 708 | 201 | 337 |  10k| 560 | 742 | 6.309874e+05 | 8.146690e+05 |  29.11%
 time | node  | left  |LP iter|LP it/n| mem |mdpt |frac |vars |cons |cols |rows |cuts |confs|strbr|  dualbound   | primalbound  |  gap   
*17.0s|  4937 |  1220 |196424 |  39.3 |  22M|  52 |   - | 201 | 708 | 201 | 337 |  10k| 560 | 742 | 6.309874e+05 | 8.146650e+05 |  29.11%
 17.2s|  5000 |  1227 |198718 |  39.3 |  23M|  52 |   7 | 201 | 703 | 201 | 340 |  10k| 560 | 742 | 6.323867e+05 | 8.146650e+05 |  28.82%
 17.4s|  5100 |  1233 |200664 |  38.9 |  23M|  52 |   - | 201 | 701 | 201 | 338 |  10k| 560 | 742 | 6.338187e+05 | 8.146650e+05 |  28.53%
 17.6s|  5200 |  1241 |202727 |  38.6 |  23M|  52 |   8 | 201 | 700 | 201 | 338 |  11k| 565 | 742 | 6.361017e+05 | 8.146650e+05 |  28.07%
 17.9s|  5300 |  1245 |205283 |  38.3 |  23M|  52 |   - | 201 | 692 | 201 | 340 |  11k| 565 | 742 | 6.367963e+05 | 8.146650e+05 |  27.93%
 18.0s|  5400 |  1271 |208053 |  38.1 |  23M|  52 |   - | 201 | 686 | 201 | 337 |  11k| 568 | 742 | 6.372957e+05 | 8.146650e+05 |  27.83%
 18.2s|  5500 |  1305 |210186 |  37.8 |  23M|  52 |   - | 201 | 685 | 201 | 336 |  11k| 573 | 744 | 6.374051e+05 | 8.146650e+05 |  27.81%
 18.4s|  5600 |  1317 |212051 |  37.5 |  24M|  52 |   - | 201 | 680 | 201 | 337 |  11k| 576 | 744 | 6.374202e+05 | 8.146650e+05 |  27.81%
 18.4s|  5700 |  1319 |213341 |  37.0 |  24M|  52 |  22 | 201 | 674 | 201 | 339 |  11k| 577 | 746 | 6.377464e+05 | 8.146650e+05 |  27.74%
 18.6s|  5800 |  1329 |215617 |  36.8 |  24M|  52 |  37 | 201 | 669 | 201 | 338 |  11k| 580 | 746 | 6.385596e+05 | 8.146650e+05 |  27.58%
 18.7s|  5900 |  1339 |217615 |  36.5 |  24M|  52 |  40 | 201 | 673 | 201 | 337 |  11k| 584 | 746 | 6.387378e+05 | 8.146650e+05 |  27.54%
 18.8s|  6000 |  1345 |218713 |  36.1 |  24M|  52 |   - | 201 | 678 | 201 | 378 |  11k| 590 | 747 | 6.387378e+05 | 8.146650e+05 |  27.54%
 19.0s|  6100 |  1351 |221587 |  36.0 |  24M|  52 |   - | 201 | 679 | 201 | 386 |  12k| 597 | 747 | 6.393968e+05 | 8.146650e+05 |  27.41%
 19.3s|  6200 |  1381 |225227 |  36.0 |  24M|  52 |  53 | 201 | 683 | 201 | 387 |  12k| 608 | 748 | 6.413134e+05 | 8.146650e+05 |  27.03%
 19.4s|  6300 |  1391 |226682 |  35.6 |  24M|  52 |  29 | 201 | 680 | 201 | 332 |  12k| 608 | 749 | 6.416172e+05 | 8.146650e+05 |  26.97%
 time | node  | left  |LP iter|LP it/n| mem |mdpt |frac |vars |cons |cols |rows |cuts |confs|strbr|  dualbound   | primalbound  |  gap   
C19.5s|  6337 |  1380 |227404 |  35.5 |  24M|  52 |   - | 201 | 678 |   0 |   0 |  12k| 608 | 750 | 6.418868e+05 | 8.119210e+05 |  26.49%
 19.5s|  6400 |  1379 |227601 |  35.2 |  24M|  52 |  24 | 201 | 677 | 201 | 335 |  12k| 608 | 750 | 6.418868e+05 | 8.119210e+05 |  26.49%
 19.6s|  6500 |  1397 |229430 |  35.0 |  24M|  52 |   - | 201 | 677 | 201 | 335 |  12k| 613 | 752 | 6.425727e+05 | 8.119210e+05 |  26.35%
 19.7s|  6600 |  1411 |230188 |  34.5 |  24M|  52 |  12 | 201 | 679 | 201 | 336 |  12k| 615 | 753 | 6.428093e+05 | 8.119210e+05 |  26.31%
*19.8s|  6626 |  1300 |230288 |  34.4 |  24M|  52 |   - | 201 | 679 | 201 | 338 |  12k| 615 | 753 | 6.428093e+05 | 8.017680e+05 |  24.73%
*19.8s|  6628 |  1298 |230290 |  34.4 |  24M|  52 |   - | 201 | 679 | 201 | 338 |  12k| 615 | 753 | 6.428093e+05 | 8.017660e+05 |  24.73%
*19.8s|  6632 |  1299 |230294 |  34.4 |  24M|  52 |   - | 201 | 679 | 201 | 338 |  12k| 615 | 753 | 6.428093e+05 | 8.017630e+05 |  24.73%
*19.8s|  6634 |  1297 |230296 |  34.4 |  24M|  52 |   - | 201 | 679 | 201 | 338 |  12k| 615 | 753 | 6.428093e+05 | 8.017610e+05 |  24.73%
 19.9s|  6700 |  1303 |231743 |  34.3 |  24M|  52 |  21 | 201 | 675 | 201 | 341 |  12k| 615 | 753 | 6.432880e+05 | 8.017610e+05 |  24.63%
 20.0s|  6800 |  1307 |233013 |  33.9 |  24M|  52 |  10 | 201 | 672 | 201 | 340 |  12k| 617 | 753 | 6.442828e+05 | 8.017610e+05 |  24.44%
 20.1s|  6900 |  1309 |233789 |  33.6 |  24M|  52 |   - | 201 | 672 | 201 | 342 |  12k| 619 | 753 | 6.442828e+05 | 8.017610e+05 |  24.44%
 20.3s|  7000 |  1319 |236386 |  33.5 |  24M|  52 |   - | 201 | 667 | 201 | 347 |  13k| 623 | 755 | 6.448214e+05 | 8.017610e+05 |  24.34%
 20.5s|  7100 |  1333 |238338 |  33.3 |  24M|  52 |   - | 201 | 661 | 201 | 343 |  13k| 623 | 755 | 6.455534e+05 | 8.017610e+05 |  24.20%
 20.6s|  7200 |  1333 |239397 |  32.9 |  24M|  52 |  32 | 201 | 661 | 201 | 343 |  13k| 623 | 757 | 6.456764e+05 | 8.017610e+05 |  24.17%
 20.8s|  7300 |  1351 |241865 |  32.8 |  24M|  52 |  13 | 201 | 659 | 201 | 346 |  13k| 624 | 757 | 6.464003e+05 | 8.017610e+05 |  24.03%
 time | node  | left  |LP iter|LP it/n| mem |mdpt |frac |vars |cons |cols |rows |cuts |confs|strbr|  dualbound   | primalbound  |  gap   
 21.1s|  7400 |  1365 |244810 |  32.8 |  25M|  52 |  24 | 201 | 660 | 201 | 361 |  13k| 628 | 757 | 6.471886e+05 | 8.017610e+05 |  23.88%
 21.1s|  7500 |  1369 |245470 |  32.4 |  25M|  52 |  19 | 201 | 659 | 201 | 341 |  13k| 628 | 757 | 6.471886e+05 | 8.017610e+05 |  23.88%
 21.3s|  7600 |  1379 |247357 |  32.3 |  25M|  52 |  29 | 201 | 657 | 201 | 341 |  13k| 632 | 760 | 6.481431e+05 | 8.017610e+05 |  23.70%
 21.4s|  7700 |  1383 |249909 |  32.2 |  25M|  52 |   - | 201 | 650 | 201 | 334 |  13k| 632 | 760 | 6.482448e+05 | 8.017610e+05 |  23.68%
 21.6s|  7800 |  1381 |252054 |  32.0 |  25M|  52 |   - | 201 | 646 | 201 | 330 |  13k| 632 | 760 | 6.486916e+05 | 8.017610e+05 |  23.60%
 21.6s|  7900 |  1406 |253703 |  31.8 |  25M|  52 |  49 | 201 | 650 | 201 | 375 |  14k| 640 | 761 | 6.487742e+05 | 8.017610e+05 |  23.58%
 21.8s|  8000 |  1418 |256418 |  31.8 |  25M|  52 |  37 | 201 | 649 | 201 | 373 |  14k| 644 | 762 | 6.492985e+05 | 8.017610e+05 |  23.48%
 22.1s|  8100 |  1422 |258275 |  31.6 |  25M|  52 |   - | 201 | 647 | 201 | 373 |  14k| 646 | 762 | 6.493219e+05 | 8.017610e+05 |  23.48%
 22.3s|  8200 |  1446 |261651 |  31.6 |  25M|  52 |  40 | 201 | 636 | 201 | 374 |  14k| 647 | 763 | 6.497036e+05 | 8.017610e+05 |  23.40%
 22.5s|  8300 |  1456 |263314 |  31.5 |  26M|  52 |  37 | 201 | 638 | 201 | 378 |  14k| 650 | 763 | 6.497576e+05 | 8.017610e+05 |  23.39%
 22.6s|  8400 |  1474 |264877 |  31.3 |  26M|  52 |  25 | 201 | 638 | 201 | 370 |  14k| 650 | 764 | 6.499270e+05 | 8.017610e+05 |  23.36%
 22.8s|  8500 |  1498 |267117 |  31.2 |  26M|  52 |  36 | 201 | 632 | 201 | 371 |  14k| 654 | 768 | 6.517329e+05 | 8.017610e+05 |  23.02%
 22.9s|  8600 |  1500 |268274 |  30.9 |  26M|  52 |   7 | 201 | 632 | 201 | 371 |  15k| 656 | 770 | 6.521326e+05 | 8.017610e+05 |  22.94%
 23.1s|  8700 |  1506 |270664 |  30.9 |  26M|  52 |  52 | 201 | 628 | 201 | 371 |  15k| 661 | 771 | 6.522844e+05 | 8.017610e+05 |  22.92%
 23.2s|  8800 |  1508 |271935 |  30.7 |  26M|  52 |  28 | 201 | 627 | 201 | 385 |  15k| 663 | 771 | 6.523931e+05 | 8.017610e+05 |  22.90%
 time | node  | left  |LP iter|LP it/n| mem |mdpt |frac |vars |cons |cols |rows |cuts |confs|strbr|  dualbound   | primalbound  |  gap   
 23.5s|  8900 |  1518 |275158 |  30.7 |  26M|  52 |   - | 201 | 628 | 201 | 392 |  15k| 671 | 772 | 6.526759e+05 | 8.017610e+05 |  22.84%
 23.7s|  9000 |  1538 |276961 |  30.5 |  26M|  52 |  31 | 201 | 622 | 201 | 378 |  15k| 671 | 772 | 6.539138e+05 | 8.017610e+05 |  22.61%
 23.9s|  9100 |  1552 |280057 |  30.5 |  26M|  52 |  31 | 201 | 624 | 201 | 377 |  15k| 678 | 772 | 6.545322e+05 | 8.017610e+05 |  22.49%
 24.0s|  9200 |  1558 |281774 |  30.4 |  26M|  52 |   - | 201 | 622 | 201 | 374 |  15k| 678 | 773 | 6.546619e+05 | 8.017610e+05 |  22.47%
 24.2s|  9300 |  1576 |283708 |  30.3 |  26M|  52 |   - | 201 | 622 | 201 | 388 |  16k| 683 | 773 | 6.550180e+05 | 8.017610e+05 |  22.40%
*24.2s|  9350 |  1572 |283996 |  30.1 |  26M|  52 |   - | 201 | 622 | 201 | 391 |  16k| 684 | 773 | 6.550180e+05 | 8.007930e+05 |  22.26%
*24.3s|  9367 |  1555 |284759 |  30.2 |  26M|  52 |   - | 201 | 624 | 201 | 391 |  16k| 688 | 773 | 6.553906e+05 | 7.987980e+05 |  21.88%
 24.5s|  9400 |  1558 |286927 |  30.3 |  26M|  52 |   - | 201 | 621 | 201 | 394 |  16k| 690 | 779 | 6.560061e+05 | 7.987980e+05 |  21.77%
*24.7s|  9490 |  1558 |288315 |  30.2 |  26M|  52 |   - | 201 | 619 | 201 | 391 |  16k| 692 | 780 | 6.563079e+05 | 7.971560e+05 |  21.46%
 24.7s|  9500 |  1562 |288638 |  30.2 |  26M|  52 |   - | 201 | 615 | 201 | 391 |  16k| 692 | 782 | 6.564108e+05 | 7.971560e+05 |  21.44%
 24.8s|  9600 |  1564 |289750 |  30.0 |  26M|  52 |  10 | 201 | 611 | 201 | 387 |  16k| 693 | 783 | 6.569275e+05 | 7.971560e+05 |  21.35%
 24.9s|  9700 |  1578 |291771 |  29.9 |  26M|  53 |   - | 201 | 612 | 201 | 383 |  16k| 695 | 783 | 6.569514e+05 | 7.971560e+05 |  21.34%
*25.0s|  9746 |  1542 |292008 |  29.7 |  26M|  53 |   - | 201 | 612 | 201 | 386 |  16k| 695 | 784 | 6.569514e+05 | 7.937900e+05 |  20.83%
*25.0s|  9759 |  1528 |292058 |  29.7 |  26M|  53 |   - | 201 | 589 | 201 | 386 |  16k| 695 | 785 | 6.569514e+05 | 7.925260e+05 |  20.64%
*25.0s|  9784 |  1487 |292971 |  29.7 |  26M|  53 |   - | 201 | 588 | 201 | 388 |  16k| 696 | 785 | 6.571402e+05 | 7.895430e+05 |  20.15%
 time | node  | left  |LP iter|LP it/n| mem |mdpt |frac |vars |cons |cols |rows |cuts |confs|strbr|  dualbound   | primalbound  |  gap   
R25.0s|  9789 |  1486 |292992 |  29.7 |  26M|  53 |   - | 201 | 588 | 201 | 388 |  16k| 696 | 785 | 6.571402e+05 | 7.894840e+05 |  20.14%
 25.1s|  9800 |  1487 |293654 |  29.7 |  26M|  53 |   - | 201 | 586 | 201 | 390 |  16k| 696 | 785 | 6.572080e+05 | 7.894840e+05 |  20.13%
R25.1s|  9832 |  1479 |293772 |  29.7 |  26M|  53 |   - | 201 | 585 | 201 | 388 |  16k| 696 | 785 | 6.572080e+05 | 7.890630e+05 |  20.06%
R25.1s|  9845 |  1467 |293804 |  29.6 |  26M|  53 |   - | 201 | 585 | 201 | 388 |  16k| 696 | 785 | 6.572080e+05 | 7.870680e+05 |  19.76%
R25.1s|  9879 |  1442 |294020 |  29.5 |  26M|  53 |   - | 201 | 583 | 201 | 388 |  16k| 696 | 785 | 6.577626e+05 | 7.854260e+05 |  19.41%
 25.2s|  9900 |  1445 |295175 |  29.6 |  26M|  53 |   - | 201 | 580 | 201 | 388 |  16k| 696 | 786 | 6.578156e+05 | 7.854260e+05 |  19.40%
 25.4s| 10000 |  1459 |297652 |  29.5 |  26M|  53 |   - | 201 | 583 | 201 | 390 |  16k| 703 | 786 | 6.579841e+05 | 7.854260e+05 |  19.37%
 25.6s| 10100 |  1471 |300624 |  29.5 |  26M|  53 |   - | 201 | 586 |   0 |   0 |  17k| 711 | 786 | 6.581120e+05 | 7.854260e+05 |  19.35%
 25.9s| 10200 |  1483 |303886 |  29.6 |  27M|  53 |  25 | 201 | 586 | 201 | 356 |  17k| 716 | 786 | 6.585455e+05 | 7.854260e+05 |  19.27%
 26.2s| 10300 |  1489 |306570 |  29.6 |  27M|  53 |  35 | 201 | 588 | 201 | 360 |  17k| 718 | 787 | 6.589914e+05 | 7.854260e+05 |  19.19%
 26.3s| 10400 |  1497 |307985 |  29.4 |  27M|  53 |  40 | 201 | 585 | 201 | 372 |  17k| 720 | 789 | 6.594155e+05 | 7.854260e+05 |  19.11%
 26.4s| 10500 |  1505 |309234 |  29.2 |  27M|  53 |   - | 201 | 580 | 201 | 332 |  17k| 720 | 789 | 6.594594e+05 | 7.854260e+05 |  19.10%
 26.6s| 10600 |  1511 |311787 |  29.2 |  27M|  53 |   - | 201 | 570 | 201 | 337 |  18k| 722 | 796 | 6.600767e+05 | 7.854260e+05 |  18.99%
 26.7s| 10700 |  1517 |313675 |  29.1 |  27M|  53 |  37 | 201 | 567 | 201 | 359 |  18k| 724 | 796 | 6.600879e+05 | 7.854260e+05 |  18.99%
 27.0s| 10800 |  1537 |316670 |  29.1 |  27M|  53 |  39 | 201 | 564 | 201 | 364 |  18k| 726 | 797 | 6.603157e+05 | 7.854260e+05 |  18.95%
 time | node  | left  |LP iter|LP it/n| mem |mdpt |frac |vars |cons |cols |rows |cuts |confs|strbr|  dualbound   | primalbound  |  gap   
 27.2s| 10900 |  1583 |318938 |  29.1 |  27M|  53 |  32 | 201 | 562 | 201 | 371 |  18k| 728 | 797 | 6.607515e+05 | 7.854260e+05 |  18.87%
 27.6s| 11000 |  1589 |323501 |  29.2 |  28M|  53 |   - | 201 | 564 | 201 | 371 |  19k| 733 | 797 | 6.616620e+05 | 7.854260e+05 |  18.71%
 27.8s| 11100 |  1595 |326634 |  29.2 |  28M|  53 |   - | 201 | 556 |   0 |   0 |  19k| 737 | 797 | 6.617677e+05 | 7.854260e+05 |  18.69%
 27.9s| 11200 |  1609 |329616 |  29.2 |  28M|  53 |  26 | 201 | 562 | 201 | 385 |  19k| 748 | 803 | 6.618831e+05 | 7.854260e+05 |  18.67%
 28.1s| 11300 |  1625 |331622 |  29.2 |  28M|  53 |   - | 201 | 560 | 201 | 382 |  19k| 750 | 805 | 6.620040e+05 | 7.854260e+05 |  18.64%
 28.3s| 11400 |  1627 |334578 |  29.2 |  28M|  53 |   - | 201 | 553 | 201 | 392 |  19k| 752 | 805 | 6.626340e+05 | 7.854260e+05 |  18.53%
 28.5s| 11500 |  1633 |337027 |  29.1 |  28M|  53 |   - | 201 | 544 | 201 | 382 |  19k| 752 | 806 | 6.631210e+05 | 7.854260e+05 |  18.44%
 28.6s| 11600 |  1651 |339989 |  29.1 |  28M|  53 |  60 | 201 | 541 | 201 | 395 |  19k| 755 | 806 | 6.634518e+05 | 7.854260e+05 |  18.38%
R28.8s| 11665 |  1657 |342421 |  29.2 |  28M|  53 |   - | 201 | 536 | 201 | 400 |  20k| 756 | 806 | 6.635475e+05 | 7.840670e+05 |  18.16%
*28.8s| 11688 |  1648 |342476 |  29.1 |  28M|  53 |   - | 201 | 536 | 201 | 400 |  20k| 756 | 806 | 6.635475e+05 | 7.835060e+05 |  18.08%
 28.9s| 11700 |  1648 |343644 |  29.2 |  28M|  53 |   - | 201 | 536 | 201 | 410 |  20k| 756 | 806 | 6.638284e+05 | 7.835060e+05 |  18.03%
*29.0s| 11746 |  1652 |344408 |  29.1 |  28M|  55 |   - | 201 | 539 | 201 | 400 |  20k| 759 | 806 | 6.639236e+05 | 7.833420e+05 |  17.99%
 29.3s| 11800 |  1656 |348769 |  29.4 |  28M|  55 |  67 | 201 | 539 | 201 | 394 |  20k| 762 | 806 | 6.642931e+05 | 7.833420e+05 |  17.92%
 29.5s| 11900 |  1668 |351997 |  29.4 |  28M|  55 |   - | 201 | 542 | 201 | 384 |  20k| 768 | 813 | 6.646298e+05 | 7.833420e+05 |  17.86%
 29.8s| 12000 |  1704 |356956 |  29.6 |  28M|  55 |   - | 201 | 543 | 201 | 383 |  21k| 773 | 816 | 6.647647e+05 | 7.833420e+05 |  17.84%
 time | node  | left  |LP iter|LP it/n| mem |mdpt |frac |vars |cons |cols |rows |cuts |confs|strbr|  dualbound   | primalbound  |  gap   
 30.1s| 12100 |  1714 |361263 |  29.7 |  28M|  55 |   - | 201 | 539 | 201 | 382 |  21k| 775 | 817 | 6.650705e+05 | 7.833420e+05 |  17.78%
 30.3s| 12200 |  1726 |363530 |  29.6 |  28M|  55 |  59 | 201 | 544 | 201 | 360 |  21k| 781 | 818 | 6.657992e+05 | 7.833420e+05 |  17.65%
 30.4s| 12300 |  1756 |365108 |  29.5 |  28M|  55 |  35 | 201 | 536 | 201 | 366 |  21k| 781 | 818 | 6.658025e+05 | 7.833420e+05 |  17.65%
 30.6s| 12400 |  1754 |366672 |  29.4 |  28M|  55 |   - | 201 | 536 | 201 | 362 |  21k| 783 | 818 | 6.658565e+05 | 7.833420e+05 |  17.64%
 30.7s| 12500 |  1752 |368905 |  29.3 |  28M|  55 |  41 | 201 | 532 | 201 | 360 |  21k| 784 | 818 | 6.659378e+05 | 7.833420e+05 |  17.63%
 30.8s| 12600 |  1752 |370717 |  29.2 |  28M|  55 |  64 | 201 | 536 | 201 | 463 |  21k| 789 | 818 | 6.665951e+05 | 7.833420e+05 |  17.51%
 31.1s| 12700 |  1776 |374189 |  29.3 |  28M|  55 |  35 | 201 | 530 | 201 | 381 |  22k| 790 | 823 | 6.674665e+05 | 7.833420e+05 |  17.36%
 31.2s| 12800 |  1782 |375472 |  29.2 |  28M|  55 |  23 | 201 | 527 | 201 | 381 |  22k| 790 | 824 | 6.675660e+05 | 7.833420e+05 |  17.34%
 31.4s| 12900 |  1792 |378079 |  29.1 |  29M|  55 |   - | 201 | 521 | 201 | 382 |  22k| 790 | 829 | 6.684748e+05 | 7.833420e+05 |  17.18%
 31.5s| 13000 |  1806 |380198 |  29.1 |  29M|  55 |   8 | 201 | 523 | 201 | 380 |  22k| 795 | 830 | 6.686405e+05 | 7.833420e+05 |  17.15%
 31.6s| 13100 |  1820 |381015 |  28.9 |  29M|  55 |  14 | 201 | 521 | 201 | 384 |  22k| 795 | 831 | 6.688003e+05 | 7.833420e+05 |  17.13%
 31.8s| 13200 |  1816 |383430 |  28.9 |  29M|  55 |  17 | 201 | 521 | 201 | 384 |  22k| 803 | 831 | 6.690734e+05 | 7.833420e+05 |  17.08%
 31.9s| 13300 |  1806 |385052 |  28.8 |  29M|  55 |   - | 201 | 520 | 201 | 382 |  22k| 803 | 831 | 6.694091e+05 | 7.833420e+05 |  17.02%
 32.1s| 13400 |  1808 |387661 |  28.8 |  29M|  55 |  56 | 201 | 515 | 201 | 373 |  22k| 804 | 831 | 6.695301e+05 | 7.833420e+05 |  17.00%
 32.2s| 13500 |  1820 |389764 |  28.7 |  29M|  55 |  29 | 201 | 512 | 201 | 362 |  22k| 804 | 831 | 6.695955e+05 | 7.833420e+05 |  16.99%
 time | node  | left  |LP iter|LP it/n| mem |mdpt |frac |vars |cons |cols |rows |cuts |confs|strbr|  dualbound   | primalbound  |  gap   
 32.3s| 13600 |  1836 |391750 |  28.6 |  29M|  55 |   - | 201 | 510 |   0 |   0 |  22k| 805 | 831 | 6.699265e+05 | 7.833420e+05 |  16.93%
 32.4s| 13700 |  1846 |393742 |  28.6 |  29M|  55 |  40 | 201 | 509 | 201 | 372 |  22k| 806 | 831 | 6.701014e+05 | 7.833420e+05 |  16.90%
 32.5s| 13800 |  1850 |395665 |  28.5 |  29M|  55 |  57 | 201 | 503 | 201 | 384 |  22k| 806 | 831 | 6.707110e+05 | 7.833420e+05 |  16.79%
 32.6s| 13900 |  1864 |397746 |  28.5 |  29M|  55 |  43 | 201 | 503 | 201 | 376 |  23k| 811 | 842 | 6.709696e+05 | 7.833420e+05 |  16.75%
 32.8s| 14000 |  1862 |400167 |  28.4 |  29M|  55 |   - | 201 | 500 | 201 | 376 |  23k| 811 | 842 | 6.710774e+05 | 7.833420e+05 |  16.73%
 33.0s| 14100 |  1880 |403085 |  28.4 |  29M|  55 |   - | 201 | 500 | 201 | 379 |  23k| 814 | 843 | 6.715085e+05 | 7.833420e+05 |  16.65%
 33.2s| 14200 |  1886 |405422 |  28.4 |  29M|  55 |  55 | 201 | 494 | 201 | 368 |  23k| 814 | 844 | 6.716323e+05 | 7.833420e+05 |  16.63%
 33.3s| 14300 |  1898 |407353 |  28.3 |  29M|  55 |   - | 201 | 495 | 201 | 380 |  23k| 815 | 845 | 6.716723e+05 | 7.833420e+05 |  16.63%
 33.5s| 14400 |  1910 |408899 |  28.2 |  30M|  55 |   - | 201 | 494 | 201 | 365 |  23k| 817 | 846 | 6.722244e+05 | 7.833420e+05 |  16.53%
 33.6s| 14500 |  1914 |410805 |  28.2 |  30M|  55 |  40 | 201 | 490 | 201 | 360 |  23k| 818 | 846 | 6.724501e+05 | 7.833420e+05 |  16.49%
 33.8s| 14600 |  1938 |413887 |  28.2 |  30M|  55 |  34 | 201 | 486 | 201 | 387 |  23k| 818 | 846 | 6.732935e+05 | 7.833420e+05 |  16.34%
 34.0s| 14700 |  1940 |415523 |  28.1 |  30M|  55 |  28 | 201 | 485 | 201 | 388 |  24k| 821 | 848 | 6.735211e+05 | 7.833420e+05 |  16.31%
 34.1s| 14800 |  1936 |417601 |  28.1 |  30M|  55 |  50 | 201 | 491 | 201 | 392 |  24k| 830 | 848 | 6.735776e+05 | 7.833420e+05 |  16.30%
 34.2s| 14900 |  1946 |418644 |  28.0 |  30M|  55 |   - | 201 | 488 | 201 | 392 |  24k| 830 | 848 | 6.737979e+05 | 7.833420e+05 |  16.26%
 34.5s| 15000 |  1964 |422293 |  28.0 |  30M|  55 |   - | 201 | 482 | 201 | 397 |  24k| 831 | 853 | 6.743481e+05 | 7.833420e+05 |  16.16%
 time | node  | left  |LP iter|LP it/n| mem |mdpt |frac |vars |cons |cols |rows |cuts |confs|strbr|  dualbound   | primalbound  |  gap   
 34.6s| 15100 |  1954 |424147 |  27.9 |  30M|  55 |   - | 201 | 483 | 201 | 391 |  24k| 834 | 861 | 6.745042e+05 | 7.833420e+05 |  16.14%
 34.8s| 15200 |  1978 |427857 |  28.0 |  30M|  55 |   - | 201 | 486 | 201 | 404 |  24k| 842 | 867 | 6.748416e+05 | 7.833420e+05 |  16.08%
 35.0s| 15300 |  1990 |429986 |  28.0 |  30M|  55 |  44 | 201 | 488 | 201 | 412 |  24k| 846 | 868 | 6.749703e+05 | 7.833420e+05 |  16.06%
 35.0s| 15400 |  2000 |431502 |  27.9 |  30M|  55 |  11 | 201 | 487 | 201 | 397 |  24k| 847 | 868 | 6.750016e+05 | 7.833420e+05 |  16.05%
 35.3s| 15500 |  2008 |435334 |  27.9 |  30M|  55 |  73 | 201 | 485 | 201 | 402 |  25k| 850 | 869 | 6.752866e+05 | 7.833420e+05 |  16.00%
 35.4s| 15600 |  2032 |438335 |  28.0 |  31M|  55 |   - | 201 | 483 |   0 |   0 |  25k| 853 | 869 | 6.758003e+05 | 7.833420e+05 |  15.91%
 35.4s| 15700 |  2036 |439773 |  27.9 |  31M|  55 |   - | 201 | 485 | 201 | 377 |  25k| 856 | 869 | 6.758003e+05 | 7.833420e+05 |  15.91%
 35.6s| 15800 |  2058 |442623 |  27.9 |  31M|  55 |  43 | 201 | 481 | 201 | 391 |  25k| 857 | 869 | 6.758629e+05 | 7.833420e+05 |  15.90%
 35.7s| 15900 |  2076 |444107 |  27.8 |  31M|  55 |  25 | 201 | 479 | 201 | 392 |  25k| 857 | 870 | 6.760498e+05 | 7.833420e+05 |  15.87%
 35.9s| 16000 |  2068 |446045 |  27.7 |  31M|  55 |  42 | 201 | 478 | 201 | 383 |  25k| 857 | 870 | 6.760847e+05 | 7.833420e+05 |  15.86%
 35.9s| 16100 |  2078 |447766 |  27.7 |  31M|  55 |   - | 201 | 476 | 201 | 402 |  25k| 861 | 874 | 6.761455e+05 | 7.833420e+05 |  15.85%
 36.2s| 16200 |  2072 |451680 |  27.7 |  31M|  55 |  81 | 201 | 472 | 201 | 428 |  25k| 861 | 888 | 6.764706e+05 | 7.833420e+05 |  15.80%
 36.3s| 16300 |  2078 |454217 |  27.7 |  31M|  55 |   - | 201 | 474 | 201 | 390 |  25k| 866 | 894 | 6.765221e+05 | 7.833420e+05 |  15.79%
 36.5s| 16400 |  2086 |456520 |  27.7 |  31M|  55 |  44 | 201 | 474 | 201 | 412 |  25k| 872 | 898 | 6.765955e+05 | 7.833420e+05 |  15.78%
 36.6s| 16500 |  2094 |458439 |  27.7 |  31M|  55 |  41 | 201 | 468 | 201 | 421 |  25k| 872 | 899 | 6.771612e+05 | 7.833420e+05 |  15.68%
 time | node  | left  |LP iter|LP it/n| mem |mdpt |frac |vars |cons |cols |rows |cuts |confs|strbr|  dualbound   | primalbound  |  gap   
 36.7s| 16600 |  2106 |460179 |  27.6 |  31M|  55 |   - | 201 | 468 |   0 |   0 |  26k| 872 | 899 | 6.772128e+05 | 7.833420e+05 |  15.67%
 36.7s| 16700 |  2122 |461286 |  27.5 |  31M|  55 |   - | 201 | 468 | 201 | 427 |  26k| 872 | 899 | 6.772128e+05 | 7.833420e+05 |  15.67%
 36.9s| 16800 |  2122 |463649 |  27.5 |  31M|  55 |  48 | 201 | 467 | 201 | 430 |  26k| 872 | 899 | 6.782943e+05 | 7.833420e+05 |  15.49%
 37.0s| 16900 |  2120 |465497 |  27.4 |  31M|  55 |  24 | 201 | 462 | 201 | 369 |  26k| 873 | 899 | 6.783792e+05 | 7.833420e+05 |  15.47%
 37.1s| 17000 |  2108 |466695 |  27.3 |  32M|  55 |   - | 201 | 462 | 201 | 429 |  26k| 875 | 899 | 6.784289e+05 | 7.833420e+05 |  15.46%
 37.1s| 17100 |  2124 |468191 |  27.3 |  32M|  55 |  41 | 201 | 461 | 201 | 368 |  26k| 876 | 899 | 6.784289e+05 | 7.833420e+05 |  15.46%
 37.3s| 17200 |  2138 |470117 |  27.2 |  32M|  55 |  47 | 201 | 465 | 201 | 385 |  26k| 879 | 899 | 6.787480e+05 | 7.833420e+05 |  15.41%
 37.5s| 17300 |  2154 |472940 |  27.2 |  32M|  55 |   - | 201 | 465 | 201 | 393 |  26k| 880 | 901 | 6.787750e+05 | 7.833420e+05 |  15.41%
 37.6s| 17400 |  2160 |475194 |  27.2 |  32M|  55 |   - | 201 | 463 | 201 | 385 |  26k| 881 | 901 | 6.787863e+05 | 7.833420e+05 |  15.40%
 37.7s| 17500 |  2170 |476159 |  27.1 |  32M|  55 |  27 | 201 | 463 | 201 | 389 |  26k| 881 | 904 | 6.787863e+05 | 7.833420e+05 |  15.40%
 37.8s| 17600 |  2178 |478244 |  27.0 |  32M|  55 |   - | 201 | 460 | 201 | 394 |  26k| 883 | 907 | 6.790685e+05 | 7.833420e+05 |  15.36%
 37.9s| 17700 |  2189 |479484 |  27.0 |  32M|  55 |  19 | 201 | 467 | 201 | 393 |  26k| 890 | 911 | 6.791318e+05 | 7.833420e+05 |  15.34%
R38.0s| 17734 |  2135 |479688 |  26.9 |  32M|  55 |   - | 201 | 468 | 201 | 399 |  26k| 891 | 911 | 6.791318e+05 | 7.805460e+05 |  14.93%
 38.0s| 17800 |  2137 |480161 |  26.9 |  32M|  55 |  18 | 201 | 468 | 201 | 397 |  26k| 891 | 911 | 6.791318e+05 | 7.805460e+05 |  14.93%
 38.1s| 17900 |  2143 |481283 |  26.8 |  32M|  55 |   9 | 201 | 468 | 201 | 403 |  26k| 891 | 913 | 6.792936e+05 | 7.805460e+05 |  14.91%
 time | node  | left  |LP iter|LP it/n| mem |mdpt |frac |vars |cons |cols |rows |cuts |confs|strbr|  dualbound   | primalbound  |  gap   
 38.3s| 18000 |  2143 |483743 |  26.8 |  32M|  55 |   - | 201 | 464 | 201 | 396 |  27k| 892 | 916 | 6.795233e+05 | 7.805460e+05 |  14.87%
 38.5s| 18100 |  2137 |485358 |  26.7 |  32M|  55 |  38 | 201 | 466 | 201 | 398 |  27k| 895 | 916 | 6.796022e+05 | 7.805460e+05 |  14.85%
 38.5s| 18200 |  2141 |486578 |  26.6 |  32M|  55 |  38 | 201 | 464 | 201 | 398 |  27k| 897 | 916 | 6.796618e+05 | 7.805460e+05 |  14.84%
 38.7s| 18300 |  2139 |488999 |  26.6 |  32M|  55 |   - | 201 | 466 | 201 | 397 |  27k| 900 | 916 | 6.797697e+05 | 7.805460e+05 |  14.83%
 39.0s| 18400 |  2145 |492429 |  26.6 |  32M|  55 |   - | 201 | 464 | 201 | 374 |  27k| 902 | 917 | 6.803159e+05 | 7.805460e+05 |  14.73%
 39.2s| 18500 |  2149 |494143 |  26.6 |  32M|  55 |   - | 201 | 464 | 201 | 401 |  27k| 903 | 917 | 6.804170e+05 | 7.805460e+05 |  14.72%
 39.2s| 18600 |  2157 |495545 |  26.5 |  32M|  55 |  49 | 201 | 466 | 201 | 375 |  27k| 907 | 917 | 6.808806e+05 | 7.805460e+05 |  14.64%
 39.3s| 18700 |  2159 |496480 |  26.4 |  32M|  55 |  37 | 201 | 468 | 201 | 383 |  28k| 909 | 917 | 6.808806e+05 | 7.805460e+05 |  14.64%
 39.4s| 18800 |  2169 |498127 |  26.4 |  32M|  55 |  39 | 201 | 468 | 201 | 385 |  28k| 909 | 917 | 6.810138e+05 | 7.805460e+05 |  14.62%
 39.5s| 18900 |  2179 |499796 |  26.3 |  32M|  55 |   - | 201 | 468 | 201 | 389 |  28k| 911 | 917 | 6.810138e+05 | 7.805460e+05 |  14.62%
 39.6s| 19000 |  2189 |501184 |  26.3 |  32M|  55 |  42 | 201 | 469 | 201 | 391 |  28k| 913 | 917 | 6.810138e+05 | 7.805460e+05 |  14.62%
 39.6s| 19100 |  2197 |502525 |  26.2 |  32M|  55 |  26 | 201 | 468 | 201 | 396 |  28k| 913 | 917 | 6.811478e+05 | 7.805460e+05 |  14.59%
 39.7s| 19200 |  2189 |504815 |  26.2 |  32M|  55 |   - | 201 | 465 | 201 | 395 |  28k| 914 | 923 | 6.814934e+05 | 7.805460e+05 |  14.53%
 39.8s| 19300 |  2193 |507019 |  26.2 |  32M|  55 |  53 | 201 | 461 | 201 | 378 |  28k| 916 | 928 | 6.815719e+05 | 7.805460e+05 |  14.52%
 39.9s| 19400 |  2183 |509054 |  26.1 |  32M|  55 |   - | 201 | 458 |   0 |   0 |  28k| 917 | 937 | 6.815719e+05 | 7.805460e+05 |  14.52%
 time | node  | left  |LP iter|LP it/n| mem |mdpt |frac |vars |cons |cols |rows |cuts |confs|strbr|  dualbound   | primalbound  |  gap   
 40.0s| 19500 |  2204 |510005 |  26.0 |  32M|  55 |  15 | 201 | 459 | 201 | 412 |  28k| 918 | 939 | 6.819929e+05 | 7.805460e+05 |  14.45%
 40.1s| 19600 |  2220 |511522 |  26.0 |  32M|  55 |   9 | 201 | 458 | 201 | 412 |  28k| 921 | 940 | 6.827244e+05 | 7.805460e+05 |  14.33%
 40.2s| 19700 |  2218 |512247 |  25.9 |  32M|  55 |   - | 201 | 458 | 201 | 417 |  28k| 921 | 941 | 6.828188e+05 | 7.805460e+05 |  14.31%
 40.2s| 19800 |  2238 |514175 |  25.9 |  32M|  55 |   - | 201 | 459 | 201 | 369 |  28k| 922 | 942 | 6.831707e+05 | 7.805460e+05 |  14.25%
 40.5s| 19900 |  2250 |516722 |  25.9 |  32M|  55 |   - | 201 | 463 | 201 | 373 |  28k| 926 | 942 | 6.833714e+05 | 7.805460e+05 |  14.22%
 40.6s| 20000 |  2256 |518764 |  25.8 |  32M|  55 |  53 | 201 | 463 | 201 | 374 |  28k| 928 | 942 | 6.836341e+05 | 7.805460e+05 |  14.18%
 40.7s| 20100 |  2260 |521137 |  25.8 |  32M|  55 |   - | 201 | 463 | 201 | 386 |  28k| 929 | 942 | 6.837709e+05 | 7.805460e+05 |  14.15%
 40.8s| 20200 |  2268 |523521 |  25.8 |  32M|  55 |   - | 201 | 464 | 201 | 390 |  28k| 931 | 942 | 6.840091e+05 | 7.805460e+05 |  14.11%
 40.9s| 20300 |  2274 |525385 |  25.8 |  32M|  55 |  40 | 201 | 463 | 201 | 413 |  28k| 932 | 942 | 6.841313e+05 | 7.805460e+05 |  14.09%
 41.2s| 20400 |  2272 |528303 |  25.8 |  32M|  55 |   - | 201 | 467 | 201 | 417 |  29k| 939 | 942 | 6.841787e+05 | 7.805460e+05 |  14.09%
 41.4s| 20500 |  2272 |531936 |  25.8 |  32M|  55 |   - | 201 | 466 | 201 | 372 |  29k| 941 | 958 | 6.845667e+05 | 7.805460e+05 |  14.02%
 41.4s| 20600 |  2280 |533493 |  25.8 |  32M|  55 |   - | 201 | 466 | 201 | 396 |  29k| 943 | 958 | 6.846091e+05 | 7.805460e+05 |  14.01%
 41.6s| 20700 |  2282 |535430 |  25.8 |  32M|  55 |  55 | 201 | 463 | 201 | 341 |  29k| 943 | 958 | 6.849551e+05 | 7.805460e+05 |  13.96%
 41.7s| 20800 |  2282 |537781 |  25.7 |  32M|  55 |   - | 201 | 464 | 201 | 397 |  29k| 947 | 961 | 6.850171e+05 | 7.805460e+05 |  13.95%
 41.9s| 20900 |  2306 |541703 |  25.8 |  32M|  55 |   - | 201 | 456 | 201 | 382 |  29k| 949 | 963 | 6.851386e+05 | 7.805460e+05 |  13.93%
 time | node  | left  |LP iter|LP it/n| mem |mdpt |frac |vars |cons |cols |rows |cuts |confs|strbr|  dualbound   | primalbound  |  gap   
 42.0s| 21000 |  2312 |544893 |  25.8 |  32M|  55 |   - | 201 | 457 |   0 |   0 |  29k| 954 | 963 | 6.853467e+05 | 7.805460e+05 |  13.89%
 42.3s| 21100 |  2316 |547029 |  25.8 |  32M|  55 |  49 | 201 | 454 | 201 | 432 |  29k| 955 | 963 | 6.854342e+05 | 7.805460e+05 |  13.88%
 42.4s| 21200 |  2316 |548888 |  25.8 |  32M|  55 |  41 | 201 | 451 | 201 | 370 |  29k| 955 | 963 | 6.855099e+05 | 7.805460e+05 |  13.86%
 42.5s| 21300 |  2322 |550526 |  25.7 |  32M|  55 |   - | 201 | 450 | 201 | 410 |  30k| 956 | 963 | 6.855099e+05 | 7.805460e+05 |  13.86%
 42.6s| 21400 |  2322 |552307 |  25.7 |  33M|  55 |  53 | 201 | 453 | 201 | 410 |  30k| 961 | 963 | 6.855176e+05 | 7.805460e+05 |  13.86%
 42.7s| 21500 |  2340 |553915 |  25.7 |  33M|  55 |  36 | 201 | 453 | 201 | 333 |  30k| 961 | 963 | 6.856106e+05 | 7.805460e+05 |  13.85%
 42.8s| 21600 |  2370 |555789 |  25.6 |  33M|  55 |  34 | 201 | 453 | 201 | 345 |  30k| 961 | 963 | 6.858113e+05 | 7.805460e+05 |  13.81%
 42.8s| 21700 |  2370 |556934 |  25.6 |  33M|  55 |  22 | 201 | 453 | 201 | 348 |  30k| 961 | 963 | 6.858113e+05 | 7.805460e+05 |  13.81%
 43.0s| 21800 |  2360 |559538 |  25.6 |  33M|  55 |   - | 201 | 459 |   0 |   0 |  30k| 968 | 963 | 6.860874e+05 | 7.805460e+05 |  13.77%
 43.2s| 21900 |  2370 |561760 |  25.6 |  33M|  55 |   - | 201 | 454 | 201 | 353 |  30k| 968 | 974 | 6.864538e+05 | 7.805460e+05 |  13.71%
 43.2s| 22000 |  2360 |563372 |  25.5 |  33M|  55 |  36 | 201 | 450 | 201 | 343 |  30k| 968 | 975 | 6.865346e+05 | 7.805460e+05 |  13.69%
 43.4s| 22100 |  2376 |565440 |  25.5 |  33M|  55 |  48 | 201 | 449 | 201 | 353 |  30k| 968 | 979 | 6.865402e+05 | 7.805460e+05 |  13.69%
 43.5s| 22200 |  2378 |566818 |  25.4 |  33M|  55 |   - | 201 | 447 | 201 | 349 |  30k| 968 | 987 | 6.865402e+05 | 7.805460e+05 |  13.69%
 43.5s| 22300 |  2378 |567962 |  25.4 |  33M|  55 |  30 | 201 | 447 | 201 | 348 |  30k| 968 | 990 | 6.865463e+05 | 7.805460e+05 |  13.69%
 43.6s| 22400 |  2386 |569478 |  25.3 |  33M|  55 |   - | 201 | 448 | 201 | 349 |  30k| 969 | 992 | 6.865693e+05 | 7.805460e+05 |  13.69%
 time | node  | left  |LP iter|LP it/n| mem |mdpt |frac |vars |cons |cols |rows |cuts |confs|strbr|  dualbound   | primalbound  |  gap   
 43.7s| 22500 |  2396 |571375 |  25.3 |  33M|  55 |  47 | 201 | 449 | 201 | 355 |  30k| 970 | 994 | 6.869119e+05 | 7.805460e+05 |  13.63%
 43.8s| 22600 |  2406 |572168 |  25.2 |  33M|  55 |   - | 201 | 449 | 201 | 355 |  30k| 970 | 995 | 6.869119e+05 | 7.805460e+05 |  13.63%
 43.9s| 22700 |  2408 |574494 |  25.2 |  33M|  55 |  52 | 201 | 449 | 201 | 350 |  30k| 971 | 997 | 6.870555e+05 | 7.805460e+05 |  13.61%
 44.0s| 22800 |  2436 |576843 |  25.2 |  33M|  55 |   - | 201 | 449 | 201 | 375 |  30k| 971 | 997 | 6.872213e+05 | 7.805460e+05 |  13.58%
 44.1s| 22900 |  2440 |578003 |  25.1 |  33M|  55 |   - | 201 | 450 | 201 | 359 |  31k| 972 | 997 | 6.874225e+05 | 7.805460e+05 |  13.55%
 44.2s| 23000 |  2462 |579438 |  25.1 |  33M|  55 |   - | 201 | 454 |   0 |   0 |  31k| 975 | 998 | 6.874770e+05 | 7.805460e+05 |  13.54%
 44.3s| 23100 |  2466 |580306 |  25.0 |  33M|  55 |   - | 201 | 456 | 201 | 361 |  31k| 976 | 998 | 6.874770e+05 | 7.805460e+05 |  13.54%
 44.5s| 23200 |  2496 |583232 |  25.0 |  33M|  55 |  29 | 201 | 457 | 201 | 364 |  31k| 980 | 999 | 6.881394e+05 | 7.805460e+05 |  13.43%
 44.6s| 23300 |  2498 |585303 |  25.0 |  33M|  55 |   - | 201 | 454 | 201 | 380 |  31k| 982 | 999 | 6.885320e+05 | 7.805460e+05 |  13.36%
 44.8s| 23400 |  2506 |587713 |  25.0 |  33M|  55 |  35 | 201 | 457 | 201 | 362 |  31k| 985 | 999 | 6.886661e+05 | 7.805460e+05 |  13.34%
 44.9s| 23500 |  2500 |589674 |  25.0 |  33M|  55 |   - | 201 | 457 | 201 | 360 |  31k| 989 |1000 | 6.890109e+05 | 7.805460e+05 |  13.29%
 45.0s| 23600 |  2508 |591431 |  25.0 |  33M|  55 |  33 | 201 | 455 | 201 | 367 |  31k| 989 |1011 | 6.890898e+05 | 7.805460e+05 |  13.27%
 45.1s| 23700 |  2518 |592852 |  24.9 |  33M|  55 |   - | 201 | 455 | 201 | 368 |  31k| 990 |1012 | 6.892919e+05 | 7.805460e+05 |  13.24%
 45.2s| 23800 |  2538 |596038 |  25.0 |  33M|  55 |   - | 201 | 456 | 201 | 376 |  31k| 993 |1012 | 6.898725e+05 | 7.805460e+05 |  13.14%
 45.3s| 23900 |  2552 |597642 |  24.9 |  33M|  55 |   - | 201 | 458 | 201 | 384 |  31k| 998 |1013 | 6.900884e+05 | 7.805460e+05 |  13.11%
 time | node  | left  |LP iter|LP it/n| mem |mdpt |frac |vars |cons |cols |rows |cuts |confs|strbr|  dualbound   | primalbound  |  gap   
 45.4s| 24000 |  2544 |599554 |  24.9 |  33M|  55 |   - | 201 | 459 | 201 | 371 |  31k|1000 |1020 | 6.902136e+05 | 7.805460e+05 |  13.09%
 45.5s| 24100 |  2542 |601357 |  24.9 |  33M|  55 |   - | 201 | 456 | 201 | 364 |  32k|1001 |1020 | 6.904744e+05 | 7.805460e+05 |  13.04%
 45.7s| 24200 |  2556 |603324 |  24.8 |  33M|  55 |   - | 201 | 461 |   0 |   0 |  32k|1007 |1021 | 6.904744e+05 | 7.805460e+05 |  13.04%
 45.8s| 24300 |  2568 |605214 |  24.8 |  33M|  55 |   - | 201 | 459 | 201 | 408 |  32k|1007 |1022 | 6.907080e+05 | 7.805460e+05 |  13.01%
 45.9s| 24400 |  2578 |606296 |  24.8 |  33M|  55 |  23 | 201 | 460 | 201 | 408 |  32k|1009 |1022 | 6.909044e+05 | 7.805460e+05 |  12.97%
 46.0s| 24500 |  2580 |606855 |  24.7 |  33M|  55 |   - | 201 | 463 | 201 | 415 |  32k|1012 |1022 | 6.909044e+05 | 7.805460e+05 |  12.97%
 46.1s| 24600 |  2586 |607941 |  24.6 |  33M|  55 |  15 | 201 | 463 | 201 | 404 |  32k|1012 |1022 | 6.909651e+05 | 7.805460e+05 |  12.96%
*46.1s| 24663 |  2585 |608142 |  24.6 |  33M|  55 |   - | 201 | 464 | 201 | 411 |  32k|1013 |1022 | 6.909651e+05 | 7.804090e+05 |  12.94%
 46.2s| 24700 |  2580 |608941 |  24.6 |  33M|  55 |   - | 201 | 464 | 201 | 411 |  32k|1013 |1022 | 6.909696e+05 | 7.804090e+05 |  12.94%
*46.2s| 24744 |  2573 |609344 |  24.5 |  33M|  55 |   - | 201 | 464 | 201 | 410 |  32k|1013 |1022 | 6.911005e+05 | 7.799130e+05 |  12.85%
 46.3s| 24800 |  2573 |610057 |  24.5 |  33M|  55 |  27 | 201 | 467 | 201 | 404 |  32k|1016 |1022 | 6.911391e+05 | 7.799130e+05 |  12.84%
 46.4s| 24900 |  2595 |611858 |  24.5 |  34M|  55 |  31 | 201 | 470 | 201 | 416 |  32k|1019 |1022 | 6.912380e+05 | 7.799130e+05 |  12.83%
 46.5s| 25000 |  2603 |612813 |  24.4 |  34M|  59 |   - | 201 | 473 | 201 | 427 |  32k|1024 |1022 | 6.913847e+05 | 7.799130e+05 |  12.80%
 46.6s| 25100 |  2625 |614500 |  24.4 |  34M|  59 |   - | 201 | 473 | 201 | 428 |  32k|1024 |1022 | 6.914309e+05 | 7.799130e+05 |  12.80%
 46.6s| 25200 |  2623 |615538 |  24.3 |  34M|  59 |   - | 201 | 473 | 201 | 416 |  32k|1026 |1022 | 6.914674e+05 | 7.799130e+05 |  12.79%
 time | node  | left  |LP iter|LP it/n| mem |mdpt |frac |vars |cons |cols |rows |cuts |confs|strbr|  dualbound   | primalbound  |  gap   
 46.8s| 25300 |  2633 |617472 |  24.3 |  34M|  59 |   - | 201 | 473 | 201 | 426 |  33k|1027 |1022 | 6.918558e+05 | 7.799130e+05 |  12.73%
 47.1s| 25400 |  2634 |620586 |  24.3 |  34M|  59 |  19 | 201 | 476 | 201 | 421 |  33k|1035 |1022 | 6.919211e+05 | 7.799130e+05 |  12.72%
 47.2s| 25500 |  2654 |621674 |  24.3 |  34M|  59 |   7 | 201 | 475 | 201 | 431 |  33k|1036 |1024 | 6.920044e+05 | 7.799130e+05 |  12.70%
N47.2s| 25501 |  2269 |621675 |  24.3 |  34M|  59 |   - | 201 | 475 | 201 | 431 |  33k|1036 |1024 | 6.920044e+05 | 7.684340e+05 |  11.04%
*47.2s| 25564 |  2225 |622030 |  24.2 |  34M|  59 |   - | 201 | 475 | 201 | 424 |  33k|1036 |1024 | 6.920044e+05 | 7.668770e+05 |  10.82%
R47.2s| 25588 |  2200 |622115 |  24.2 |  34M|  59 |   - | 201 | 473 | 201 | 424 |  33k|1036 |1024 | 6.920044e+05 | 7.661660e+05 |  10.72%
*47.2s| 25592 |  2181 |622123 |  24.2 |  34M|  59 |   - | 201 | 473 | 201 | 424 |  33k|1036 |1024 | 6.920044e+05 | 7.657460e+05 |  10.66%
 47.2s| 25600 |  2179 |622157 |  24.2 |  34M|  59 |   - | 201 | 473 | 201 | 424 |  33k|1036 |1024 | 6.920044e+05 | 7.657460e+05 |  10.66%
*47.3s| 25610 |  2130 |622669 |  24.2 |  34M|  59 |   - | 201 | 471 | 201 | 439 |  33k|1038 |1030 | 6.920332e+05 | 7.647720e+05 |  10.51%
 47.4s| 25700 |  2148 |623720 |  24.2 |  34M|  59 |   8 | 201 | 470 | 201 | 415 |  33k|1038 |1030 | 6.920740e+05 | 7.647720e+05 |  10.50%
 47.5s| 25800 |  2138 |626157 |  24.2 |  34M|  59 |   - | 201 | 471 | 201 | 411 |  33k|1043 |1032 | 6.923032e+05 | 7.647720e+05 |  10.47%
 47.7s| 25900 |  2144 |628127 |  24.2 |  34M|  59 |   - | 201 | 469 | 201 | 397 |  33k|1046 |1035 | 6.923488e+05 | 7.647720e+05 |  10.46%
 47.8s| 26000 |  2144 |631261 |  24.2 |  34M|  59 |  66 | 201 | 470 | 201 | 396 |  33k|1048 |1038 | 6.923695e+05 | 7.647720e+05 |  10.46%
 47.8s| 26100 |  2152 |632529 |  24.2 |  34M|  59 |   - | 201 | 470 | 201 | 410 |  33k|1049 |1038 | 6.923695e+05 | 7.647720e+05 |  10.46%
 48.0s| 26200 |  2156 |635120 |  24.2 |  34M|  59 |  60 | 201 | 469 | 201 | 395 |  33k|1052 |1041 | 6.926389e+05 | 7.647720e+05 |  10.41%
 time | node  | left  |LP iter|LP it/n| mem |mdpt |frac |vars |cons |cols |rows |cuts |confs|strbr|  dualbound   | primalbound  |  gap   
 48.1s| 26300 |  2156 |637257 |  24.1 |  34M|  59 |   - | 201 | 468 | 201 | 365 |  33k|1053 |1041 | 6.927040e+05 | 7.647720e+05 |  10.40%
 48.2s| 26400 |  2152 |639412 |  24.1 |  34M|  59 |   - | 201 | 467 | 201 | 353 |  33k|1055 |1041 | 6.928567e+05 | 7.647720e+05 |  10.38%
 48.3s| 26500 |  2170 |641463 |  24.1 |  34M|  59 |  51 | 201 | 467 | 201 | 382 |  33k|1056 |1041 | 6.930316e+05 | 7.647720e+05 |  10.35%
 48.5s| 26600 |  2178 |644305 |  24.1 |  34M|  59 |   - | 201 | 464 | 201 | 378 |  33k|1057 |1041 | 6.930697e+05 | 7.647720e+05 |  10.35%
 48.6s| 26700 |  2184 |646910 |  24.1 |  34M|  59 |   - | 201 | 463 | 201 | 375 |  33k|1059 |1041 | 6.931616e+05 | 7.647720e+05 |  10.33%
 48.7s| 26800 |  2194 |648426 |  24.1 |  34M|  59 |  37 | 201 | 466 | 201 | 378 |  33k|1063 |1041 | 6.932305e+05 | 7.647720e+05 |  10.32%
 48.8s| 26900 |  2188 |650691 |  24.1 |  34M|  59 |   - | 201 | 464 | 201 | 396 |  33k|1064 |1041 | 6.934416e+05 | 7.647720e+05 |  10.29%
 48.9s| 27000 |  2190 |652551 |  24.1 |  34M|  59 |  58 | 201 | 464 | 201 | 416 |  34k|1065 |1048 | 6.934964e+05 | 7.647720e+05 |  10.28%
 49.1s| 27100 |  2196 |655154 |  24.1 |  34M|  59 |   - | 201 | 466 | 201 | 402 |  34k|1071 |1062 | 6.935602e+05 | 7.647720e+05 |  10.27%
 49.2s| 27200 |  2198 |656913 |  24.1 |  34M|  59 |   - | 201 | 462 | 201 | 353 |  34k|1072 |1062 | 6.935854e+05 | 7.647720e+05 |  10.26%
 49.3s| 27300 |  2208 |659117 |  24.1 |  34M|  59 |   - | 201 | 458 | 201 | 405 |  34k|1073 |1063 | 6.936348e+05 | 7.647720e+05 |  10.26%
 49.4s| 27400 |  2202 |662172 |  24.1 |  34M|  59 |   - | 201 | 456 | 201 | 395 |  34k|1076 |1065 | 6.938117e+05 | 7.647720e+05 |  10.23%
 49.5s| 27500 |  2208 |664309 |  24.1 |  34M|  59 |   - | 201 | 453 | 201 | 373 |  34k|1076 |1065 | 6.939230e+05 | 7.647720e+05 |  10.21%
 49.6s| 27600 |  2202 |667029 |  24.1 |  34M|  59 |   - | 201 | 452 | 201 | 381 |  34k|1076 |1065 | 6.940286e+05 | 7.647720e+05 |  10.19%
 49.7s| 27700 |  2198 |669376 |  24.1 |  34M|  59 |  54 | 201 | 450 | 201 | 392 |  34k|1076 |1065 | 6.941536e+05 | 7.647720e+05 |  10.17%
 time | node  | left  |LP iter|LP it/n| mem |mdpt |frac |vars |cons |cols |rows |cuts |confs|strbr|  dualbound   | primalbound  |  gap   
 49.8s| 27800 |  2188 |672225 |  24.1 |  34M|  59 |   - | 201 | 449 | 201 | 350 |  34k|1078 |1065 | 6.941806e+05 | 7.647720e+05 |  10.17%
 49.9s| 27900 |  2180 |675222 |  24.1 |  34M|  59 |  61 | 201 | 449 | 201 | 401 |  34k|1082 |1067 | 6.941968e+05 | 7.647720e+05 |  10.17%
 50.1s| 28000 |  2181 |678809 |  24.2 |  34M|  59 |  66 | 201 | 449 | 201 | 445 |  34k|1082 |1068 | 6.944563e+05 | 7.647720e+05 |  10.13%
 50.2s| 28100 |  2181 |681225 |  24.2 |  34M|  59 |   - | 201 | 449 | 201 | 371 |  34k|1083 |1069 | 6.944933e+05 | 7.647720e+05 |  10.12%
 50.3s| 28200 |  2205 |683182 |  24.1 |  34M|  59 |  38 | 201 | 447 | 201 | 361 |  34k|1085 |1081 | 6.946205e+05 | 7.647720e+05 |  10.10%
 50.5s| 28300 |  2205 |685656 |  24.2 |  34M|  59 |  58 | 201 | 446 | 201 | 363 |  34k|1086 |1081 | 6.948842e+05 | 7.647720e+05 |  10.06%
 50.5s| 28400 |  2207 |687658 |  24.1 |  34M|  59 |  65 | 201 | 450 | 201 | 375 |  34k|1094 |1085 | 6.948904e+05 | 7.647720e+05 |  10.06%
 50.6s| 28500 |  2201 |690271 |  24.1 |  34M|  59 |  58 | 201 | 449 | 201 | 371 |  34k|1096 |1088 | 6.949851e+05 | 7.647720e+05 |  10.04%
 50.8s| 28600 |  2209 |693227 |  24.2 |  34M|  59 |  49 | 201 | 450 | 201 | 366 |  35k|1098 |1089 | 6.950908e+05 | 7.647720e+05 |  10.02%
 51.1s| 28700 |  2205 |696523 |  24.2 |  34M|  59 |   - | 201 | 450 | 201 | 394 |  35k|1099 |1090 | 6.952610e+05 | 7.647720e+05 |  10.00%
 51.2s| 28800 |  2203 |699357 |  24.2 |  34M|  59 |  81 | 201 | 450 | 201 | 397 |  35k|1099 |1090 | 6.953327e+05 | 7.647720e+05 |   9.99%
 51.3s| 28900 |  2211 |701386 |  24.2 |  34M|  59 |  51 | 201 | 454 | 201 | 366 |  35k|1103 |1090 | 6.954477e+05 | 7.647720e+05 |   9.97%
 51.4s| 29000 |  2215 |703407 |  24.2 |  34M|  59 |   - | 201 | 454 | 201 | 341 |  35k|1103 |1090 | 6.955539e+05 | 7.647720e+05 |   9.95%
 51.4s| 29100 |  2211 |705259 |  24.2 |  34M|  59 |   - | 201 | 454 | 201 | 403 |  35k|1103 |1090 | 6.956554e+05 | 7.647720e+05 |   9.94%
 51.7s| 29200 |  2219 |708421 |  24.2 |  34M|  59 |  51 | 201 | 454 | 201 | 418 |  35k|1103 |1090 | 6.960482e+05 | 7.647720e+05 |   9.87%
 time | node  | left  |LP iter|LP it/n| mem |mdpt |frac |vars |cons |cols |rows |cuts |confs|strbr|  dualbound   | primalbound  |  gap   
 51.8s| 29300 |  2203 |711313 |  24.2 |  34M|  59 |  55 | 201 | 455 | 201 | 390 |  35k|1106 |1090 | 6.960744e+05 | 7.647720e+05 |   9.87%
 52.0s| 29400 |  2195 |714727 |  24.2 |  34M|  59 |   - | 201 | 458 |   0 |   0 |  35k|1109 |1102 | 6.961315e+05 | 7.647720e+05 |   9.86%
 52.1s| 29500 |  2183 |717391 |  24.2 |  34M|  59 |   - | 201 | 456 | 201 | 397 |  35k|1109 |1109 | 6.961740e+05 | 7.647720e+05 |   9.85%
 52.2s| 29600 |  2187 |720577 |  24.3 |  34M|  59 |   - | 201 | 455 | 201 | 377 |  35k|1110 |1112 | 6.964775e+05 | 7.647720e+05 |   9.81%
 52.3s| 29700 |  2193 |723649 |  24.3 |  34M|  59 |  51 | 201 | 458 | 201 | 388 |  35k|1116 |1121 | 6.965289e+05 | 7.647720e+05 |   9.80%
 52.4s| 29800 |  2191 |725756 |  24.3 |  34M|  59 |   - | 201 | 459 | 201 | 370 |  35k|1118 |1123 | 6.966293e+05 | 7.647720e+05 |   9.78%
 52.5s| 29900 |  2195 |727943 |  24.3 |  34M|  59 |  49 | 201 | 460 | 201 | 383 |  35k|1119 |1123 | 6.967995e+05 | 7.647720e+05 |   9.75%
 52.6s| 30000 |  2185 |729881 |  24.3 |  34M|  59 |  47 | 201 | 458 | 201 | 463 |  35k|1119 |1123 | 6.969065e+05 | 7.647720e+05 |   9.74%
 52.7s| 30100 |  2173 |732934 |  24.3 |  35M|  59 |   - | 201 | 456 | 201 | 412 |  36k|1122 |1124 | 6.970316e+05 | 7.647720e+05 |   9.72%
 52.8s| 30200 |  2179 |734643 |  24.3 |  35M|  59 |  67 | 201 | 455 | 201 | 360 |  36k|1124 |1125 | 6.970798e+05 | 7.647720e+05 |   9.71%
 52.9s| 30300 |  2183 |737805 |  24.3 |  35M|  59 |  52 | 201 | 456 | 201 | 413 |  36k|1128 |1125 | 6.972292e+05 | 7.647720e+05 |   9.69%
 53.0s| 30400 |  2185 |740218 |  24.3 |  35M|  59 |  56 | 201 | 459 | 201 | 358 |  36k|1133 |1126 | 6.974713e+05 | 7.647720e+05 |   9.65%
 53.1s| 30500 |  2183 |743127 |  24.3 |  35M|  59 |  65 | 201 | 458 | 201 | 330 |  36k|1136 |1127 | 6.975356e+05 | 7.647720e+05 |   9.64%
 53.2s| 30600 |  2187 |745197 |  24.3 |  35M|  59 |   - | 201 | 458 | 201 | 408 |  36k|1137 |1127 | 6.975469e+05 | 7.647720e+05 |   9.64%
 53.4s| 30700 |  2189 |748053 |  24.3 |  35M|  59 |  60 | 201 | 457 | 201 | 417 |  36k|1138 |1134 | 6.977804e+05 | 7.647720e+05 |   9.60%
 time | node  | left  |LP iter|LP it/n| mem |mdpt |frac |vars |cons |cols |rows |cuts |confs|strbr|  dualbound   | primalbound  |  gap   
 53.6s| 30800 |  2179 |752011 |  24.3 |  35M|  59 |   - | 201 | 456 | 201 | 394 |  36k|1140 |1141 | 6.978502e+05 | 7.647720e+05 |   9.59%
 53.7s| 30900 |  2179 |754743 |  24.4 |  35M|  59 |   - | 201 | 455 | 201 | 357 |  36k|1143 |1152 | 6.978807e+05 | 7.647720e+05 |   9.58%
 53.8s| 31000 |  2169 |757502 |  24.4 |  35M|  59 |  70 | 201 | 457 | 201 | 357 |  36k|1147 |1154 | 6.979151e+05 | 7.647720e+05 |   9.58%
 53.9s| 31100 |  2171 |759837 |  24.4 |  35M|  59 |  53 | 201 | 456 | 201 | 338 |  36k|1147 |1156 | 6.979706e+05 | 7.647720e+05 |   9.57%
 54.0s| 31200 |  2159 |762441 |  24.4 |  35M|  59 |  43 | 201 | 456 | 201 | 392 |  36k|1147 |1156 | 6.979706e+05 | 7.647720e+05 |   9.57%
 54.1s| 31300 |  2153 |765026 |  24.4 |  35M|  59 |  69 | 201 | 457 | 201 | 387 |  36k|1149 |1156 | 6.981402e+05 | 7.647720e+05 |   9.54%
 54.2s| 31400 |  2161 |765931 |  24.3 |  35M|  59 |   - | 201 | 456 | 201 | 388 |  36k|1149 |1156 | 6.981840e+05 | 7.647720e+05 |   9.54%
 54.3s| 31500 |  2167 |768856 |  24.3 |  35M|  59 |   - | 201 | 455 | 201 | 391 |  36k|1152 |1156 | 6.982785e+05 | 7.647720e+05 |   9.52%
 54.4s| 31600 |  2167 |770490 |  24.3 |  35M|  59 |   - | 201 | 463 | 201 | 350 |  36k|1162 |1157 | 6.984058e+05 | 7.647720e+05 |   9.50%
 54.4s| 31700 |  2159 |771748 |  24.3 |  35M|  59 |  74 | 201 | 465 | 201 | 390 |  36k|1164 |1157 | 6.984717e+05 | 7.647720e+05 |   9.49%
 54.6s| 31800 |  2153 |774859 |  24.3 |  35M|  59 |  68 | 201 | 462 | 201 | 364 |  37k|1165 |1157 | 6.985020e+05 | 7.647720e+05 |   9.49%
 54.7s| 31900 |  2149 |777905 |  24.3 |  35M|  59 |   - | 201 | 459 | 201 | 386 |  37k|1168 |1157 | 6.985020e+05 | 7.647720e+05 |   9.49%
 54.8s| 32000 |  2155 |780090 |  24.3 |  35M|  59 |   - | 201 | 458 | 201 | 359 |  37k|1170 |1157 | 6.985489e+05 | 7.647720e+05 |   9.48%
 54.9s| 32100 |  2145 |782206 |  24.3 |  35M|  59 |  55 | 201 | 462 | 201 | 341 |  37k|1174 |1164 | 6.985627e+05 | 7.647720e+05 |   9.48%
 55.1s| 32200 |  2133 |785202 |  24.3 |  35M|  59 |   - | 201 | 462 | 201 | 391 |  37k|1177 |1177 | 6.987374e+05 | 7.647720e+05 |   9.45%
 time | node  | left  |LP iter|LP it/n| mem |mdpt |frac |vars |cons |cols |rows |cuts |confs|strbr|  dualbound   | primalbound  |  gap   
 55.2s| 32300 |  2131 |787607 |  24.3 |  35M|  59 |  59 | 201 | 461 | 201 | 385 |  37k|1177 |1177 | 6.987906e+05 | 7.647720e+05 |   9.44%
 55.3s| 32400 |  2125 |789374 |  24.3 |  35M|  59 |   - | 201 | 460 | 201 | 387 |  37k|1177 |1177 | 6.988322e+05 | 7.647720e+05 |   9.44%
 55.5s| 32500 |  2131 |792248 |  24.3 |  35M|  59 |   - | 201 | 460 | 201 | 366 |  37k|1179 |1181 | 6.989322e+05 | 7.647720e+05 |   9.42%
 55.6s| 32600 |  2123 |794643 |  24.3 |  35M|  59 |  61 | 201 | 462 | 201 | 394 |  37k|1183 |1185 | 6.990795e+05 | 7.647720e+05 |   9.40%
 55.7s| 32700 |  2123 |797202 |  24.3 |  35M|  59 |  45 | 201 | 461 | 201 | 404 |  37k|1183 |1186 | 6.992299e+05 | 7.647720e+05 |   9.37%
 55.7s| 32800 |  2129 |798502 |  24.3 |  35M|  59 |  59 | 201 | 467 | 201 | 373 |  37k|1189 |1186 | 6.992372e+05 | 7.647720e+05 |   9.37%
 55.8s| 32900 |  2127 |799610 |  24.2 |  35M|  59 |   - | 201 | 465 | 201 | 375 |  37k|1189 |1186 | 6.993280e+05 | 7.647720e+05 |   9.36%
 55.9s| 33000 |  2127 |802255 |  24.2 |  35M|  59 |  62 | 201 | 471 | 201 | 383 |  37k|1198 |1186 | 6.994133e+05 | 7.647720e+05 |   9.34%
 56.0s| 33100 |  2115 |805051 |  24.3 |  35M|  59 |   - | 201 | 470 | 201 | 379 |  37k|1200 |1186 | 6.995104e+05 | 7.647720e+05 |   9.33%
 56.2s| 33200 |  2110 |807904 |  24.3 |  35M|  59 |  71 | 201 | 468 | 201 | 379 |  37k|1200 |1186 | 6.998908e+05 | 7.647720e+05 |   9.27%
 56.3s| 33300 |  2104 |810947 |  24.3 |  35M|  59 |   - | 201 | 468 | 201 | 383 |  37k|1203 |1187 | 7.000262e+05 | 7.647720e+05 |   9.25%
 56.4s| 33400 |  2108 |813221 |  24.3 |  35M|  59 |   - | 201 | 470 | 201 | 414 |  38k|1206 |1187 | 7.001774e+05 | 7.647720e+05 |   9.23%
 56.5s| 33500 |  2100 |816237 |  24.3 |  35M|  59 |  60 | 201 | 474 | 201 | 382 |  38k|1209 |1192 | 7.002938e+05 | 7.647720e+05 |   9.21%
 56.7s| 33600 |  2080 |819156 |  24.3 |  35M|  59 |   - | 201 | 469 | 201 | 573 |  38k|1210 |1203 | 7.003775e+05 | 7.647720e+05 |   9.19%
 56.8s| 33700 |  2092 |822065 |  24.3 |  35M|  59 |  57 | 201 | 469 | 201 | 371 |  38k|1212 |1203 | 7.004267e+05 | 7.647720e+05 |   9.19%
 time | node  | left  |LP iter|LP it/n| mem |mdpt |frac |vars |cons |cols |rows |cuts |confs|strbr|  dualbound   | primalbound  |  gap   
 56.9s| 33800 |  2086 |823326 |  24.3 |  35M|  59 |   - | 201 | 470 | 201 | 409 |  38k|1213 |1205 | 7.004593e+05 | 7.647720e+05 |   9.18%
 56.9s| 33900 |  2098 |824725 |  24.3 |  35M|  59 |   - | 201 | 472 | 201 | 376 |  38k|1215 |1208 | 7.007105e+05 | 7.647720e+05 |   9.14%
 57.1s| 34000 |  2098 |827187 |  24.3 |  35M|  59 |   - | 201 | 472 | 201 | 389 |  38k|1216 |1211 | 7.007403e+05 | 7.647720e+05 |   9.14%
 57.2s| 34100 |  2110 |829536 |  24.3 |  35M|  59 |  66 | 201 | 468 | 201 | 391 |  38k|1217 |1213 | 7.008362e+05 | 7.647720e+05 |   9.12%
 57.3s| 34200 |  2116 |831498 |  24.2 |  35M|  59 |  39 | 201 | 469 | 201 | 378 |  38k|1218 |1213 | 7.010412e+05 | 7.647720e+05 |   9.09%
 57.3s| 34300 |  2120 |832558 |  24.2 |  35M|  59 |   - | 201 | 468 | 201 | 378 |  38k|1218 |1213 | 7.010713e+05 | 7.647720e+05 |   9.09%
 57.5s| 34400 |  2114 |834204 |  24.2 |  35M|  59 |   - | 201 | 468 | 201 | 392 |  38k|1218 |1213 | 7.010803e+05 | 7.647720e+05 |   9.08%
 57.7s| 34500 |  2122 |837338 |  24.2 |  35M|  59 |  63 | 201 | 466 | 201 | 363 |  38k|1218 |1213 | 7.011923e+05 | 7.647720e+05 |   9.07%
 57.7s| 34600 |  2144 |838517 |  24.2 |  35M|  59 |   - | 201 | 469 | 201 | 353 |  38k|1222 |1214 | 7.013096e+05 | 7.647720e+05 |   9.05%
 57.8s| 34700 |  2140 |839551 |  24.1 |  35M|  59 |  57 | 201 | 471 | 201 | 342 |  38k|1224 |1214 | 7.013758e+05 | 7.647720e+05 |   9.04%
 57.9s| 34800 |  2136 |841466 |  24.1 |  35M|  59 |  57 | 201 | 471 | 201 | 340 |  38k|1226 |1215 | 7.014518e+05 | 7.647720e+05 |   9.03%
 58.0s| 34900 |  2134 |843205 |  24.1 |  35M|  59 |  52 | 201 | 476 | 201 | 339 |  38k|1232 |1215 | 7.015198e+05 | 7.647720e+05 |   9.02%
 58.1s| 35000 |  2144 |845316 |  24.1 |  35M|  59 |  39 | 201 | 476 | 201 | 353 |  38k|1232 |1215 | 7.015546e+05 | 7.647720e+05 |   9.01%
 58.2s| 35100 |  2144 |848432 |  24.1 |  35M|  59 |  48 | 201 | 474 | 201 | 348 |  39k|1232 |1215 | 7.016367e+05 | 7.647720e+05 |   9.00%
 58.3s| 35200 |  2152 |849820 |  24.1 |  35M|  59 |  24 | 201 | 477 | 201 | 375 |  39k|1235 |1215 | 7.016433e+05 | 7.647720e+05 |   9.00%
 time | node  | left  |LP iter|LP it/n| mem |mdpt |frac |vars |cons |cols |rows |cuts |confs|strbr|  dualbound   | primalbound  |  gap   
 58.4s| 35300 |  2160 |851472 |  24.1 |  35M|  59 |  31 | 201 | 477 | 201 | 380 |  39k|1238 |1215 | 7.016767e+05 | 7.647720e+05 |   8.99%
 58.5s| 35400 |  2164 |853233 |  24.0 |  35M|  59 |   - | 201 | 478 | 201 | 389 |  39k|1241 |1229 | 7.017269e+05 | 7.647720e+05 |   8.98%
 58.6s| 35500 |  2174 |853994 |  24.0 |  35M|  59 |   - | 201 | 480 | 201 | 391 |  39k|1245 |1229 | 7.017456e+05 | 7.647720e+05 |   8.98%
 58.7s| 35600 |  2166 |855528 |  24.0 |  35M|  59 |   - | 201 | 481 | 201 | 379 |  39k|1247 |1229 | 7.017971e+05 | 7.647720e+05 |   8.97%
 58.8s| 35700 |  2162 |858985 |  24.0 |  35M|  59 |  70 | 201 | 476 | 201 | 407 |  39k|1249 |1229 | 7.019080e+05 | 7.647720e+05 |   8.96%
 58.9s| 35800 |  2152 |862337 |  24.0 |  35M|  59 |  71 | 201 | 477 | 201 | 380 |  39k|1253 |1232 | 7.022851e+05 | 7.647720e+05 |   8.90%
 59.1s| 35900 |  2140 |865365 |  24.0 |  35M|  59 |  64 | 201 | 475 | 201 | 384 |  39k|1256 |1234 | 7.024494e+05 | 7.647720e+05 |   8.87%
 59.2s| 36000 |  2148 |867907 |  24.0 |  35M|  59 |  75 | 201 | 475 | 201 | 375 |  39k|1259 |1234 | 7.024867e+05 | 7.647720e+05 |   8.87%
 59.3s| 36100 |  2142 |870780 |  24.1 |  35M|  59 |   - | 201 | 474 |   0 |   0 |  39k|1261 |1235 | 7.026290e+05 | 7.647720e+05 |   8.84%
 59.5s| 36200 |  2140 |874761 |  24.1 |  35M|  59 |   - | 201 | 475 | 201 | 378 |  39k|1265 |1235 | 7.026546e+05 | 7.647720e+05 |   8.84%
 59.6s| 36300 |  2136 |877719 |  24.1 |  35M|  59 |   - | 201 | 474 |   0 |   0 |  39k|1267 |1236 | 7.028202e+05 | 7.647720e+05 |   8.81%
 59.7s| 36400 |  2134 |879966 |  24.1 |  35M|  59 |  47 | 201 | 473 | 201 | 383 |  39k|1268 |1236 | 7.028580e+05 | 7.647720e+05 |   8.81%
 59.8s| 36500 |  2144 |881843 |  24.1 |  35M|  59 |  55 | 201 | 477 | 201 | 357 |  39k|1271 |1236 | 7.029071e+05 | 7.647720e+05 |   8.80%
 59.9s| 36600 |  2136 |883619 |  24.1 |  35M|  59 |  56 | 201 | 477 | 201 | 372 |  39k|1271 |1236 | 7.029606e+05 | 7.647720e+05 |   8.79%
 60.0s| 36700 |  2124 |886835 |  24.1 |  35M|  59 |  70 | 201 | 476 | 201 | 442 |  39k|1271 |1236 | 7.031732e+05 | 7.647720e+05 |   8.76%
 time | node  | left  |LP iter|LP it/n| mem |mdpt |frac |vars |cons |cols |rows |cuts |confs|strbr|  dualbound   | primalbound  |  gap   
 60.2s| 36800 |  2120 |890191 |  24.1 |  35M|  59 |  68 | 201 | 479 | 201 | 360 |  40k|1278 |1249 | 7.031747e+05 | 7.647720e+05 |   8.76%
 60.3s| 36900 |  2110 |892086 |  24.1 |  35M|  59 |   - | 201 | 479 | 201 | 385 |  40k|1278 |1249 | 7.032622e+05 | 7.647720e+05 |   8.75%
 60.4s| 37000 |  2108 |895459 |  24.1 |  35M|  59 |  51 | 201 | 485 | 201 | 370 |  40k|1284 |1249 | 7.033347e+05 | 7.647720e+05 |   8.74%
 60.5s| 37100 |  2106 |897815 |  24.1 |  35M|  59 |   - | 201 | 488 | 201 | 373 |  40k|1288 |1252 | 7.033588e+05 | 7.647720e+05 |   8.73%
 60.7s| 37200 |  2100 |901026 |  24.2 |  35M|  59 |   - | 201 | 488 | 201 | 367 |  40k|1290 |1257 | 7.034851e+05 | 7.647720e+05 |   8.71%
 60.8s| 37300 |  2102 |904327 |  24.2 |  35M|  59 |   - | 201 | 488 |   0 |   0 |  40k|1292 |1258 | 7.037435e+05 | 7.647720e+05 |   8.67%
 61.0s| 37400 |  2096 |906724 |  24.2 |  35M|  59 |   - | 201 | 486 | 201 | 355 |  40k|1292 |1258 | 7.038896e+05 | 7.647720e+05 |   8.65%
 61.1s| 37500 |  2082 |909864 |  24.2 |  35M|  59 |   - | 201 | 488 | 201 | 368 |  40k|1295 |1258 | 7.040011e+05 | 7.647720e+05 |   8.63%
 61.2s| 37600 |  2072 |912731 |  24.2 |  35M|  59 |   - | 201 | 489 | 201 | 379 |  40k|1297 |1258 | 7.041328e+05 | 7.647720e+05 |   8.61%
 61.3s| 37700 |  2072 |915049 |  24.2 |  35M|  59 |   - | 201 | 488 |   0 |   0 |  40k|1297 |1258 | 7.041788e+05 | 7.647720e+05 |   8.60%
 61.4s| 37800 |  2052 |918008 |  24.2 |  35M|  59 |   - | 201 | 491 | 201 | 379 |  40k|1305 |1258 | 7.043611e+05 | 7.647720e+05 |   8.58%
 61.6s| 37900 |  2054 |921338 |  24.3 |  35M|  59 |  64 | 201 | 487 | 201 | 385 |  40k|1306 |1261 | 7.045218e+05 | 7.647720e+05 |   8.55%
 61.7s| 38000 |  2050 |924318 |  24.3 |  35M|  59 |  55 | 201 | 485 | 201 | 403 |  40k|1307 |1261 | 7.047736e+05 | 7.647720e+05 |   8.51%
 61.8s| 38100 |  2036 |926502 |  24.3 |  35M|  59 |  74 | 201 | 482 | 201 | 431 |  40k|1307 |1261 | 7.047736e+05 | 7.647720e+05 |   8.51%
 62.0s| 38200 |  2030 |930288 |  24.3 |  35M|  59 |  70 | 201 | 485 | 201 | 374 |  41k|1311 |1268 | 7.049845e+05 | 7.647720e+05 |   8.48%
 time | node  | left  |LP iter|LP it/n| mem |mdpt |frac |vars |cons |cols |rows |cuts |confs|strbr|  dualbound   | primalbound  |  gap   
 62.1s| 38300 |  2032 |932255 |  24.3 |  35M|  59 |  78 | 201 | 484 | 201 | 376 |  41k|1312 |1274 | 7.050178e+05 | 7.647720e+05 |   8.48%
 62.2s| 38400 |  2020 |934396 |  24.3 |  35M|  59 |   - | 201 | 486 | 201 | 350 |  41k|1316 |1279 | 7.050701e+05 | 7.647720e+05 |   8.47%
 62.3s| 38500 |  2042 |936076 |  24.3 |  35M|  59 |   - | 201 | 486 | 201 | 380 |  41k|1316 |1280 | 7.051293e+05 | 7.647720e+05 |   8.46%
 62.4s| 38600 |  2038 |937511 |  24.2 |  35M|  59 |  33 | 201 | 485 | 201 | 386 |  41k|1320 |1286 | 7.052306e+05 | 7.647720e+05 |   8.44%
 62.4s| 38700 |  2034 |939326 |  24.2 |  35M|  59 |   - | 201 | 493 | 201 | 381 |  41k|1328 |1287 | 7.055098e+05 | 7.647720e+05 |   8.40%
 62.5s| 38800 |  2036 |941944 |  24.2 |  35M|  59 |  57 | 201 | 493 | 201 | 377 |  41k|1331 |1290 | 7.055168e+05 | 7.647720e+05 |   8.40%
 62.6s| 38900 |  2040 |944013 |  24.2 |  35M|  59 |  43 | 201 | 494 | 201 | 395 |  41k|1332 |1292 | 7.056634e+05 | 7.647720e+05 |   8.38%
 62.7s| 39000 |  2034 |945844 |  24.2 |  35M|  59 |   - | 201 | 493 | 201 | 394 |  41k|1332 |1292 | 7.056788e+05 | 7.647720e+05 |   8.37%
 62.9s| 39100 |  2038 |947669 |  24.2 |  35M|  59 |  37 | 201 | 494 | 201 | 403 |  41k|1334 |1292 | 7.057337e+05 | 7.647720e+05 |   8.37%
 63.0s| 39200 |  2022 |950489 |  24.2 |  35M|  59 |   - | 201 | 492 | 201 | 379 |  41k|1337 |1293 | 7.058262e+05 | 7.647720e+05 |   8.35%
 63.1s| 39300 |  2016 |953290 |  24.2 |  35M|  59 |   - | 201 | 497 | 201 | 396 |  41k|1343 |1293 | 7.059079e+05 | 7.647720e+05 |   8.34%
 63.2s| 39400 |  2006 |955914 |  24.2 |  35M|  59 |   - | 201 | 493 | 201 | 503 |  41k|1344 |1293 | 7.061003e+05 | 7.647720e+05 |   8.31%
 63.3s| 39500 |  1986 |958299 |  24.2 |  35M|  59 |   - | 201 | 500 | 201 | 392 |  41k|1352 |1293 | 7.061103e+05 | 7.647720e+05 |   8.31%
 63.4s| 39600 |  1988 |959855 |  24.2 |  35M|  59 |   - | 201 | 496 | 201 | 400 |  41k|1352 |1293 | 7.063600e+05 | 7.647720e+05 |   8.27%
 63.5s| 39700 |  1986 |962709 |  24.2 |  35M|  59 |  61 | 201 | 496 | 201 | 395 |  41k|1353 |1293 | 7.065197e+05 | 7.647720e+05 |   8.24%
 time | node  | left  |LP iter|LP it/n| mem |mdpt |frac |vars |cons |cols |rows |cuts |confs|strbr|  dualbound   | primalbound  |  gap   
 63.6s| 39800 |  1986 |966114 |  24.2 |  35M|  59 |  58 | 201 | 496 | 201 | 379 |  41k|1355 |1293 | 7.065612e+05 | 7.647720e+05 |   8.24%
 63.8s| 39900 |  1970 |969513 |  24.2 |  35M|  59 |   - | 201 | 496 | 201 | 362 |  41k|1359 |1301 | 7.066484e+05 | 7.647720e+05 |   8.23%
 63.9s| 40000 |  1950 |972587 |  24.3 |  35M|  59 |   - | 201 | 498 | 201 | 379 |  41k|1364 |1305 | 7.067366e+05 | 7.647720e+05 |   8.21%
 64.1s| 40100 |  1940 |975576 |  24.3 |  35M|  59 |   - | 201 | 500 | 201 | 388 |  41k|1370 |1320 | 7.067491e+05 | 7.647720e+05 |   8.21%
 64.3s| 40200 |  1926 |978400 |  24.3 |  35M|  59 |  42 | 201 | 498 | 201 | 364 |  42k|1372 |1329 | 7.069154e+05 | 7.647720e+05 |   8.18%
 64.4s| 40300 |  1912 |980620 |  24.3 |  35M|  59 |  62 | 201 | 494 | 201 | 364 |  42k|1374 |1332 | 7.070070e+05 | 7.647720e+05 |   8.17%
 64.5s| 40400 |  1910 |983231 |  24.3 |  35M|  59 |  68 | 201 | 504 | 201 | 387 |  42k|1385 |1338 | 7.070199e+05 | 7.647720e+05 |   8.17%
 64.6s| 40500 |  1898 |986241 |  24.3 |  35M|  59 |   - | 201 | 499 | 201 | 378 |  42k|1386 |1340 | 7.072089e+05 | 7.647720e+05 |   8.14%
 64.7s| 40600 |  1890 |988288 |  24.3 |  35M|  59 |   - | 201 | 499 | 201 | 345 |  42k|1389 |1340 | 7.072089e+05 | 7.647720e+05 |   8.14%
 64.8s| 40700 |  1886 |990922 |  24.3 |  35M|  59 |   - | 201 | 494 | 201 | 400 |  42k|1390 |1342 | 7.072201e+05 | 7.647720e+05 |   8.14%
 64.9s| 40800 |  1880 |993895 |  24.3 |  36M|  59 |  57 | 201 | 502 | 201 | 349 |  42k|1399 |1344 | 7.074518e+05 | 7.647720e+05 |   8.10%
 65.0s| 40900 |  1860 |996845 |  24.3 |  36M|  59 |  70 | 201 | 501 | 201 | 354 |  42k|1408 |1345 | 7.074553e+05 | 7.647720e+05 |   8.10%
 65.1s| 41000 |  1848 |998954 |  24.3 |  36M|  59 |   - | 201 | 499 | 201 | 388 |  42k|1410 |1345 | 7.075515e+05 | 7.647720e+05 |   8.09%
 65.3s| 41100 |  1840 |  1001k|  24.3 |  36M|  59 |  68 | 201 | 498 | 201 | 389 |  42k|1413 |1345 | 7.076265e+05 | 7.647720e+05 |   8.08%
 65.4s| 41200 |  1818 |  1004k|  24.3 |  36M|  59 |  64 | 201 | 505 | 201 | 378 |  42k|1420 |1345 | 7.077569e+05 | 7.647720e+05 |   8.06%
 time | node  | left  |LP iter|LP it/n| mem |mdpt |frac |vars |cons |cols |rows |cuts |confs|strbr|  dualbound   | primalbound  |  gap   
 65.5s| 41300 |  1820 |  1006k|  24.3 |  36M|  59 |   - | 201 | 504 | 201 | 352 |  42k|1422 |1345 | 7.078402e+05 | 7.647720e+05 |   8.04%
 65.6s| 41400 |  1814 |  1008k|  24.3 |  36M|  59 |   - | 201 | 514 | 201 | 376 |  42k|1436 |1350 | 7.080205e+05 | 7.647720e+05 |   8.02%
 65.7s| 41500 |  1808 |  1011k|  24.3 |  36M|  59 |   - | 201 | 513 | 201 | 377 |  42k|1440 |1362 | 7.081329e+05 | 7.647720e+05 |   8.00%
 65.7s| 41600 |  1806 |  1013k|  24.3 |  36M|  59 |  64 | 201 | 512 | 201 | 383 |  42k|1441 |1363 | 7.081445e+05 | 7.647720e+05 |   8.00%
 65.8s| 41700 |  1798 |  1014k|  24.3 |  36M|  59 |  78 | 201 | 515 | 201 | 388 |  42k|1444 |1364 | 7.081935e+05 | 7.647720e+05 |   7.99%
 65.9s| 41800 |  1782 |  1018k|  24.3 |  36M|  59 |   - | 201 | 509 | 201 | 357 |  42k|1444 |1364 | 7.083555e+05 | 7.647720e+05 |   7.96%
 66.1s| 41900 |  1766 |  1021k|  24.3 |  36M|  59 |  77 | 201 | 515 | 201 | 426 |  42k|1457 |1373 | 7.085002e+05 | 7.647720e+05 |   7.94%
 66.2s| 42000 |  1770 |  1023k|  24.3 |  36M|  59 |  36 | 201 | 514 | 201 | 395 |  42k|1459 |1378 | 7.086459e+05 | 7.647720e+05 |   7.92%
 66.3s| 42100 |  1762 |  1025k|  24.3 |  36M|  59 |   - | 201 | 515 | 201 | 393 |  42k|1462 |1382 | 7.087146e+05 | 7.647720e+05 |   7.91%
 66.4s| 42200 |  1758 |  1028k|  24.3 |  36M|  59 |   - | 201 | 520 | 201 | 388 |  42k|1472 |1387 | 7.087657e+05 | 7.647720e+05 |   7.90%
 66.5s| 42300 |  1748 |  1030k|  24.3 |  36M|  59 |   - | 201 | 523 | 201 | 392 |  42k|1476 |1388 | 7.088197e+05 | 7.647720e+05 |   7.89%
 66.6s| 42400 |  1746 |  1032k|  24.3 |  36M|  59 |  62 | 201 | 524 | 201 | 339 |  42k|1478 |1388 | 7.089298e+05 | 7.647720e+05 |   7.88%
 66.7s| 42500 |  1736 |  1034k|  24.3 |  36M|  59 |  66 | 201 | 520 | 201 | 358 |  42k|1479 |1388 | 7.089975e+05 | 7.647720e+05 |   7.87%
 66.8s| 42600 |  1732 |  1037k|  24.3 |  36M|  59 |  72 | 201 | 516 | 201 | 412 |  43k|1480 |1388 | 7.090371e+05 | 7.647720e+05 |   7.86%
 66.9s| 42700 |  1738 |  1039k|  24.3 |  36M|  59 |  56 | 201 | 520 | 201 | 406 |  43k|1485 |1391 | 7.092408e+05 | 7.647720e+05 |   7.83%
 time | node  | left  |LP iter|LP it/n| mem |mdpt |frac |vars |cons |cols |rows |cuts |confs|strbr|  dualbound   | primalbound  |  gap   
 67.0s| 42800 |  1730 |  1042k|  24.3 |  36M|  59 |   - | 201 | 518 | 201 | 406 |  43k|1485 |1391 | 7.093681e+05 | 7.647720e+05 |   7.81%
 67.1s| 42900 |  1710 |  1045k|  24.3 |  36M|  59 |  51 | 201 | 514 | 201 | 354 |  43k|1486 |1391 | 7.093940e+05 | 7.647720e+05 |   7.81%
 67.2s| 43000 |  1702 |  1047k|  24.3 |  36M|  59 |   - | 201 | 513 | 201 | 361 |  43k|1487 |1391 | 7.095230e+05 | 7.647720e+05 |   7.79%
 67.4s| 43100 |  1690 |  1050k|  24.3 |  36M|  59 |   - | 201 | 512 | 201 | 384 |  43k|1488 |1391 | 7.096964e+05 | 7.647720e+05 |   7.76%
 67.5s| 43200 |  1678 |  1054k|  24.4 |  36M|  59 |   - | 201 | 512 | 201 | 431 |  43k|1489 |1397 | 7.099768e+05 | 7.647720e+05 |   7.72%
 67.6s| 43300 |  1658 |  1056k|  24.4 |  36M|  59 |   - | 201 | 520 | 201 | 565 |  43k|1499 |1407 | 7.100446e+05 | 7.647720e+05 |   7.71%
 67.8s| 43400 |  1632 |  1060k|  24.4 |  36M|  59 |  71 | 201 | 526 | 201 | 388 |  43k|1512 |1416 | 7.101314e+05 | 7.647720e+05 |   7.69%
 67.9s| 43500 |  1626 |  1064k|  24.4 |  36M|  59 |   - | 201 | 526 | 201 | 369 |  43k|1516 |1418 | 7.102953e+05 | 7.647720e+05 |   7.67%
 68.1s| 43600 |  1616 |  1067k|  24.4 |  36M|  59 |  66 | 201 | 521 | 201 | 430 |  43k|1517 |1424 | 7.104784e+05 | 7.647720e+05 |   7.64%
 68.2s| 43700 |  1600 |  1069k|  24.4 |  36M|  59 |   - | 201 | 523 | 201 | 379 |  43k|1520 |1430 | 7.105477e+05 | 7.647720e+05 |   7.63%
 68.3s| 43800 |  1582 |  1072k|  24.4 |  36M|  59 |   - | 201 | 521 | 201 | 383 |  43k|1522 |1431 | 7.107593e+05 | 7.647720e+05 |   7.60%
 68.4s| 43900 |  1583 |  1075k|  24.4 |  36M|  59 |   - | 201 | 522 |   0 |   0 |  43k|1524 |1432 | 7.108226e+05 | 7.647720e+05 |   7.59%
 68.5s| 44000 |  1577 |  1076k|  24.4 |  36M|  59 |  64 | 201 | 519 | 201 | 406 |  43k|1524 |1437 | 7.109983e+05 | 7.647720e+05 |   7.56%
 68.5s| 44100 |  1579 |  1077k|  24.4 |  36M|  59 |  35 | 201 | 519 | 201 | 347 |  43k|1525 |1437 | 7.110699e+05 | 7.647720e+05 |   7.55%
 68.7s| 44200 |  1571 |  1081k|  24.4 |  36M|  59 |   - | 201 | 515 | 201 | 367 |  43k|1525 |1437 | 7.111150e+05 | 7.647720e+05 |   7.55%
 time | node  | left  |LP iter|LP it/n| mem |mdpt |frac |vars |cons |cols |rows |cuts |confs|strbr|  dualbound   | primalbound  |  gap   
 68.8s| 44300 |  1571 |  1083k|  24.4 |  36M|  59 |   - | 201 | 514 | 201 | 359 |  43k|1525 |1438 | 7.111220e+05 | 7.647720e+05 |   7.54%
 68.9s| 44400 |  1565 |  1087k|  24.4 |  36M|  59 |   - | 201 | 515 | 201 | 389 |  43k|1528 |1438 | 7.111272e+05 | 7.647720e+05 |   7.54%
 69.1s| 44500 |  1549 |  1091k|  24.5 |  36M|  59 |   - | 201 | 514 | 201 | 400 |  43k|1530 |1440 | 7.113977e+05 | 7.647720e+05 |   7.50%
 69.2s| 44600 |  1521 |  1094k|  24.5 |  36M|  59 |   - | 201 | 518 | 201 | 340 |  43k|1537 |1440 | 7.116091e+05 | 7.647720e+05 |   7.47%
 69.3s| 44700 |  1517 |  1097k|  24.5 |  36M|  59 |   - | 201 | 521 |   0 |   0 |  44k|1543 |1442 | 7.118950e+05 | 7.647720e+05 |   7.43%
 69.4s| 44800 |  1511 |  1100k|  24.5 |  36M|  59 |   - | 201 | 520 | 201 | 378 |  44k|1547 |1442 | 7.119134e+05 | 7.647720e+05 |   7.42%
 69.5s| 44900 |  1491 |  1102k|  24.5 |  36M|  59 |   - | 201 | 518 | 201 | 447 |  44k|1548 |1443 | 7.120356e+05 | 7.647720e+05 |   7.41%
 69.6s| 45000 |  1483 |  1105k|  24.5 |  36M|  59 |  65 | 201 | 517 | 201 | 394 |  44k|1548 |1444 | 7.122808e+05 | 7.647720e+05 |   7.37%
 69.8s| 45100 |  1467 |  1108k|  24.5 |  36M|  59 |   - | 201 | 515 | 201 | 363 |  44k|1551 |1456 | 7.123561e+05 | 7.647720e+05 |   7.36%
 69.9s| 45200 |  1469 |  1111k|  24.5 |  36M|  59 |   - | 201 | 515 | 201 | 400 |  44k|1554 |1457 | 7.124590e+05 | 7.647720e+05 |   7.34%
 70.0s| 45300 |  1457 |  1114k|  24.6 |  36M|  59 |   - | 201 | 513 | 201 | 392 |  44k|1556 |1457 | 7.127136e+05 | 7.647720e+05 |   7.30%
 70.1s| 45400 |  1441 |  1117k|  24.6 |  36M|  59 |   - | 201 | 513 | 201 | 367 |  44k|1559 |1465 | 7.128235e+05 | 7.647720e+05 |   7.29%
 70.2s| 45500 |  1425 |  1120k|  24.6 |  36M|  59 |  65 | 201 | 514 | 201 | 392 |  44k|1564 |1467 | 7.128866e+05 | 7.647720e+05 |   7.28%
 70.4s| 45600 |  1427 |  1123k|  24.6 |  36M|  59 |  73 | 201 | 513 | 201 | 378 |  44k|1567 |1471 | 7.130409e+05 | 7.647720e+05 |   7.26%
 70.5s| 45700 |  1423 |  1126k|  24.6 |  36M|  59 |  56 | 201 | 512 | 201 | 405 |  44k|1568 |1472 | 7.130522e+05 | 7.647720e+05 |   7.25%
 time | node  | left  |LP iter|LP it/n| mem |mdpt |frac |vars |cons |cols |rows |cuts |confs|strbr|  dualbound   | primalbound  |  gap   
 70.5s| 45800 |  1423 |  1127k|  24.6 |  36M|  59 |   - | 201 | 512 | 201 | 410 |  44k|1569 |1473 | 7.131194e+05 | 7.647720e+05 |   7.24%
 70.6s| 45900 |  1431 |  1128k|  24.5 |  36M|  59 |  45 | 201 | 513 | 201 | 416 |  44k|1570 |1473 | 7.131873e+05 | 7.647720e+05 |   7.23%
 70.7s| 46000 |  1425 |  1130k|  24.5 |  36M|  59 |   - | 201 | 511 | 201 | 414 |  44k|1570 |1474 | 7.132327e+05 | 7.647720e+05 |   7.23%
 70.8s| 46100 |  1411 |  1133k|  24.5 |  36M|  59 |   - | 201 | 509 | 201 | 371 |  44k|1570 |1474 | 7.134204e+05 | 7.647720e+05 |   7.20%
 70.9s| 46200 |  1407 |  1136k|  24.6 |  36M|  59 |  42 | 201 | 514 | 201 | 373 |  44k|1576 |1474 | 7.135592e+05 | 7.647720e+05 |   7.18%
 71.0s| 46300 |  1397 |  1139k|  24.6 |  36M|  59 |   - | 201 | 513 | 201 | 412 |  44k|1577 |1474 | 7.138154e+05 | 7.647720e+05 |   7.14%
 71.2s| 46400 |  1389 |  1142k|  24.6 |  36M|  59 |  70 | 201 | 513 | 201 | 362 |  44k|1580 |1475 | 7.141757e+05 | 7.647720e+05 |   7.08%
 71.3s| 46500 |  1375 |  1145k|  24.6 |  36M|  59 |   - | 201 | 515 | 201 | 380 |  44k|1583 |1475 | 7.144561e+05 | 7.647720e+05 |   7.04%
 71.4s| 46600 |  1358 |  1149k|  24.6 |  36M|  59 |   - | 201 | 516 | 201 | 385 |  44k|1586 |1475 | 7.145687e+05 | 7.647720e+05 |   7.03%
 71.6s| 46700 |  1328 |  1152k|  24.6 |  36M|  59 |   - | 201 | 521 | 201 | 403 |  44k|1594 |1488 | 7.148852e+05 | 7.647720e+05 |   6.98%
 71.7s| 46800 |  1324 |  1155k|  24.6 |  36M|  59 |  64 | 201 | 528 | 201 | 356 |  44k|1602 |1489 | 7.150951e+05 | 7.647720e+05 |   6.95%
 71.9s| 46900 |  1304 |  1158k|  24.7 |  36M|  59 |   - | 201 | 534 | 201 | 399 |  44k|1613 |1496 | 7.154734e+05 | 7.647720e+05 |   6.89%
 72.0s| 47000 |  1290 |  1162k|  24.7 |  36M|  59 |   - | 201 | 528 | 201 | 409 |  45k|1613 |1496 | 7.155176e+05 | 7.647720e+05 |   6.88%
 72.1s| 47100 |  1280 |  1165k|  24.7 |  36M|  59 |   - | 201 | 532 |   0 |   0 |  45k|1622 |1504 | 7.157330e+05 | 7.647720e+05 |   6.85%
 72.3s| 47200 |  1276 |  1167k|  24.7 |  36M|  59 |  90 | 201 | 530 | 201 | 355 |  45k|1624 |1509 | 7.157884e+05 | 7.647720e+05 |   6.84%
 time | node  | left  |LP iter|LP it/n| mem |mdpt |frac |vars |cons |cols |rows |cuts |confs|strbr|  dualbound   | primalbound  |  gap   
 72.4s| 47300 |  1253 |  1171k|  24.7 |  36M|  59 |   - | 201 | 536 | 201 | 353 |  45k|1637 |1513 | 7.158497e+05 | 7.647720e+05 |   6.83%
 72.5s| 47400 |  1251 |  1173k|  24.7 |  36M|  59 |   - | 201 | 536 | 201 | 384 |  45k|1639 |1515 | 7.159648e+05 | 7.647720e+05 |   6.82%
 72.6s| 47500 |  1241 |  1175k|  24.7 |  36M|  59 |   - | 201 | 535 | 201 | 402 |  45k|1641 |1516 | 7.160307e+05 | 7.647720e+05 |   6.81%
 72.7s| 47600 |  1219 |  1178k|  24.7 |  36M|  59 |   - | 201 | 529 | 201 | 360 |  45k|1643 |1517 | 7.163040e+05 | 7.647720e+05 |   6.77%
 72.9s| 47700 |  1193 |  1183k|  24.8 |  36M|  59 |  92 | 201 | 536 | 201 | 385 |  45k|1655 |1517 | 7.166803e+05 | 7.647720e+05 |   6.71%
 73.1s| 47800 |  1179 |  1186k|  24.8 |  36M|  59 |   - | 201 | 534 | 201 | 362 |  45k|1658 |1518 | 7.168894e+05 | 7.647720e+05 |   6.68%
 73.2s| 47900 |  1151 |  1190k|  24.8 |  36M|  59 |   - | 201 | 532 | 201 | 369 |  45k|1659 |1518 | 7.171722e+05 | 7.647720e+05 |   6.64%
 73.3s| 48000 |  1143 |  1192k|  24.8 |  36M|  59 |   - | 201 | 531 | 201 | 375 |  45k|1659 |1518 | 7.172020e+05 | 7.647720e+05 |   6.63%
 73.4s| 48100 |  1111 |  1196k|  24.8 |  36M|  59 |   - | 201 | 529 | 201 | 369 |  45k|1662 |1518 | 7.173147e+05 | 7.647720e+05 |   6.62%
 73.6s| 48200 |  1093 |  1199k|  24.8 |  36M|  59 |   - | 201 | 529 | 201 | 352 |  45k|1666 |1529 | 7.174118e+05 | 7.647720e+05 |   6.60%
 73.7s| 48300 |  1076 |  1201k|  24.8 |  36M|  59 |   - | 201 | 534 | 201 | 385 |  45k|1672 |1529 | 7.175575e+05 | 7.647720e+05 |   6.58%
 73.8s| 48400 |  1066 |  1204k|  24.8 |  36M|  59 |  63 | 201 | 538 | 201 | 378 |  45k|1678 |1529 | 7.177159e+05 | 7.647720e+05 |   6.56%
 73.9s| 48500 |  1068 |  1206k|  24.8 |  36M|  59 |  80 | 201 | 540 | 201 | 400 |  45k|1682 |1533 | 7.178509e+05 | 7.647720e+05 |   6.54%
 74.0s| 48600 |  1056 |  1209k|  24.8 |  36M|  59 |  61 | 201 | 539 | 201 | 406 |  45k|1684 |1537 | 7.180016e+05 | 7.647720e+05 |   6.51%
 74.1s| 48700 |  1042 |  1213k|  24.9 |  36M|  59 |   - | 201 | 534 | 201 | 379 |  45k|1685 |1544 | 7.180016e+05 | 7.647720e+05 |   6.51%
 time | node  | left  |LP iter|LP it/n| mem |mdpt |frac |vars |cons |cols |rows |cuts |confs|strbr|  dualbound   | primalbound  |  gap   
 74.2s| 48800 |  1026 |  1216k|  24.9 |  36M|  59 |  67 | 201 | 538 | 201 | 387 |  45k|1691 |1549 | 7.182184e+05 | 7.647720e+05 |   6.48%
 74.3s| 48900 |  1002 |  1219k|  24.9 |  36M|  59 |   - | 201 | 538 | 201 | 404 |  45k|1696 |1551 | 7.183622e+05 | 7.647720e+05 |   6.46%
 74.5s| 49000 |   982 |  1222k|  24.9 |  36M|  59 |   - | 201 | 530 | 201 | 364 |  45k|1700 |1551 | 7.186829e+05 | 7.647720e+05 |   6.41%
 74.6s| 49100 |   986 |  1224k|  24.9 |  36M|  59 |   - | 201 | 531 | 201 | 403 |  45k|1702 |1551 | 7.188216e+05 | 7.647720e+05 |   6.39%
 74.7s| 49200 |   972 |  1228k|  24.9 |  36M|  59 |  86 | 201 | 530 | 201 | 377 |  45k|1705 |1553 | 7.191081e+05 | 7.647720e+05 |   6.35%
 74.8s| 49300 |   944 |  1231k|  24.9 |  36M|  59 |   - | 201 | 529 | 201 | 362 |  46k|1706 |1553 | 7.191215e+05 | 7.647720e+05 |   6.35%
 74.9s| 49400 |   917 |  1234k|  24.9 |  36M|  59 |   - | 201 | 528 | 201 | 369 |  46k|1710 |1553 | 7.191416e+05 | 7.647720e+05 |   6.35%
 75.1s| 49500 |   903 |  1237k|  25.0 |  36M|  59 |   - | 201 | 526 |   0 |   0 |  46k|1716 |1557 | 7.193215e+05 | 7.647720e+05 |   6.32%
 75.2s| 49600 |   865 |  1241k|  25.0 |  36M|  59 |   - | 201 | 525 | 201 | 372 |  46k|1719 |1557 | 7.197057e+05 | 7.647720e+05 |   6.26%
 75.3s| 49700 |   849 |  1244k|  25.0 |  36M|  59 |   - | 201 | 523 | 201 | 357 |  46k|1720 |1559 | 7.198247e+05 | 7.647720e+05 |   6.24%
 75.5s| 49800 |   821 |  1248k|  25.0 |  36M|  59 |   - | 201 | 524 | 201 | 393 |  46k|1730 |1564 | 7.199293e+05 | 7.647720e+05 |   6.23%
 75.6s| 49900 |   815 |  1251k|  25.0 |  36M|  59 |  78 | 201 | 523 | 201 | 361 |  46k|1733 |1577 | 7.205655e+05 | 7.647720e+05 |   6.13%
 75.8s| 50000 |   791 |  1256k|  25.1 |  36M|  59 |   - | 201 | 525 | 201 | 404 |  46k|1738 |1577 | 7.210763e+05 | 7.647720e+05 |   6.06%
 75.9s| 50100 |   785 |  1258k|  25.1 |  36M|  59 |  62 | 201 | 526 | 201 | 399 |  46k|1742 |1577 | 7.212281e+05 | 7.647720e+05 |   6.04%
 76.0s| 50200 |   773 |  1261k|  25.1 |  36M|  59 |  96 | 201 | 531 | 201 | 461 |  46k|1751 |1583 | 7.213578e+05 | 7.647720e+05 |   6.02%
 time | node  | left  |LP iter|LP it/n| mem |mdpt |frac |vars |cons |cols |rows |cuts |confs|strbr|  dualbound   | primalbound  |  gap   
 76.1s| 50300 |   761 |  1264k|  25.1 |  36M|  59 |  56 | 201 | 536 | 201 | 362 |  46k|1757 |1590 | 7.213668e+05 | 7.647720e+05 |   6.02%
 76.2s| 50400 |   741 |  1266k|  25.1 |  36M|  59 |  50 | 201 | 532 | 201 | 381 |  46k|1760 |1590 | 7.214341e+05 | 7.647720e+05 |   6.01%
 76.3s| 50500 |   715 |  1269k|  25.1 |  36M|  59 |  89 | 201 | 535 | 201 | 600 |  46k|1765 |1594 | 7.217850e+05 | 7.647720e+05 |   5.96%
 76.5s| 50600 |   683 |  1273k|  25.1 |  36M|  59 |   - | 201 | 536 | 201 | 381 |  46k|1772 |1596 | 7.218959e+05 | 7.647720e+05 |   5.94%
 76.7s| 50700 |   653 |  1277k|  25.2 |  36M|  59 |   - | 201 | 536 | 201 | 488 |  46k|1778 |1597 | 7.222020e+05 | 7.647720e+05 |   5.89%
 76.8s| 50800 |   627 |  1281k|  25.2 |  36M|  59 |  67 | 201 | 534 | 201 | 719 |  46k|1779 |1598 | 7.226842e+05 | 7.647720e+05 |   5.82%
 76.9s| 50900 |   617 |  1284k|  25.2 |  36M|  59 |   - | 201 | 531 | 201 | 385 |  46k|1779 |1598 | 7.230310e+05 | 7.647720e+05 |   5.77%
 77.0s| 51000 |   589 |  1288k|  25.2 |  36M|  59 |   - | 201 | 529 | 201 | 373 |  46k|1788 |1598 | 7.233124e+05 | 7.647720e+05 |   5.73%
 77.1s| 51100 |   579 |  1290k|  25.2 |  36M|  59 |   - | 201 | 533 | 201 | 370 |  46k|1794 |1598 | 7.236605e+05 | 7.647720e+05 |   5.68%
 77.2s| 51200 |   559 |  1293k|  25.2 |  36M|  59 |  89 | 201 | 544 | 201 | 407 |  46k|1808 |1598 | 7.247672e+05 | 7.647720e+05 |   5.52%
 77.3s| 51300 |   535 |  1296k|  25.2 |  36M|  59 |  73 | 201 | 550 | 201 | 441 |  46k|1820 |1598 | 7.248950e+05 | 7.647720e+05 |   5.50%
 77.4s| 51400 |   497 |  1299k|  25.2 |  36M|  59 |   - | 201 | 547 | 201 | 348 |  46k|1820 |1598 | 7.249684e+05 | 7.647720e+05 |   5.49%
 77.6s| 51500 |   470 |  1302k|  25.3 |  36M|  59 |  66 | 201 | 556 | 201 | 378 |  46k|1830 |1609 | 7.252888e+05 | 7.647720e+05 |   5.44%
 77.7s| 51600 |   444 |  1305k|  25.3 |  36M|  59 |  50 | 201 | 553 | 201 | 368 |  46k|1832 |1609 | 7.256217e+05 | 7.647720e+05 |   5.40%
 77.8s| 51700 |   426 |  1308k|  25.3 |  36M|  59 |  69 | 201 | 564 | 201 | 371 |  46k|1846 |1609 | 7.259841e+05 | 7.647720e+05 |   5.34%
 time | node  | left  |LP iter|LP it/n| mem |mdpt |frac |vars |cons |cols |rows |cuts |confs|strbr|  dualbound   | primalbound  |  gap   
 77.9s| 51800 |   397 |  1311k|  25.3 |  36M|  59 |   - | 201 | 566 | 201 | 455 |  46k|1855 |1615 | 7.267433e+05 | 7.647720e+05 |   5.23%
 78.0s| 51900 |   369 |  1315k|  25.3 |  36M|  59 |   - | 201 | 565 | 201 | 358 |  46k|1861 |1623 | 7.280136e+05 | 7.647720e+05 |   5.05%
 78.1s| 52000 |   333 |  1318k|  25.3 |  36M|  59 |   - | 201 | 558 | 201 | 353 |  46k|1862 |1623 | 7.284415e+05 | 7.647720e+05 |   4.99%
 78.3s| 52100 |   305 |  1321k|  25.3 |  36M|  59 |   - | 201 | 574 | 201 | 344 |  46k|1887 |1633 | 7.285805e+05 | 7.647720e+05 |   4.97%
 78.4s| 52200 |   263 |  1324k|  25.3 |  36M|  59 |  99 | 201 | 568 | 201 | 420 |  46k|1899 |1638 | 7.295085e+05 | 7.647720e+05 |   4.83%
 78.6s| 52300 |   191 |  1329k|  25.4 |  36M|  59 |   - | 201 | 561 | 201 | 380 |  46k|1912 |1645 | 7.299592e+05 | 7.647720e+05 |   4.77%
 78.7s| 52400 |   155 |  1333k|  25.4 |  36M|  59 |   - | 201 | 552 |   0 |   0 |  46k|1919 |1654 | 7.311199e+05 | 7.647720e+05 |   4.60%
 78.9s| 52500 |   106 |  1337k|  25.4 |  36M|  59 |  72 | 201 | 547 | 201 | 381 |  46k|1935 |1657 | 7.332307e+05 | 7.647720e+05 |   4.30%
 79.0s| 52600 |    64 |  1340k|  25.4 |  36M|  59 |   - | 201 | 543 | 201 | 348 |  46k|1939 |1657 | 7.335514e+05 | 7.647720e+05 |   4.26%
 79.2s| 52700 |    24 |  1343k|  25.5 |  36M|  59 |  81 | 201 | 538 | 201 | 366 |  46k|1940 |1658 | 7.386144e+05 | 7.647720e+05 |   3.54%

SCIP Status        : problem is solved [optimal solution found]
Solving Time (sec) : 79.19
Solving Nodes      : 52729
Primal Bound       : +7.64771999999780e+05 (69 solutions)
Dual Bound         : +7.64771999999780e+05
Gap                : 0.00 %


